[0.046s] Invoking command in '/home/raoul/Documents/QEES/lab1.2/build/artificial_load': CMAKE_PREFIX_PATH=/opt/ros/dashing /usr/bin/cmake --build /home/raoul/Documents/QEES/lab1.2/build/artificial_load -- -j8 -l8
[0.310s] [100%] Built target CPU_load
[0.381s] Invoked command in '/home/raoul/Documents/QEES/lab1.2/build/artificial_load' returned '0': CMAKE_PREFIX_PATH=/opt/ros/dashing /usr/bin/cmake --build /home/raoul/Documents/QEES/lab1.2/build/artificial_load -- -j8 -l8
[0.714s] Invoking command in '/home/raoul/Documents/QEES/lab1.2/build/artificial_load': CMAKE_PREFIX_PATH=/opt/ros/dashing /usr/bin/cmake --build /home/raoul/Documents/QEES/lab1.2/build/artificial_load --target install -- -j8 -l8
[1.393s] [100%] Built target CPU_load
[1.667s] [36mInstall the project...[0m
[1.820s] -- Install configuration: ""
[1.822s] -- Execute custom install script
[1.823s] -- Up-to-date symlink: /home/raoul/Documents/QEES/lab1.2/install/artificial_load/lib/artificial_load/CPU_load
[1.824s] -- Up-to-date symlink: /home/raoul/Documents/QEES/lab1.2/install/artificial_load/share/ament_index/resource_index/package_run_dependencies/artificial_load
[1.825s] -- Up-to-date symlink: /home/raoul/Documents/QEES/lab1.2/install/artificial_load/share/ament_index/resource_index/parent_prefix_path/artificial_load
[1.826s] -- Up-to-date symlink: /home/raoul/Documents/QEES/lab1.2/install/artificial_load/share/artificial_load/environment/ament_prefix_path.sh
[1.827s] -- Up-to-date symlink: /home/raoul/Documents/QEES/lab1.2/install/artificial_load/share/artificial_load/environment/path.sh
[1.827s] -- Up-to-date symlink: /home/raoul/Documents/QEES/lab1.2/install/artificial_load/share/artificial_load/local_setup.bash
[1.868s] -- Up-to-date symlink: /home/raoul/Documents/QEES/lab1.2/install/artificial_load/share/artificial_load/local_setup.sh
[1.869s] -- Up-to-date symlink: /home/raoul/Documents/QEES/lab1.2/install/artificial_load/share/artificial_load/local_setup.zsh
[1.870s] -- Up-to-date symlink: /home/raoul/Documents/QEES/lab1.2/install/artificial_load/share/ament_index/resource_index/packages/artificial_load
[1.871s] -- Up-to-date symlink: /home/raoul/Documents/QEES/lab1.2/install/artificial_load/share/artificial_load/cmake/artificial_loadConfig.cmake
[1.871s] -- Up-to-date symlink: /home/raoul/Documents/QEES/lab1.2/install/artificial_load/share/artificial_load/cmake/artificial_loadConfig-version.cmake
[1.872s] -- Up-to-date symlink: /home/raoul/Documents/QEES/lab1.2/install/artificial_load/share/artificial_load/package.xml
[1.880s] Invoked command in '/home/raoul/Documents/QEES/lab1.2/build/artificial_load' returned '0': CMAKE_PREFIX_PATH=/opt/ros/dashing /usr/bin/cmake --build /home/raoul/Documents/QEES/lab1.2/build/artificial_load --target install -- -j8 -l8
