[0.140s] DEBUG:colcon:Command line arguments: ['/usr/bin/colcon', 'build', '--symlink-install']
[0.140s] DEBUG:colcon:Parsed command line arguments: Namespace(allow_overriding=[], ament_cmake_args=None, base_paths=['.'], build_base='build', catkin_cmake_args=None, catkin_skip_building_tests=False, cmake_args=None, cmake_clean_cache=False, cmake_clean_first=False, cmake_force_configure=False, cmake_target=None, cmake_target_skip_unavailable=False, continue_on_error=False, event_handlers=None, executor='parallel', ignore_user_meta=False, install_base='install', log_base=None, log_level=None, main=<bound method BuildVerb.main of <colcon_core.verb.build.BuildVerb object at 0x7f1cc4919cf8>>, merge_install=False, metas=['./colcon.meta'], packages_above=None, packages_above_and_dependencies=None, packages_above_depth=None, packages_end=None, packages_ignore=None, packages_ignore_regex=None, packages_select=None, packages_select_build_failed=False, packages_select_by_dep=None, packages_select_regex=None, packages_select_test_failures=False, packages_skip=None, packages_skip_build_finished=False, packages_skip_by_dep=None, packages_skip_regex=None, packages_skip_test_passed=False, packages_skip_up_to=None, packages_start=None, packages_up_to=None, packages_up_to_regex=None, parallel_workers=4, paths=None, symlink_install=True, test_result_base=None, verb_extension=<colcon_core.verb.build.BuildVerb object at 0x7f1cc4919cf8>, verb_name='build', verb_parser=<colcon_defaults.argument_parser.defaults.DefaultArgumentsDecorator object at 0x7f1cc4924080>)
[0.158s] Level 1:colcon.colcon_core.package_discovery:discover_packages(colcon_meta) check parameters
[0.158s] Level 1:colcon.colcon_core.package_discovery:discover_packages(recursive) check parameters
[0.158s] Level 1:colcon.colcon_core.package_discovery:discover_packages(ignore) check parameters
[0.158s] Level 1:colcon.colcon_core.package_discovery:discover_packages(path) check parameters
[0.158s] Level 1:colcon.colcon_core.package_discovery:discover_packages(colcon_meta) discover
[0.158s] Level 1:colcon.colcon_core.package_discovery:discover_packages(recursive) discover
[0.158s] INFO:colcon.colcon_core.package_discovery:Crawling recursively for packages in '/home/raoul/Documents/QEES/lab1.4'
[0.158s] Level 1:colcon.colcon_core.package_identification:_identify(.) by extensions ['ignore', 'ignore_ament_install']
[0.158s] Level 1:colcon.colcon_core.package_identification:_identify(.) by extension 'ignore'
[0.158s] Level 1:colcon.colcon_core.package_identification:_identify(.) by extension 'ignore_ament_install'
[0.158s] Level 1:colcon.colcon_core.package_identification:_identify(.) by extensions ['colcon_pkg']
[0.158s] Level 1:colcon.colcon_core.package_identification:_identify(.) by extension 'colcon_pkg'
[0.158s] Level 1:colcon.colcon_core.package_identification:_identify(.) by extensions ['colcon_meta']
[0.158s] Level 1:colcon.colcon_core.package_identification:_identify(.) by extension 'colcon_meta'
[0.158s] Level 1:colcon.colcon_core.package_identification:_identify(.) by extensions ['ros']
[0.159s] Level 1:colcon.colcon_core.package_identification:_identify(.) by extension 'ros'
[0.167s] Level 1:colcon.colcon_core.package_identification:_identify(.) by extensions ['cmake', 'python']
[0.167s] Level 1:colcon.colcon_core.package_identification:_identify(.) by extension 'cmake'
[0.167s] Level 1:colcon.colcon_core.package_identification:_identify(.) by extension 'python'
[0.167s] Level 1:colcon.colcon_core.package_identification:_identify(.) by extensions ['python_setup_py']
[0.167s] Level 1:colcon.colcon_core.package_identification:_identify(.) by extension 'python_setup_py'
[0.167s] Level 1:colcon.colcon_core.package_identification:_identify(build) by extensions ['ignore', 'ignore_ament_install']
[0.167s] Level 1:colcon.colcon_core.package_identification:_identify(build) by extension 'ignore'
[0.167s] Level 1:colcon.colcon_core.package_identification:_identify(build) ignored
[0.168s] Level 1:colcon.colcon_core.package_identification:_identify(evaluation) by extensions ['ignore', 'ignore_ament_install']
[0.168s] Level 1:colcon.colcon_core.package_identification:_identify(evaluation) by extension 'ignore'
[0.168s] Level 1:colcon.colcon_core.package_identification:_identify(evaluation) by extension 'ignore_ament_install'
[0.168s] Level 1:colcon.colcon_core.package_identification:_identify(evaluation) by extensions ['colcon_pkg']
[0.168s] Level 1:colcon.colcon_core.package_identification:_identify(evaluation) by extension 'colcon_pkg'
[0.168s] Level 1:colcon.colcon_core.package_identification:_identify(evaluation) by extensions ['colcon_meta']
[0.168s] Level 1:colcon.colcon_core.package_identification:_identify(evaluation) by extension 'colcon_meta'
[0.168s] Level 1:colcon.colcon_core.package_identification:_identify(evaluation) by extensions ['ros']
[0.168s] Level 1:colcon.colcon_core.package_identification:_identify(evaluation) by extension 'ros'
[0.168s] Level 1:colcon.colcon_core.package_identification:_identify(evaluation) by extensions ['cmake', 'python']
[0.168s] Level 1:colcon.colcon_core.package_identification:_identify(evaluation) by extension 'cmake'
[0.168s] Level 1:colcon.colcon_core.package_identification:_identify(evaluation) by extension 'python'
[0.168s] Level 1:colcon.colcon_core.package_identification:_identify(evaluation) by extensions ['python_setup_py']
[0.168s] Level 1:colcon.colcon_core.package_identification:_identify(evaluation) by extension 'python_setup_py'
[0.169s] Level 1:colcon.colcon_core.package_identification:_identify(evaluation/byte_data) by extensions ['ignore', 'ignore_ament_install']
[0.169s] Level 1:colcon.colcon_core.package_identification:_identify(evaluation/byte_data) by extension 'ignore'
[0.169s] Level 1:colcon.colcon_core.package_identification:_identify(evaluation/byte_data) by extension 'ignore_ament_install'
[0.169s] Level 1:colcon.colcon_core.package_identification:_identify(evaluation/byte_data) by extensions ['colcon_pkg']
[0.169s] Level 1:colcon.colcon_core.package_identification:_identify(evaluation/byte_data) by extension 'colcon_pkg'
[0.169s] Level 1:colcon.colcon_core.package_identification:_identify(evaluation/byte_data) by extensions ['colcon_meta']
[0.169s] Level 1:colcon.colcon_core.package_identification:_identify(evaluation/byte_data) by extension 'colcon_meta'
[0.169s] Level 1:colcon.colcon_core.package_identification:_identify(evaluation/byte_data) by extensions ['ros']
[0.169s] Level 1:colcon.colcon_core.package_identification:_identify(evaluation/byte_data) by extension 'ros'
[0.169s] Level 1:colcon.colcon_core.package_identification:_identify(evaluation/byte_data) by extensions ['cmake', 'python']
[0.169s] Level 1:colcon.colcon_core.package_identification:_identify(evaluation/byte_data) by extension 'cmake'
[0.169s] Level 1:colcon.colcon_core.package_identification:_identify(evaluation/byte_data) by extension 'python'
[0.169s] Level 1:colcon.colcon_core.package_identification:_identify(evaluation/byte_data) by extensions ['python_setup_py']
[0.169s] Level 1:colcon.colcon_core.package_identification:_identify(evaluation/byte_data) by extension 'python_setup_py'
[0.169s] Level 1:colcon.colcon_core.package_identification:_identify(evaluation/convert_msg) by extensions ['ignore', 'ignore_ament_install']
[0.169s] Level 1:colcon.colcon_core.package_identification:_identify(evaluation/convert_msg) by extension 'ignore'
[0.169s] Level 1:colcon.colcon_core.package_identification:_identify(evaluation/convert_msg) by extension 'ignore_ament_install'
[0.169s] Level 1:colcon.colcon_core.package_identification:_identify(evaluation/convert_msg) by extensions ['colcon_pkg']
[0.169s] Level 1:colcon.colcon_core.package_identification:_identify(evaluation/convert_msg) by extension 'colcon_pkg'
[0.169s] Level 1:colcon.colcon_core.package_identification:_identify(evaluation/convert_msg) by extensions ['colcon_meta']
[0.169s] Level 1:colcon.colcon_core.package_identification:_identify(evaluation/convert_msg) by extension 'colcon_meta'
[0.169s] Level 1:colcon.colcon_core.package_identification:_identify(evaluation/convert_msg) by extensions ['ros']
[0.169s] Level 1:colcon.colcon_core.package_identification:_identify(evaluation/convert_msg) by extension 'ros'
[0.170s] Level 1:colcon.colcon_core.package_identification:_identify(evaluation/convert_msg) by extensions ['cmake', 'python']
[0.170s] Level 1:colcon.colcon_core.package_identification:_identify(evaluation/convert_msg) by extension 'cmake'
[0.170s] Level 1:colcon.colcon_core.package_identification:_identify(evaluation/convert_msg) by extension 'python'
[0.170s] Level 1:colcon.colcon_core.package_identification:_identify(evaluation/convert_msg) by extensions ['python_setup_py']
[0.170s] Level 1:colcon.colcon_core.package_identification:_identify(evaluation/convert_msg) by extension 'python_setup_py'
[0.170s] Level 1:colcon.colcon_core.package_identification:_identify(evaluation/dds_time) by extensions ['ignore', 'ignore_ament_install']
[0.170s] Level 1:colcon.colcon_core.package_identification:_identify(evaluation/dds_time) by extension 'ignore'
[0.170s] Level 1:colcon.colcon_core.package_identification:_identify(evaluation/dds_time) by extension 'ignore_ament_install'
[0.170s] Level 1:colcon.colcon_core.package_identification:_identify(evaluation/dds_time) by extensions ['colcon_pkg']
[0.170s] Level 1:colcon.colcon_core.package_identification:_identify(evaluation/dds_time) by extension 'colcon_pkg'
[0.170s] Level 1:colcon.colcon_core.package_identification:_identify(evaluation/dds_time) by extensions ['colcon_meta']
[0.170s] Level 1:colcon.colcon_core.package_identification:_identify(evaluation/dds_time) by extension 'colcon_meta'
[0.170s] Level 1:colcon.colcon_core.package_identification:_identify(evaluation/dds_time) by extensions ['ros']
[0.170s] Level 1:colcon.colcon_core.package_identification:_identify(evaluation/dds_time) by extension 'ros'
[0.170s] Level 1:colcon.colcon_core.package_identification:_identify(evaluation/dds_time) by extensions ['cmake', 'python']
[0.170s] Level 1:colcon.colcon_core.package_identification:_identify(evaluation/dds_time) by extension 'cmake'
[0.170s] Level 1:colcon.colcon_core.package_identification:_identify(evaluation/dds_time) by extension 'python'
[0.170s] Level 1:colcon.colcon_core.package_identification:_identify(evaluation/dds_time) by extensions ['python_setup_py']
[0.170s] Level 1:colcon.colcon_core.package_identification:_identify(evaluation/dds_time) by extension 'python_setup_py'
[0.170s] Level 1:colcon.colcon_core.package_identification:_identify(evaluation/publish_time) by extensions ['ignore', 'ignore_ament_install']
[0.170s] Level 1:colcon.colcon_core.package_identification:_identify(evaluation/publish_time) by extension 'ignore'
[0.170s] Level 1:colcon.colcon_core.package_identification:_identify(evaluation/publish_time) by extension 'ignore_ament_install'
[0.171s] Level 1:colcon.colcon_core.package_identification:_identify(evaluation/publish_time) by extensions ['colcon_pkg']
[0.171s] Level 1:colcon.colcon_core.package_identification:_identify(evaluation/publish_time) by extension 'colcon_pkg'
[0.171s] Level 1:colcon.colcon_core.package_identification:_identify(evaluation/publish_time) by extensions ['colcon_meta']
[0.171s] Level 1:colcon.colcon_core.package_identification:_identify(evaluation/publish_time) by extension 'colcon_meta'
[0.171s] Level 1:colcon.colcon_core.package_identification:_identify(evaluation/publish_time) by extensions ['ros']
[0.171s] Level 1:colcon.colcon_core.package_identification:_identify(evaluation/publish_time) by extension 'ros'
[0.171s] Level 1:colcon.colcon_core.package_identification:_identify(evaluation/publish_time) by extensions ['cmake', 'python']
[0.171s] Level 1:colcon.colcon_core.package_identification:_identify(evaluation/publish_time) by extension 'cmake'
[0.171s] Level 1:colcon.colcon_core.package_identification:_identify(evaluation/publish_time) by extension 'python'
[0.171s] Level 1:colcon.colcon_core.package_identification:_identify(evaluation/publish_time) by extensions ['python_setup_py']
[0.171s] Level 1:colcon.colcon_core.package_identification:_identify(evaluation/publish_time) by extension 'python_setup_py'
[0.171s] Level 1:colcon.colcon_core.package_identification:_identify(evaluation/subscribe_time) by extensions ['ignore', 'ignore_ament_install']
[0.171s] Level 1:colcon.colcon_core.package_identification:_identify(evaluation/subscribe_time) by extension 'ignore'
[0.171s] Level 1:colcon.colcon_core.package_identification:_identify(evaluation/subscribe_time) by extension 'ignore_ament_install'
[0.171s] Level 1:colcon.colcon_core.package_identification:_identify(evaluation/subscribe_time) by extensions ['colcon_pkg']
[0.171s] Level 1:colcon.colcon_core.package_identification:_identify(evaluation/subscribe_time) by extension 'colcon_pkg'
[0.171s] Level 1:colcon.colcon_core.package_identification:_identify(evaluation/subscribe_time) by extensions ['colcon_meta']
[0.171s] Level 1:colcon.colcon_core.package_identification:_identify(evaluation/subscribe_time) by extension 'colcon_meta'
[0.172s] Level 1:colcon.colcon_core.package_identification:_identify(evaluation/subscribe_time) by extensions ['ros']
[0.172s] Level 1:colcon.colcon_core.package_identification:_identify(evaluation/subscribe_time) by extension 'ros'
[0.172s] Level 1:colcon.colcon_core.package_identification:_identify(evaluation/subscribe_time) by extensions ['cmake', 'python']
[0.172s] Level 1:colcon.colcon_core.package_identification:_identify(evaluation/subscribe_time) by extension 'cmake'
[0.172s] Level 1:colcon.colcon_core.package_identification:_identify(evaluation/subscribe_time) by extension 'python'
[0.172s] Level 1:colcon.colcon_core.package_identification:_identify(evaluation/subscribe_time) by extensions ['python_setup_py']
[0.172s] Level 1:colcon.colcon_core.package_identification:_identify(evaluation/subscribe_time) by extension 'python_setup_py'
[0.172s] Level 1:colcon.colcon_core.package_identification:_identify(evaluation/transport_time) by extensions ['ignore', 'ignore_ament_install']
[0.172s] Level 1:colcon.colcon_core.package_identification:_identify(evaluation/transport_time) by extension 'ignore'
[0.172s] Level 1:colcon.colcon_core.package_identification:_identify(evaluation/transport_time) by extension 'ignore_ament_install'
[0.172s] Level 1:colcon.colcon_core.package_identification:_identify(evaluation/transport_time) by extensions ['colcon_pkg']
[0.172s] Level 1:colcon.colcon_core.package_identification:_identify(evaluation/transport_time) by extension 'colcon_pkg'
[0.172s] Level 1:colcon.colcon_core.package_identification:_identify(evaluation/transport_time) by extensions ['colcon_meta']
[0.172s] Level 1:colcon.colcon_core.package_identification:_identify(evaluation/transport_time) by extension 'colcon_meta'
[0.172s] Level 1:colcon.colcon_core.package_identification:_identify(evaluation/transport_time) by extensions ['ros']
[0.172s] Level 1:colcon.colcon_core.package_identification:_identify(evaluation/transport_time) by extension 'ros'
[0.172s] Level 1:colcon.colcon_core.package_identification:_identify(evaluation/transport_time) by extensions ['cmake', 'python']
[0.172s] Level 1:colcon.colcon_core.package_identification:_identify(evaluation/transport_time) by extension 'cmake'
[0.172s] Level 1:colcon.colcon_core.package_identification:_identify(evaluation/transport_time) by extension 'python'
[0.172s] Level 1:colcon.colcon_core.package_identification:_identify(evaluation/transport_time) by extensions ['python_setup_py']
[0.172s] Level 1:colcon.colcon_core.package_identification:_identify(evaluation/transport_time) by extension 'python_setup_py'
[0.172s] Level 1:colcon.colcon_core.package_identification:_identify(install) by extensions ['ignore', 'ignore_ament_install']
[0.173s] Level 1:colcon.colcon_core.package_identification:_identify(install) by extension 'ignore'
[0.173s] Level 1:colcon.colcon_core.package_identification:_identify(install) ignored
[0.173s] Level 1:colcon.colcon_core.package_identification:_identify(log) by extensions ['ignore', 'ignore_ament_install']
[0.173s] Level 1:colcon.colcon_core.package_identification:_identify(log) by extension 'ignore'
[0.173s] Level 1:colcon.colcon_core.package_identification:_identify(log) ignored
[0.173s] Level 1:colcon.colcon_core.package_identification:_identify(src) by extensions ['ignore', 'ignore_ament_install']
[0.173s] Level 1:colcon.colcon_core.package_identification:_identify(src) by extension 'ignore'
[0.173s] Level 1:colcon.colcon_core.package_identification:_identify(src) by extension 'ignore_ament_install'
[0.173s] Level 1:colcon.colcon_core.package_identification:_identify(src) by extensions ['colcon_pkg']
[0.173s] Level 1:colcon.colcon_core.package_identification:_identify(src) by extension 'colcon_pkg'
[0.173s] Level 1:colcon.colcon_core.package_identification:_identify(src) by extensions ['colcon_meta']
[0.173s] Level 1:colcon.colcon_core.package_identification:_identify(src) by extension 'colcon_meta'
[0.173s] Level 1:colcon.colcon_core.package_identification:_identify(src) by extensions ['ros']
[0.173s] Level 1:colcon.colcon_core.package_identification:_identify(src) by extension 'ros'
[0.173s] Level 1:colcon.colcon_core.package_identification:_identify(src) by extensions ['cmake', 'python']
[0.173s] Level 1:colcon.colcon_core.package_identification:_identify(src) by extension 'cmake'
[0.173s] Level 1:colcon.colcon_core.package_identification:_identify(src) by extension 'python'
[0.173s] Level 1:colcon.colcon_core.package_identification:_identify(src) by extensions ['python_setup_py']
[0.173s] Level 1:colcon.colcon_core.package_identification:_identify(src) by extension 'python_setup_py'
[0.173s] Level 1:colcon.colcon_core.package_identification:_identify(src/artificial_load) by extensions ['ignore', 'ignore_ament_install']
[0.173s] Level 1:colcon.colcon_core.package_identification:_identify(src/artificial_load) by extension 'ignore'
[0.174s] Level 1:colcon.colcon_core.package_identification:_identify(src/artificial_load) by extension 'ignore_ament_install'
[0.174s] Level 1:colcon.colcon_core.package_identification:_identify(src/artificial_load) by extensions ['colcon_pkg']
[0.174s] Level 1:colcon.colcon_core.package_identification:_identify(src/artificial_load) by extension 'colcon_pkg'
[0.174s] Level 1:colcon.colcon_core.package_identification:_identify(src/artificial_load) by extensions ['colcon_meta']
[0.174s] Level 1:colcon.colcon_core.package_identification:_identify(src/artificial_load) by extension 'colcon_meta'
[0.174s] Level 1:colcon.colcon_core.package_identification:_identify(src/artificial_load) by extensions ['ros']
[0.174s] Level 1:colcon.colcon_core.package_identification:_identify(src/artificial_load) by extension 'ros'
[0.176s] DEBUG:colcon.colcon_core.package_identification:Package 'src/artificial_load' with type 'ros.ament_cmake' and name 'artificial_load'
[0.176s] Level 1:colcon.colcon_core.package_identification:_identify(src/interprocess_eval) by extensions ['ignore', 'ignore_ament_install']
[0.176s] Level 1:colcon.colcon_core.package_identification:_identify(src/interprocess_eval) by extension 'ignore'
[0.176s] Level 1:colcon.colcon_core.package_identification:_identify(src/interprocess_eval) by extension 'ignore_ament_install'
[0.176s] Level 1:colcon.colcon_core.package_identification:_identify(src/interprocess_eval) by extensions ['colcon_pkg']
[0.176s] Level 1:colcon.colcon_core.package_identification:_identify(src/interprocess_eval) by extension 'colcon_pkg'
[0.176s] Level 1:colcon.colcon_core.package_identification:_identify(src/interprocess_eval) by extensions ['colcon_meta']
[0.176s] Level 1:colcon.colcon_core.package_identification:_identify(src/interprocess_eval) by extension 'colcon_meta'
[0.176s] Level 1:colcon.colcon_core.package_identification:_identify(src/interprocess_eval) by extensions ['ros']
[0.176s] Level 1:colcon.colcon_core.package_identification:_identify(src/interprocess_eval) by extension 'ros'
[0.177s] DEBUG:colcon.colcon_core.package_identification:Package 'src/interprocess_eval' with type 'ros.ament_cmake' and name 'interprocess_eval'
[0.177s] Level 1:colcon.colcon_core.package_identification:_identify(src/interprocess_remote_eval) by extensions ['ignore', 'ignore_ament_install']
[0.177s] Level 1:colcon.colcon_core.package_identification:_identify(src/interprocess_remote_eval) by extension 'ignore'
[0.177s] Level 1:colcon.colcon_core.package_identification:_identify(src/interprocess_remote_eval) by extension 'ignore_ament_install'
[0.177s] Level 1:colcon.colcon_core.package_identification:_identify(src/interprocess_remote_eval) by extensions ['colcon_pkg']
[0.177s] Level 1:colcon.colcon_core.package_identification:_identify(src/interprocess_remote_eval) by extension 'colcon_pkg'
[0.177s] Level 1:colcon.colcon_core.package_identification:_identify(src/interprocess_remote_eval) by extensions ['colcon_meta']
[0.177s] Level 1:colcon.colcon_core.package_identification:_identify(src/interprocess_remote_eval) by extension 'colcon_meta'
[0.177s] Level 1:colcon.colcon_core.package_identification:_identify(src/interprocess_remote_eval) by extensions ['ros']
[0.177s] Level 1:colcon.colcon_core.package_identification:_identify(src/interprocess_remote_eval) by extension 'ros'
[0.178s] DEBUG:colcon.colcon_core.package_identification:Package 'src/interprocess_remote_eval' with type 'ros.ament_cmake' and name 'interprocess_remote_eval'
[0.178s] Level 1:colcon.colcon_core.package_identification:_identify(src/intraprocess_eval) by extensions ['ignore', 'ignore_ament_install']
[0.178s] Level 1:colcon.colcon_core.package_identification:_identify(src/intraprocess_eval) by extension 'ignore'
[0.178s] Level 1:colcon.colcon_core.package_identification:_identify(src/intraprocess_eval) by extension 'ignore_ament_install'
[0.178s] Level 1:colcon.colcon_core.package_identification:_identify(src/intraprocess_eval) by extensions ['colcon_pkg']
[0.178s] Level 1:colcon.colcon_core.package_identification:_identify(src/intraprocess_eval) by extension 'colcon_pkg'
[0.178s] Level 1:colcon.colcon_core.package_identification:_identify(src/intraprocess_eval) by extensions ['colcon_meta']
[0.178s] Level 1:colcon.colcon_core.package_identification:_identify(src/intraprocess_eval) by extension 'colcon_meta'
[0.178s] Level 1:colcon.colcon_core.package_identification:_identify(src/intraprocess_eval) by extensions ['ros']
[0.178s] Level 1:colcon.colcon_core.package_identification:_identify(src/intraprocess_eval) by extension 'ros'
[0.178s] DEBUG:colcon.colcon_core.package_identification:Package 'src/intraprocess_eval' with type 'ros.ament_cmake' and name 'intraprocess_eval'
[0.179s] Level 1:colcon.colcon_core.package_discovery:discover_packages(recursive) using defaults
[0.179s] Level 1:colcon.colcon_core.package_discovery:discover_packages(ignore) discover
[0.179s] Level 1:colcon.colcon_core.package_discovery:discover_packages(ignore) using defaults
[0.179s] Level 1:colcon.colcon_core.package_discovery:discover_packages(path) discover
[0.179s] Level 1:colcon.colcon_core.package_discovery:discover_packages(path) using defaults
[0.195s] Level 1:colcon.colcon_core.package_discovery:discover_packages(prefix_path) check parameters
[0.195s] Level 1:colcon.colcon_core.package_discovery:discover_packages(prefix_path) discover
[0.197s] DEBUG:colcon.colcon_installed_package_information.package_discovery:Found 225 installed packages in /opt/ros/dashing
[0.198s] Level 1:colcon.colcon_core.package_discovery:discover_packages(prefix_path) using defaults
[0.250s] Level 5:colcon.colcon_core.verb:set package 'artificial_load' build argument 'cmake_args' from command line to 'None'
[0.250s] Level 5:colcon.colcon_core.verb:set package 'artificial_load' build argument 'cmake_target' from command line to 'None'
[0.250s] Level 5:colcon.colcon_core.verb:set package 'artificial_load' build argument 'cmake_target_skip_unavailable' from command line to 'False'
[0.250s] Level 5:colcon.colcon_core.verb:set package 'artificial_load' build argument 'cmake_clean_cache' from command line to 'False'
[0.250s] Level 5:colcon.colcon_core.verb:set package 'artificial_load' build argument 'cmake_clean_first' from command line to 'False'
[0.250s] Level 5:colcon.colcon_core.verb:set package 'artificial_load' build argument 'cmake_force_configure' from command line to 'False'
[0.250s] Level 5:colcon.colcon_core.verb:set package 'artificial_load' build argument 'ament_cmake_args' from command line to 'None'
[0.250s] Level 5:colcon.colcon_core.verb:set package 'artificial_load' build argument 'catkin_cmake_args' from command line to 'None'
[0.250s] Level 5:colcon.colcon_core.verb:set package 'artificial_load' build argument 'catkin_skip_building_tests' from command line to 'False'
[0.250s] DEBUG:colcon.colcon_core.verb:Building package 'artificial_load' with the following arguments: {'ament_cmake_args': None, 'build_base': '/home/raoul/Documents/QEES/lab1.4/build/artificial_load', 'catkin_cmake_args': None, 'catkin_skip_building_tests': False, 'cmake_args': None, 'cmake_clean_cache': False, 'cmake_clean_first': False, 'cmake_force_configure': False, 'cmake_target': None, 'cmake_target_skip_unavailable': False, 'install_base': '/home/raoul/Documents/QEES/lab1.4/install/artificial_load', 'merge_install': False, 'path': '/home/raoul/Documents/QEES/lab1.4/src/artificial_load', 'symlink_install': True, 'test_result_base': None}
[0.250s] Level 5:colcon.colcon_core.verb:set package 'interprocess_eval' build argument 'cmake_args' from command line to 'None'
[0.251s] Level 5:colcon.colcon_core.verb:set package 'interprocess_eval' build argument 'cmake_target' from command line to 'None'
[0.251s] Level 5:colcon.colcon_core.verb:set package 'interprocess_eval' build argument 'cmake_target_skip_unavailable' from command line to 'False'
[0.251s] Level 5:colcon.colcon_core.verb:set package 'interprocess_eval' build argument 'cmake_clean_cache' from command line to 'False'
[0.251s] Level 5:colcon.colcon_core.verb:set package 'interprocess_eval' build argument 'cmake_clean_first' from command line to 'False'
[0.251s] Level 5:colcon.colcon_core.verb:set package 'interprocess_eval' build argument 'cmake_force_configure' from command line to 'False'
[0.251s] Level 5:colcon.colcon_core.verb:set package 'interprocess_eval' build argument 'ament_cmake_args' from command line to 'None'
[0.251s] Level 5:colcon.colcon_core.verb:set package 'interprocess_eval' build argument 'catkin_cmake_args' from command line to 'None'
[0.251s] Level 5:colcon.colcon_core.verb:set package 'interprocess_eval' build argument 'catkin_skip_building_tests' from command line to 'False'
[0.251s] DEBUG:colcon.colcon_core.verb:Building package 'interprocess_eval' with the following arguments: {'ament_cmake_args': None, 'build_base': '/home/raoul/Documents/QEES/lab1.4/build/interprocess_eval', 'catkin_cmake_args': None, 'catkin_skip_building_tests': False, 'cmake_args': None, 'cmake_clean_cache': False, 'cmake_clean_first': False, 'cmake_force_configure': False, 'cmake_target': None, 'cmake_target_skip_unavailable': False, 'install_base': '/home/raoul/Documents/QEES/lab1.4/install/interprocess_eval', 'merge_install': False, 'path': '/home/raoul/Documents/QEES/lab1.4/src/interprocess_eval', 'symlink_install': True, 'test_result_base': None}
[0.251s] Level 5:colcon.colcon_core.verb:set package 'interprocess_remote_eval' build argument 'cmake_args' from command line to 'None'
[0.251s] Level 5:colcon.colcon_core.verb:set package 'interprocess_remote_eval' build argument 'cmake_target' from command line to 'None'
[0.251s] Level 5:colcon.colcon_core.verb:set package 'interprocess_remote_eval' build argument 'cmake_target_skip_unavailable' from command line to 'False'
[0.251s] Level 5:colcon.colcon_core.verb:set package 'interprocess_remote_eval' build argument 'cmake_clean_cache' from command line to 'False'
[0.251s] Level 5:colcon.colcon_core.verb:set package 'interprocess_remote_eval' build argument 'cmake_clean_first' from command line to 'False'
[0.251s] Level 5:colcon.colcon_core.verb:set package 'interprocess_remote_eval' build argument 'cmake_force_configure' from command line to 'False'
[0.251s] Level 5:colcon.colcon_core.verb:set package 'interprocess_remote_eval' build argument 'ament_cmake_args' from command line to 'None'
[0.251s] Level 5:colcon.colcon_core.verb:set package 'interprocess_remote_eval' build argument 'catkin_cmake_args' from command line to 'None'
[0.251s] Level 5:colcon.colcon_core.verb:set package 'interprocess_remote_eval' build argument 'catkin_skip_building_tests' from command line to 'False'
[0.251s] DEBUG:colcon.colcon_core.verb:Building package 'interprocess_remote_eval' with the following arguments: {'ament_cmake_args': None, 'build_base': '/home/raoul/Documents/QEES/lab1.4/build/interprocess_remote_eval', 'catkin_cmake_args': None, 'catkin_skip_building_tests': False, 'cmake_args': None, 'cmake_clean_cache': False, 'cmake_clean_first': False, 'cmake_force_configure': False, 'cmake_target': None, 'cmake_target_skip_unavailable': False, 'install_base': '/home/raoul/Documents/QEES/lab1.4/install/interprocess_remote_eval', 'merge_install': False, 'path': '/home/raoul/Documents/QEES/lab1.4/src/interprocess_remote_eval', 'symlink_install': True, 'test_result_base': None}
[0.252s] Level 5:colcon.colcon_core.verb:set package 'intraprocess_eval' build argument 'cmake_args' from command line to 'None'
[0.252s] Level 5:colcon.colcon_core.verb:set package 'intraprocess_eval' build argument 'cmake_target' from command line to 'None'
[0.252s] Level 5:colcon.colcon_core.verb:set package 'intraprocess_eval' build argument 'cmake_target_skip_unavailable' from command line to 'False'
[0.252s] Level 5:colcon.colcon_core.verb:set package 'intraprocess_eval' build argument 'cmake_clean_cache' from command line to 'False'
[0.252s] Level 5:colcon.colcon_core.verb:set package 'intraprocess_eval' build argument 'cmake_clean_first' from command line to 'False'
[0.252s] Level 5:colcon.colcon_core.verb:set package 'intraprocess_eval' build argument 'cmake_force_configure' from command line to 'False'
[0.252s] Level 5:colcon.colcon_core.verb:set package 'intraprocess_eval' build argument 'ament_cmake_args' from command line to 'None'
[0.252s] Level 5:colcon.colcon_core.verb:set package 'intraprocess_eval' build argument 'catkin_cmake_args' from command line to 'None'
[0.252s] Level 5:colcon.colcon_core.verb:set package 'intraprocess_eval' build argument 'catkin_skip_building_tests' from command line to 'False'
[0.252s] DEBUG:colcon.colcon_core.verb:Building package 'intraprocess_eval' with the following arguments: {'ament_cmake_args': None, 'build_base': '/home/raoul/Documents/QEES/lab1.4/build/intraprocess_eval', 'catkin_cmake_args': None, 'catkin_skip_building_tests': False, 'cmake_args': None, 'cmake_clean_cache': False, 'cmake_clean_first': False, 'cmake_force_configure': False, 'cmake_target': None, 'cmake_target_skip_unavailable': False, 'install_base': '/home/raoul/Documents/QEES/lab1.4/install/intraprocess_eval', 'merge_install': False, 'path': '/home/raoul/Documents/QEES/lab1.4/src/intraprocess_eval', 'symlink_install': True, 'test_result_base': None}
[0.252s] INFO:colcon.colcon_core.executor:Executing jobs using 'parallel' executor
[0.254s] DEBUG:colcon.colcon_parallel_executor.executor.parallel:run_until_complete
[0.254s] INFO:colcon.colcon_ros.task.ament_cmake.build:Building ROS package in '/home/raoul/Documents/QEES/lab1.4/src/artificial_load' with build type 'ament_cmake'
[0.254s] INFO:colcon.colcon_cmake.task.cmake.build:Building CMake package in '/home/raoul/Documents/QEES/lab1.4/src/artificial_load'
[0.256s] INFO:colcon.colcon_core.plugin_system:Skipping extension 'colcon_core.shell.bat': Not used on non-Windows systems
[0.256s] INFO:colcon.colcon_core.shell:Skip shell extension 'powershell' for command environment: Not usable outside of PowerShell
[0.256s] DEBUG:colcon.colcon_core.shell:Skip shell extension 'dsv' for command environment
[0.260s] INFO:colcon.colcon_ros.task.ament_cmake.build:Building ROS package in '/home/raoul/Documents/QEES/lab1.4/src/interprocess_eval' with build type 'ament_cmake'
[0.260s] INFO:colcon.colcon_cmake.task.cmake.build:Building CMake package in '/home/raoul/Documents/QEES/lab1.4/src/interprocess_eval'
[0.261s] INFO:colcon.colcon_core.shell:Skip shell extension 'powershell' for command environment: Not usable outside of PowerShell
[0.261s] DEBUG:colcon.colcon_core.shell:Skip shell extension 'dsv' for command environment
[0.265s] INFO:colcon.colcon_ros.task.ament_cmake.build:Building ROS package in '/home/raoul/Documents/QEES/lab1.4/src/interprocess_remote_eval' with build type 'ament_cmake'
[0.265s] INFO:colcon.colcon_cmake.task.cmake.build:Building CMake package in '/home/raoul/Documents/QEES/lab1.4/src/interprocess_remote_eval'
[0.266s] INFO:colcon.colcon_core.shell:Skip shell extension 'powershell' for command environment: Not usable outside of PowerShell
[0.266s] DEBUG:colcon.colcon_core.shell:Skip shell extension 'dsv' for command environment
[0.274s] INFO:colcon.colcon_ros.task.ament_cmake.build:Building ROS package in '/home/raoul/Documents/QEES/lab1.4/src/intraprocess_eval' with build type 'ament_cmake'
[0.274s] INFO:colcon.colcon_cmake.task.cmake.build:Building CMake package in '/home/raoul/Documents/QEES/lab1.4/src/intraprocess_eval'
[0.274s] INFO:colcon.colcon_core.shell:Skip shell extension 'powershell' for command environment: Not usable outside of PowerShell
[0.274s] DEBUG:colcon.colcon_core.shell:Skip shell extension 'dsv' for command environment
[0.292s] DEBUG:colcon.colcon_core.event_handler.log_command:Invoking command in '/home/raoul/Documents/QEES/lab1.4/build/artificial_load': CMAKE_PREFIX_PATH=/opt/ros/dashing /usr/bin/cmake /home/raoul/Documents/QEES/lab1.4/src/artificial_load -DAMENT_CMAKE_SYMLINK_INSTALL=1 -DCMAKE_INSTALL_PREFIX=/home/raoul/Documents/QEES/lab1.4/install/artificial_load
[0.301s] DEBUG:colcon.colcon_core.event_handler.log_command:Invoking command in '/home/raoul/Documents/QEES/lab1.4/build/interprocess_eval': CMAKE_PREFIX_PATH=/opt/ros/dashing /usr/bin/cmake /home/raoul/Documents/QEES/lab1.4/src/interprocess_eval -DAMENT_CMAKE_SYMLINK_INSTALL=1 -DCMAKE_INSTALL_PREFIX=/home/raoul/Documents/QEES/lab1.4/install/interprocess_eval
[0.307s] DEBUG:colcon.colcon_core.event_handler.log_command:Invoking command in '/home/raoul/Documents/QEES/lab1.4/build/interprocess_remote_eval': CMAKE_PREFIX_PATH=/opt/ros/dashing /usr/bin/cmake /home/raoul/Documents/QEES/lab1.4/src/interprocess_remote_eval -DAMENT_CMAKE_SYMLINK_INSTALL=1 -DCMAKE_INSTALL_PREFIX=/home/raoul/Documents/QEES/lab1.4/install/interprocess_remote_eval
[0.317s] DEBUG:colcon.colcon_core.event_handler.log_command:Invoking command in '/home/raoul/Documents/QEES/lab1.4/build/intraprocess_eval': CMAKE_PREFIX_PATH=/opt/ros/dashing /usr/bin/cmake /home/raoul/Documents/QEES/lab1.4/src/intraprocess_eval -DAMENT_CMAKE_SYMLINK_INSTALL=1 -DCMAKE_INSTALL_PREFIX=/home/raoul/Documents/QEES/lab1.4/install/intraprocess_eval
[2.235s] DEBUG:colcon.colcon_core.event_handler.log_command:Invoked command in '/home/raoul/Documents/QEES/lab1.4/build/artificial_load' returned '0': CMAKE_PREFIX_PATH=/opt/ros/dashing /usr/bin/cmake /home/raoul/Documents/QEES/lab1.4/src/artificial_load -DAMENT_CMAKE_SYMLINK_INSTALL=1 -DCMAKE_INSTALL_PREFIX=/home/raoul/Documents/QEES/lab1.4/install/artificial_load
[2.238s] DEBUG:colcon.colcon_core.event_handler.log_command:Invoking command in '/home/raoul/Documents/QEES/lab1.4/build/artificial_load': CMAKE_PREFIX_PATH=/opt/ros/dashing /usr/bin/cmake --build /home/raoul/Documents/QEES/lab1.4/build/artificial_load -- -j4 -l4
[3.454s] DEBUG:colcon.colcon_core.event_handler.log_command:Invoked command in '/home/raoul/Documents/QEES/lab1.4/build/intraprocess_eval' returned '0': CMAKE_PREFIX_PATH=/opt/ros/dashing /usr/bin/cmake /home/raoul/Documents/QEES/lab1.4/src/intraprocess_eval -DAMENT_CMAKE_SYMLINK_INSTALL=1 -DCMAKE_INSTALL_PREFIX=/home/raoul/Documents/QEES/lab1.4/install/intraprocess_eval
[3.456s] DEBUG:colcon.colcon_core.event_handler.log_command:Invoking command in '/home/raoul/Documents/QEES/lab1.4/build/intraprocess_eval': CMAKE_PREFIX_PATH=/opt/ros/dashing /usr/bin/cmake --build /home/raoul/Documents/QEES/lab1.4/build/intraprocess_eval -- -j4 -l4
[3.597s] DEBUG:colcon.colcon_core.event_handler.log_command:Invoked command in '/home/raoul/Documents/QEES/lab1.4/build/artificial_load' returned '0': CMAKE_PREFIX_PATH=/opt/ros/dashing /usr/bin/cmake --build /home/raoul/Documents/QEES/lab1.4/build/artificial_load -- -j4 -l4
[4.167s] DEBUG:colcon.colcon_core.event_handler.log_command:Invoked command in '/home/raoul/Documents/QEES/lab1.4/build/interprocess_remote_eval' returned '0': CMAKE_PREFIX_PATH=/opt/ros/dashing /usr/bin/cmake /home/raoul/Documents/QEES/lab1.4/src/interprocess_remote_eval -DAMENT_CMAKE_SYMLINK_INSTALL=1 -DCMAKE_INSTALL_PREFIX=/home/raoul/Documents/QEES/lab1.4/install/interprocess_remote_eval
[4.171s] DEBUG:colcon.colcon_core.event_handler.log_command:Invoking command in '/home/raoul/Documents/QEES/lab1.4/build/interprocess_remote_eval': CMAKE_PREFIX_PATH=/opt/ros/dashing /usr/bin/cmake --build /home/raoul/Documents/QEES/lab1.4/build/interprocess_remote_eval -- -j4 -l4
[5.555s] DEBUG:colcon.colcon_core.event_handler.log_command:Invoking command in '/home/raoul/Documents/QEES/lab1.4/build/artificial_load': CMAKE_PREFIX_PATH=/opt/ros/dashing /usr/bin/cmake --build /home/raoul/Documents/QEES/lab1.4/build/artificial_load --target install -- -j4 -l4
[7.855s] Level 1:colcon.colcon_core.environment:create_environment_scripts_only(artificial_load)
[7.857s] Level 1:colcon.colcon_core.environment:checking '/home/raoul/Documents/QEES/lab1.4/install/artificial_load' for CMake module files
[7.858s] Level 1:colcon.colcon_core.environment:checking '/home/raoul/Documents/QEES/lab1.4/install/artificial_load' for CMake config files
[7.858s] Level 1:colcon.colcon_core.shell:create_environment_hook('artificial_load', 'cmake_prefix_path')
[7.859s] INFO:colcon.colcon_core.shell:Creating environment hook '/home/raoul/Documents/QEES/lab1.4/install/artificial_load/share/artificial_load/hook/cmake_prefix_path.ps1'
[7.859s] INFO:colcon.colcon_core.shell:Creating environment descriptor '/home/raoul/Documents/QEES/lab1.4/install/artificial_load/share/artificial_load/hook/cmake_prefix_path.dsv'
[7.860s] INFO:colcon.colcon_core.shell:Creating environment hook '/home/raoul/Documents/QEES/lab1.4/install/artificial_load/share/artificial_load/hook/cmake_prefix_path.sh'
[7.861s] Level 1:colcon.colcon_core.environment:checking '/home/raoul/Documents/QEES/lab1.4/install/artificial_load/lib'
[7.861s] Level 1:colcon.colcon_core.environment:checking '/home/raoul/Documents/QEES/lab1.4/install/artificial_load/bin'
[7.861s] Level 1:colcon.colcon_core.environment:checking '/home/raoul/Documents/QEES/lab1.4/install/artificial_load/lib/pkgconfig/artificial_load.pc'
[7.861s] Level 1:colcon.colcon_core.environment:checking '/home/raoul/Documents/QEES/lab1.4/install/artificial_load/lib/python3.6/site-packages'
[7.861s] Level 1:colcon.colcon_core.environment:checking '/home/raoul/Documents/QEES/lab1.4/install/artificial_load/bin'
[7.861s] INFO:colcon.colcon_core.shell:Creating package script '/home/raoul/Documents/QEES/lab1.4/install/artificial_load/share/artificial_load/package.ps1'
[7.862s] INFO:colcon.colcon_core.shell:Creating package descriptor '/home/raoul/Documents/QEES/lab1.4/install/artificial_load/share/artificial_load/package.dsv'
[7.862s] INFO:colcon.colcon_core.shell:Creating package script '/home/raoul/Documents/QEES/lab1.4/install/artificial_load/share/artificial_load/package.sh'
[7.863s] INFO:colcon.colcon_core.shell:Creating package script '/home/raoul/Documents/QEES/lab1.4/install/artificial_load/share/artificial_load/package.bash'
[7.863s] INFO:colcon.colcon_core.shell:Creating package script '/home/raoul/Documents/QEES/lab1.4/install/artificial_load/share/artificial_load/package.zsh'
[7.864s] Level 1:colcon.colcon_core.environment:create_file_with_runtime_dependencies(/home/raoul/Documents/QEES/lab1.4/install/artificial_load/share/colcon-core/packages/artificial_load)
[7.870s] DEBUG:colcon.colcon_core.event_handler.log_command:Invoked command in '/home/raoul/Documents/QEES/lab1.4/build/artificial_load' returned '0': CMAKE_PREFIX_PATH=/opt/ros/dashing /usr/bin/cmake --build /home/raoul/Documents/QEES/lab1.4/build/artificial_load --target install -- -j4 -l4
[8.523s] Level 1:colcon.colcon_core.environment:create_environment_scripts_only(artificial_load)
[8.523s] Level 1:colcon.colcon_core.environment:checking '/home/raoul/Documents/QEES/lab1.4/install/artificial_load' for CMake module files
[8.523s] Level 1:colcon.colcon_core.environment:checking '/home/raoul/Documents/QEES/lab1.4/install/artificial_load' for CMake config files
[8.524s] Level 1:colcon.colcon_core.shell:create_environment_hook('artificial_load', 'cmake_prefix_path')
[8.524s] INFO:colcon.colcon_core.shell:Creating environment hook '/home/raoul/Documents/QEES/lab1.4/install/artificial_load/share/artificial_load/hook/cmake_prefix_path.ps1'
[8.524s] INFO:colcon.colcon_core.shell:Creating environment descriptor '/home/raoul/Documents/QEES/lab1.4/install/artificial_load/share/artificial_load/hook/cmake_prefix_path.dsv'
[8.525s] INFO:colcon.colcon_core.shell:Creating environment hook '/home/raoul/Documents/QEES/lab1.4/install/artificial_load/share/artificial_load/hook/cmake_prefix_path.sh'
[8.526s] Level 1:colcon.colcon_core.environment:checking '/home/raoul/Documents/QEES/lab1.4/install/artificial_load/lib'
[8.526s] Level 1:colcon.colcon_core.environment:checking '/home/raoul/Documents/QEES/lab1.4/install/artificial_load/bin'
[8.526s] Level 1:colcon.colcon_core.environment:checking '/home/raoul/Documents/QEES/lab1.4/install/artificial_load/lib/pkgconfig/artificial_load.pc'
[8.527s] Level 1:colcon.colcon_core.environment:checking '/home/raoul/Documents/QEES/lab1.4/install/artificial_load/lib/python3.6/site-packages'
[8.527s] Level 1:colcon.colcon_core.environment:checking '/home/raoul/Documents/QEES/lab1.4/install/artificial_load/bin'
[8.527s] INFO:colcon.colcon_core.shell:Creating package script '/home/raoul/Documents/QEES/lab1.4/install/artificial_load/share/artificial_load/package.ps1'
[8.528s] INFO:colcon.colcon_core.shell:Creating package descriptor '/home/raoul/Documents/QEES/lab1.4/install/artificial_load/share/artificial_load/package.dsv'
[8.529s] INFO:colcon.colcon_core.shell:Creating package script '/home/raoul/Documents/QEES/lab1.4/install/artificial_load/share/artificial_load/package.sh'
[8.529s] INFO:colcon.colcon_core.shell:Creating package script '/home/raoul/Documents/QEES/lab1.4/install/artificial_load/share/artificial_load/package.bash'
[8.530s] INFO:colcon.colcon_core.shell:Creating package script '/home/raoul/Documents/QEES/lab1.4/install/artificial_load/share/artificial_load/package.zsh'
[8.530s] Level 1:colcon.colcon_core.environment:create_file_with_runtime_dependencies(/home/raoul/Documents/QEES/lab1.4/install/artificial_load/share/colcon-core/packages/artificial_load)
[8.575s] DEBUG:colcon.colcon_core.event_handler.log_command:Invoked command in '/home/raoul/Documents/QEES/lab1.4/build/intraprocess_eval' returned '0': CMAKE_PREFIX_PATH=/opt/ros/dashing /usr/bin/cmake --build /home/raoul/Documents/QEES/lab1.4/build/intraprocess_eval -- -j4 -l4
[8.775s] DEBUG:colcon.colcon_core.event_handler.log_command:Invoking command in '/home/raoul/Documents/QEES/lab1.4/build/intraprocess_eval': CMAKE_PREFIX_PATH=/opt/ros/dashing /usr/bin/cmake --build /home/raoul/Documents/QEES/lab1.4/build/intraprocess_eval --target install -- -j4 -l4
[9.139s] DEBUG:colcon.colcon_core.event_handler.log_command:Invoked command in '/home/raoul/Documents/QEES/lab1.4/build/interprocess_eval' returned '0': CMAKE_PREFIX_PATH=/opt/ros/dashing /usr/bin/cmake /home/raoul/Documents/QEES/lab1.4/src/interprocess_eval -DAMENT_CMAKE_SYMLINK_INSTALL=1 -DCMAKE_INSTALL_PREFIX=/home/raoul/Documents/QEES/lab1.4/install/interprocess_eval
[9.140s] DEBUG:colcon.colcon_core.event_handler.log_command:Invoking command in '/home/raoul/Documents/QEES/lab1.4/build/interprocess_eval': CMAKE_PREFIX_PATH=/opt/ros/dashing /usr/bin/cmake --build /home/raoul/Documents/QEES/lab1.4/build/interprocess_eval -- -j4 -l4
[11.060s] Level 1:colcon.colcon_core.environment:create_environment_scripts_only(intraprocess_eval)
[11.060s] Level 1:colcon.colcon_core.environment:checking '/home/raoul/Documents/QEES/lab1.4/install/intraprocess_eval' for CMake module files
[11.061s] Level 1:colcon.colcon_core.environment:checking '/home/raoul/Documents/QEES/lab1.4/install/intraprocess_eval' for CMake config files
[11.061s] Level 1:colcon.colcon_core.shell:create_environment_hook('intraprocess_eval', 'cmake_prefix_path')
[11.061s] INFO:colcon.colcon_core.shell:Creating environment hook '/home/raoul/Documents/QEES/lab1.4/install/intraprocess_eval/share/intraprocess_eval/hook/cmake_prefix_path.ps1'
[11.062s] INFO:colcon.colcon_core.shell:Creating environment descriptor '/home/raoul/Documents/QEES/lab1.4/install/intraprocess_eval/share/intraprocess_eval/hook/cmake_prefix_path.dsv'
[11.062s] INFO:colcon.colcon_core.shell:Creating environment hook '/home/raoul/Documents/QEES/lab1.4/install/intraprocess_eval/share/intraprocess_eval/hook/cmake_prefix_path.sh'
[11.063s] Level 1:colcon.colcon_core.environment:checking '/home/raoul/Documents/QEES/lab1.4/install/intraprocess_eval/lib'
[11.063s] Level 1:colcon.colcon_core.environment:checking '/home/raoul/Documents/QEES/lab1.4/install/intraprocess_eval/bin'
[11.063s] Level 1:colcon.colcon_core.environment:checking '/home/raoul/Documents/QEES/lab1.4/install/intraprocess_eval/lib/pkgconfig/intraprocess_eval.pc'
[11.063s] Level 1:colcon.colcon_core.environment:checking '/home/raoul/Documents/QEES/lab1.4/install/intraprocess_eval/lib/python3.6/site-packages'
[11.063s] Level 1:colcon.colcon_core.environment:checking '/home/raoul/Documents/QEES/lab1.4/install/intraprocess_eval/bin'
[11.063s] INFO:colcon.colcon_core.shell:Creating package script '/home/raoul/Documents/QEES/lab1.4/install/intraprocess_eval/share/intraprocess_eval/package.ps1'
[11.064s] INFO:colcon.colcon_core.shell:Creating package descriptor '/home/raoul/Documents/QEES/lab1.4/install/intraprocess_eval/share/intraprocess_eval/package.dsv'
[11.064s] INFO:colcon.colcon_core.shell:Creating package script '/home/raoul/Documents/QEES/lab1.4/install/intraprocess_eval/share/intraprocess_eval/package.sh'
[11.064s] INFO:colcon.colcon_core.shell:Creating package script '/home/raoul/Documents/QEES/lab1.4/install/intraprocess_eval/share/intraprocess_eval/package.bash'
[11.064s] INFO:colcon.colcon_core.shell:Creating package script '/home/raoul/Documents/QEES/lab1.4/install/intraprocess_eval/share/intraprocess_eval/package.zsh'
[11.065s] Level 1:colcon.colcon_core.environment:create_file_with_runtime_dependencies(/home/raoul/Documents/QEES/lab1.4/install/intraprocess_eval/share/colcon-core/packages/intraprocess_eval)
[11.067s] DEBUG:colcon.colcon_core.event_handler.log_command:Invoked command in '/home/raoul/Documents/QEES/lab1.4/build/intraprocess_eval' returned '0': CMAKE_PREFIX_PATH=/opt/ros/dashing /usr/bin/cmake --build /home/raoul/Documents/QEES/lab1.4/build/intraprocess_eval --target install -- -j4 -l4
[12.518s] Level 1:colcon.colcon_core.environment:create_environment_scripts_only(intraprocess_eval)
[12.519s] Level 1:colcon.colcon_core.environment:checking '/home/raoul/Documents/QEES/lab1.4/install/intraprocess_eval' for CMake module files
[12.519s] Level 1:colcon.colcon_core.environment:checking '/home/raoul/Documents/QEES/lab1.4/install/intraprocess_eval' for CMake config files
[12.519s] Level 1:colcon.colcon_core.shell:create_environment_hook('intraprocess_eval', 'cmake_prefix_path')
[12.520s] INFO:colcon.colcon_core.shell:Creating environment hook '/home/raoul/Documents/QEES/lab1.4/install/intraprocess_eval/share/intraprocess_eval/hook/cmake_prefix_path.ps1'
[12.520s] INFO:colcon.colcon_core.shell:Creating environment descriptor '/home/raoul/Documents/QEES/lab1.4/install/intraprocess_eval/share/intraprocess_eval/hook/cmake_prefix_path.dsv'
[12.521s] INFO:colcon.colcon_core.shell:Creating environment hook '/home/raoul/Documents/QEES/lab1.4/install/intraprocess_eval/share/intraprocess_eval/hook/cmake_prefix_path.sh'
[12.523s] Level 1:colcon.colcon_core.environment:checking '/home/raoul/Documents/QEES/lab1.4/install/intraprocess_eval/lib'
[12.523s] Level 1:colcon.colcon_core.environment:checking '/home/raoul/Documents/QEES/lab1.4/install/intraprocess_eval/bin'
[12.524s] Level 1:colcon.colcon_core.environment:checking '/home/raoul/Documents/QEES/lab1.4/install/intraprocess_eval/lib/pkgconfig/intraprocess_eval.pc'
[12.524s] Level 1:colcon.colcon_core.environment:checking '/home/raoul/Documents/QEES/lab1.4/install/intraprocess_eval/lib/python3.6/site-packages'
[12.524s] Level 1:colcon.colcon_core.environment:checking '/home/raoul/Documents/QEES/lab1.4/install/intraprocess_eval/bin'
[12.525s] INFO:colcon.colcon_core.shell:Creating package script '/home/raoul/Documents/QEES/lab1.4/install/intraprocess_eval/share/intraprocess_eval/package.ps1'
[12.526s] INFO:colcon.colcon_core.shell:Creating package descriptor '/home/raoul/Documents/QEES/lab1.4/install/intraprocess_eval/share/intraprocess_eval/package.dsv'
[12.526s] INFO:colcon.colcon_core.shell:Creating package script '/home/raoul/Documents/QEES/lab1.4/install/intraprocess_eval/share/intraprocess_eval/package.sh'
[12.527s] INFO:colcon.colcon_core.shell:Creating package script '/home/raoul/Documents/QEES/lab1.4/install/intraprocess_eval/share/intraprocess_eval/package.bash'
[12.527s] INFO:colcon.colcon_core.shell:Creating package script '/home/raoul/Documents/QEES/lab1.4/install/intraprocess_eval/share/intraprocess_eval/package.zsh'
[12.528s] Level 1:colcon.colcon_core.environment:create_file_with_runtime_dependencies(/home/raoul/Documents/QEES/lab1.4/install/intraprocess_eval/share/colcon-core/packages/intraprocess_eval)
[14.468s] DEBUG:colcon.colcon_core.event_handler.log_command:Invoked command in '/home/raoul/Documents/QEES/lab1.4/build/interprocess_remote_eval' returned '0': CMAKE_PREFIX_PATH=/opt/ros/dashing /usr/bin/cmake --build /home/raoul/Documents/QEES/lab1.4/build/interprocess_remote_eval -- -j4 -l4
[15.260s] DEBUG:colcon.colcon_core.event_handler.log_command:Invoking command in '/home/raoul/Documents/QEES/lab1.4/build/interprocess_remote_eval': CMAKE_PREFIX_PATH=/opt/ros/dashing /usr/bin/cmake --build /home/raoul/Documents/QEES/lab1.4/build/interprocess_remote_eval --target install -- -j4 -l4
[16.386s] Level 1:colcon.colcon_core.environment:create_environment_scripts_only(interprocess_remote_eval)
[16.386s] Level 1:colcon.colcon_core.environment:checking '/home/raoul/Documents/QEES/lab1.4/install/interprocess_remote_eval' for CMake module files
[16.387s] Level 1:colcon.colcon_core.environment:checking '/home/raoul/Documents/QEES/lab1.4/install/interprocess_remote_eval' for CMake config files
[16.387s] Level 1:colcon.colcon_core.shell:create_environment_hook('interprocess_remote_eval', 'cmake_prefix_path')
[16.388s] INFO:colcon.colcon_core.shell:Creating environment hook '/home/raoul/Documents/QEES/lab1.4/install/interprocess_remote_eval/share/interprocess_remote_eval/hook/cmake_prefix_path.ps1'
[16.388s] INFO:colcon.colcon_core.shell:Creating environment descriptor '/home/raoul/Documents/QEES/lab1.4/install/interprocess_remote_eval/share/interprocess_remote_eval/hook/cmake_prefix_path.dsv'
[16.389s] INFO:colcon.colcon_core.shell:Creating environment hook '/home/raoul/Documents/QEES/lab1.4/install/interprocess_remote_eval/share/interprocess_remote_eval/hook/cmake_prefix_path.sh'
[16.390s] Level 1:colcon.colcon_core.environment:checking '/home/raoul/Documents/QEES/lab1.4/install/interprocess_remote_eval/lib'
[16.390s] Level 1:colcon.colcon_core.environment:checking '/home/raoul/Documents/QEES/lab1.4/install/interprocess_remote_eval/bin'
[16.390s] Level 1:colcon.colcon_core.environment:checking '/home/raoul/Documents/QEES/lab1.4/install/interprocess_remote_eval/lib/pkgconfig/interprocess_remote_eval.pc'
[16.390s] Level 1:colcon.colcon_core.environment:checking '/home/raoul/Documents/QEES/lab1.4/install/interprocess_remote_eval/lib/python3.6/site-packages'
[16.390s] Level 1:colcon.colcon_core.environment:checking '/home/raoul/Documents/QEES/lab1.4/install/interprocess_remote_eval/bin'
[16.391s] INFO:colcon.colcon_core.shell:Creating package script '/home/raoul/Documents/QEES/lab1.4/install/interprocess_remote_eval/share/interprocess_remote_eval/package.ps1'
[16.391s] INFO:colcon.colcon_core.shell:Creating package descriptor '/home/raoul/Documents/QEES/lab1.4/install/interprocess_remote_eval/share/interprocess_remote_eval/package.dsv'
[16.391s] INFO:colcon.colcon_core.shell:Creating package script '/home/raoul/Documents/QEES/lab1.4/install/interprocess_remote_eval/share/interprocess_remote_eval/package.sh'
[16.391s] INFO:colcon.colcon_core.shell:Creating package script '/home/raoul/Documents/QEES/lab1.4/install/interprocess_remote_eval/share/interprocess_remote_eval/package.bash'
[16.392s] INFO:colcon.colcon_core.shell:Creating package script '/home/raoul/Documents/QEES/lab1.4/install/interprocess_remote_eval/share/interprocess_remote_eval/package.zsh'
[16.392s] Level 1:colcon.colcon_core.environment:create_file_with_runtime_dependencies(/home/raoul/Documents/QEES/lab1.4/install/interprocess_remote_eval/share/colcon-core/packages/interprocess_remote_eval)
[16.394s] DEBUG:colcon.colcon_core.event_handler.log_command:Invoked command in '/home/raoul/Documents/QEES/lab1.4/build/interprocess_remote_eval' returned '0': CMAKE_PREFIX_PATH=/opt/ros/dashing /usr/bin/cmake --build /home/raoul/Documents/QEES/lab1.4/build/interprocess_remote_eval --target install -- -j4 -l4
[16.559s] Level 1:colcon.colcon_core.environment:create_environment_scripts_only(interprocess_remote_eval)
[16.559s] Level 1:colcon.colcon_core.environment:checking '/home/raoul/Documents/QEES/lab1.4/install/interprocess_remote_eval' for CMake module files
[16.560s] Level 1:colcon.colcon_core.environment:checking '/home/raoul/Documents/QEES/lab1.4/install/interprocess_remote_eval' for CMake config files
[16.560s] Level 1:colcon.colcon_core.shell:create_environment_hook('interprocess_remote_eval', 'cmake_prefix_path')
[16.560s] INFO:colcon.colcon_core.shell:Creating environment hook '/home/raoul/Documents/QEES/lab1.4/install/interprocess_remote_eval/share/interprocess_remote_eval/hook/cmake_prefix_path.ps1'
[16.560s] INFO:colcon.colcon_core.shell:Creating environment descriptor '/home/raoul/Documents/QEES/lab1.4/install/interprocess_remote_eval/share/interprocess_remote_eval/hook/cmake_prefix_path.dsv'
[16.562s] INFO:colcon.colcon_core.shell:Creating environment hook '/home/raoul/Documents/QEES/lab1.4/install/interprocess_remote_eval/share/interprocess_remote_eval/hook/cmake_prefix_path.sh'
[16.564s] Level 1:colcon.colcon_core.environment:checking '/home/raoul/Documents/QEES/lab1.4/install/interprocess_remote_eval/lib'
[16.564s] Level 1:colcon.colcon_core.environment:checking '/home/raoul/Documents/QEES/lab1.4/install/interprocess_remote_eval/bin'
[16.564s] Level 1:colcon.colcon_core.environment:checking '/home/raoul/Documents/QEES/lab1.4/install/interprocess_remote_eval/lib/pkgconfig/interprocess_remote_eval.pc'
[16.564s] Level 1:colcon.colcon_core.environment:checking '/home/raoul/Documents/QEES/lab1.4/install/interprocess_remote_eval/lib/python3.6/site-packages'
[16.564s] Level 1:colcon.colcon_core.environment:checking '/home/raoul/Documents/QEES/lab1.4/install/interprocess_remote_eval/bin'
[16.564s] INFO:colcon.colcon_core.shell:Creating package script '/home/raoul/Documents/QEES/lab1.4/install/interprocess_remote_eval/share/interprocess_remote_eval/package.ps1'
[16.565s] INFO:colcon.colcon_core.shell:Creating package descriptor '/home/raoul/Documents/QEES/lab1.4/install/interprocess_remote_eval/share/interprocess_remote_eval/package.dsv'
[16.566s] INFO:colcon.colcon_core.shell:Creating package script '/home/raoul/Documents/QEES/lab1.4/install/interprocess_remote_eval/share/interprocess_remote_eval/package.sh'
[16.566s] INFO:colcon.colcon_core.shell:Creating package script '/home/raoul/Documents/QEES/lab1.4/install/interprocess_remote_eval/share/interprocess_remote_eval/package.bash'
[16.567s] INFO:colcon.colcon_core.shell:Creating package script '/home/raoul/Documents/QEES/lab1.4/install/interprocess_remote_eval/share/interprocess_remote_eval/package.zsh'
[16.568s] Level 1:colcon.colcon_core.environment:create_file_with_runtime_dependencies(/home/raoul/Documents/QEES/lab1.4/install/interprocess_remote_eval/share/colcon-core/packages/interprocess_remote_eval)
[21.220s] DEBUG:colcon.colcon_core.event_handler.log_command:Invoked command in '/home/raoul/Documents/QEES/lab1.4/build/interprocess_eval' returned '0': CMAKE_PREFIX_PATH=/opt/ros/dashing /usr/bin/cmake --build /home/raoul/Documents/QEES/lab1.4/build/interprocess_eval -- -j4 -l4
[21.281s] DEBUG:colcon.colcon_core.event_handler.log_command:Invoking command in '/home/raoul/Documents/QEES/lab1.4/build/interprocess_eval': CMAKE_PREFIX_PATH=/opt/ros/dashing /usr/bin/cmake --build /home/raoul/Documents/QEES/lab1.4/build/interprocess_eval --target install -- -j4 -l4
[21.697s] Level 1:colcon.colcon_core.environment:create_environment_scripts_only(interprocess_eval)
[21.698s] Level 1:colcon.colcon_core.environment:checking '/home/raoul/Documents/QEES/lab1.4/install/interprocess_eval' for CMake module files
[21.698s] DEBUG:colcon.colcon_core.event_handler.log_command:Invoked command in '/home/raoul/Documents/QEES/lab1.4/build/interprocess_eval' returned '0': CMAKE_PREFIX_PATH=/opt/ros/dashing /usr/bin/cmake --build /home/raoul/Documents/QEES/lab1.4/build/interprocess_eval --target install -- -j4 -l4
[21.699s] Level 1:colcon.colcon_core.environment:checking '/home/raoul/Documents/QEES/lab1.4/install/interprocess_eval' for CMake config files
[21.699s] Level 1:colcon.colcon_core.shell:create_environment_hook('interprocess_eval', 'cmake_prefix_path')
[21.700s] INFO:colcon.colcon_core.shell:Creating environment hook '/home/raoul/Documents/QEES/lab1.4/install/interprocess_eval/share/interprocess_eval/hook/cmake_prefix_path.ps1'
[21.700s] INFO:colcon.colcon_core.shell:Creating environment descriptor '/home/raoul/Documents/QEES/lab1.4/install/interprocess_eval/share/interprocess_eval/hook/cmake_prefix_path.dsv'
[21.700s] INFO:colcon.colcon_core.shell:Creating environment hook '/home/raoul/Documents/QEES/lab1.4/install/interprocess_eval/share/interprocess_eval/hook/cmake_prefix_path.sh'
[21.701s] Level 1:colcon.colcon_core.environment:checking '/home/raoul/Documents/QEES/lab1.4/install/interprocess_eval/lib'
[21.701s] Level 1:colcon.colcon_core.environment:checking '/home/raoul/Documents/QEES/lab1.4/install/interprocess_eval/bin'
[21.701s] Level 1:colcon.colcon_core.environment:checking '/home/raoul/Documents/QEES/lab1.4/install/interprocess_eval/lib/pkgconfig/interprocess_eval.pc'
[21.701s] Level 1:colcon.colcon_core.environment:checking '/home/raoul/Documents/QEES/lab1.4/install/interprocess_eval/lib/python3.6/site-packages'
[21.701s] Level 1:colcon.colcon_core.environment:checking '/home/raoul/Documents/QEES/lab1.4/install/interprocess_eval/bin'
[21.701s] INFO:colcon.colcon_core.shell:Creating package script '/home/raoul/Documents/QEES/lab1.4/install/interprocess_eval/share/interprocess_eval/package.ps1'
[21.702s] INFO:colcon.colcon_core.shell:Creating package descriptor '/home/raoul/Documents/QEES/lab1.4/install/interprocess_eval/share/interprocess_eval/package.dsv'
[21.702s] INFO:colcon.colcon_core.shell:Creating package script '/home/raoul/Documents/QEES/lab1.4/install/interprocess_eval/share/interprocess_eval/package.sh'
[21.702s] INFO:colcon.colcon_core.shell:Creating package script '/home/raoul/Documents/QEES/lab1.4/install/interprocess_eval/share/interprocess_eval/package.bash'
[21.702s] INFO:colcon.colcon_core.shell:Creating package script '/home/raoul/Documents/QEES/lab1.4/install/interprocess_eval/share/interprocess_eval/package.zsh'
[21.703s] Level 1:colcon.colcon_core.environment:create_file_with_runtime_dependencies(/home/raoul/Documents/QEES/lab1.4/install/interprocess_eval/share/colcon-core/packages/interprocess_eval)
[21.760s] Level 1:colcon.colcon_core.environment:create_environment_scripts_only(interprocess_eval)
[21.761s] Level 1:colcon.colcon_core.environment:checking '/home/raoul/Documents/QEES/lab1.4/install/interprocess_eval' for CMake module files
[21.761s] Level 1:colcon.colcon_core.environment:checking '/home/raoul/Documents/QEES/lab1.4/install/interprocess_eval' for CMake config files
[21.761s] Level 1:colcon.colcon_core.shell:create_environment_hook('interprocess_eval', 'cmake_prefix_path')
[21.762s] INFO:colcon.colcon_core.shell:Creating environment hook '/home/raoul/Documents/QEES/lab1.4/install/interprocess_eval/share/interprocess_eval/hook/cmake_prefix_path.ps1'
[21.762s] INFO:colcon.colcon_core.shell:Creating environment descriptor '/home/raoul/Documents/QEES/lab1.4/install/interprocess_eval/share/interprocess_eval/hook/cmake_prefix_path.dsv'
[21.762s] INFO:colcon.colcon_core.shell:Creating environment hook '/home/raoul/Documents/QEES/lab1.4/install/interprocess_eval/share/interprocess_eval/hook/cmake_prefix_path.sh'
[21.763s] Level 1:colcon.colcon_core.environment:checking '/home/raoul/Documents/QEES/lab1.4/install/interprocess_eval/lib'
[21.763s] Level 1:colcon.colcon_core.environment:checking '/home/raoul/Documents/QEES/lab1.4/install/interprocess_eval/bin'
[21.763s] Level 1:colcon.colcon_core.environment:checking '/home/raoul/Documents/QEES/lab1.4/install/interprocess_eval/lib/pkgconfig/interprocess_eval.pc'
[21.764s] Level 1:colcon.colcon_core.environment:checking '/home/raoul/Documents/QEES/lab1.4/install/interprocess_eval/lib/python3.6/site-packages'
[21.764s] Level 1:colcon.colcon_core.environment:checking '/home/raoul/Documents/QEES/lab1.4/install/interprocess_eval/bin'
[21.764s] INFO:colcon.colcon_core.shell:Creating package script '/home/raoul/Documents/QEES/lab1.4/install/interprocess_eval/share/interprocess_eval/package.ps1'
[21.764s] INFO:colcon.colcon_core.shell:Creating package descriptor '/home/raoul/Documents/QEES/lab1.4/install/interprocess_eval/share/interprocess_eval/package.dsv'
[21.765s] INFO:colcon.colcon_core.shell:Creating package script '/home/raoul/Documents/QEES/lab1.4/install/interprocess_eval/share/interprocess_eval/package.sh'
[21.765s] INFO:colcon.colcon_core.shell:Creating package script '/home/raoul/Documents/QEES/lab1.4/install/interprocess_eval/share/interprocess_eval/package.bash'
[21.766s] INFO:colcon.colcon_core.shell:Creating package script '/home/raoul/Documents/QEES/lab1.4/install/interprocess_eval/share/interprocess_eval/package.zsh'
[21.766s] Level 1:colcon.colcon_core.environment:create_file_with_runtime_dependencies(/home/raoul/Documents/QEES/lab1.4/install/interprocess_eval/share/colcon-core/packages/interprocess_eval)
[21.767s] DEBUG:colcon.colcon_parallel_executor.executor.parallel:closing loop
[21.776s] DEBUG:colcon.colcon_parallel_executor.executor.parallel:loop closed
[21.776s] DEBUG:colcon.colcon_parallel_executor.executor.parallel:run_until_complete finished with '0'
[21.776s] DEBUG:colcon.colcon_core.event_reactor:joining thread
[21.782s] INFO:colcon.colcon_core.plugin_system:Skipping extension 'colcon_notification.desktop_notification.terminal_notifier': Not used on non-Darwin systems
[21.782s] INFO:colcon.colcon_core.plugin_system:Skipping extension 'colcon_notification.desktop_notification.win32': Not used on non-Windows systems
[21.782s] INFO:colcon.colcon_notification.desktop_notification:Sending desktop notification using 'notify2'
[21.783s] DEBUG:colcon.colcon_notification.desktop_notification.notify2:Failed to initialize notify2: org.freedesktop.DBus.Error.NoReply: Did not receive a reply. Possible causes include: the remote application did not send a reply, the message bus security policy blocked the reply, the reply timeout expired, or the network connection was broken.
[21.783s] DEBUG:colcon.colcon_core.event_reactor:joined thread
[21.783s] INFO:colcon.colcon_core.shell:Creating prefix script '/home/raoul/Documents/QEES/lab1.4/install/local_setup.ps1'
[21.784s] INFO:colcon.colcon_core.shell:Creating prefix util module '/home/raoul/Documents/QEES/lab1.4/install/_local_setup_util_ps1.py'
[21.785s] INFO:colcon.colcon_core.shell:Creating prefix chain script '/home/raoul/Documents/QEES/lab1.4/install/setup.ps1'
[21.786s] INFO:colcon.colcon_core.shell:Creating prefix script '/home/raoul/Documents/QEES/lab1.4/install/local_setup.sh'
[21.786s] INFO:colcon.colcon_core.shell:Creating prefix util module '/home/raoul/Documents/QEES/lab1.4/install/_local_setup_util_sh.py'
[21.787s] INFO:colcon.colcon_core.shell:Creating prefix chain script '/home/raoul/Documents/QEES/lab1.4/install/setup.sh'
[21.787s] INFO:colcon.colcon_core.shell:Creating prefix script '/home/raoul/Documents/QEES/lab1.4/install/local_setup.bash'
[21.788s] INFO:colcon.colcon_core.shell:Creating prefix chain script '/home/raoul/Documents/QEES/lab1.4/install/setup.bash'
[21.788s] INFO:colcon.colcon_core.shell:Creating prefix script '/home/raoul/Documents/QEES/lab1.4/install/local_setup.zsh'
[21.789s] INFO:colcon.colcon_core.shell:Creating prefix chain script '/home/raoul/Documents/QEES/lab1.4/install/setup.zsh'
