-- Found ament_cmake: 0.7.6 (/opt/ros/dashing/share/ament_cmake/cmake)
-- Using PYTHON_EXECUTABLE: /usr/bin/python3
-- Override CMake install command with custom implementation using symlinks instead of copying resources
-- Found rclcpp: 0.7.16 (/opt/ros/dashing/share/rclcpp/cmake)
-- Found rosidl_adapter: 0.7.10 (/opt/ros/dashing/share/rosidl_adapter/cmake)
-- Found rmw_implementation_cmake: 0.7.2 (/opt/ros/dashing/share/rmw_implementation_cmake/cmake)
-- Using RMW implementation 'rmw_fastrtps_cpp' as default
-- Found std_msgs: 0.7.1 (/opt/ros/dashing/share/std_msgs/cmake)
-- Configuring done
-- Generating done
-- Build files have been written to: /home/raoul/Documents/QEES/lab1/build/artificial_load
[35m[1mScanning dependencies of target CPU_load[0m
[ 50%] [32mBuilding CXX object CMakeFiles/CPU_load.dir/CPU_load.cpp.o[0m
[100%] [32m[1mLinking CXX executable CPU_load[0m
[100%] Built target CPU_load
[100%] Built target CPU_load
[36mInstall the project...[0m
-- Install configuration: ""
-- Execute custom install script
-- Up-to-date symlink: /home/raoul/Documents/QEES/lab1/install/artificial_load/lib/artificial_load/CPU_load
-- Up-to-date symlink: /home/raoul/Documents/QEES/lab1/install/artificial_load/share/ament_index/resource_index/package_run_dependencies/artificial_load
-- Up-to-date symlink: /home/raoul/Documents/QEES/lab1/install/artificial_load/share/ament_index/resource_index/parent_prefix_path/artificial_load
-- Up-to-date symlink: /home/raoul/Documents/QEES/lab1/install/artificial_load/share/artificial_load/environment/ament_prefix_path.sh
-- Up-to-date symlink: /home/raoul/Documents/QEES/lab1/install/artificial_load/share/artificial_load/environment/path.sh
-- Up-to-date symlink: /home/raoul/Documents/QEES/lab1/install/artificial_load/share/artificial_load/local_setup.bash
-- Up-to-date symlink: /home/raoul/Documents/QEES/lab1/install/artificial_load/share/artificial_load/local_setup.sh
-- Up-to-date symlink: /home/raoul/Documents/QEES/lab1/install/artificial_load/share/artificial_load/local_setup.zsh
-- Up-to-date symlink: /home/raoul/Documents/QEES/lab1/install/artificial_load/share/ament_index/resource_index/packages/artificial_load
-- Up-to-date symlink: /home/raoul/Documents/QEES/lab1/install/artificial_load/share/artificial_load/cmake/artificial_loadConfig.cmake
-- Up-to-date symlink: /home/raoul/Documents/QEES/lab1/install/artificial_load/share/artificial_load/cmake/artificial_loadConfig-version.cmake
-- Up-to-date symlink: /home/raoul/Documents/QEES/lab1/install/artificial_load/share/artificial_load/package.xml
