[0.174s] DEBUG:colcon:Command line arguments: ['/usr/bin/colcon', 'build', '--symlink-install']
[0.174s] DEBUG:colcon:Parsed command line arguments: Namespace(allow_overriding=[], ament_cmake_args=None, base_paths=['.'], build_base='build', catkin_cmake_args=None, catkin_skip_building_tests=False, cmake_args=None, cmake_clean_cache=False, cmake_clean_first=False, cmake_force_configure=False, cmake_target=None, cmake_target_skip_unavailable=False, continue_on_error=False, event_handlers=None, executor='parallel', ignore_user_meta=False, install_base='install', log_base=None, log_level=None, main=<bound method BuildVerb.main of <colcon_core.verb.build.BuildVerb object at 0x7f8c1eb7e400>>, merge_install=False, metas=['./colcon.meta'], packages_above=None, packages_above_and_dependencies=None, packages_above_depth=None, packages_end=None, packages_ignore=None, packages_ignore_regex=None, packages_select=None, packages_select_build_failed=False, packages_select_by_dep=None, packages_select_regex=None, packages_select_test_failures=False, packages_skip=None, packages_skip_build_finished=False, packages_skip_by_dep=None, packages_skip_regex=None, packages_skip_test_passed=False, packages_skip_up_to=None, packages_start=None, packages_up_to=None, packages_up_to_regex=None, parallel_workers=8, paths=None, symlink_install=True, test_result_base=None, verb_extension=<colcon_core.verb.build.BuildVerb object at 0x7f8c1eb7e400>, verb_name='build', verb_parser=<colcon_defaults.argument_parser.defaults.DefaultArgumentsDecorator object at 0x7f8c1eb7e748>)
[0.207s] Level 1:colcon.colcon_core.package_discovery:discover_packages(colcon_meta) check parameters
[0.207s] Level 1:colcon.colcon_core.package_discovery:discover_packages(recursive) check parameters
[0.207s] Level 1:colcon.colcon_core.package_discovery:discover_packages(ignore) check parameters
[0.207s] Level 1:colcon.colcon_core.package_discovery:discover_packages(path) check parameters
[0.207s] Level 1:colcon.colcon_core.package_discovery:discover_packages(colcon_meta) discover
[0.208s] Level 1:colcon.colcon_core.package_discovery:discover_packages(recursive) discover
[0.208s] INFO:colcon.colcon_core.package_discovery:Crawling recursively for packages in '/home/raoul/Documents/QEES/lab1.3'
[0.208s] Level 1:colcon.colcon_core.package_identification:_identify(.) by extensions ['ignore', 'ignore_ament_install']
[0.208s] Level 1:colcon.colcon_core.package_identification:_identify(.) by extension 'ignore'
[0.208s] Level 1:colcon.colcon_core.package_identification:_identify(.) by extension 'ignore_ament_install'
[0.208s] Level 1:colcon.colcon_core.package_identification:_identify(.) by extensions ['colcon_pkg']
[0.208s] Level 1:colcon.colcon_core.package_identification:_identify(.) by extension 'colcon_pkg'
[0.208s] Level 1:colcon.colcon_core.package_identification:_identify(.) by extensions ['colcon_meta']
[0.208s] Level 1:colcon.colcon_core.package_identification:_identify(.) by extension 'colcon_meta'
[0.209s] Level 1:colcon.colcon_core.package_identification:_identify(.) by extensions ['ros']
[0.209s] Level 1:colcon.colcon_core.package_identification:_identify(.) by extension 'ros'
[0.229s] Level 1:colcon.colcon_core.package_identification:_identify(.) by extensions ['cmake', 'python']
[0.229s] Level 1:colcon.colcon_core.package_identification:_identify(.) by extension 'cmake'
[0.229s] Level 1:colcon.colcon_core.package_identification:_identify(.) by extension 'python'
[0.229s] Level 1:colcon.colcon_core.package_identification:_identify(.) by extensions ['python_setup_py']
[0.229s] Level 1:colcon.colcon_core.package_identification:_identify(.) by extension 'python_setup_py'
[0.229s] Level 1:colcon.colcon_core.package_identification:_identify(build) by extensions ['ignore', 'ignore_ament_install']
[0.229s] Level 1:colcon.colcon_core.package_identification:_identify(build) by extension 'ignore'
[0.230s] Level 1:colcon.colcon_core.package_identification:_identify(build) ignored
[0.230s] Level 1:colcon.colcon_core.package_identification:_identify(evaluation) by extensions ['ignore', 'ignore_ament_install']
[0.230s] Level 1:colcon.colcon_core.package_identification:_identify(evaluation) by extension 'ignore'
[0.230s] Level 1:colcon.colcon_core.package_identification:_identify(evaluation) by extension 'ignore_ament_install'
[0.230s] Level 1:colcon.colcon_core.package_identification:_identify(evaluation) by extensions ['colcon_pkg']
[0.230s] Level 1:colcon.colcon_core.package_identification:_identify(evaluation) by extension 'colcon_pkg'
[0.231s] Level 1:colcon.colcon_core.package_identification:_identify(evaluation) by extensions ['colcon_meta']
[0.231s] Level 1:colcon.colcon_core.package_identification:_identify(evaluation) by extension 'colcon_meta'
[0.231s] Level 1:colcon.colcon_core.package_identification:_identify(evaluation) by extensions ['ros']
[0.231s] Level 1:colcon.colcon_core.package_identification:_identify(evaluation) by extension 'ros'
[0.231s] Level 1:colcon.colcon_core.package_identification:_identify(evaluation) by extensions ['cmake', 'python']
[0.231s] Level 1:colcon.colcon_core.package_identification:_identify(evaluation) by extension 'cmake'
[0.231s] Level 1:colcon.colcon_core.package_identification:_identify(evaluation) by extension 'python'
[0.231s] Level 1:colcon.colcon_core.package_identification:_identify(evaluation) by extensions ['python_setup_py']
[0.231s] Level 1:colcon.colcon_core.package_identification:_identify(evaluation) by extension 'python_setup_py'
[0.231s] Level 1:colcon.colcon_core.package_identification:_identify(evaluation/byte_data) by extensions ['ignore', 'ignore_ament_install']
[0.232s] Level 1:colcon.colcon_core.package_identification:_identify(evaluation/byte_data) by extension 'ignore'
[0.232s] Level 1:colcon.colcon_core.package_identification:_identify(evaluation/byte_data) by extension 'ignore_ament_install'
[0.232s] Level 1:colcon.colcon_core.package_identification:_identify(evaluation/byte_data) by extensions ['colcon_pkg']
[0.232s] Level 1:colcon.colcon_core.package_identification:_identify(evaluation/byte_data) by extension 'colcon_pkg'
[0.232s] Level 1:colcon.colcon_core.package_identification:_identify(evaluation/byte_data) by extensions ['colcon_meta']
[0.232s] Level 1:colcon.colcon_core.package_identification:_identify(evaluation/byte_data) by extension 'colcon_meta'
[0.232s] Level 1:colcon.colcon_core.package_identification:_identify(evaluation/byte_data) by extensions ['ros']
[0.232s] Level 1:colcon.colcon_core.package_identification:_identify(evaluation/byte_data) by extension 'ros'
[0.232s] Level 1:colcon.colcon_core.package_identification:_identify(evaluation/byte_data) by extensions ['cmake', 'python']
[0.232s] Level 1:colcon.colcon_core.package_identification:_identify(evaluation/byte_data) by extension 'cmake'
[0.232s] Level 1:colcon.colcon_core.package_identification:_identify(evaluation/byte_data) by extension 'python'
[0.232s] Level 1:colcon.colcon_core.package_identification:_identify(evaluation/byte_data) by extensions ['python_setup_py']
[0.233s] Level 1:colcon.colcon_core.package_identification:_identify(evaluation/byte_data) by extension 'python_setup_py'
[0.233s] Level 1:colcon.colcon_core.package_identification:_identify(evaluation/convert_msg) by extensions ['ignore', 'ignore_ament_install']
[0.233s] Level 1:colcon.colcon_core.package_identification:_identify(evaluation/convert_msg) by extension 'ignore'
[0.233s] Level 1:colcon.colcon_core.package_identification:_identify(evaluation/convert_msg) by extension 'ignore_ament_install'
[0.233s] Level 1:colcon.colcon_core.package_identification:_identify(evaluation/convert_msg) by extensions ['colcon_pkg']
[0.233s] Level 1:colcon.colcon_core.package_identification:_identify(evaluation/convert_msg) by extension 'colcon_pkg'
[0.233s] Level 1:colcon.colcon_core.package_identification:_identify(evaluation/convert_msg) by extensions ['colcon_meta']
[0.233s] Level 1:colcon.colcon_core.package_identification:_identify(evaluation/convert_msg) by extension 'colcon_meta'
[0.233s] Level 1:colcon.colcon_core.package_identification:_identify(evaluation/convert_msg) by extensions ['ros']
[0.233s] Level 1:colcon.colcon_core.package_identification:_identify(evaluation/convert_msg) by extension 'ros'
[0.234s] Level 1:colcon.colcon_core.package_identification:_identify(evaluation/convert_msg) by extensions ['cmake', 'python']
[0.234s] Level 1:colcon.colcon_core.package_identification:_identify(evaluation/convert_msg) by extension 'cmake'
[0.234s] Level 1:colcon.colcon_core.package_identification:_identify(evaluation/convert_msg) by extension 'python'
[0.234s] Level 1:colcon.colcon_core.package_identification:_identify(evaluation/convert_msg) by extensions ['python_setup_py']
[0.234s] Level 1:colcon.colcon_core.package_identification:_identify(evaluation/convert_msg) by extension 'python_setup_py'
[0.234s] Level 1:colcon.colcon_core.package_identification:_identify(evaluation/dds_time) by extensions ['ignore', 'ignore_ament_install']
[0.234s] Level 1:colcon.colcon_core.package_identification:_identify(evaluation/dds_time) by extension 'ignore'
[0.234s] Level 1:colcon.colcon_core.package_identification:_identify(evaluation/dds_time) by extension 'ignore_ament_install'
[0.234s] Level 1:colcon.colcon_core.package_identification:_identify(evaluation/dds_time) by extensions ['colcon_pkg']
[0.234s] Level 1:colcon.colcon_core.package_identification:_identify(evaluation/dds_time) by extension 'colcon_pkg'
[0.234s] Level 1:colcon.colcon_core.package_identification:_identify(evaluation/dds_time) by extensions ['colcon_meta']
[0.235s] Level 1:colcon.colcon_core.package_identification:_identify(evaluation/dds_time) by extension 'colcon_meta'
[0.235s] Level 1:colcon.colcon_core.package_identification:_identify(evaluation/dds_time) by extensions ['ros']
[0.235s] Level 1:colcon.colcon_core.package_identification:_identify(evaluation/dds_time) by extension 'ros'
[0.235s] Level 1:colcon.colcon_core.package_identification:_identify(evaluation/dds_time) by extensions ['cmake', 'python']
[0.235s] Level 1:colcon.colcon_core.package_identification:_identify(evaluation/dds_time) by extension 'cmake'
[0.235s] Level 1:colcon.colcon_core.package_identification:_identify(evaluation/dds_time) by extension 'python'
[0.235s] Level 1:colcon.colcon_core.package_identification:_identify(evaluation/dds_time) by extensions ['python_setup_py']
[0.235s] Level 1:colcon.colcon_core.package_identification:_identify(evaluation/dds_time) by extension 'python_setup_py'
[0.235s] Level 1:colcon.colcon_core.package_identification:_identify(evaluation/publish_time) by extensions ['ignore', 'ignore_ament_install']
[0.235s] Level 1:colcon.colcon_core.package_identification:_identify(evaluation/publish_time) by extension 'ignore'
[0.235s] Level 1:colcon.colcon_core.package_identification:_identify(evaluation/publish_time) by extension 'ignore_ament_install'
[0.236s] Level 1:colcon.colcon_core.package_identification:_identify(evaluation/publish_time) by extensions ['colcon_pkg']
[0.236s] Level 1:colcon.colcon_core.package_identification:_identify(evaluation/publish_time) by extension 'colcon_pkg'
[0.236s] Level 1:colcon.colcon_core.package_identification:_identify(evaluation/publish_time) by extensions ['colcon_meta']
[0.236s] Level 1:colcon.colcon_core.package_identification:_identify(evaluation/publish_time) by extension 'colcon_meta'
[0.236s] Level 1:colcon.colcon_core.package_identification:_identify(evaluation/publish_time) by extensions ['ros']
[0.236s] Level 1:colcon.colcon_core.package_identification:_identify(evaluation/publish_time) by extension 'ros'
[0.236s] Level 1:colcon.colcon_core.package_identification:_identify(evaluation/publish_time) by extensions ['cmake', 'python']
[0.236s] Level 1:colcon.colcon_core.package_identification:_identify(evaluation/publish_time) by extension 'cmake'
[0.236s] Level 1:colcon.colcon_core.package_identification:_identify(evaluation/publish_time) by extension 'python'
[0.236s] Level 1:colcon.colcon_core.package_identification:_identify(evaluation/publish_time) by extensions ['python_setup_py']
[0.236s] Level 1:colcon.colcon_core.package_identification:_identify(evaluation/publish_time) by extension 'python_setup_py'
[0.237s] Level 1:colcon.colcon_core.package_identification:_identify(evaluation/subscribe_time) by extensions ['ignore', 'ignore_ament_install']
[0.237s] Level 1:colcon.colcon_core.package_identification:_identify(evaluation/subscribe_time) by extension 'ignore'
[0.237s] Level 1:colcon.colcon_core.package_identification:_identify(evaluation/subscribe_time) by extension 'ignore_ament_install'
[0.237s] Level 1:colcon.colcon_core.package_identification:_identify(evaluation/subscribe_time) by extensions ['colcon_pkg']
[0.237s] Level 1:colcon.colcon_core.package_identification:_identify(evaluation/subscribe_time) by extension 'colcon_pkg'
[0.237s] Level 1:colcon.colcon_core.package_identification:_identify(evaluation/subscribe_time) by extensions ['colcon_meta']
[0.237s] Level 1:colcon.colcon_core.package_identification:_identify(evaluation/subscribe_time) by extension 'colcon_meta'
[0.237s] Level 1:colcon.colcon_core.package_identification:_identify(evaluation/subscribe_time) by extensions ['ros']
[0.237s] Level 1:colcon.colcon_core.package_identification:_identify(evaluation/subscribe_time) by extension 'ros'
[0.237s] Level 1:colcon.colcon_core.package_identification:_identify(evaluation/subscribe_time) by extensions ['cmake', 'python']
[0.237s] Level 1:colcon.colcon_core.package_identification:_identify(evaluation/subscribe_time) by extension 'cmake'
[0.238s] Level 1:colcon.colcon_core.package_identification:_identify(evaluation/subscribe_time) by extension 'python'
[0.238s] Level 1:colcon.colcon_core.package_identification:_identify(evaluation/subscribe_time) by extensions ['python_setup_py']
[0.238s] Level 1:colcon.colcon_core.package_identification:_identify(evaluation/subscribe_time) by extension 'python_setup_py'
[0.238s] Level 1:colcon.colcon_core.package_identification:_identify(evaluation/transport_time) by extensions ['ignore', 'ignore_ament_install']
[0.238s] Level 1:colcon.colcon_core.package_identification:_identify(evaluation/transport_time) by extension 'ignore'
[0.238s] Level 1:colcon.colcon_core.package_identification:_identify(evaluation/transport_time) by extension 'ignore_ament_install'
[0.238s] Level 1:colcon.colcon_core.package_identification:_identify(evaluation/transport_time) by extensions ['colcon_pkg']
[0.238s] Level 1:colcon.colcon_core.package_identification:_identify(evaluation/transport_time) by extension 'colcon_pkg'
[0.238s] Level 1:colcon.colcon_core.package_identification:_identify(evaluation/transport_time) by extensions ['colcon_meta']
[0.238s] Level 1:colcon.colcon_core.package_identification:_identify(evaluation/transport_time) by extension 'colcon_meta'
[0.238s] Level 1:colcon.colcon_core.package_identification:_identify(evaluation/transport_time) by extensions ['ros']
[0.239s] Level 1:colcon.colcon_core.package_identification:_identify(evaluation/transport_time) by extension 'ros'
[0.239s] Level 1:colcon.colcon_core.package_identification:_identify(evaluation/transport_time) by extensions ['cmake', 'python']
[0.239s] Level 1:colcon.colcon_core.package_identification:_identify(evaluation/transport_time) by extension 'cmake'
[0.239s] Level 1:colcon.colcon_core.package_identification:_identify(evaluation/transport_time) by extension 'python'
[0.239s] Level 1:colcon.colcon_core.package_identification:_identify(evaluation/transport_time) by extensions ['python_setup_py']
[0.239s] Level 1:colcon.colcon_core.package_identification:_identify(evaluation/transport_time) by extension 'python_setup_py'
[0.239s] Level 1:colcon.colcon_core.package_identification:_identify(install) by extensions ['ignore', 'ignore_ament_install']
[0.239s] Level 1:colcon.colcon_core.package_identification:_identify(install) by extension 'ignore'
[0.239s] Level 1:colcon.colcon_core.package_identification:_identify(install) ignored
[0.240s] Level 1:colcon.colcon_core.package_identification:_identify(log) by extensions ['ignore', 'ignore_ament_install']
[0.240s] Level 1:colcon.colcon_core.package_identification:_identify(log) by extension 'ignore'
[0.240s] Level 1:colcon.colcon_core.package_identification:_identify(log) ignored
[0.240s] Level 1:colcon.colcon_core.package_identification:_identify(src) by extensions ['ignore', 'ignore_ament_install']
[0.240s] Level 1:colcon.colcon_core.package_identification:_identify(src) by extension 'ignore'
[0.240s] Level 1:colcon.colcon_core.package_identification:_identify(src) by extension 'ignore_ament_install'
[0.240s] Level 1:colcon.colcon_core.package_identification:_identify(src) by extensions ['colcon_pkg']
[0.240s] Level 1:colcon.colcon_core.package_identification:_identify(src) by extension 'colcon_pkg'
[0.240s] Level 1:colcon.colcon_core.package_identification:_identify(src) by extensions ['colcon_meta']
[0.240s] Level 1:colcon.colcon_core.package_identification:_identify(src) by extension 'colcon_meta'
[0.241s] Level 1:colcon.colcon_core.package_identification:_identify(src) by extensions ['ros']
[0.241s] Level 1:colcon.colcon_core.package_identification:_identify(src) by extension 'ros'
[0.241s] Level 1:colcon.colcon_core.package_identification:_identify(src) by extensions ['cmake', 'python']
[0.241s] Level 1:colcon.colcon_core.package_identification:_identify(src) by extension 'cmake'
[0.241s] Level 1:colcon.colcon_core.package_identification:_identify(src) by extension 'python'
[0.241s] Level 1:colcon.colcon_core.package_identification:_identify(src) by extensions ['python_setup_py']
[0.241s] Level 1:colcon.colcon_core.package_identification:_identify(src) by extension 'python_setup_py'
[0.241s] Level 1:colcon.colcon_core.package_identification:_identify(src/artificial_load) by extensions ['ignore', 'ignore_ament_install']
[0.241s] Level 1:colcon.colcon_core.package_identification:_identify(src/artificial_load) by extension 'ignore'
[0.241s] Level 1:colcon.colcon_core.package_identification:_identify(src/artificial_load) by extension 'ignore_ament_install'
[0.242s] Level 1:colcon.colcon_core.package_identification:_identify(src/artificial_load) by extensions ['colcon_pkg']
[0.242s] Level 1:colcon.colcon_core.package_identification:_identify(src/artificial_load) by extension 'colcon_pkg'
[0.242s] Level 1:colcon.colcon_core.package_identification:_identify(src/artificial_load) by extensions ['colcon_meta']
[0.242s] Level 1:colcon.colcon_core.package_identification:_identify(src/artificial_load) by extension 'colcon_meta'
[0.242s] Level 1:colcon.colcon_core.package_identification:_identify(src/artificial_load) by extensions ['ros']
[0.242s] Level 1:colcon.colcon_core.package_identification:_identify(src/artificial_load) by extension 'ros'
[0.246s] DEBUG:colcon.colcon_core.package_identification:Package 'src/artificial_load' with type 'ros.ament_cmake' and name 'artificial_load'
[0.246s] Level 1:colcon.colcon_core.package_identification:_identify(src/interprocess_eval) by extensions ['ignore', 'ignore_ament_install']
[0.246s] Level 1:colcon.colcon_core.package_identification:_identify(src/interprocess_eval) by extension 'ignore'
[0.246s] Level 1:colcon.colcon_core.package_identification:_identify(src/interprocess_eval) by extension 'ignore_ament_install'
[0.246s] Level 1:colcon.colcon_core.package_identification:_identify(src/interprocess_eval) by extensions ['colcon_pkg']
[0.246s] Level 1:colcon.colcon_core.package_identification:_identify(src/interprocess_eval) by extension 'colcon_pkg'
[0.246s] Level 1:colcon.colcon_core.package_identification:_identify(src/interprocess_eval) by extensions ['colcon_meta']
[0.246s] Level 1:colcon.colcon_core.package_identification:_identify(src/interprocess_eval) by extension 'colcon_meta'
[0.246s] Level 1:colcon.colcon_core.package_identification:_identify(src/interprocess_eval) by extensions ['ros']
[0.247s] Level 1:colcon.colcon_core.package_identification:_identify(src/interprocess_eval) by extension 'ros'
[0.248s] DEBUG:colcon.colcon_core.package_identification:Package 'src/interprocess_eval' with type 'ros.ament_cmake' and name 'interprocess_eval'
[0.248s] Level 1:colcon.colcon_core.package_identification:_identify(src/interprocess_remote_eval) by extensions ['ignore', 'ignore_ament_install']
[0.248s] Level 1:colcon.colcon_core.package_identification:_identify(src/interprocess_remote_eval) by extension 'ignore'
[0.248s] Level 1:colcon.colcon_core.package_identification:_identify(src/interprocess_remote_eval) by extension 'ignore_ament_install'
[0.248s] Level 1:colcon.colcon_core.package_identification:_identify(src/interprocess_remote_eval) by extensions ['colcon_pkg']
[0.248s] Level 1:colcon.colcon_core.package_identification:_identify(src/interprocess_remote_eval) by extension 'colcon_pkg'
[0.248s] Level 1:colcon.colcon_core.package_identification:_identify(src/interprocess_remote_eval) by extensions ['colcon_meta']
[0.248s] Level 1:colcon.colcon_core.package_identification:_identify(src/interprocess_remote_eval) by extension 'colcon_meta'
[0.248s] Level 1:colcon.colcon_core.package_identification:_identify(src/interprocess_remote_eval) by extensions ['ros']
[0.249s] Level 1:colcon.colcon_core.package_identification:_identify(src/interprocess_remote_eval) by extension 'ros'
[0.249s] DEBUG:colcon.colcon_core.package_identification:Package 'src/interprocess_remote_eval' with type 'ros.ament_cmake' and name 'interprocess_remote_eval'
[0.250s] Level 1:colcon.colcon_core.package_identification:_identify(src/intraprocess_eval) by extensions ['ignore', 'ignore_ament_install']
[0.250s] Level 1:colcon.colcon_core.package_identification:_identify(src/intraprocess_eval) by extension 'ignore'
[0.250s] Level 1:colcon.colcon_core.package_identification:_identify(src/intraprocess_eval) by extension 'ignore_ament_install'
[0.250s] Level 1:colcon.colcon_core.package_identification:_identify(src/intraprocess_eval) by extensions ['colcon_pkg']
[0.250s] Level 1:colcon.colcon_core.package_identification:_identify(src/intraprocess_eval) by extension 'colcon_pkg'
[0.250s] Level 1:colcon.colcon_core.package_identification:_identify(src/intraprocess_eval) by extensions ['colcon_meta']
[0.250s] Level 1:colcon.colcon_core.package_identification:_identify(src/intraprocess_eval) by extension 'colcon_meta'
[0.250s] Level 1:colcon.colcon_core.package_identification:_identify(src/intraprocess_eval) by extensions ['ros']
[0.250s] Level 1:colcon.colcon_core.package_identification:_identify(src/intraprocess_eval) by extension 'ros'
[0.251s] DEBUG:colcon.colcon_core.package_identification:Package 'src/intraprocess_eval' with type 'ros.ament_cmake' and name 'intraprocess_eval'
[0.251s] Level 1:colcon.colcon_core.package_discovery:discover_packages(recursive) using defaults
[0.251s] Level 1:colcon.colcon_core.package_discovery:discover_packages(ignore) discover
[0.252s] Level 1:colcon.colcon_core.package_discovery:discover_packages(ignore) using defaults
[0.252s] Level 1:colcon.colcon_core.package_discovery:discover_packages(path) discover
[0.252s] Level 1:colcon.colcon_core.package_discovery:discover_packages(path) using defaults
[0.278s] Level 1:colcon.colcon_core.package_discovery:discover_packages(prefix_path) check parameters
[0.278s] Level 1:colcon.colcon_core.package_discovery:discover_packages(prefix_path) discover
[0.282s] DEBUG:colcon.colcon_installed_package_information.package_discovery:Found 225 installed packages in /opt/ros/dashing
[0.285s] Level 1:colcon.colcon_core.package_discovery:discover_packages(prefix_path) using defaults
[0.392s] Level 5:colcon.colcon_core.verb:set package 'artificial_load' build argument 'cmake_args' from command line to 'None'
[0.392s] Level 5:colcon.colcon_core.verb:set package 'artificial_load' build argument 'cmake_target' from command line to 'None'
[0.392s] Level 5:colcon.colcon_core.verb:set package 'artificial_load' build argument 'cmake_target_skip_unavailable' from command line to 'False'
[0.392s] Level 5:colcon.colcon_core.verb:set package 'artificial_load' build argument 'cmake_clean_cache' from command line to 'False'
[0.392s] Level 5:colcon.colcon_core.verb:set package 'artificial_load' build argument 'cmake_clean_first' from command line to 'False'
[0.392s] Level 5:colcon.colcon_core.verb:set package 'artificial_load' build argument 'cmake_force_configure' from command line to 'False'
[0.392s] Level 5:colcon.colcon_core.verb:set package 'artificial_load' build argument 'ament_cmake_args' from command line to 'None'
[0.392s] Level 5:colcon.colcon_core.verb:set package 'artificial_load' build argument 'catkin_cmake_args' from command line to 'None'
[0.392s] Level 5:colcon.colcon_core.verb:set package 'artificial_load' build argument 'catkin_skip_building_tests' from command line to 'False'
[0.393s] DEBUG:colcon.colcon_core.verb:Building package 'artificial_load' with the following arguments: {'ament_cmake_args': None, 'build_base': '/home/raoul/Documents/QEES/lab1.3/build/artificial_load', 'catkin_cmake_args': None, 'catkin_skip_building_tests': False, 'cmake_args': None, 'cmake_clean_cache': False, 'cmake_clean_first': False, 'cmake_force_configure': False, 'cmake_target': None, 'cmake_target_skip_unavailable': False, 'install_base': '/home/raoul/Documents/QEES/lab1.3/install/artificial_load', 'merge_install': False, 'path': '/home/raoul/Documents/QEES/lab1.3/src/artificial_load', 'symlink_install': True, 'test_result_base': None}
[0.393s] Level 5:colcon.colcon_core.verb:set package 'interprocess_eval' build argument 'cmake_args' from command line to 'None'
[0.393s] Level 5:colcon.colcon_core.verb:set package 'interprocess_eval' build argument 'cmake_target' from command line to 'None'
[0.393s] Level 5:colcon.colcon_core.verb:set package 'interprocess_eval' build argument 'cmake_target_skip_unavailable' from command line to 'False'
[0.393s] Level 5:colcon.colcon_core.verb:set package 'interprocess_eval' build argument 'cmake_clean_cache' from command line to 'False'
[0.393s] Level 5:colcon.colcon_core.verb:set package 'interprocess_eval' build argument 'cmake_clean_first' from command line to 'False'
[0.394s] Level 5:colcon.colcon_core.verb:set package 'interprocess_eval' build argument 'cmake_force_configure' from command line to 'False'
[0.394s] Level 5:colcon.colcon_core.verb:set package 'interprocess_eval' build argument 'ament_cmake_args' from command line to 'None'
[0.394s] Level 5:colcon.colcon_core.verb:set package 'interprocess_eval' build argument 'catkin_cmake_args' from command line to 'None'
[0.394s] Level 5:colcon.colcon_core.verb:set package 'interprocess_eval' build argument 'catkin_skip_building_tests' from command line to 'False'
[0.394s] DEBUG:colcon.colcon_core.verb:Building package 'interprocess_eval' with the following arguments: {'ament_cmake_args': None, 'build_base': '/home/raoul/Documents/QEES/lab1.3/build/interprocess_eval', 'catkin_cmake_args': None, 'catkin_skip_building_tests': False, 'cmake_args': None, 'cmake_clean_cache': False, 'cmake_clean_first': False, 'cmake_force_configure': False, 'cmake_target': None, 'cmake_target_skip_unavailable': False, 'install_base': '/home/raoul/Documents/QEES/lab1.3/install/interprocess_eval', 'merge_install': False, 'path': '/home/raoul/Documents/QEES/lab1.3/src/interprocess_eval', 'symlink_install': True, 'test_result_base': None}
[0.394s] Level 5:colcon.colcon_core.verb:set package 'interprocess_remote_eval' build argument 'cmake_args' from command line to 'None'
[0.395s] Level 5:colcon.colcon_core.verb:set package 'interprocess_remote_eval' build argument 'cmake_target' from command line to 'None'
[0.395s] Level 5:colcon.colcon_core.verb:set package 'interprocess_remote_eval' build argument 'cmake_target_skip_unavailable' from command line to 'False'
[0.395s] Level 5:colcon.colcon_core.verb:set package 'interprocess_remote_eval' build argument 'cmake_clean_cache' from command line to 'False'
[0.395s] Level 5:colcon.colcon_core.verb:set package 'interprocess_remote_eval' build argument 'cmake_clean_first' from command line to 'False'
[0.395s] Level 5:colcon.colcon_core.verb:set package 'interprocess_remote_eval' build argument 'cmake_force_configure' from command line to 'False'
[0.395s] Level 5:colcon.colcon_core.verb:set package 'interprocess_remote_eval' build argument 'ament_cmake_args' from command line to 'None'
[0.395s] Level 5:colcon.colcon_core.verb:set package 'interprocess_remote_eval' build argument 'catkin_cmake_args' from command line to 'None'
[0.395s] Level 5:colcon.colcon_core.verb:set package 'interprocess_remote_eval' build argument 'catkin_skip_building_tests' from command line to 'False'
[0.395s] DEBUG:colcon.colcon_core.verb:Building package 'interprocess_remote_eval' with the following arguments: {'ament_cmake_args': None, 'build_base': '/home/raoul/Documents/QEES/lab1.3/build/interprocess_remote_eval', 'catkin_cmake_args': None, 'catkin_skip_building_tests': False, 'cmake_args': None, 'cmake_clean_cache': False, 'cmake_clean_first': False, 'cmake_force_configure': False, 'cmake_target': None, 'cmake_target_skip_unavailable': False, 'install_base': '/home/raoul/Documents/QEES/lab1.3/install/interprocess_remote_eval', 'merge_install': False, 'path': '/home/raoul/Documents/QEES/lab1.3/src/interprocess_remote_eval', 'symlink_install': True, 'test_result_base': None}
[0.396s] Level 5:colcon.colcon_core.verb:set package 'intraprocess_eval' build argument 'cmake_args' from command line to 'None'
[0.396s] Level 5:colcon.colcon_core.verb:set package 'intraprocess_eval' build argument 'cmake_target' from command line to 'None'
[0.396s] Level 5:colcon.colcon_core.verb:set package 'intraprocess_eval' build argument 'cmake_target_skip_unavailable' from command line to 'False'
[0.396s] Level 5:colcon.colcon_core.verb:set package 'intraprocess_eval' build argument 'cmake_clean_cache' from command line to 'False'
[0.396s] Level 5:colcon.colcon_core.verb:set package 'intraprocess_eval' build argument 'cmake_clean_first' from command line to 'False'
[0.396s] Level 5:colcon.colcon_core.verb:set package 'intraprocess_eval' build argument 'cmake_force_configure' from command line to 'False'
[0.396s] Level 5:colcon.colcon_core.verb:set package 'intraprocess_eval' build argument 'ament_cmake_args' from command line to 'None'
[0.396s] Level 5:colcon.colcon_core.verb:set package 'intraprocess_eval' build argument 'catkin_cmake_args' from command line to 'None'
[0.396s] Level 5:colcon.colcon_core.verb:set package 'intraprocess_eval' build argument 'catkin_skip_building_tests' from command line to 'False'
[0.396s] DEBUG:colcon.colcon_core.verb:Building package 'intraprocess_eval' with the following arguments: {'ament_cmake_args': None, 'build_base': '/home/raoul/Documents/QEES/lab1.3/build/intraprocess_eval', 'catkin_cmake_args': None, 'catkin_skip_building_tests': False, 'cmake_args': None, 'cmake_clean_cache': False, 'cmake_clean_first': False, 'cmake_force_configure': False, 'cmake_target': None, 'cmake_target_skip_unavailable': False, 'install_base': '/home/raoul/Documents/QEES/lab1.3/install/intraprocess_eval', 'merge_install': False, 'path': '/home/raoul/Documents/QEES/lab1.3/src/intraprocess_eval', 'symlink_install': True, 'test_result_base': None}
[0.396s] INFO:colcon.colcon_core.executor:Executing jobs using 'parallel' executor
[0.398s] DEBUG:colcon.colcon_parallel_executor.executor.parallel:run_until_complete
[0.398s] INFO:colcon.colcon_ros.task.ament_cmake.build:Building ROS package in '/home/raoul/Documents/QEES/lab1.3/src/artificial_load' with build type 'ament_cmake'
[0.398s] INFO:colcon.colcon_cmake.task.cmake.build:Building CMake package in '/home/raoul/Documents/QEES/lab1.3/src/artificial_load'
[0.402s] INFO:colcon.colcon_core.plugin_system:Skipping extension 'colcon_core.shell.bat': Not used on non-Windows systems
[0.402s] INFO:colcon.colcon_core.shell:Skip shell extension 'powershell' for command environment: Not usable outside of PowerShell
[0.402s] DEBUG:colcon.colcon_core.shell:Skip shell extension 'dsv' for command environment
[0.409s] INFO:colcon.colcon_ros.task.ament_cmake.build:Building ROS package in '/home/raoul/Documents/QEES/lab1.3/src/interprocess_eval' with build type 'ament_cmake'
[0.409s] INFO:colcon.colcon_cmake.task.cmake.build:Building CMake package in '/home/raoul/Documents/QEES/lab1.3/src/interprocess_eval'
[0.410s] INFO:colcon.colcon_core.shell:Skip shell extension 'powershell' for command environment: Not usable outside of PowerShell
[0.410s] DEBUG:colcon.colcon_core.shell:Skip shell extension 'dsv' for command environment
[0.417s] INFO:colcon.colcon_ros.task.ament_cmake.build:Building ROS package in '/home/raoul/Documents/QEES/lab1.3/src/interprocess_remote_eval' with build type 'ament_cmake'
[0.418s] INFO:colcon.colcon_cmake.task.cmake.build:Building CMake package in '/home/raoul/Documents/QEES/lab1.3/src/interprocess_remote_eval'
[0.419s] INFO:colcon.colcon_core.shell:Skip shell extension 'powershell' for command environment: Not usable outside of PowerShell
[0.419s] DEBUG:colcon.colcon_core.shell:Skip shell extension 'dsv' for command environment
[0.426s] INFO:colcon.colcon_ros.task.ament_cmake.build:Building ROS package in '/home/raoul/Documents/QEES/lab1.3/src/intraprocess_eval' with build type 'ament_cmake'
[0.427s] INFO:colcon.colcon_cmake.task.cmake.build:Building CMake package in '/home/raoul/Documents/QEES/lab1.3/src/intraprocess_eval'
[0.428s] INFO:colcon.colcon_core.shell:Skip shell extension 'powershell' for command environment: Not usable outside of PowerShell
[0.429s] DEBUG:colcon.colcon_core.shell:Skip shell extension 'dsv' for command environment
[0.445s] DEBUG:colcon.colcon_core.event_handler.log_command:Invoking command in '/home/raoul/Documents/QEES/lab1.3/build/artificial_load': CMAKE_PREFIX_PATH=/opt/ros/dashing /usr/bin/cmake --build /home/raoul/Documents/QEES/lab1.3/build/artificial_load -- -j8 -l8
[0.459s] DEBUG:colcon.colcon_core.event_handler.log_command:Invoking command in '/home/raoul/Documents/QEES/lab1.3/build/interprocess_eval': CMAKE_PREFIX_PATH=/opt/ros/dashing /usr/bin/cmake --build /home/raoul/Documents/QEES/lab1.3/build/interprocess_eval -- -j8 -l8
[0.466s] DEBUG:colcon.colcon_core.event_handler.log_command:Invoking command in '/home/raoul/Documents/QEES/lab1.3/build/interprocess_remote_eval': CMAKE_PREFIX_PATH=/opt/ros/dashing /usr/bin/cmake --build /home/raoul/Documents/QEES/lab1.3/build/interprocess_remote_eval -- -j8 -l8
[0.479s] DEBUG:colcon.colcon_core.event_handler.log_command:Invoking command in '/home/raoul/Documents/QEES/lab1.3/build/intraprocess_eval': CMAKE_PREFIX_PATH=/opt/ros/dashing /usr/bin/cmake --build /home/raoul/Documents/QEES/lab1.3/build/intraprocess_eval -- -j8 -l8
[0.726s] DEBUG:colcon.colcon_core.event_handler.log_command:Invoked command in '/home/raoul/Documents/QEES/lab1.3/build/artificial_load' returned '0': CMAKE_PREFIX_PATH=/opt/ros/dashing /usr/bin/cmake --build /home/raoul/Documents/QEES/lab1.3/build/artificial_load -- -j8 -l8
[0.745s] DEBUG:colcon.colcon_core.event_handler.log_command:Invoked command in '/home/raoul/Documents/QEES/lab1.3/build/interprocess_remote_eval' returned '0': CMAKE_PREFIX_PATH=/opt/ros/dashing /usr/bin/cmake --build /home/raoul/Documents/QEES/lab1.3/build/interprocess_remote_eval -- -j8 -l8
[0.800s] DEBUG:colcon.colcon_core.event_handler.log_command:Invoked command in '/home/raoul/Documents/QEES/lab1.3/build/intraprocess_eval' returned '0': CMAKE_PREFIX_PATH=/opt/ros/dashing /usr/bin/cmake --build /home/raoul/Documents/QEES/lab1.3/build/intraprocess_eval -- -j8 -l8
[0.896s] DEBUG:colcon.colcon_core.event_handler.log_command:Invoking command in '/home/raoul/Documents/QEES/lab1.3/build/artificial_load': CMAKE_PREFIX_PATH=/opt/ros/dashing /usr/bin/cmake --build /home/raoul/Documents/QEES/lab1.3/build/artificial_load --target install -- -j8 -l8
[0.915s] DEBUG:colcon.colcon_core.event_handler.log_command:Invoking command in '/home/raoul/Documents/QEES/lab1.3/build/interprocess_remote_eval': CMAKE_PREFIX_PATH=/opt/ros/dashing /usr/bin/cmake --build /home/raoul/Documents/QEES/lab1.3/build/interprocess_remote_eval --target install -- -j8 -l8
[0.950s] DEBUG:colcon.colcon_core.event_handler.log_command:Invoking command in '/home/raoul/Documents/QEES/lab1.3/build/intraprocess_eval': CMAKE_PREFIX_PATH=/opt/ros/dashing /usr/bin/cmake --build /home/raoul/Documents/QEES/lab1.3/build/intraprocess_eval --target install -- -j8 -l8
[1.263s] Level 1:colcon.colcon_core.environment:create_environment_scripts_only(artificial_load)
[1.271s] Level 1:colcon.colcon_core.environment:checking '/home/raoul/Documents/QEES/lab1.3/install/artificial_load' for CMake module files
[1.273s] DEBUG:colcon.colcon_core.event_handler.log_command:Invoked command in '/home/raoul/Documents/QEES/lab1.3/build/artificial_load' returned '0': CMAKE_PREFIX_PATH=/opt/ros/dashing /usr/bin/cmake --build /home/raoul/Documents/QEES/lab1.3/build/artificial_load --target install -- -j8 -l8
[1.274s] Level 1:colcon.colcon_core.environment:checking '/home/raoul/Documents/QEES/lab1.3/install/artificial_load' for CMake config files
[1.276s] Level 1:colcon.colcon_core.shell:create_environment_hook('artificial_load', 'cmake_prefix_path')
[1.277s] INFO:colcon.colcon_core.shell:Creating environment hook '/home/raoul/Documents/QEES/lab1.3/install/artificial_load/share/artificial_load/hook/cmake_prefix_path.ps1'
[1.281s] INFO:colcon.colcon_core.shell:Creating environment descriptor '/home/raoul/Documents/QEES/lab1.3/install/artificial_load/share/artificial_load/hook/cmake_prefix_path.dsv'
[1.282s] INFO:colcon.colcon_core.shell:Creating environment hook '/home/raoul/Documents/QEES/lab1.3/install/artificial_load/share/artificial_load/hook/cmake_prefix_path.sh'
[1.286s] Level 1:colcon.colcon_core.environment:checking '/home/raoul/Documents/QEES/lab1.3/install/artificial_load/lib'
[1.286s] Level 1:colcon.colcon_core.environment:checking '/home/raoul/Documents/QEES/lab1.3/install/artificial_load/bin'
[1.286s] Level 1:colcon.colcon_core.environment:checking '/home/raoul/Documents/QEES/lab1.3/install/artificial_load/lib/pkgconfig/artificial_load.pc'
[1.287s] Level 1:colcon.colcon_core.environment:checking '/home/raoul/Documents/QEES/lab1.3/install/artificial_load/lib/python3.6/site-packages'
[1.288s] Level 1:colcon.colcon_core.environment:checking '/home/raoul/Documents/QEES/lab1.3/install/artificial_load/bin'
[1.289s] INFO:colcon.colcon_core.shell:Creating package script '/home/raoul/Documents/QEES/lab1.3/install/artificial_load/share/artificial_load/package.ps1'
[1.291s] INFO:colcon.colcon_core.shell:Creating package descriptor '/home/raoul/Documents/QEES/lab1.3/install/artificial_load/share/artificial_load/package.dsv'
[1.292s] INFO:colcon.colcon_core.shell:Creating package script '/home/raoul/Documents/QEES/lab1.3/install/artificial_load/share/artificial_load/package.sh'
[1.293s] INFO:colcon.colcon_core.shell:Creating package script '/home/raoul/Documents/QEES/lab1.3/install/artificial_load/share/artificial_load/package.bash'
[1.295s] INFO:colcon.colcon_core.shell:Creating package script '/home/raoul/Documents/QEES/lab1.3/install/artificial_load/share/artificial_load/package.zsh'
[1.296s] Level 1:colcon.colcon_core.environment:create_file_with_runtime_dependencies(/home/raoul/Documents/QEES/lab1.3/install/artificial_load/share/colcon-core/packages/artificial_load)
[1.348s] Level 1:colcon.colcon_core.environment:create_environment_scripts_only(artificial_load)
[1.349s] Level 1:colcon.colcon_core.environment:checking '/home/raoul/Documents/QEES/lab1.3/install/artificial_load' for CMake module files
[1.350s] Level 1:colcon.colcon_core.environment:checking '/home/raoul/Documents/QEES/lab1.3/install/artificial_load' for CMake config files
[1.351s] Level 1:colcon.colcon_core.shell:create_environment_hook('artificial_load', 'cmake_prefix_path')
[1.351s] INFO:colcon.colcon_core.shell:Creating environment hook '/home/raoul/Documents/QEES/lab1.3/install/artificial_load/share/artificial_load/hook/cmake_prefix_path.ps1'
[1.353s] INFO:colcon.colcon_core.shell:Creating environment descriptor '/home/raoul/Documents/QEES/lab1.3/install/artificial_load/share/artificial_load/hook/cmake_prefix_path.dsv'
[1.354s] INFO:colcon.colcon_core.shell:Creating environment hook '/home/raoul/Documents/QEES/lab1.3/install/artificial_load/share/artificial_load/hook/cmake_prefix_path.sh'
[1.356s] Level 1:colcon.colcon_core.environment:checking '/home/raoul/Documents/QEES/lab1.3/install/artificial_load/lib'
[1.357s] Level 1:colcon.colcon_core.environment:checking '/home/raoul/Documents/QEES/lab1.3/install/artificial_load/bin'
[1.358s] Level 1:colcon.colcon_core.environment:checking '/home/raoul/Documents/QEES/lab1.3/install/artificial_load/lib/pkgconfig/artificial_load.pc'
[1.358s] Level 1:colcon.colcon_core.environment:checking '/home/raoul/Documents/QEES/lab1.3/install/artificial_load/lib/python3.6/site-packages'
[1.359s] Level 1:colcon.colcon_core.environment:checking '/home/raoul/Documents/QEES/lab1.3/install/artificial_load/bin'
[1.360s] INFO:colcon.colcon_core.shell:Creating package script '/home/raoul/Documents/QEES/lab1.3/install/artificial_load/share/artificial_load/package.ps1'
[1.364s] INFO:colcon.colcon_core.shell:Creating package descriptor '/home/raoul/Documents/QEES/lab1.3/install/artificial_load/share/artificial_load/package.dsv'
[1.367s] INFO:colcon.colcon_core.shell:Creating package script '/home/raoul/Documents/QEES/lab1.3/install/artificial_load/share/artificial_load/package.sh'
[1.370s] INFO:colcon.colcon_core.shell:Creating package script '/home/raoul/Documents/QEES/lab1.3/install/artificial_load/share/artificial_load/package.bash'
[1.375s] INFO:colcon.colcon_core.shell:Creating package script '/home/raoul/Documents/QEES/lab1.3/install/artificial_load/share/artificial_load/package.zsh'
[1.377s] Level 1:colcon.colcon_core.environment:create_file_with_runtime_dependencies(/home/raoul/Documents/QEES/lab1.3/install/artificial_load/share/colcon-core/packages/artificial_load)
[1.382s] Level 1:colcon.colcon_core.environment:create_environment_scripts_only(interprocess_remote_eval)
[1.383s] Level 1:colcon.colcon_core.environment:checking '/home/raoul/Documents/QEES/lab1.3/install/interprocess_remote_eval' for CMake module files
[1.384s] DEBUG:colcon.colcon_core.event_handler.log_command:Invoked command in '/home/raoul/Documents/QEES/lab1.3/build/interprocess_remote_eval' returned '0': CMAKE_PREFIX_PATH=/opt/ros/dashing /usr/bin/cmake --build /home/raoul/Documents/QEES/lab1.3/build/interprocess_remote_eval --target install -- -j8 -l8
[1.385s] Level 1:colcon.colcon_core.environment:checking '/home/raoul/Documents/QEES/lab1.3/install/interprocess_remote_eval' for CMake config files
[1.386s] Level 1:colcon.colcon_core.shell:create_environment_hook('interprocess_remote_eval', 'cmake_prefix_path')
[1.386s] INFO:colcon.colcon_core.shell:Creating environment hook '/home/raoul/Documents/QEES/lab1.3/install/interprocess_remote_eval/share/interprocess_remote_eval/hook/cmake_prefix_path.ps1'
[1.387s] INFO:colcon.colcon_core.shell:Creating environment descriptor '/home/raoul/Documents/QEES/lab1.3/install/interprocess_remote_eval/share/interprocess_remote_eval/hook/cmake_prefix_path.dsv'
[1.388s] INFO:colcon.colcon_core.shell:Creating environment hook '/home/raoul/Documents/QEES/lab1.3/install/interprocess_remote_eval/share/interprocess_remote_eval/hook/cmake_prefix_path.sh'
[1.389s] Level 1:colcon.colcon_core.environment:checking '/home/raoul/Documents/QEES/lab1.3/install/interprocess_remote_eval/lib'
[1.389s] Level 1:colcon.colcon_core.environment:checking '/home/raoul/Documents/QEES/lab1.3/install/interprocess_remote_eval/bin'
[1.390s] Level 1:colcon.colcon_core.environment:checking '/home/raoul/Documents/QEES/lab1.3/install/interprocess_remote_eval/lib/pkgconfig/interprocess_remote_eval.pc'
[1.390s] Level 1:colcon.colcon_core.environment:checking '/home/raoul/Documents/QEES/lab1.3/install/interprocess_remote_eval/lib/python3.6/site-packages'
[1.391s] Level 1:colcon.colcon_core.environment:checking '/home/raoul/Documents/QEES/lab1.3/install/interprocess_remote_eval/bin'
[1.391s] INFO:colcon.colcon_core.shell:Creating package script '/home/raoul/Documents/QEES/lab1.3/install/interprocess_remote_eval/share/interprocess_remote_eval/package.ps1'
[1.392s] INFO:colcon.colcon_core.shell:Creating package descriptor '/home/raoul/Documents/QEES/lab1.3/install/interprocess_remote_eval/share/interprocess_remote_eval/package.dsv'
[1.393s] INFO:colcon.colcon_core.shell:Creating package script '/home/raoul/Documents/QEES/lab1.3/install/interprocess_remote_eval/share/interprocess_remote_eval/package.sh'
[1.393s] INFO:colcon.colcon_core.shell:Creating package script '/home/raoul/Documents/QEES/lab1.3/install/interprocess_remote_eval/share/interprocess_remote_eval/package.bash'
[1.394s] INFO:colcon.colcon_core.shell:Creating package script '/home/raoul/Documents/QEES/lab1.3/install/interprocess_remote_eval/share/interprocess_remote_eval/package.zsh'
[1.394s] Level 1:colcon.colcon_core.environment:create_file_with_runtime_dependencies(/home/raoul/Documents/QEES/lab1.3/install/interprocess_remote_eval/share/colcon-core/packages/interprocess_remote_eval)
[1.402s] Level 1:colcon.colcon_core.environment:create_environment_scripts_only(intraprocess_eval)
[1.403s] Level 1:colcon.colcon_core.environment:checking '/home/raoul/Documents/QEES/lab1.3/install/intraprocess_eval' for CMake module files
[1.405s] DEBUG:colcon.colcon_core.event_handler.log_command:Invoked command in '/home/raoul/Documents/QEES/lab1.3/build/intraprocess_eval' returned '0': CMAKE_PREFIX_PATH=/opt/ros/dashing /usr/bin/cmake --build /home/raoul/Documents/QEES/lab1.3/build/intraprocess_eval --target install -- -j8 -l8
[1.407s] Level 1:colcon.colcon_core.environment:checking '/home/raoul/Documents/QEES/lab1.3/install/intraprocess_eval' for CMake config files
[1.407s] Level 1:colcon.colcon_core.shell:create_environment_hook('intraprocess_eval', 'cmake_prefix_path')
[1.408s] INFO:colcon.colcon_core.shell:Creating environment hook '/home/raoul/Documents/QEES/lab1.3/install/intraprocess_eval/share/intraprocess_eval/hook/cmake_prefix_path.ps1'
[1.409s] INFO:colcon.colcon_core.shell:Creating environment descriptor '/home/raoul/Documents/QEES/lab1.3/install/intraprocess_eval/share/intraprocess_eval/hook/cmake_prefix_path.dsv'
[1.410s] INFO:colcon.colcon_core.shell:Creating environment hook '/home/raoul/Documents/QEES/lab1.3/install/intraprocess_eval/share/intraprocess_eval/hook/cmake_prefix_path.sh'
[1.411s] Level 1:colcon.colcon_core.environment:checking '/home/raoul/Documents/QEES/lab1.3/install/intraprocess_eval/lib'
[1.411s] Level 1:colcon.colcon_core.environment:checking '/home/raoul/Documents/QEES/lab1.3/install/intraprocess_eval/bin'
[1.411s] Level 1:colcon.colcon_core.environment:checking '/home/raoul/Documents/QEES/lab1.3/install/intraprocess_eval/lib/pkgconfig/intraprocess_eval.pc'
[1.412s] Level 1:colcon.colcon_core.environment:checking '/home/raoul/Documents/QEES/lab1.3/install/intraprocess_eval/lib/python3.6/site-packages'
[1.412s] Level 1:colcon.colcon_core.environment:checking '/home/raoul/Documents/QEES/lab1.3/install/intraprocess_eval/bin'
[1.413s] INFO:colcon.colcon_core.shell:Creating package script '/home/raoul/Documents/QEES/lab1.3/install/intraprocess_eval/share/intraprocess_eval/package.ps1'
[1.414s] INFO:colcon.colcon_core.shell:Creating package descriptor '/home/raoul/Documents/QEES/lab1.3/install/intraprocess_eval/share/intraprocess_eval/package.dsv'
[1.414s] INFO:colcon.colcon_core.shell:Creating package script '/home/raoul/Documents/QEES/lab1.3/install/intraprocess_eval/share/intraprocess_eval/package.sh'
[1.415s] INFO:colcon.colcon_core.shell:Creating package script '/home/raoul/Documents/QEES/lab1.3/install/intraprocess_eval/share/intraprocess_eval/package.bash'
[1.416s] INFO:colcon.colcon_core.shell:Creating package script '/home/raoul/Documents/QEES/lab1.3/install/intraprocess_eval/share/intraprocess_eval/package.zsh'
[1.417s] Level 1:colcon.colcon_core.environment:create_file_with_runtime_dependencies(/home/raoul/Documents/QEES/lab1.3/install/intraprocess_eval/share/colcon-core/packages/intraprocess_eval)
[1.483s] Level 1:colcon.colcon_core.environment:create_environment_scripts_only(interprocess_remote_eval)
[1.484s] Level 1:colcon.colcon_core.environment:checking '/home/raoul/Documents/QEES/lab1.3/install/interprocess_remote_eval' for CMake module files
[1.485s] Level 1:colcon.colcon_core.environment:checking '/home/raoul/Documents/QEES/lab1.3/install/interprocess_remote_eval' for CMake config files
[1.486s] Level 1:colcon.colcon_core.shell:create_environment_hook('interprocess_remote_eval', 'cmake_prefix_path')
[1.487s] INFO:colcon.colcon_core.shell:Creating environment hook '/home/raoul/Documents/QEES/lab1.3/install/interprocess_remote_eval/share/interprocess_remote_eval/hook/cmake_prefix_path.ps1'
[1.488s] INFO:colcon.colcon_core.shell:Creating environment descriptor '/home/raoul/Documents/QEES/lab1.3/install/interprocess_remote_eval/share/interprocess_remote_eval/hook/cmake_prefix_path.dsv'
[1.488s] INFO:colcon.colcon_core.shell:Creating environment hook '/home/raoul/Documents/QEES/lab1.3/install/interprocess_remote_eval/share/interprocess_remote_eval/hook/cmake_prefix_path.sh'
[1.490s] Level 1:colcon.colcon_core.environment:checking '/home/raoul/Documents/QEES/lab1.3/install/interprocess_remote_eval/lib'
[1.490s] Level 1:colcon.colcon_core.environment:checking '/home/raoul/Documents/QEES/lab1.3/install/interprocess_remote_eval/bin'
[1.490s] Level 1:colcon.colcon_core.environment:checking '/home/raoul/Documents/QEES/lab1.3/install/interprocess_remote_eval/lib/pkgconfig/interprocess_remote_eval.pc'
[1.491s] Level 1:colcon.colcon_core.environment:checking '/home/raoul/Documents/QEES/lab1.3/install/interprocess_remote_eval/lib/python3.6/site-packages'
[1.491s] Level 1:colcon.colcon_core.environment:checking '/home/raoul/Documents/QEES/lab1.3/install/interprocess_remote_eval/bin'
[1.492s] INFO:colcon.colcon_core.shell:Creating package script '/home/raoul/Documents/QEES/lab1.3/install/interprocess_remote_eval/share/interprocess_remote_eval/package.ps1'
[1.493s] INFO:colcon.colcon_core.shell:Creating package descriptor '/home/raoul/Documents/QEES/lab1.3/install/interprocess_remote_eval/share/interprocess_remote_eval/package.dsv'
[1.494s] INFO:colcon.colcon_core.shell:Creating package script '/home/raoul/Documents/QEES/lab1.3/install/interprocess_remote_eval/share/interprocess_remote_eval/package.sh'
[1.494s] INFO:colcon.colcon_core.shell:Creating package script '/home/raoul/Documents/QEES/lab1.3/install/interprocess_remote_eval/share/interprocess_remote_eval/package.bash'
[1.496s] INFO:colcon.colcon_core.shell:Creating package script '/home/raoul/Documents/QEES/lab1.3/install/interprocess_remote_eval/share/interprocess_remote_eval/package.zsh'
[1.497s] Level 1:colcon.colcon_core.environment:create_file_with_runtime_dependencies(/home/raoul/Documents/QEES/lab1.3/install/interprocess_remote_eval/share/colcon-core/packages/interprocess_remote_eval)
[1.499s] Level 1:colcon.colcon_core.environment:create_environment_scripts_only(intraprocess_eval)
[1.499s] Level 1:colcon.colcon_core.environment:checking '/home/raoul/Documents/QEES/lab1.3/install/intraprocess_eval' for CMake module files
[1.501s] Level 1:colcon.colcon_core.environment:checking '/home/raoul/Documents/QEES/lab1.3/install/intraprocess_eval' for CMake config files
[1.502s] Level 1:colcon.colcon_core.shell:create_environment_hook('intraprocess_eval', 'cmake_prefix_path')
[1.502s] INFO:colcon.colcon_core.shell:Creating environment hook '/home/raoul/Documents/QEES/lab1.3/install/intraprocess_eval/share/intraprocess_eval/hook/cmake_prefix_path.ps1'
[1.503s] INFO:colcon.colcon_core.shell:Creating environment descriptor '/home/raoul/Documents/QEES/lab1.3/install/intraprocess_eval/share/intraprocess_eval/hook/cmake_prefix_path.dsv'
[1.504s] INFO:colcon.colcon_core.shell:Creating environment hook '/home/raoul/Documents/QEES/lab1.3/install/intraprocess_eval/share/intraprocess_eval/hook/cmake_prefix_path.sh'
[1.505s] Level 1:colcon.colcon_core.environment:checking '/home/raoul/Documents/QEES/lab1.3/install/intraprocess_eval/lib'
[1.505s] Level 1:colcon.colcon_core.environment:checking '/home/raoul/Documents/QEES/lab1.3/install/intraprocess_eval/bin'
[1.505s] Level 1:colcon.colcon_core.environment:checking '/home/raoul/Documents/QEES/lab1.3/install/intraprocess_eval/lib/pkgconfig/intraprocess_eval.pc'
[1.506s] Level 1:colcon.colcon_core.environment:checking '/home/raoul/Documents/QEES/lab1.3/install/intraprocess_eval/lib/python3.6/site-packages'
[1.506s] Level 1:colcon.colcon_core.environment:checking '/home/raoul/Documents/QEES/lab1.3/install/intraprocess_eval/bin'
[1.507s] INFO:colcon.colcon_core.shell:Creating package script '/home/raoul/Documents/QEES/lab1.3/install/intraprocess_eval/share/intraprocess_eval/package.ps1'
[1.508s] INFO:colcon.colcon_core.shell:Creating package descriptor '/home/raoul/Documents/QEES/lab1.3/install/intraprocess_eval/share/intraprocess_eval/package.dsv'
[1.509s] INFO:colcon.colcon_core.shell:Creating package script '/home/raoul/Documents/QEES/lab1.3/install/intraprocess_eval/share/intraprocess_eval/package.sh'
[1.510s] INFO:colcon.colcon_core.shell:Creating package script '/home/raoul/Documents/QEES/lab1.3/install/intraprocess_eval/share/intraprocess_eval/package.bash'
[1.511s] INFO:colcon.colcon_core.shell:Creating package script '/home/raoul/Documents/QEES/lab1.3/install/intraprocess_eval/share/intraprocess_eval/package.zsh'
[1.511s] Level 1:colcon.colcon_core.environment:create_file_with_runtime_dependencies(/home/raoul/Documents/QEES/lab1.3/install/intraprocess_eval/share/colcon-core/packages/intraprocess_eval)
[5.539s] DEBUG:colcon.colcon_core.event_handler.log_command:Invoked command in '/home/raoul/Documents/QEES/lab1.3/build/interprocess_eval' returned '0': CMAKE_PREFIX_PATH=/opt/ros/dashing /usr/bin/cmake --build /home/raoul/Documents/QEES/lab1.3/build/interprocess_eval -- -j8 -l8
[5.613s] DEBUG:colcon.colcon_core.event_handler.log_command:Invoking command in '/home/raoul/Documents/QEES/lab1.3/build/interprocess_eval': CMAKE_PREFIX_PATH=/opt/ros/dashing /usr/bin/cmake --build /home/raoul/Documents/QEES/lab1.3/build/interprocess_eval --target install -- -j8 -l8
[5.890s] Level 1:colcon.colcon_core.environment:create_environment_scripts_only(interprocess_eval)
[5.890s] DEBUG:colcon.colcon_core.event_handler.log_command:Invoked command in '/home/raoul/Documents/QEES/lab1.3/build/interprocess_eval' returned '0': CMAKE_PREFIX_PATH=/opt/ros/dashing /usr/bin/cmake --build /home/raoul/Documents/QEES/lab1.3/build/interprocess_eval --target install -- -j8 -l8
[5.891s] Level 1:colcon.colcon_core.environment:checking '/home/raoul/Documents/QEES/lab1.3/install/interprocess_eval' for CMake module files
[5.893s] Level 1:colcon.colcon_core.environment:checking '/home/raoul/Documents/QEES/lab1.3/install/interprocess_eval' for CMake config files
[5.893s] Level 1:colcon.colcon_core.shell:create_environment_hook('interprocess_eval', 'cmake_prefix_path')
[5.894s] INFO:colcon.colcon_core.shell:Creating environment hook '/home/raoul/Documents/QEES/lab1.3/install/interprocess_eval/share/interprocess_eval/hook/cmake_prefix_path.ps1'
[5.895s] INFO:colcon.colcon_core.shell:Creating environment descriptor '/home/raoul/Documents/QEES/lab1.3/install/interprocess_eval/share/interprocess_eval/hook/cmake_prefix_path.dsv'
[5.895s] INFO:colcon.colcon_core.shell:Creating environment hook '/home/raoul/Documents/QEES/lab1.3/install/interprocess_eval/share/interprocess_eval/hook/cmake_prefix_path.sh'
[5.897s] Level 1:colcon.colcon_core.environment:checking '/home/raoul/Documents/QEES/lab1.3/install/interprocess_eval/lib'
[5.897s] Level 1:colcon.colcon_core.environment:checking '/home/raoul/Documents/QEES/lab1.3/install/interprocess_eval/bin'
[5.897s] Level 1:colcon.colcon_core.environment:checking '/home/raoul/Documents/QEES/lab1.3/install/interprocess_eval/lib/pkgconfig/interprocess_eval.pc'
[5.897s] Level 1:colcon.colcon_core.environment:checking '/home/raoul/Documents/QEES/lab1.3/install/interprocess_eval/lib/python3.6/site-packages'
[5.897s] Level 1:colcon.colcon_core.environment:checking '/home/raoul/Documents/QEES/lab1.3/install/interprocess_eval/bin'
[5.898s] INFO:colcon.colcon_core.shell:Creating package script '/home/raoul/Documents/QEES/lab1.3/install/interprocess_eval/share/interprocess_eval/package.ps1'
[5.899s] INFO:colcon.colcon_core.shell:Creating package descriptor '/home/raoul/Documents/QEES/lab1.3/install/interprocess_eval/share/interprocess_eval/package.dsv'
[5.899s] INFO:colcon.colcon_core.shell:Creating package script '/home/raoul/Documents/QEES/lab1.3/install/interprocess_eval/share/interprocess_eval/package.sh'
[5.900s] INFO:colcon.colcon_core.shell:Creating package script '/home/raoul/Documents/QEES/lab1.3/install/interprocess_eval/share/interprocess_eval/package.bash'
[5.900s] INFO:colcon.colcon_core.shell:Creating package script '/home/raoul/Documents/QEES/lab1.3/install/interprocess_eval/share/interprocess_eval/package.zsh'
[5.901s] Level 1:colcon.colcon_core.environment:create_file_with_runtime_dependencies(/home/raoul/Documents/QEES/lab1.3/install/interprocess_eval/share/colcon-core/packages/interprocess_eval)
[5.971s] Level 1:colcon.colcon_core.environment:create_environment_scripts_only(interprocess_eval)
[5.972s] Level 1:colcon.colcon_core.environment:checking '/home/raoul/Documents/QEES/lab1.3/install/interprocess_eval' for CMake module files
[5.973s] Level 1:colcon.colcon_core.environment:checking '/home/raoul/Documents/QEES/lab1.3/install/interprocess_eval' for CMake config files
[5.973s] Level 1:colcon.colcon_core.shell:create_environment_hook('interprocess_eval', 'cmake_prefix_path')
[5.974s] INFO:colcon.colcon_core.shell:Creating environment hook '/home/raoul/Documents/QEES/lab1.3/install/interprocess_eval/share/interprocess_eval/hook/cmake_prefix_path.ps1'
[5.975s] INFO:colcon.colcon_core.shell:Creating environment descriptor '/home/raoul/Documents/QEES/lab1.3/install/interprocess_eval/share/interprocess_eval/hook/cmake_prefix_path.dsv'
[5.975s] INFO:colcon.colcon_core.shell:Creating environment hook '/home/raoul/Documents/QEES/lab1.3/install/interprocess_eval/share/interprocess_eval/hook/cmake_prefix_path.sh'
[5.977s] Level 1:colcon.colcon_core.environment:checking '/home/raoul/Documents/QEES/lab1.3/install/interprocess_eval/lib'
[5.977s] Level 1:colcon.colcon_core.environment:checking '/home/raoul/Documents/QEES/lab1.3/install/interprocess_eval/bin'
[5.977s] Level 1:colcon.colcon_core.environment:checking '/home/raoul/Documents/QEES/lab1.3/install/interprocess_eval/lib/pkgconfig/interprocess_eval.pc'
[5.977s] Level 1:colcon.colcon_core.environment:checking '/home/raoul/Documents/QEES/lab1.3/install/interprocess_eval/lib/python3.6/site-packages'
[5.978s] Level 1:colcon.colcon_core.environment:checking '/home/raoul/Documents/QEES/lab1.3/install/interprocess_eval/bin'
[5.978s] INFO:colcon.colcon_core.shell:Creating package script '/home/raoul/Documents/QEES/lab1.3/install/interprocess_eval/share/interprocess_eval/package.ps1'
[5.979s] INFO:colcon.colcon_core.shell:Creating package descriptor '/home/raoul/Documents/QEES/lab1.3/install/interprocess_eval/share/interprocess_eval/package.dsv'
[5.980s] INFO:colcon.colcon_core.shell:Creating package script '/home/raoul/Documents/QEES/lab1.3/install/interprocess_eval/share/interprocess_eval/package.sh'
[5.980s] INFO:colcon.colcon_core.shell:Creating package script '/home/raoul/Documents/QEES/lab1.3/install/interprocess_eval/share/interprocess_eval/package.bash'
[5.981s] INFO:colcon.colcon_core.shell:Creating package script '/home/raoul/Documents/QEES/lab1.3/install/interprocess_eval/share/interprocess_eval/package.zsh'
[5.981s] Level 1:colcon.colcon_core.environment:create_file_with_runtime_dependencies(/home/raoul/Documents/QEES/lab1.3/install/interprocess_eval/share/colcon-core/packages/interprocess_eval)
[5.982s] DEBUG:colcon.colcon_parallel_executor.executor.parallel:closing loop
[5.984s] DEBUG:colcon.colcon_parallel_executor.executor.parallel:loop closed
[5.984s] DEBUG:colcon.colcon_parallel_executor.executor.parallel:run_until_complete finished with '0'
[5.984s] DEBUG:colcon.colcon_core.event_reactor:joining thread
[5.993s] INFO:colcon.colcon_core.plugin_system:Skipping extension 'colcon_notification.desktop_notification.terminal_notifier': Not used on non-Darwin systems
[5.993s] INFO:colcon.colcon_core.plugin_system:Skipping extension 'colcon_notification.desktop_notification.win32': Not used on non-Windows systems
[5.993s] INFO:colcon.colcon_notification.desktop_notification:Sending desktop notification using 'notify2'
[5.998s] DEBUG:colcon.colcon_core.event_reactor:joined thread
[5.998s] INFO:colcon.colcon_core.shell:Creating prefix script '/home/raoul/Documents/QEES/lab1.3/install/local_setup.ps1'
[6.000s] INFO:colcon.colcon_core.shell:Creating prefix util module '/home/raoul/Documents/QEES/lab1.3/install/_local_setup_util_ps1.py'
[6.003s] INFO:colcon.colcon_core.shell:Creating prefix chain script '/home/raoul/Documents/QEES/lab1.3/install/setup.ps1'
[6.004s] INFO:colcon.colcon_core.shell:Creating prefix script '/home/raoul/Documents/QEES/lab1.3/install/local_setup.sh'
[6.005s] INFO:colcon.colcon_core.shell:Creating prefix util module '/home/raoul/Documents/QEES/lab1.3/install/_local_setup_util_sh.py'
[6.006s] INFO:colcon.colcon_core.shell:Creating prefix chain script '/home/raoul/Documents/QEES/lab1.3/install/setup.sh'
[6.008s] INFO:colcon.colcon_core.shell:Creating prefix script '/home/raoul/Documents/QEES/lab1.3/install/local_setup.bash'
[6.009s] INFO:colcon.colcon_core.shell:Creating prefix chain script '/home/raoul/Documents/QEES/lab1.3/install/setup.bash'
[6.010s] INFO:colcon.colcon_core.shell:Creating prefix script '/home/raoul/Documents/QEES/lab1.3/install/local_setup.zsh'
[6.011s] INFO:colcon.colcon_core.shell:Creating prefix chain script '/home/raoul/Documents/QEES/lab1.3/install/setup.zsh'
