[0.048s] Invoking command in '/home/raoul/Documents/QEES/lab1.3/build/artificial_load': CMAKE_PREFIX_PATH=/opt/ros/dashing /usr/bin/cmake --build /home/raoul/Documents/QEES/lab1.3/build/artificial_load -- -j8 -l8
[0.214s] [100%] Built target CPU_load
[0.267s] Invoked command in '/home/raoul/Documents/QEES/lab1.3/build/artificial_load' returned '0': CMAKE_PREFIX_PATH=/opt/ros/dashing /usr/bin/cmake --build /home/raoul/Documents/QEES/lab1.3/build/artificial_load -- -j8 -l8
[0.516s] Invoking command in '/home/raoul/Documents/QEES/lab1.3/build/artificial_load': CMAKE_PREFIX_PATH=/opt/ros/dashing /usr/bin/cmake --build /home/raoul/Documents/QEES/lab1.3/build/artificial_load --target install -- -j8 -l8
[0.709s] [100%] Built target CPU_load
[0.867s] [36mInstall the project...[0m
[0.892s] -- Install configuration: ""
[0.894s] -- Execute custom install script
[0.895s] -- Up-to-date symlink: /home/raoul/Documents/QEES/lab1.3/install/artificial_load/lib/artificial_load/CPU_load
[0.896s] -- Up-to-date symlink: /home/raoul/Documents/QEES/lab1.3/install/artificial_load/share/ament_index/resource_index/package_run_dependencies/artificial_load
[0.897s] -- Up-to-date symlink: /home/raoul/Documents/QEES/lab1.3/install/artificial_load/share/ament_index/resource_index/parent_prefix_path/artificial_load
[0.898s] -- Up-to-date symlink: /home/raoul/Documents/QEES/lab1.3/install/artificial_load/share/artificial_load/environment/ament_prefix_path.sh
[0.898s] -- Up-to-date symlink: /home/raoul/Documents/QEES/lab1.3/install/artificial_load/share/artificial_load/environment/path.sh
[0.900s] -- Up-to-date symlink: /home/raoul/Documents/QEES/lab1.3/install/artificial_load/share/artificial_load/local_setup.bash
[0.900s] -- Up-to-date symlink: /home/raoul/Documents/QEES/lab1.3/install/artificial_load/share/artificial_load/local_setup.sh
[0.901s] -- Up-to-date symlink: /home/raoul/Documents/QEES/lab1.3/install/artificial_load/share/artificial_load/local_setup.zsh
[0.902s] -- Up-to-date symlink: /home/raoul/Documents/QEES/lab1.3/install/artificial_load/share/ament_index/resource_index/packages/artificial_load
[0.903s] -- Up-to-date symlink: /home/raoul/Documents/QEES/lab1.3/install/artificial_load/share/artificial_load/cmake/artificial_loadConfig.cmake
[0.904s] -- Up-to-date symlink: /home/raoul/Documents/QEES/lab1.3/install/artificial_load/share/artificial_load/cmake/artificial_loadConfig-version.cmake
[0.904s] -- Up-to-date symlink: /home/raoul/Documents/QEES/lab1.3/install/artificial_load/share/artificial_load/package.xml
[0.914s] Invoked command in '/home/raoul/Documents/QEES/lab1.3/build/artificial_load' returned '0': CMAKE_PREFIX_PATH=/opt/ros/dashing /usr/bin/cmake --build /home/raoul/Documents/QEES/lab1.3/build/artificial_load --target install -- -j8 -l8
