[0.041s] Invoking command in '/home/raoul/Documents/QEES/lab1.1/build/artificial_load': /usr/bin/cmake --build /home/raoul/Documents/QEES/lab1.1/build/artificial_load -- -j8 -l8
[0.209s] [100%] Built target CPU_load
[0.259s] Invoked command in '/home/raoul/Documents/QEES/lab1.1/build/artificial_load' returned '0': /usr/bin/cmake --build /home/raoul/Documents/QEES/lab1.1/build/artificial_load -- -j8 -l8
[0.448s] Invoking command in '/home/raoul/Documents/QEES/lab1.1/build/artificial_load': /usr/bin/cmake --build /home/raoul/Documents/QEES/lab1.1/build/artificial_load --target install -- -j8 -l8
[0.610s] [100%] Built target CPU_load
[0.742s] [36mInstall the project...[0m
[0.803s] -- Install configuration: ""
[0.804s] -- Execute custom install script
[0.805s] -- Up-to-date symlink: /home/raoul/Documents/QEES/lab1.1/install/artificial_load/lib/artificial_load/CPU_load
[0.806s] -- Up-to-date symlink: /home/raoul/Documents/QEES/lab1.1/install/artificial_load/share/ament_index/resource_index/package_run_dependencies/artificial_load
[0.807s] -- Up-to-date symlink: /home/raoul/Documents/QEES/lab1.1/install/artificial_load/share/ament_index/resource_index/parent_prefix_path/artificial_load
[0.808s] -- Up-to-date symlink: /home/raoul/Documents/QEES/lab1.1/install/artificial_load/share/artificial_load/environment/ament_prefix_path.sh
[0.809s] -- Up-to-date symlink: /home/raoul/Documents/QEES/lab1.1/install/artificial_load/share/artificial_load/environment/path.sh
[0.810s] -- Up-to-date symlink: /home/raoul/Documents/QEES/lab1.1/install/artificial_load/share/artificial_load/local_setup.bash
[0.811s] -- Up-to-date symlink: /home/raoul/Documents/QEES/lab1.1/install/artificial_load/share/artificial_load/local_setup.sh
[0.812s] -- Up-to-date symlink: /home/raoul/Documents/QEES/lab1.1/install/artificial_load/share/artificial_load/local_setup.zsh
[0.813s] -- Up-to-date symlink: /home/raoul/Documents/QEES/lab1.1/install/artificial_load/share/ament_index/resource_index/packages/artificial_load
[0.814s] -- Up-to-date symlink: /home/raoul/Documents/QEES/lab1.1/install/artificial_load/share/artificial_load/cmake/artificial_loadConfig.cmake
[0.815s] -- Up-to-date symlink: /home/raoul/Documents/QEES/lab1.1/install/artificial_load/share/artificial_load/cmake/artificial_loadConfig-version.cmake
[0.816s] -- Up-to-date symlink: /home/raoul/Documents/QEES/lab1.1/install/artificial_load/share/artificial_load/package.xml
[0.832s] Invoked command in '/home/raoul/Documents/QEES/lab1.1/build/artificial_load' returned '0': /usr/bin/cmake --build /home/raoul/Documents/QEES/lab1.1/build/artificial_load --target install -- -j8 -l8
