[2.685s] DEBUG:colcon:Command line arguments: ['/usr/bin/colcon', 'build', '--symlink-install']
[2.686s] DEBUG:colcon:Parsed command line arguments: Namespace(allow_overriding=[], ament_cmake_args=None, base_paths=['.'], build_base='build', catkin_cmake_args=None, catkin_skip_building_tests=False, cmake_args=None, cmake_clean_cache=False, cmake_clean_first=False, cmake_force_configure=False, cmake_target=None, cmake_target_skip_unavailable=False, continue_on_error=False, event_handlers=None, executor='parallel', ignore_user_meta=False, install_base='install', log_base=None, log_level=None, main=<bound method BuildVerb.main of <colcon_core.verb.build.BuildVerb object at 0x7f473749f400>>, merge_install=False, metas=['./colcon.meta'], packages_above=None, packages_above_and_dependencies=None, packages_above_depth=None, packages_end=None, packages_ignore=None, packages_ignore_regex=None, packages_select=None, packages_select_build_failed=False, packages_select_by_dep=None, packages_select_regex=None, packages_select_test_failures=False, packages_skip=None, packages_skip_build_finished=False, packages_skip_by_dep=None, packages_skip_regex=None, packages_skip_test_passed=False, packages_skip_up_to=None, packages_start=None, packages_up_to=None, packages_up_to_regex=None, parallel_workers=8, paths=None, symlink_install=True, test_result_base=None, verb_extension=<colcon_core.verb.build.BuildVerb object at 0x7f473749f400>, verb_name='build', verb_parser=<colcon_defaults.argument_parser.defaults.DefaultArgumentsDecorator object at 0x7f473749f748>)
[3.245s] Level 1:colcon.colcon_core.package_discovery:discover_packages(colcon_meta) check parameters
[3.245s] Level 1:colcon.colcon_core.package_discovery:discover_packages(recursive) check parameters
[3.245s] Level 1:colcon.colcon_core.package_discovery:discover_packages(ignore) check parameters
[3.245s] Level 1:colcon.colcon_core.package_discovery:discover_packages(path) check parameters
[3.245s] Level 1:colcon.colcon_core.package_discovery:discover_packages(colcon_meta) discover
[3.246s] Level 1:colcon.colcon_core.package_discovery:discover_packages(recursive) discover
[3.246s] INFO:colcon.colcon_core.package_discovery:Crawling recursively for packages in '/home/raoul/Documents/QEES/lab1.3'
[3.246s] Level 1:colcon.colcon_core.package_identification:_identify(.) by extensions ['ignore', 'ignore_ament_install']
[3.246s] Level 1:colcon.colcon_core.package_identification:_identify(.) by extension 'ignore'
[3.246s] Level 1:colcon.colcon_core.package_identification:_identify(.) by extension 'ignore_ament_install'
[3.246s] Level 1:colcon.colcon_core.package_identification:_identify(.) by extensions ['colcon_pkg']
[3.246s] Level 1:colcon.colcon_core.package_identification:_identify(.) by extension 'colcon_pkg'
[3.246s] Level 1:colcon.colcon_core.package_identification:_identify(.) by extensions ['colcon_meta']
[3.246s] Level 1:colcon.colcon_core.package_identification:_identify(.) by extension 'colcon_meta'
[3.247s] Level 1:colcon.colcon_core.package_identification:_identify(.) by extensions ['ros']
[3.247s] Level 1:colcon.colcon_core.package_identification:_identify(.) by extension 'ros'
[3.369s] Level 1:colcon.colcon_core.package_identification:_identify(.) by extensions ['cmake', 'python']
[3.369s] Level 1:colcon.colcon_core.package_identification:_identify(.) by extension 'cmake'
[3.369s] Level 1:colcon.colcon_core.package_identification:_identify(.) by extension 'python'
[3.369s] Level 1:colcon.colcon_core.package_identification:_identify(.) by extensions ['python_setup_py']
[3.369s] Level 1:colcon.colcon_core.package_identification:_identify(.) by extension 'python_setup_py'
[3.370s] Level 1:colcon.colcon_core.package_identification:_identify(build) by extensions ['ignore', 'ignore_ament_install']
[3.370s] Level 1:colcon.colcon_core.package_identification:_identify(build) by extension 'ignore'
[3.370s] Level 1:colcon.colcon_core.package_identification:_identify(build) ignored
[3.370s] Level 1:colcon.colcon_core.package_identification:_identify(evaluation) by extensions ['ignore', 'ignore_ament_install']
[3.370s] Level 1:colcon.colcon_core.package_identification:_identify(evaluation) by extension 'ignore'
[3.371s] Level 1:colcon.colcon_core.package_identification:_identify(evaluation) by extension 'ignore_ament_install'
[3.371s] Level 1:colcon.colcon_core.package_identification:_identify(evaluation) by extensions ['colcon_pkg']
[3.371s] Level 1:colcon.colcon_core.package_identification:_identify(evaluation) by extension 'colcon_pkg'
[3.371s] Level 1:colcon.colcon_core.package_identification:_identify(evaluation) by extensions ['colcon_meta']
[3.371s] Level 1:colcon.colcon_core.package_identification:_identify(evaluation) by extension 'colcon_meta'
[3.371s] Level 1:colcon.colcon_core.package_identification:_identify(evaluation) by extensions ['ros']
[3.371s] Level 1:colcon.colcon_core.package_identification:_identify(evaluation) by extension 'ros'
[3.371s] Level 1:colcon.colcon_core.package_identification:_identify(evaluation) by extensions ['cmake', 'python']
[3.371s] Level 1:colcon.colcon_core.package_identification:_identify(evaluation) by extension 'cmake'
[3.371s] Level 1:colcon.colcon_core.package_identification:_identify(evaluation) by extension 'python'
[3.371s] Level 1:colcon.colcon_core.package_identification:_identify(evaluation) by extensions ['python_setup_py']
[3.371s] Level 1:colcon.colcon_core.package_identification:_identify(evaluation) by extension 'python_setup_py'
[3.372s] Level 1:colcon.colcon_core.package_identification:_identify(evaluation/byte_data) by extensions ['ignore', 'ignore_ament_install']
[3.372s] Level 1:colcon.colcon_core.package_identification:_identify(evaluation/byte_data) by extension 'ignore'
[3.372s] Level 1:colcon.colcon_core.package_identification:_identify(evaluation/byte_data) by extension 'ignore_ament_install'
[3.372s] Level 1:colcon.colcon_core.package_identification:_identify(evaluation/byte_data) by extensions ['colcon_pkg']
[3.372s] Level 1:colcon.colcon_core.package_identification:_identify(evaluation/byte_data) by extension 'colcon_pkg'
[3.372s] Level 1:colcon.colcon_core.package_identification:_identify(evaluation/byte_data) by extensions ['colcon_meta']
[3.372s] Level 1:colcon.colcon_core.package_identification:_identify(evaluation/byte_data) by extension 'colcon_meta'
[3.372s] Level 1:colcon.colcon_core.package_identification:_identify(evaluation/byte_data) by extensions ['ros']
[3.372s] Level 1:colcon.colcon_core.package_identification:_identify(evaluation/byte_data) by extension 'ros'
[3.373s] Level 1:colcon.colcon_core.package_identification:_identify(evaluation/byte_data) by extensions ['cmake', 'python']
[3.373s] Level 1:colcon.colcon_core.package_identification:_identify(evaluation/byte_data) by extension 'cmake'
[3.373s] Level 1:colcon.colcon_core.package_identification:_identify(evaluation/byte_data) by extension 'python'
[3.373s] Level 1:colcon.colcon_core.package_identification:_identify(evaluation/byte_data) by extensions ['python_setup_py']
[3.373s] Level 1:colcon.colcon_core.package_identification:_identify(evaluation/byte_data) by extension 'python_setup_py'
[3.373s] Level 1:colcon.colcon_core.package_identification:_identify(evaluation/convert_msg) by extensions ['ignore', 'ignore_ament_install']
[3.373s] Level 1:colcon.colcon_core.package_identification:_identify(evaluation/convert_msg) by extension 'ignore'
[3.373s] Level 1:colcon.colcon_core.package_identification:_identify(evaluation/convert_msg) by extension 'ignore_ament_install'
[3.373s] Level 1:colcon.colcon_core.package_identification:_identify(evaluation/convert_msg) by extensions ['colcon_pkg']
[3.373s] Level 1:colcon.colcon_core.package_identification:_identify(evaluation/convert_msg) by extension 'colcon_pkg'
[3.374s] Level 1:colcon.colcon_core.package_identification:_identify(evaluation/convert_msg) by extensions ['colcon_meta']
[3.374s] Level 1:colcon.colcon_core.package_identification:_identify(evaluation/convert_msg) by extension 'colcon_meta'
[3.374s] Level 1:colcon.colcon_core.package_identification:_identify(evaluation/convert_msg) by extensions ['ros']
[3.374s] Level 1:colcon.colcon_core.package_identification:_identify(evaluation/convert_msg) by extension 'ros'
[3.374s] Level 1:colcon.colcon_core.package_identification:_identify(evaluation/convert_msg) by extensions ['cmake', 'python']
[3.374s] Level 1:colcon.colcon_core.package_identification:_identify(evaluation/convert_msg) by extension 'cmake'
[3.374s] Level 1:colcon.colcon_core.package_identification:_identify(evaluation/convert_msg) by extension 'python'
[3.374s] Level 1:colcon.colcon_core.package_identification:_identify(evaluation/convert_msg) by extensions ['python_setup_py']
[3.374s] Level 1:colcon.colcon_core.package_identification:_identify(evaluation/convert_msg) by extension 'python_setup_py'
[3.374s] Level 1:colcon.colcon_core.package_identification:_identify(evaluation/dds_time) by extensions ['ignore', 'ignore_ament_install']
[3.375s] Level 1:colcon.colcon_core.package_identification:_identify(evaluation/dds_time) by extension 'ignore'
[3.375s] Level 1:colcon.colcon_core.package_identification:_identify(evaluation/dds_time) by extension 'ignore_ament_install'
[3.375s] Level 1:colcon.colcon_core.package_identification:_identify(evaluation/dds_time) by extensions ['colcon_pkg']
[3.375s] Level 1:colcon.colcon_core.package_identification:_identify(evaluation/dds_time) by extension 'colcon_pkg'
[3.375s] Level 1:colcon.colcon_core.package_identification:_identify(evaluation/dds_time) by extensions ['colcon_meta']
[3.375s] Level 1:colcon.colcon_core.package_identification:_identify(evaluation/dds_time) by extension 'colcon_meta'
[3.375s] Level 1:colcon.colcon_core.package_identification:_identify(evaluation/dds_time) by extensions ['ros']
[3.375s] Level 1:colcon.colcon_core.package_identification:_identify(evaluation/dds_time) by extension 'ros'
[3.375s] Level 1:colcon.colcon_core.package_identification:_identify(evaluation/dds_time) by extensions ['cmake', 'python']
[3.375s] Level 1:colcon.colcon_core.package_identification:_identify(evaluation/dds_time) by extension 'cmake'
[3.375s] Level 1:colcon.colcon_core.package_identification:_identify(evaluation/dds_time) by extension 'python'
[3.375s] Level 1:colcon.colcon_core.package_identification:_identify(evaluation/dds_time) by extensions ['python_setup_py']
[3.376s] Level 1:colcon.colcon_core.package_identification:_identify(evaluation/dds_time) by extension 'python_setup_py'
[3.376s] Level 1:colcon.colcon_core.package_identification:_identify(evaluation/publish_time) by extensions ['ignore', 'ignore_ament_install']
[3.376s] Level 1:colcon.colcon_core.package_identification:_identify(evaluation/publish_time) by extension 'ignore'
[3.376s] Level 1:colcon.colcon_core.package_identification:_identify(evaluation/publish_time) by extension 'ignore_ament_install'
[3.376s] Level 1:colcon.colcon_core.package_identification:_identify(evaluation/publish_time) by extensions ['colcon_pkg']
[3.376s] Level 1:colcon.colcon_core.package_identification:_identify(evaluation/publish_time) by extension 'colcon_pkg'
[3.376s] Level 1:colcon.colcon_core.package_identification:_identify(evaluation/publish_time) by extensions ['colcon_meta']
[3.376s] Level 1:colcon.colcon_core.package_identification:_identify(evaluation/publish_time) by extension 'colcon_meta'
[3.376s] Level 1:colcon.colcon_core.package_identification:_identify(evaluation/publish_time) by extensions ['ros']
[3.376s] Level 1:colcon.colcon_core.package_identification:_identify(evaluation/publish_time) by extension 'ros'
[3.377s] Level 1:colcon.colcon_core.package_identification:_identify(evaluation/publish_time) by extensions ['cmake', 'python']
[3.377s] Level 1:colcon.colcon_core.package_identification:_identify(evaluation/publish_time) by extension 'cmake'
[3.377s] Level 1:colcon.colcon_core.package_identification:_identify(evaluation/publish_time) by extension 'python'
[3.377s] Level 1:colcon.colcon_core.package_identification:_identify(evaluation/publish_time) by extensions ['python_setup_py']
[3.377s] Level 1:colcon.colcon_core.package_identification:_identify(evaluation/publish_time) by extension 'python_setup_py'
[3.377s] Level 1:colcon.colcon_core.package_identification:_identify(evaluation/subscribe_time) by extensions ['ignore', 'ignore_ament_install']
[3.377s] Level 1:colcon.colcon_core.package_identification:_identify(evaluation/subscribe_time) by extension 'ignore'
[3.377s] Level 1:colcon.colcon_core.package_identification:_identify(evaluation/subscribe_time) by extension 'ignore_ament_install'
[3.378s] Level 1:colcon.colcon_core.package_identification:_identify(evaluation/subscribe_time) by extensions ['colcon_pkg']
[3.378s] Level 1:colcon.colcon_core.package_identification:_identify(evaluation/subscribe_time) by extension 'colcon_pkg'
[3.378s] Level 1:colcon.colcon_core.package_identification:_identify(evaluation/subscribe_time) by extensions ['colcon_meta']
[3.378s] Level 1:colcon.colcon_core.package_identification:_identify(evaluation/subscribe_time) by extension 'colcon_meta'
[3.378s] Level 1:colcon.colcon_core.package_identification:_identify(evaluation/subscribe_time) by extensions ['ros']
[3.378s] Level 1:colcon.colcon_core.package_identification:_identify(evaluation/subscribe_time) by extension 'ros'
[3.378s] Level 1:colcon.colcon_core.package_identification:_identify(evaluation/subscribe_time) by extensions ['cmake', 'python']
[3.378s] Level 1:colcon.colcon_core.package_identification:_identify(evaluation/subscribe_time) by extension 'cmake'
[3.378s] Level 1:colcon.colcon_core.package_identification:_identify(evaluation/subscribe_time) by extension 'python'
[3.378s] Level 1:colcon.colcon_core.package_identification:_identify(evaluation/subscribe_time) by extensions ['python_setup_py']
[3.378s] Level 1:colcon.colcon_core.package_identification:_identify(evaluation/subscribe_time) by extension 'python_setup_py'
[3.393s] Level 1:colcon.colcon_core.package_identification:_identify(evaluation/transport_time) by extensions ['ignore', 'ignore_ament_install']
[3.393s] Level 1:colcon.colcon_core.package_identification:_identify(evaluation/transport_time) by extension 'ignore'
[3.393s] Level 1:colcon.colcon_core.package_identification:_identify(evaluation/transport_time) by extension 'ignore_ament_install'
[3.393s] Level 1:colcon.colcon_core.package_identification:_identify(evaluation/transport_time) by extensions ['colcon_pkg']
[3.394s] Level 1:colcon.colcon_core.package_identification:_identify(evaluation/transport_time) by extension 'colcon_pkg'
[3.394s] Level 1:colcon.colcon_core.package_identification:_identify(evaluation/transport_time) by extensions ['colcon_meta']
[3.394s] Level 1:colcon.colcon_core.package_identification:_identify(evaluation/transport_time) by extension 'colcon_meta'
[3.394s] Level 1:colcon.colcon_core.package_identification:_identify(evaluation/transport_time) by extensions ['ros']
[3.394s] Level 1:colcon.colcon_core.package_identification:_identify(evaluation/transport_time) by extension 'ros'
[3.394s] Level 1:colcon.colcon_core.package_identification:_identify(evaluation/transport_time) by extensions ['cmake', 'python']
[3.394s] Level 1:colcon.colcon_core.package_identification:_identify(evaluation/transport_time) by extension 'cmake'
[3.394s] Level 1:colcon.colcon_core.package_identification:_identify(evaluation/transport_time) by extension 'python'
[3.394s] Level 1:colcon.colcon_core.package_identification:_identify(evaluation/transport_time) by extensions ['python_setup_py']
[3.394s] Level 1:colcon.colcon_core.package_identification:_identify(evaluation/transport_time) by extension 'python_setup_py'
[3.395s] Level 1:colcon.colcon_core.package_identification:_identify(install) by extensions ['ignore', 'ignore_ament_install']
[3.395s] Level 1:colcon.colcon_core.package_identification:_identify(install) by extension 'ignore'
[3.395s] Level 1:colcon.colcon_core.package_identification:_identify(install) ignored
[3.395s] Level 1:colcon.colcon_core.package_identification:_identify(log) by extensions ['ignore', 'ignore_ament_install']
[3.395s] Level 1:colcon.colcon_core.package_identification:_identify(log) by extension 'ignore'
[3.395s] Level 1:colcon.colcon_core.package_identification:_identify(log) ignored
[3.395s] Level 1:colcon.colcon_core.package_identification:_identify(src) by extensions ['ignore', 'ignore_ament_install']
[3.396s] Level 1:colcon.colcon_core.package_identification:_identify(src) by extension 'ignore'
[3.396s] Level 1:colcon.colcon_core.package_identification:_identify(src) by extension 'ignore_ament_install'
[3.396s] Level 1:colcon.colcon_core.package_identification:_identify(src) by extensions ['colcon_pkg']
[3.396s] Level 1:colcon.colcon_core.package_identification:_identify(src) by extension 'colcon_pkg'
[3.396s] Level 1:colcon.colcon_core.package_identification:_identify(src) by extensions ['colcon_meta']
[3.396s] Level 1:colcon.colcon_core.package_identification:_identify(src) by extension 'colcon_meta'
[3.396s] Level 1:colcon.colcon_core.package_identification:_identify(src) by extensions ['ros']
[3.396s] Level 1:colcon.colcon_core.package_identification:_identify(src) by extension 'ros'
[3.396s] Level 1:colcon.colcon_core.package_identification:_identify(src) by extensions ['cmake', 'python']
[3.396s] Level 1:colcon.colcon_core.package_identification:_identify(src) by extension 'cmake'
[3.396s] Level 1:colcon.colcon_core.package_identification:_identify(src) by extension 'python'
[3.397s] Level 1:colcon.colcon_core.package_identification:_identify(src) by extensions ['python_setup_py']
[3.397s] Level 1:colcon.colcon_core.package_identification:_identify(src) by extension 'python_setup_py'
[3.397s] Level 1:colcon.colcon_core.package_identification:_identify(src/artificial_load) by extensions ['ignore', 'ignore_ament_install']
[3.397s] Level 1:colcon.colcon_core.package_identification:_identify(src/artificial_load) by extension 'ignore'
[3.397s] Level 1:colcon.colcon_core.package_identification:_identify(src/artificial_load) by extension 'ignore_ament_install'
[3.397s] Level 1:colcon.colcon_core.package_identification:_identify(src/artificial_load) by extensions ['colcon_pkg']
[3.397s] Level 1:colcon.colcon_core.package_identification:_identify(src/artificial_load) by extension 'colcon_pkg'
[3.397s] Level 1:colcon.colcon_core.package_identification:_identify(src/artificial_load) by extensions ['colcon_meta']
[3.397s] Level 1:colcon.colcon_core.package_identification:_identify(src/artificial_load) by extension 'colcon_meta'
[3.398s] Level 1:colcon.colcon_core.package_identification:_identify(src/artificial_load) by extensions ['ros']
[3.398s] Level 1:colcon.colcon_core.package_identification:_identify(src/artificial_load) by extension 'ros'
[3.430s] DEBUG:colcon.colcon_core.package_identification:Package 'src/artificial_load' with type 'ros.ament_cmake' and name 'artificial_load'
[3.430s] Level 1:colcon.colcon_core.package_identification:_identify(src/interprocess_eval) by extensions ['ignore', 'ignore_ament_install']
[3.430s] Level 1:colcon.colcon_core.package_identification:_identify(src/interprocess_eval) by extension 'ignore'
[3.430s] Level 1:colcon.colcon_core.package_identification:_identify(src/interprocess_eval) by extension 'ignore_ament_install'
[3.431s] Level 1:colcon.colcon_core.package_identification:_identify(src/interprocess_eval) by extensions ['colcon_pkg']
[3.431s] Level 1:colcon.colcon_core.package_identification:_identify(src/interprocess_eval) by extension 'colcon_pkg'
[3.431s] Level 1:colcon.colcon_core.package_identification:_identify(src/interprocess_eval) by extensions ['colcon_meta']
[3.431s] Level 1:colcon.colcon_core.package_identification:_identify(src/interprocess_eval) by extension 'colcon_meta'
[3.431s] Level 1:colcon.colcon_core.package_identification:_identify(src/interprocess_eval) by extensions ['ros']
[3.431s] Level 1:colcon.colcon_core.package_identification:_identify(src/interprocess_eval) by extension 'ros'
[3.432s] DEBUG:colcon.colcon_core.package_identification:Package 'src/interprocess_eval' with type 'ros.ament_cmake' and name 'interprocess_eval'
[3.432s] Level 1:colcon.colcon_core.package_identification:_identify(src/interprocess_remote_eval) by extensions ['ignore', 'ignore_ament_install']
[3.433s] Level 1:colcon.colcon_core.package_identification:_identify(src/interprocess_remote_eval) by extension 'ignore'
[3.433s] Level 1:colcon.colcon_core.package_identification:_identify(src/interprocess_remote_eval) by extension 'ignore_ament_install'
[3.433s] Level 1:colcon.colcon_core.package_identification:_identify(src/interprocess_remote_eval) by extensions ['colcon_pkg']
[3.433s] Level 1:colcon.colcon_core.package_identification:_identify(src/interprocess_remote_eval) by extension 'colcon_pkg'
[3.433s] Level 1:colcon.colcon_core.package_identification:_identify(src/interprocess_remote_eval) by extensions ['colcon_meta']
[3.433s] Level 1:colcon.colcon_core.package_identification:_identify(src/interprocess_remote_eval) by extension 'colcon_meta'
[3.433s] Level 1:colcon.colcon_core.package_identification:_identify(src/interprocess_remote_eval) by extensions ['ros']
[3.433s] Level 1:colcon.colcon_core.package_identification:_identify(src/interprocess_remote_eval) by extension 'ros'
[3.447s] DEBUG:colcon.colcon_core.package_identification:Package 'src/interprocess_remote_eval' with type 'ros.ament_cmake' and name 'interprocess_remote_eval'
[3.447s] Level 1:colcon.colcon_core.package_identification:_identify(src/intraprocess_eval) by extensions ['ignore', 'ignore_ament_install']
[3.447s] Level 1:colcon.colcon_core.package_identification:_identify(src/intraprocess_eval) by extension 'ignore'
[3.447s] Level 1:colcon.colcon_core.package_identification:_identify(src/intraprocess_eval) by extension 'ignore_ament_install'
[3.448s] Level 1:colcon.colcon_core.package_identification:_identify(src/intraprocess_eval) by extensions ['colcon_pkg']
[3.448s] Level 1:colcon.colcon_core.package_identification:_identify(src/intraprocess_eval) by extension 'colcon_pkg'
[3.448s] Level 1:colcon.colcon_core.package_identification:_identify(src/intraprocess_eval) by extensions ['colcon_meta']
[3.448s] Level 1:colcon.colcon_core.package_identification:_identify(src/intraprocess_eval) by extension 'colcon_meta'
[3.448s] Level 1:colcon.colcon_core.package_identification:_identify(src/intraprocess_eval) by extensions ['ros']
[3.448s] Level 1:colcon.colcon_core.package_identification:_identify(src/intraprocess_eval) by extension 'ros'
[3.449s] DEBUG:colcon.colcon_core.package_identification:Package 'src/intraprocess_eval' with type 'ros.ament_cmake' and name 'intraprocess_eval'
[3.449s] Level 1:colcon.colcon_core.package_discovery:discover_packages(recursive) using defaults
[3.449s] Level 1:colcon.colcon_core.package_discovery:discover_packages(ignore) discover
[3.449s] Level 1:colcon.colcon_core.package_discovery:discover_packages(ignore) using defaults
[3.449s] Level 1:colcon.colcon_core.package_discovery:discover_packages(path) discover
[3.450s] Level 1:colcon.colcon_core.package_discovery:discover_packages(path) using defaults
[3.735s] Level 1:colcon.colcon_core.package_discovery:discover_packages(prefix_path) check parameters
[3.735s] Level 1:colcon.colcon_core.package_discovery:discover_packages(prefix_path) discover
[3.799s] DEBUG:colcon.colcon_installed_package_information.package_discovery:Found 225 installed packages in /opt/ros/dashing
[3.801s] Level 1:colcon.colcon_core.package_discovery:discover_packages(prefix_path) using defaults
[6.469s] Level 5:colcon.colcon_core.verb:set package 'artificial_load' build argument 'cmake_args' from command line to 'None'
[6.469s] Level 5:colcon.colcon_core.verb:set package 'artificial_load' build argument 'cmake_target' from command line to 'None'
[6.469s] Level 5:colcon.colcon_core.verb:set package 'artificial_load' build argument 'cmake_target_skip_unavailable' from command line to 'False'
[6.470s] Level 5:colcon.colcon_core.verb:set package 'artificial_load' build argument 'cmake_clean_cache' from command line to 'False'
[6.470s] Level 5:colcon.colcon_core.verb:set package 'artificial_load' build argument 'cmake_clean_first' from command line to 'False'
[6.470s] Level 5:colcon.colcon_core.verb:set package 'artificial_load' build argument 'cmake_force_configure' from command line to 'False'
[6.470s] Level 5:colcon.colcon_core.verb:set package 'artificial_load' build argument 'ament_cmake_args' from command line to 'None'
[6.470s] Level 5:colcon.colcon_core.verb:set package 'artificial_load' build argument 'catkin_cmake_args' from command line to 'None'
[6.470s] Level 5:colcon.colcon_core.verb:set package 'artificial_load' build argument 'catkin_skip_building_tests' from command line to 'False'
[6.470s] DEBUG:colcon.colcon_core.verb:Building package 'artificial_load' with the following arguments: {'ament_cmake_args': None, 'build_base': '/home/raoul/Documents/QEES/lab1.3/build/artificial_load', 'catkin_cmake_args': None, 'catkin_skip_building_tests': False, 'cmake_args': None, 'cmake_clean_cache': False, 'cmake_clean_first': False, 'cmake_force_configure': False, 'cmake_target': None, 'cmake_target_skip_unavailable': False, 'install_base': '/home/raoul/Documents/QEES/lab1.3/install/artificial_load', 'merge_install': False, 'path': '/home/raoul/Documents/QEES/lab1.3/src/artificial_load', 'symlink_install': True, 'test_result_base': None}
[6.471s] Level 5:colcon.colcon_core.verb:set package 'interprocess_eval' build argument 'cmake_args' from command line to 'None'
[6.471s] Level 5:colcon.colcon_core.verb:set package 'interprocess_eval' build argument 'cmake_target' from command line to 'None'
[6.471s] Level 5:colcon.colcon_core.verb:set package 'interprocess_eval' build argument 'cmake_target_skip_unavailable' from command line to 'False'
[6.471s] Level 5:colcon.colcon_core.verb:set package 'interprocess_eval' build argument 'cmake_clean_cache' from command line to 'False'
[6.471s] Level 5:colcon.colcon_core.verb:set package 'interprocess_eval' build argument 'cmake_clean_first' from command line to 'False'
[6.471s] Level 5:colcon.colcon_core.verb:set package 'interprocess_eval' build argument 'cmake_force_configure' from command line to 'False'
[6.471s] Level 5:colcon.colcon_core.verb:set package 'interprocess_eval' build argument 'ament_cmake_args' from command line to 'None'
[6.471s] Level 5:colcon.colcon_core.verb:set package 'interprocess_eval' build argument 'catkin_cmake_args' from command line to 'None'
[6.471s] Level 5:colcon.colcon_core.verb:set package 'interprocess_eval' build argument 'catkin_skip_building_tests' from command line to 'False'
[6.471s] DEBUG:colcon.colcon_core.verb:Building package 'interprocess_eval' with the following arguments: {'ament_cmake_args': None, 'build_base': '/home/raoul/Documents/QEES/lab1.3/build/interprocess_eval', 'catkin_cmake_args': None, 'catkin_skip_building_tests': False, 'cmake_args': None, 'cmake_clean_cache': False, 'cmake_clean_first': False, 'cmake_force_configure': False, 'cmake_target': None, 'cmake_target_skip_unavailable': False, 'install_base': '/home/raoul/Documents/QEES/lab1.3/install/interprocess_eval', 'merge_install': False, 'path': '/home/raoul/Documents/QEES/lab1.3/src/interprocess_eval', 'symlink_install': True, 'test_result_base': None}
[6.472s] Level 5:colcon.colcon_core.verb:set package 'interprocess_remote_eval' build argument 'cmake_args' from command line to 'None'
[6.472s] Level 5:colcon.colcon_core.verb:set package 'interprocess_remote_eval' build argument 'cmake_target' from command line to 'None'
[6.472s] Level 5:colcon.colcon_core.verb:set package 'interprocess_remote_eval' build argument 'cmake_target_skip_unavailable' from command line to 'False'
[6.472s] Level 5:colcon.colcon_core.verb:set package 'interprocess_remote_eval' build argument 'cmake_clean_cache' from command line to 'False'
[6.472s] Level 5:colcon.colcon_core.verb:set package 'interprocess_remote_eval' build argument 'cmake_clean_first' from command line to 'False'
[6.472s] Level 5:colcon.colcon_core.verb:set package 'interprocess_remote_eval' build argument 'cmake_force_configure' from command line to 'False'
[6.472s] Level 5:colcon.colcon_core.verb:set package 'interprocess_remote_eval' build argument 'ament_cmake_args' from command line to 'None'
[6.472s] Level 5:colcon.colcon_core.verb:set package 'interprocess_remote_eval' build argument 'catkin_cmake_args' from command line to 'None'
[6.472s] Level 5:colcon.colcon_core.verb:set package 'interprocess_remote_eval' build argument 'catkin_skip_building_tests' from command line to 'False'
[6.472s] DEBUG:colcon.colcon_core.verb:Building package 'interprocess_remote_eval' with the following arguments: {'ament_cmake_args': None, 'build_base': '/home/raoul/Documents/QEES/lab1.3/build/interprocess_remote_eval', 'catkin_cmake_args': None, 'catkin_skip_building_tests': False, 'cmake_args': None, 'cmake_clean_cache': False, 'cmake_clean_first': False, 'cmake_force_configure': False, 'cmake_target': None, 'cmake_target_skip_unavailable': False, 'install_base': '/home/raoul/Documents/QEES/lab1.3/install/interprocess_remote_eval', 'merge_install': False, 'path': '/home/raoul/Documents/QEES/lab1.3/src/interprocess_remote_eval', 'symlink_install': True, 'test_result_base': None}
[6.473s] Level 5:colcon.colcon_core.verb:set package 'intraprocess_eval' build argument 'cmake_args' from command line to 'None'
[6.473s] Level 5:colcon.colcon_core.verb:set package 'intraprocess_eval' build argument 'cmake_target' from command line to 'None'
[6.473s] Level 5:colcon.colcon_core.verb:set package 'intraprocess_eval' build argument 'cmake_target_skip_unavailable' from command line to 'False'
[6.474s] Level 5:colcon.colcon_core.verb:set package 'intraprocess_eval' build argument 'cmake_clean_cache' from command line to 'False'
[6.474s] Level 5:colcon.colcon_core.verb:set package 'intraprocess_eval' build argument 'cmake_clean_first' from command line to 'False'
[6.474s] Level 5:colcon.colcon_core.verb:set package 'intraprocess_eval' build argument 'cmake_force_configure' from command line to 'False'
[6.474s] Level 5:colcon.colcon_core.verb:set package 'intraprocess_eval' build argument 'ament_cmake_args' from command line to 'None'
[6.474s] Level 5:colcon.colcon_core.verb:set package 'intraprocess_eval' build argument 'catkin_cmake_args' from command line to 'None'
[6.474s] Level 5:colcon.colcon_core.verb:set package 'intraprocess_eval' build argument 'catkin_skip_building_tests' from command line to 'False'
[6.474s] DEBUG:colcon.colcon_core.verb:Building package 'intraprocess_eval' with the following arguments: {'ament_cmake_args': None, 'build_base': '/home/raoul/Documents/QEES/lab1.3/build/intraprocess_eval', 'catkin_cmake_args': None, 'catkin_skip_building_tests': False, 'cmake_args': None, 'cmake_clean_cache': False, 'cmake_clean_first': False, 'cmake_force_configure': False, 'cmake_target': None, 'cmake_target_skip_unavailable': False, 'install_base': '/home/raoul/Documents/QEES/lab1.3/install/intraprocess_eval', 'merge_install': False, 'path': '/home/raoul/Documents/QEES/lab1.3/src/intraprocess_eval', 'symlink_install': True, 'test_result_base': None}
[6.474s] INFO:colcon.colcon_core.executor:Executing jobs using 'parallel' executor
[6.475s] DEBUG:colcon.colcon_parallel_executor.executor.parallel:run_until_complete
[6.476s] INFO:colcon.colcon_ros.task.ament_cmake.build:Building ROS package in '/home/raoul/Documents/QEES/lab1.3/src/artificial_load' with build type 'ament_cmake'
[6.476s] INFO:colcon.colcon_cmake.task.cmake.build:Building CMake package in '/home/raoul/Documents/QEES/lab1.3/src/artificial_load'
[6.844s] INFO:colcon.colcon_core.plugin_system:Skipping extension 'colcon_core.shell.bat': Not used on non-Windows systems
[6.845s] INFO:colcon.colcon_core.shell:Skip shell extension 'powershell' for command environment: Not usable outside of PowerShell
[6.845s] DEBUG:colcon.colcon_core.shell:Skip shell extension 'dsv' for command environment
[6.883s] INFO:colcon.colcon_ros.task.ament_cmake.build:Building ROS package in '/home/raoul/Documents/QEES/lab1.3/src/interprocess_eval' with build type 'ament_cmake'
[6.884s] INFO:colcon.colcon_cmake.task.cmake.build:Building CMake package in '/home/raoul/Documents/QEES/lab1.3/src/interprocess_eval'
[6.884s] INFO:colcon.colcon_core.shell:Skip shell extension 'powershell' for command environment: Not usable outside of PowerShell
[6.885s] DEBUG:colcon.colcon_core.shell:Skip shell extension 'dsv' for command environment
[6.893s] INFO:colcon.colcon_ros.task.ament_cmake.build:Building ROS package in '/home/raoul/Documents/QEES/lab1.3/src/interprocess_remote_eval' with build type 'ament_cmake'
[6.893s] INFO:colcon.colcon_cmake.task.cmake.build:Building CMake package in '/home/raoul/Documents/QEES/lab1.3/src/interprocess_remote_eval'
[6.894s] INFO:colcon.colcon_core.shell:Skip shell extension 'powershell' for command environment: Not usable outside of PowerShell
[6.895s] DEBUG:colcon.colcon_core.shell:Skip shell extension 'dsv' for command environment
[6.911s] INFO:colcon.colcon_ros.task.ament_cmake.build:Building ROS package in '/home/raoul/Documents/QEES/lab1.3/src/intraprocess_eval' with build type 'ament_cmake'
[6.912s] INFO:colcon.colcon_cmake.task.cmake.build:Building CMake package in '/home/raoul/Documents/QEES/lab1.3/src/intraprocess_eval'
[6.913s] INFO:colcon.colcon_core.shell:Skip shell extension 'powershell' for command environment: Not usable outside of PowerShell
[6.913s] DEBUG:colcon.colcon_core.shell:Skip shell extension 'dsv' for command environment
[7.002s] DEBUG:colcon.colcon_core.event_handler.log_command:Invoking command in '/home/raoul/Documents/QEES/lab1.3/build/artificial_load': CMAKE_PREFIX_PATH=/opt/ros/dashing /usr/bin/cmake --build /home/raoul/Documents/QEES/lab1.3/build/artificial_load -- -j8 -l8
[7.396s] DEBUG:colcon.colcon_core.event_handler.log_command:Invoking command in '/home/raoul/Documents/QEES/lab1.3/build/interprocess_eval': CMAKE_PREFIX_PATH=/opt/ros/dashing /usr/bin/cmake --build /home/raoul/Documents/QEES/lab1.3/build/interprocess_eval -- -j8 -l8
[7.459s] DEBUG:colcon.colcon_core.event_handler.log_command:Invoking command in '/home/raoul/Documents/QEES/lab1.3/build/interprocess_remote_eval': CMAKE_PREFIX_PATH=/opt/ros/dashing /usr/bin/cmake --build /home/raoul/Documents/QEES/lab1.3/build/interprocess_remote_eval -- -j8 -l8
[7.468s] DEBUG:colcon.colcon_core.event_handler.log_command:Invoking command in '/home/raoul/Documents/QEES/lab1.3/build/intraprocess_eval': CMAKE_PREFIX_PATH=/opt/ros/dashing /usr/bin/cmake --build /home/raoul/Documents/QEES/lab1.3/build/intraprocess_eval -- -j8 -l8
[11.918s] DEBUG:colcon.colcon_core.event_handler.log_command:Invoked command in '/home/raoul/Documents/QEES/lab1.3/build/artificial_load' returned '0': CMAKE_PREFIX_PATH=/opt/ros/dashing /usr/bin/cmake --build /home/raoul/Documents/QEES/lab1.3/build/artificial_load -- -j8 -l8
[11.932s] DEBUG:colcon.colcon_core.event_handler.log_command:Invoked command in '/home/raoul/Documents/QEES/lab1.3/build/interprocess_remote_eval' returned '0': CMAKE_PREFIX_PATH=/opt/ros/dashing /usr/bin/cmake --build /home/raoul/Documents/QEES/lab1.3/build/interprocess_remote_eval -- -j8 -l8
[11.938s] DEBUG:colcon.colcon_core.event_handler.log_command:Invoked command in '/home/raoul/Documents/QEES/lab1.3/build/intraprocess_eval' returned '0': CMAKE_PREFIX_PATH=/opt/ros/dashing /usr/bin/cmake --build /home/raoul/Documents/QEES/lab1.3/build/intraprocess_eval -- -j8 -l8
[11.992s] DEBUG:colcon.colcon_core.event_handler.log_command:Invoking command in '/home/raoul/Documents/QEES/lab1.3/build/artificial_load': CMAKE_PREFIX_PATH=/opt/ros/dashing /usr/bin/cmake --build /home/raoul/Documents/QEES/lab1.3/build/artificial_load --target install -- -j8 -l8
[12.004s] DEBUG:colcon.colcon_core.event_handler.log_command:Invoking command in '/home/raoul/Documents/QEES/lab1.3/build/intraprocess_eval': CMAKE_PREFIX_PATH=/opt/ros/dashing /usr/bin/cmake --build /home/raoul/Documents/QEES/lab1.3/build/intraprocess_eval --target install -- -j8 -l8
[12.011s] DEBUG:colcon.colcon_core.event_handler.log_command:Invoking command in '/home/raoul/Documents/QEES/lab1.3/build/interprocess_remote_eval': CMAKE_PREFIX_PATH=/opt/ros/dashing /usr/bin/cmake --build /home/raoul/Documents/QEES/lab1.3/build/interprocess_remote_eval --target install -- -j8 -l8
[12.455s] Level 1:colcon.colcon_core.environment:create_environment_scripts_only(artificial_load)
[12.457s] DEBUG:colcon.colcon_core.event_handler.log_command:Invoked command in '/home/raoul/Documents/QEES/lab1.3/build/artificial_load' returned '0': CMAKE_PREFIX_PATH=/opt/ros/dashing /usr/bin/cmake --build /home/raoul/Documents/QEES/lab1.3/build/artificial_load --target install -- -j8 -l8
[12.918s] Level 1:colcon.colcon_core.environment:checking '/home/raoul/Documents/QEES/lab1.3/install/artificial_load' for CMake module files
[12.919s] Level 1:colcon.colcon_core.environment:checking '/home/raoul/Documents/QEES/lab1.3/install/artificial_load' for CMake config files
[12.963s] Level 1:colcon.colcon_core.shell:create_environment_hook('artificial_load', 'cmake_prefix_path')
[12.964s] INFO:colcon.colcon_core.shell:Creating environment hook '/home/raoul/Documents/QEES/lab1.3/install/artificial_load/share/artificial_load/hook/cmake_prefix_path.ps1'
[13.073s] INFO:colcon.colcon_core.shell:Creating environment descriptor '/home/raoul/Documents/QEES/lab1.3/install/artificial_load/share/artificial_load/hook/cmake_prefix_path.dsv'
[13.096s] INFO:colcon.colcon_core.shell:Creating environment hook '/home/raoul/Documents/QEES/lab1.3/install/artificial_load/share/artificial_load/hook/cmake_prefix_path.sh'
[13.099s] Level 1:colcon.colcon_core.environment:checking '/home/raoul/Documents/QEES/lab1.3/install/artificial_load/lib'
[13.099s] Level 1:colcon.colcon_core.environment:checking '/home/raoul/Documents/QEES/lab1.3/install/artificial_load/bin'
[13.100s] Level 1:colcon.colcon_core.environment:checking '/home/raoul/Documents/QEES/lab1.3/install/artificial_load/lib/pkgconfig/artificial_load.pc'
[13.100s] Level 1:colcon.colcon_core.environment:checking '/home/raoul/Documents/QEES/lab1.3/install/artificial_load/lib/python3.6/site-packages'
[13.100s] Level 1:colcon.colcon_core.environment:checking '/home/raoul/Documents/QEES/lab1.3/install/artificial_load/bin'
[13.101s] INFO:colcon.colcon_core.shell:Creating package script '/home/raoul/Documents/QEES/lab1.3/install/artificial_load/share/artificial_load/package.ps1'
[13.113s] INFO:colcon.colcon_core.shell:Creating package descriptor '/home/raoul/Documents/QEES/lab1.3/install/artificial_load/share/artificial_load/package.dsv'
[13.114s] INFO:colcon.colcon_core.shell:Creating package script '/home/raoul/Documents/QEES/lab1.3/install/artificial_load/share/artificial_load/package.sh'
[13.116s] INFO:colcon.colcon_core.shell:Creating package script '/home/raoul/Documents/QEES/lab1.3/install/artificial_load/share/artificial_load/package.bash'
[13.157s] INFO:colcon.colcon_core.shell:Creating package script '/home/raoul/Documents/QEES/lab1.3/install/artificial_load/share/artificial_load/package.zsh'
[13.206s] Level 1:colcon.colcon_core.environment:create_file_with_runtime_dependencies(/home/raoul/Documents/QEES/lab1.3/install/artificial_load/share/colcon-core/packages/artificial_load)
[13.213s] Level 1:colcon.colcon_core.environment:create_environment_scripts_only(intraprocess_eval)
[13.214s] Level 1:colcon.colcon_core.environment:checking '/home/raoul/Documents/QEES/lab1.3/install/intraprocess_eval' for CMake module files
[13.216s] DEBUG:colcon.colcon_core.event_handler.log_command:Invoked command in '/home/raoul/Documents/QEES/lab1.3/build/intraprocess_eval' returned '0': CMAKE_PREFIX_PATH=/opt/ros/dashing /usr/bin/cmake --build /home/raoul/Documents/QEES/lab1.3/build/intraprocess_eval --target install -- -j8 -l8
[13.217s] Level 1:colcon.colcon_core.environment:checking '/home/raoul/Documents/QEES/lab1.3/install/intraprocess_eval' for CMake config files
[13.265s] Level 1:colcon.colcon_core.shell:create_environment_hook('intraprocess_eval', 'cmake_prefix_path')
[13.266s] INFO:colcon.colcon_core.shell:Creating environment hook '/home/raoul/Documents/QEES/lab1.3/install/intraprocess_eval/share/intraprocess_eval/hook/cmake_prefix_path.ps1'
[13.267s] INFO:colcon.colcon_core.shell:Creating environment descriptor '/home/raoul/Documents/QEES/lab1.3/install/intraprocess_eval/share/intraprocess_eval/hook/cmake_prefix_path.dsv'
[13.268s] INFO:colcon.colcon_core.shell:Creating environment hook '/home/raoul/Documents/QEES/lab1.3/install/intraprocess_eval/share/intraprocess_eval/hook/cmake_prefix_path.sh'
[13.269s] Level 1:colcon.colcon_core.environment:checking '/home/raoul/Documents/QEES/lab1.3/install/intraprocess_eval/lib'
[13.269s] Level 1:colcon.colcon_core.environment:checking '/home/raoul/Documents/QEES/lab1.3/install/intraprocess_eval/bin'
[13.269s] Level 1:colcon.colcon_core.environment:checking '/home/raoul/Documents/QEES/lab1.3/install/intraprocess_eval/lib/pkgconfig/intraprocess_eval.pc'
[13.270s] Level 1:colcon.colcon_core.environment:checking '/home/raoul/Documents/QEES/lab1.3/install/intraprocess_eval/lib/python3.6/site-packages'
[13.270s] Level 1:colcon.colcon_core.environment:checking '/home/raoul/Documents/QEES/lab1.3/install/intraprocess_eval/bin'
[13.271s] INFO:colcon.colcon_core.shell:Creating package script '/home/raoul/Documents/QEES/lab1.3/install/intraprocess_eval/share/intraprocess_eval/package.ps1'
[13.271s] INFO:colcon.colcon_core.shell:Creating package descriptor '/home/raoul/Documents/QEES/lab1.3/install/intraprocess_eval/share/intraprocess_eval/package.dsv'
[13.272s] INFO:colcon.colcon_core.shell:Creating package script '/home/raoul/Documents/QEES/lab1.3/install/intraprocess_eval/share/intraprocess_eval/package.sh'
[13.272s] INFO:colcon.colcon_core.shell:Creating package script '/home/raoul/Documents/QEES/lab1.3/install/intraprocess_eval/share/intraprocess_eval/package.bash'
[13.273s] INFO:colcon.colcon_core.shell:Creating package script '/home/raoul/Documents/QEES/lab1.3/install/intraprocess_eval/share/intraprocess_eval/package.zsh'
[13.273s] Level 1:colcon.colcon_core.environment:create_file_with_runtime_dependencies(/home/raoul/Documents/QEES/lab1.3/install/intraprocess_eval/share/colcon-core/packages/intraprocess_eval)
[13.279s] Level 1:colcon.colcon_core.environment:create_environment_scripts_only(interprocess_remote_eval)
[13.281s] Level 1:colcon.colcon_core.environment:checking '/home/raoul/Documents/QEES/lab1.3/install/interprocess_remote_eval' for CMake module files
[13.283s] DEBUG:colcon.colcon_core.event_handler.log_command:Invoked command in '/home/raoul/Documents/QEES/lab1.3/build/interprocess_remote_eval' returned '0': CMAKE_PREFIX_PATH=/opt/ros/dashing /usr/bin/cmake --build /home/raoul/Documents/QEES/lab1.3/build/interprocess_remote_eval --target install -- -j8 -l8
[13.284s] Level 1:colcon.colcon_core.environment:checking '/home/raoul/Documents/QEES/lab1.3/install/interprocess_remote_eval' for CMake config files
[13.290s] Level 1:colcon.colcon_core.shell:create_environment_hook('interprocess_remote_eval', 'cmake_prefix_path')
[13.294s] INFO:colcon.colcon_core.shell:Creating environment hook '/home/raoul/Documents/QEES/lab1.3/install/interprocess_remote_eval/share/interprocess_remote_eval/hook/cmake_prefix_path.ps1'
[13.295s] INFO:colcon.colcon_core.shell:Creating environment descriptor '/home/raoul/Documents/QEES/lab1.3/install/interprocess_remote_eval/share/interprocess_remote_eval/hook/cmake_prefix_path.dsv'
[13.296s] INFO:colcon.colcon_core.shell:Creating environment hook '/home/raoul/Documents/QEES/lab1.3/install/interprocess_remote_eval/share/interprocess_remote_eval/hook/cmake_prefix_path.sh'
[13.300s] Level 1:colcon.colcon_core.environment:checking '/home/raoul/Documents/QEES/lab1.3/install/interprocess_remote_eval/lib'
[13.300s] Level 1:colcon.colcon_core.environment:checking '/home/raoul/Documents/QEES/lab1.3/install/interprocess_remote_eval/bin'
[13.300s] Level 1:colcon.colcon_core.environment:checking '/home/raoul/Documents/QEES/lab1.3/install/interprocess_remote_eval/lib/pkgconfig/interprocess_remote_eval.pc'
[13.301s] Level 1:colcon.colcon_core.environment:checking '/home/raoul/Documents/QEES/lab1.3/install/interprocess_remote_eval/lib/python3.6/site-packages'
[13.301s] Level 1:colcon.colcon_core.environment:checking '/home/raoul/Documents/QEES/lab1.3/install/interprocess_remote_eval/bin'
[13.303s] INFO:colcon.colcon_core.shell:Creating package script '/home/raoul/Documents/QEES/lab1.3/install/interprocess_remote_eval/share/interprocess_remote_eval/package.ps1'
[13.304s] INFO:colcon.colcon_core.shell:Creating package descriptor '/home/raoul/Documents/QEES/lab1.3/install/interprocess_remote_eval/share/interprocess_remote_eval/package.dsv'
[13.305s] INFO:colcon.colcon_core.shell:Creating package script '/home/raoul/Documents/QEES/lab1.3/install/interprocess_remote_eval/share/interprocess_remote_eval/package.sh'
[13.306s] INFO:colcon.colcon_core.shell:Creating package script '/home/raoul/Documents/QEES/lab1.3/install/interprocess_remote_eval/share/interprocess_remote_eval/package.bash'
[13.307s] INFO:colcon.colcon_core.shell:Creating package script '/home/raoul/Documents/QEES/lab1.3/install/interprocess_remote_eval/share/interprocess_remote_eval/package.zsh'
[13.308s] Level 1:colcon.colcon_core.environment:create_file_with_runtime_dependencies(/home/raoul/Documents/QEES/lab1.3/install/interprocess_remote_eval/share/colcon-core/packages/interprocess_remote_eval)
[13.318s] Level 1:colcon.colcon_core.environment:create_environment_scripts_only(artificial_load)
[13.320s] Level 1:colcon.colcon_core.environment:checking '/home/raoul/Documents/QEES/lab1.3/install/artificial_load' for CMake module files
[13.321s] Level 1:colcon.colcon_core.environment:checking '/home/raoul/Documents/QEES/lab1.3/install/artificial_load' for CMake config files
[13.322s] Level 1:colcon.colcon_core.shell:create_environment_hook('artificial_load', 'cmake_prefix_path')
[13.323s] INFO:colcon.colcon_core.shell:Creating environment hook '/home/raoul/Documents/QEES/lab1.3/install/artificial_load/share/artificial_load/hook/cmake_prefix_path.ps1'
[13.324s] INFO:colcon.colcon_core.shell:Creating environment descriptor '/home/raoul/Documents/QEES/lab1.3/install/artificial_load/share/artificial_load/hook/cmake_prefix_path.dsv'
[13.325s] INFO:colcon.colcon_core.shell:Creating environment hook '/home/raoul/Documents/QEES/lab1.3/install/artificial_load/share/artificial_load/hook/cmake_prefix_path.sh'
[13.327s] Level 1:colcon.colcon_core.environment:checking '/home/raoul/Documents/QEES/lab1.3/install/artificial_load/lib'
[13.327s] Level 1:colcon.colcon_core.environment:checking '/home/raoul/Documents/QEES/lab1.3/install/artificial_load/bin'
[13.327s] Level 1:colcon.colcon_core.environment:checking '/home/raoul/Documents/QEES/lab1.3/install/artificial_load/lib/pkgconfig/artificial_load.pc'
[13.328s] Level 1:colcon.colcon_core.environment:checking '/home/raoul/Documents/QEES/lab1.3/install/artificial_load/lib/python3.6/site-packages'
[13.328s] Level 1:colcon.colcon_core.environment:checking '/home/raoul/Documents/QEES/lab1.3/install/artificial_load/bin'
[13.329s] INFO:colcon.colcon_core.shell:Creating package script '/home/raoul/Documents/QEES/lab1.3/install/artificial_load/share/artificial_load/package.ps1'
[13.331s] INFO:colcon.colcon_core.shell:Creating package descriptor '/home/raoul/Documents/QEES/lab1.3/install/artificial_load/share/artificial_load/package.dsv'
[13.332s] INFO:colcon.colcon_core.shell:Creating package script '/home/raoul/Documents/QEES/lab1.3/install/artificial_load/share/artificial_load/package.sh'
[13.333s] INFO:colcon.colcon_core.shell:Creating package script '/home/raoul/Documents/QEES/lab1.3/install/artificial_load/share/artificial_load/package.bash'
[13.334s] INFO:colcon.colcon_core.shell:Creating package script '/home/raoul/Documents/QEES/lab1.3/install/artificial_load/share/artificial_load/package.zsh'
[13.335s] Level 1:colcon.colcon_core.environment:create_file_with_runtime_dependencies(/home/raoul/Documents/QEES/lab1.3/install/artificial_load/share/colcon-core/packages/artificial_load)
[13.350s] Level 1:colcon.colcon_core.environment:create_environment_scripts_only(intraprocess_eval)
[13.351s] Level 1:colcon.colcon_core.environment:checking '/home/raoul/Documents/QEES/lab1.3/install/intraprocess_eval' for CMake module files
[13.352s] Level 1:colcon.colcon_core.environment:checking '/home/raoul/Documents/QEES/lab1.3/install/intraprocess_eval' for CMake config files
[13.353s] Level 1:colcon.colcon_core.shell:create_environment_hook('intraprocess_eval', 'cmake_prefix_path')
[13.354s] INFO:colcon.colcon_core.shell:Creating environment hook '/home/raoul/Documents/QEES/lab1.3/install/intraprocess_eval/share/intraprocess_eval/hook/cmake_prefix_path.ps1'
[13.355s] INFO:colcon.colcon_core.shell:Creating environment descriptor '/home/raoul/Documents/QEES/lab1.3/install/intraprocess_eval/share/intraprocess_eval/hook/cmake_prefix_path.dsv'
[13.356s] INFO:colcon.colcon_core.shell:Creating environment hook '/home/raoul/Documents/QEES/lab1.3/install/intraprocess_eval/share/intraprocess_eval/hook/cmake_prefix_path.sh'
[13.358s] Level 1:colcon.colcon_core.environment:checking '/home/raoul/Documents/QEES/lab1.3/install/intraprocess_eval/lib'
[13.358s] Level 1:colcon.colcon_core.environment:checking '/home/raoul/Documents/QEES/lab1.3/install/intraprocess_eval/bin'
[13.358s] Level 1:colcon.colcon_core.environment:checking '/home/raoul/Documents/QEES/lab1.3/install/intraprocess_eval/lib/pkgconfig/intraprocess_eval.pc'
[13.359s] Level 1:colcon.colcon_core.environment:checking '/home/raoul/Documents/QEES/lab1.3/install/intraprocess_eval/lib/python3.6/site-packages'
[13.359s] Level 1:colcon.colcon_core.environment:checking '/home/raoul/Documents/QEES/lab1.3/install/intraprocess_eval/bin'
[13.360s] INFO:colcon.colcon_core.shell:Creating package script '/home/raoul/Documents/QEES/lab1.3/install/intraprocess_eval/share/intraprocess_eval/package.ps1'
[13.361s] INFO:colcon.colcon_core.shell:Creating package descriptor '/home/raoul/Documents/QEES/lab1.3/install/intraprocess_eval/share/intraprocess_eval/package.dsv'
[13.363s] INFO:colcon.colcon_core.shell:Creating package script '/home/raoul/Documents/QEES/lab1.3/install/intraprocess_eval/share/intraprocess_eval/package.sh'
[13.364s] INFO:colcon.colcon_core.shell:Creating package script '/home/raoul/Documents/QEES/lab1.3/install/intraprocess_eval/share/intraprocess_eval/package.bash'
[13.365s] INFO:colcon.colcon_core.shell:Creating package script '/home/raoul/Documents/QEES/lab1.3/install/intraprocess_eval/share/intraprocess_eval/package.zsh'
[13.365s] Level 1:colcon.colcon_core.environment:create_file_with_runtime_dependencies(/home/raoul/Documents/QEES/lab1.3/install/intraprocess_eval/share/colcon-core/packages/intraprocess_eval)
[13.385s] Level 1:colcon.colcon_core.environment:create_environment_scripts_only(interprocess_remote_eval)
[13.385s] Level 1:colcon.colcon_core.environment:checking '/home/raoul/Documents/QEES/lab1.3/install/interprocess_remote_eval' for CMake module files
[13.386s] Level 1:colcon.colcon_core.environment:checking '/home/raoul/Documents/QEES/lab1.3/install/interprocess_remote_eval' for CMake config files
[13.387s] Level 1:colcon.colcon_core.shell:create_environment_hook('interprocess_remote_eval', 'cmake_prefix_path')
[13.387s] INFO:colcon.colcon_core.shell:Creating environment hook '/home/raoul/Documents/QEES/lab1.3/install/interprocess_remote_eval/share/interprocess_remote_eval/hook/cmake_prefix_path.ps1'
[13.388s] INFO:colcon.colcon_core.shell:Creating environment descriptor '/home/raoul/Documents/QEES/lab1.3/install/interprocess_remote_eval/share/interprocess_remote_eval/hook/cmake_prefix_path.dsv'
[13.389s] INFO:colcon.colcon_core.shell:Creating environment hook '/home/raoul/Documents/QEES/lab1.3/install/interprocess_remote_eval/share/interprocess_remote_eval/hook/cmake_prefix_path.sh'
[13.390s] Level 1:colcon.colcon_core.environment:checking '/home/raoul/Documents/QEES/lab1.3/install/interprocess_remote_eval/lib'
[13.390s] Level 1:colcon.colcon_core.environment:checking '/home/raoul/Documents/QEES/lab1.3/install/interprocess_remote_eval/bin'
[13.390s] Level 1:colcon.colcon_core.environment:checking '/home/raoul/Documents/QEES/lab1.3/install/interprocess_remote_eval/lib/pkgconfig/interprocess_remote_eval.pc'
[13.391s] Level 1:colcon.colcon_core.environment:checking '/home/raoul/Documents/QEES/lab1.3/install/interprocess_remote_eval/lib/python3.6/site-packages'
[13.391s] Level 1:colcon.colcon_core.environment:checking '/home/raoul/Documents/QEES/lab1.3/install/interprocess_remote_eval/bin'
[13.391s] INFO:colcon.colcon_core.shell:Creating package script '/home/raoul/Documents/QEES/lab1.3/install/interprocess_remote_eval/share/interprocess_remote_eval/package.ps1'
[13.392s] INFO:colcon.colcon_core.shell:Creating package descriptor '/home/raoul/Documents/QEES/lab1.3/install/interprocess_remote_eval/share/interprocess_remote_eval/package.dsv'
[13.393s] INFO:colcon.colcon_core.shell:Creating package script '/home/raoul/Documents/QEES/lab1.3/install/interprocess_remote_eval/share/interprocess_remote_eval/package.sh'
[13.394s] INFO:colcon.colcon_core.shell:Creating package script '/home/raoul/Documents/QEES/lab1.3/install/interprocess_remote_eval/share/interprocess_remote_eval/package.bash'
[13.394s] INFO:colcon.colcon_core.shell:Creating package script '/home/raoul/Documents/QEES/lab1.3/install/interprocess_remote_eval/share/interprocess_remote_eval/package.zsh'
[13.395s] Level 1:colcon.colcon_core.environment:create_file_with_runtime_dependencies(/home/raoul/Documents/QEES/lab1.3/install/interprocess_remote_eval/share/colcon-core/packages/interprocess_remote_eval)
[20.411s] DEBUG:colcon.colcon_core.event_handler.log_command:Invoked command in '/home/raoul/Documents/QEES/lab1.3/build/interprocess_eval' returned '0': CMAKE_PREFIX_PATH=/opt/ros/dashing /usr/bin/cmake --build /home/raoul/Documents/QEES/lab1.3/build/interprocess_eval -- -j8 -l8
[20.486s] DEBUG:colcon.colcon_core.event_handler.log_command:Invoking command in '/home/raoul/Documents/QEES/lab1.3/build/interprocess_eval': CMAKE_PREFIX_PATH=/opt/ros/dashing /usr/bin/cmake --build /home/raoul/Documents/QEES/lab1.3/build/interprocess_eval --target install -- -j8 -l8
[21.691s] Level 1:colcon.colcon_core.environment:create_environment_scripts_only(interprocess_eval)
[21.692s] Level 1:colcon.colcon_core.environment:checking '/home/raoul/Documents/QEES/lab1.3/install/interprocess_eval' for CMake module files
[21.694s] DEBUG:colcon.colcon_core.event_handler.log_command:Invoked command in '/home/raoul/Documents/QEES/lab1.3/build/interprocess_eval' returned '0': CMAKE_PREFIX_PATH=/opt/ros/dashing /usr/bin/cmake --build /home/raoul/Documents/QEES/lab1.3/build/interprocess_eval --target install -- -j8 -l8
[21.694s] Level 1:colcon.colcon_core.environment:checking '/home/raoul/Documents/QEES/lab1.3/install/interprocess_eval' for CMake config files
[21.698s] Level 1:colcon.colcon_core.shell:create_environment_hook('interprocess_eval', 'cmake_prefix_path')
[21.699s] INFO:colcon.colcon_core.shell:Creating environment hook '/home/raoul/Documents/QEES/lab1.3/install/interprocess_eval/share/interprocess_eval/hook/cmake_prefix_path.ps1'
[21.700s] INFO:colcon.colcon_core.shell:Creating environment descriptor '/home/raoul/Documents/QEES/lab1.3/install/interprocess_eval/share/interprocess_eval/hook/cmake_prefix_path.dsv'
[21.701s] INFO:colcon.colcon_core.shell:Creating environment hook '/home/raoul/Documents/QEES/lab1.3/install/interprocess_eval/share/interprocess_eval/hook/cmake_prefix_path.sh'
[21.702s] Level 1:colcon.colcon_core.environment:checking '/home/raoul/Documents/QEES/lab1.3/install/interprocess_eval/lib'
[21.702s] Level 1:colcon.colcon_core.environment:checking '/home/raoul/Documents/QEES/lab1.3/install/interprocess_eval/bin'
[21.702s] Level 1:colcon.colcon_core.environment:checking '/home/raoul/Documents/QEES/lab1.3/install/interprocess_eval/lib/pkgconfig/interprocess_eval.pc'
[21.703s] Level 1:colcon.colcon_core.environment:checking '/home/raoul/Documents/QEES/lab1.3/install/interprocess_eval/lib/python3.6/site-packages'
[21.703s] Level 1:colcon.colcon_core.environment:checking '/home/raoul/Documents/QEES/lab1.3/install/interprocess_eval/bin'
[21.704s] INFO:colcon.colcon_core.shell:Creating package script '/home/raoul/Documents/QEES/lab1.3/install/interprocess_eval/share/interprocess_eval/package.ps1'
[21.704s] INFO:colcon.colcon_core.shell:Creating package descriptor '/home/raoul/Documents/QEES/lab1.3/install/interprocess_eval/share/interprocess_eval/package.dsv'
[21.705s] INFO:colcon.colcon_core.shell:Creating package script '/home/raoul/Documents/QEES/lab1.3/install/interprocess_eval/share/interprocess_eval/package.sh'
[21.706s] INFO:colcon.colcon_core.shell:Creating package script '/home/raoul/Documents/QEES/lab1.3/install/interprocess_eval/share/interprocess_eval/package.bash'
[21.706s] INFO:colcon.colcon_core.shell:Creating package script '/home/raoul/Documents/QEES/lab1.3/install/interprocess_eval/share/interprocess_eval/package.zsh'
[21.707s] Level 1:colcon.colcon_core.environment:create_file_with_runtime_dependencies(/home/raoul/Documents/QEES/lab1.3/install/interprocess_eval/share/colcon-core/packages/interprocess_eval)
[21.779s] Level 1:colcon.colcon_core.environment:create_environment_scripts_only(interprocess_eval)
[21.780s] Level 1:colcon.colcon_core.environment:checking '/home/raoul/Documents/QEES/lab1.3/install/interprocess_eval' for CMake module files
[21.781s] Level 1:colcon.colcon_core.environment:checking '/home/raoul/Documents/QEES/lab1.3/install/interprocess_eval' for CMake config files
[21.782s] Level 1:colcon.colcon_core.shell:create_environment_hook('interprocess_eval', 'cmake_prefix_path')
[21.782s] INFO:colcon.colcon_core.shell:Creating environment hook '/home/raoul/Documents/QEES/lab1.3/install/interprocess_eval/share/interprocess_eval/hook/cmake_prefix_path.ps1'
[21.783s] INFO:colcon.colcon_core.shell:Creating environment descriptor '/home/raoul/Documents/QEES/lab1.3/install/interprocess_eval/share/interprocess_eval/hook/cmake_prefix_path.dsv'
[21.783s] INFO:colcon.colcon_core.shell:Creating environment hook '/home/raoul/Documents/QEES/lab1.3/install/interprocess_eval/share/interprocess_eval/hook/cmake_prefix_path.sh'
[21.785s] Level 1:colcon.colcon_core.environment:checking '/home/raoul/Documents/QEES/lab1.3/install/interprocess_eval/lib'
[21.785s] Level 1:colcon.colcon_core.environment:checking '/home/raoul/Documents/QEES/lab1.3/install/interprocess_eval/bin'
[21.785s] Level 1:colcon.colcon_core.environment:checking '/home/raoul/Documents/QEES/lab1.3/install/interprocess_eval/lib/pkgconfig/interprocess_eval.pc'
[21.786s] Level 1:colcon.colcon_core.environment:checking '/home/raoul/Documents/QEES/lab1.3/install/interprocess_eval/lib/python3.6/site-packages'
[21.786s] Level 1:colcon.colcon_core.environment:checking '/home/raoul/Documents/QEES/lab1.3/install/interprocess_eval/bin'
[21.786s] INFO:colcon.colcon_core.shell:Creating package script '/home/raoul/Documents/QEES/lab1.3/install/interprocess_eval/share/interprocess_eval/package.ps1'
[21.788s] INFO:colcon.colcon_core.shell:Creating package descriptor '/home/raoul/Documents/QEES/lab1.3/install/interprocess_eval/share/interprocess_eval/package.dsv'
[21.788s] INFO:colcon.colcon_core.shell:Creating package script '/home/raoul/Documents/QEES/lab1.3/install/interprocess_eval/share/interprocess_eval/package.sh'
[21.789s] INFO:colcon.colcon_core.shell:Creating package script '/home/raoul/Documents/QEES/lab1.3/install/interprocess_eval/share/interprocess_eval/package.bash'
[21.790s] INFO:colcon.colcon_core.shell:Creating package script '/home/raoul/Documents/QEES/lab1.3/install/interprocess_eval/share/interprocess_eval/package.zsh'
[21.790s] Level 1:colcon.colcon_core.environment:create_file_with_runtime_dependencies(/home/raoul/Documents/QEES/lab1.3/install/interprocess_eval/share/colcon-core/packages/interprocess_eval)
[21.791s] DEBUG:colcon.colcon_parallel_executor.executor.parallel:closing loop
[21.793s] DEBUG:colcon.colcon_parallel_executor.executor.parallel:loop closed
[21.793s] DEBUG:colcon.colcon_parallel_executor.executor.parallel:run_until_complete finished with '0'
[21.793s] DEBUG:colcon.colcon_core.event_reactor:joining thread
[22.143s] INFO:colcon.colcon_core.plugin_system:Skipping extension 'colcon_notification.desktop_notification.terminal_notifier': Not used on non-Darwin systems
[22.143s] INFO:colcon.colcon_core.plugin_system:Skipping extension 'colcon_notification.desktop_notification.win32': Not used on non-Windows systems
[22.143s] INFO:colcon.colcon_notification.desktop_notification:Sending desktop notification using 'notify2'
[22.462s] DEBUG:colcon.colcon_core.event_reactor:joined thread
[22.463s] INFO:colcon.colcon_core.shell:Creating prefix script '/home/raoul/Documents/QEES/lab1.3/install/local_setup.ps1'
[22.674s] INFO:colcon.colcon_core.shell:Creating prefix util module '/home/raoul/Documents/QEES/lab1.3/install/_local_setup_util_ps1.py'
[22.982s] INFO:colcon.colcon_core.shell:Creating prefix chain script '/home/raoul/Documents/QEES/lab1.3/install/setup.ps1'
[22.991s] INFO:colcon.colcon_core.shell:Creating prefix script '/home/raoul/Documents/QEES/lab1.3/install/local_setup.sh'
[22.992s] INFO:colcon.colcon_core.shell:Creating prefix util module '/home/raoul/Documents/QEES/lab1.3/install/_local_setup_util_sh.py'
[22.993s] INFO:colcon.colcon_core.shell:Creating prefix chain script '/home/raoul/Documents/QEES/lab1.3/install/setup.sh'
[23.002s] INFO:colcon.colcon_core.shell:Creating prefix script '/home/raoul/Documents/QEES/lab1.3/install/local_setup.bash'
[23.082s] INFO:colcon.colcon_core.shell:Creating prefix chain script '/home/raoul/Documents/QEES/lab1.3/install/setup.bash'
[23.084s] INFO:colcon.colcon_core.shell:Creating prefix script '/home/raoul/Documents/QEES/lab1.3/install/local_setup.zsh'
[23.156s] INFO:colcon.colcon_core.shell:Creating prefix chain script '/home/raoul/Documents/QEES/lab1.3/install/setup.zsh'
