[0.329s] Invoking command in '/home/raoul/Documents/QEES/lab3/src/petrinet': PYTHONPATH=/home/raoul/Documents/QEES/lab3/install/petrinet/lib/python3.6/site-packages:${PYTHONPATH} /usr/bin/python3 setup.py egg_info --egg-base ../../build/petrinet build --build-base /home/raoul/Documents/QEES/lab3/build/petrinet/build install --prefix /home/raoul/Documents/QEES/lab3/install/petrinet --record /home/raoul/Documents/QEES/lab3/build/petrinet/install.log --single-version-externally-managed
[0.629s] running egg_info
[0.630s] writing ../../build/petrinet/petrinet.egg-info/PKG-INFO
[0.630s] writing dependency_links to ../../build/petrinet/petrinet.egg-info/dependency_links.txt
[0.631s] writing entry points to ../../build/petrinet/petrinet.egg-info/entry_points.txt
[0.631s] writing requirements to ../../build/petrinet/petrinet.egg-info/requires.txt
[0.631s] writing top-level names to ../../build/petrinet/petrinet.egg-info/top_level.txt
[0.677s] reading manifest file '../../build/petrinet/petrinet.egg-info/SOURCES.txt'
[0.679s] writing manifest file '../../build/petrinet/petrinet.egg-info/SOURCES.txt'
[0.679s] running build
[0.679s] running build_py
[0.679s] running install
[0.680s] running install_lib
[0.681s] running install_data
[0.682s] running install_egg_info
[0.684s] removing '/home/raoul/Documents/QEES/lab3/install/petrinet/lib/python3.6/site-packages/petrinet-0.10.1-py3.6.egg-info' (and everything under it)
[0.685s] Copying ../../build/petrinet/petrinet.egg-info to /home/raoul/Documents/QEES/lab3/install/petrinet/lib/python3.6/site-packages/petrinet-0.10.1-py3.6.egg-info
[0.686s] running install_scripts
[0.711s] Installing node script to /home/raoul/Documents/QEES/lab3/install/petrinet/lib/petrinet
[0.712s] Installing node2 script to /home/raoul/Documents/QEES/lab3/install/petrinet/lib/petrinet
[0.712s] writing list of installed files to '/home/raoul/Documents/QEES/lab3/build/petrinet/install.log'
[0.738s] Invoked command in '/home/raoul/Documents/QEES/lab3/src/petrinet' returned '0': PYTHONPATH=/home/raoul/Documents/QEES/lab3/install/petrinet/lib/python3.6/site-packages:${PYTHONPATH} /usr/bin/python3 setup.py egg_info --egg-base ../../build/petrinet build --build-base /home/raoul/Documents/QEES/lab3/build/petrinet/build install --prefix /home/raoul/Documents/QEES/lab3/install/petrinet --record /home/raoul/Documents/QEES/lab3/build/petrinet/install.log --single-version-externally-managed
