[0.034s] Invoking command in '/home/raoul/Documents/QEES/lab1.4/build/artificial_load': CMAKE_PREFIX_PATH=${CMAKE_PREFIX_PATH}:/opt/ros/dashing /usr/bin/cmake --build /home/raoul/Documents/QEES/lab1.4/build/artificial_load -- -j4 -l4
[0.204s] [100%] Built target CPU_load
[0.220s] Invoked command in '/home/raoul/Documents/QEES/lab1.4/build/artificial_load' returned '0': CMAKE_PREFIX_PATH=${CMAKE_PREFIX_PATH}:/opt/ros/dashing /usr/bin/cmake --build /home/raoul/Documents/QEES/lab1.4/build/artificial_load -- -j4 -l4
[1.382s] Invoking command in '/home/raoul/Documents/QEES/lab1.4/build/artificial_load': CMAKE_PREFIX_PATH=${CMAKE_PREFIX_PATH}:/opt/ros/dashing /usr/bin/cmake --build /home/raoul/Documents/QEES/lab1.4/build/artificial_load --target install -- -j4 -l4
[1.770s] [100%] Built target CPU_load
[1.863s] [36mInstall the project...[0m
[1.906s] -- Install configuration: ""
[1.907s] -- Execute custom install script
[1.908s] -- Up-to-date symlink: /home/raoul/Documents/QEES/lab1.4/install/artificial_load/lib/artificial_load/CPU_load
[1.908s] -- Up-to-date symlink: /home/raoul/Documents/QEES/lab1.4/install/artificial_load/share/ament_index/resource_index/package_run_dependencies/artificial_load
[1.913s] -- Up-to-date symlink: /home/raoul/Documents/QEES/lab1.4/install/artificial_load/share/ament_index/resource_index/parent_prefix_path/artificial_load
[1.913s] -- Up-to-date symlink: /home/raoul/Documents/QEES/lab1.4/install/artificial_load/share/artificial_load/environment/ament_prefix_path.sh
[1.913s] -- Up-to-date symlink: /home/raoul/Documents/QEES/lab1.4/install/artificial_load/share/artificial_load/environment/path.sh
[1.913s] -- Up-to-date symlink: /home/raoul/Documents/QEES/lab1.4/install/artificial_load/share/artificial_load/local_setup.bash
[1.913s] -- Up-to-date symlink: /home/raoul/Documents/QEES/lab1.4/install/artificial_load/share/artificial_load/local_setup.sh
[1.927s] -- Up-to-date symlink: /home/raoul/Documents/QEES/lab1.4/install/artificial_load/share/artificial_load/local_setup.zsh
[1.928s] -- Up-to-date symlink: /home/raoul/Documents/QEES/lab1.4/install/artificial_load/share/ament_index/resource_index/packages/artificial_load
[1.928s] -- Up-to-date symlink: /home/raoul/Documents/QEES/lab1.4/install/artificial_load/share/artificial_load/cmake/artificial_loadConfig.cmake
[1.929s] -- Up-to-date symlink: /home/raoul/Documents/QEES/lab1.4/install/artificial_load/share/artificial_load/cmake/artificial_loadConfig-version.cmake
[1.929s] -- Up-to-date symlink: /home/raoul/Documents/QEES/lab1.4/install/artificial_load/share/artificial_load/package.xml
[1.939s] Invoked command in '/home/raoul/Documents/QEES/lab1.4/build/artificial_load' returned '0': CMAKE_PREFIX_PATH=${CMAKE_PREFIX_PATH}:/opt/ros/dashing /usr/bin/cmake --build /home/raoul/Documents/QEES/lab1.4/build/artificial_load --target install -- -j4 -l4
