Determining if the pthread_create exist failed with the following output:
Change Dir: /home/raoul/Documents/QEES/lab1.2/build/artificial_load/CMakeFiles/CMakeTmp

Run Build Command:"/usr/bin/make" "cmTC_d7721/fast"
/usr/bin/make -f CMakeFiles/cmTC_d7721.dir/build.make CMakeFiles/cmTC_d7721.dir/build
make[1]: Entering directory '/home/raoul/Documents/QEES/lab1.2/build/artificial_load/CMakeFiles/CMakeTmp'
Building C object CMakeFiles/cmTC_d7721.dir/CheckSymbolExists.c.o
/usr/bin/cc    -o CMakeFiles/cmTC_d7721.dir/CheckSymbolExists.c.o   -c /home/raoul/Documents/QEES/lab1.2/build/artificial_load/CMakeFiles/CMakeTmp/CheckSymbolExists.c
Linking C executable cmTC_d7721
/usr/bin/cmake -E cmake_link_script CMakeFiles/cmTC_d7721.dir/link.txt --verbose=1
/usr/bin/cc      CMakeFiles/cmTC_d7721.dir/CheckSymbolExists.c.o  -o cmTC_d7721 
CMakeFiles/cmTC_d7721.dir/CheckSymbolExists.c.o: In function `main':
CheckSymbolExists.c:(.text+0x1b): undefined reference to `pthread_create'
collect2: error: ld returned 1 exit status
CMakeFiles/cmTC_d7721.dir/build.make:97: recipe for target 'cmTC_d7721' failed
make[1]: *** [cmTC_d7721] Error 1
make[1]: Leaving directory '/home/raoul/Documents/QEES/lab1.2/build/artificial_load/CMakeFiles/CMakeTmp'
Makefile:126: recipe for target 'cmTC_d7721/fast' failed
make: *** [cmTC_d7721/fast] Error 2

File /home/raoul/Documents/QEES/lab1.2/build/artificial_load/CMakeFiles/CMakeTmp/CheckSymbolExists.c:
/* */
#include <pthread.h>

int main(int argc, char** argv)
{
  (void)argv;
#ifndef pthread_create
  return ((int*)(&pthread_create))[argc];
#else
  (void)argc;
  return 0;
#endif
}

Determining if the function pthread_create exists in the pthreads failed with the following output:
Change Dir: /home/raoul/Documents/QEES/lab1.2/build/artificial_load/CMakeFiles/CMakeTmp

Run Build Command:"/usr/bin/make" "cmTC_22e0e/fast"
/usr/bin/make -f CMakeFiles/cmTC_22e0e.dir/build.make CMakeFiles/cmTC_22e0e.dir/build
make[1]: Entering directory '/home/raoul/Documents/QEES/lab1.2/build/artificial_load/CMakeFiles/CMakeTmp'
Building C object CMakeFiles/cmTC_22e0e.dir/CheckFunctionExists.c.o
/usr/bin/cc   -DCHECK_FUNCTION_EXISTS=pthread_create   -o CMakeFiles/cmTC_22e0e.dir/CheckFunctionExists.c.o   -c /usr/share/cmake-3.10/Modules/CheckFunctionExists.c
Linking C executable cmTC_22e0e
/usr/bin/cmake -E cmake_link_script CMakeFiles/cmTC_22e0e.dir/link.txt --verbose=1
/usr/bin/cc  -DCHECK_FUNCTION_EXISTS=pthread_create    CMakeFiles/cmTC_22e0e.dir/CheckFunctionExists.c.o  -o cmTC_22e0e -lpthreads 
/usr/bin/ld: cannot find -lpthreads
collect2: error: ld returned 1 exit status
CMakeFiles/cmTC_22e0e.dir/build.make:97: recipe for target 'cmTC_22e0e' failed
make[1]: *** [cmTC_22e0e] Error 1
make[1]: Leaving directory '/home/raoul/Documents/QEES/lab1.2/build/artificial_load/CMakeFiles/CMakeTmp'
Makefile:126: recipe for target 'cmTC_22e0e/fast' failed
make: *** [cmTC_22e0e/fast] Error 2


