[0.100s] DEBUG:colcon:Command line arguments: ['/usr/bin/colcon', 'build', '--symlink-install']
[0.100s] DEBUG:colcon:Parsed command line arguments: Namespace(allow_overriding=[], ament_cmake_args=None, base_paths=['.'], build_base='build', catkin_cmake_args=None, catkin_skip_building_tests=False, cmake_args=None, cmake_clean_cache=False, cmake_clean_first=False, cmake_force_configure=False, cmake_target=None, cmake_target_skip_unavailable=False, continue_on_error=False, event_handlers=None, executor='parallel', ignore_user_meta=False, install_base='install', log_base=None, log_level=None, main=<bound method BuildVerb.main of <colcon_core.verb.build.BuildVerb object at 0x7f0d5eee75f8>>, merge_install=False, metas=['./colcon.meta'], packages_above=None, packages_above_and_dependencies=None, packages_above_depth=None, packages_end=None, packages_ignore=None, packages_ignore_regex=None, packages_select=None, packages_select_build_failed=False, packages_select_by_dep=None, packages_select_regex=None, packages_select_test_failures=False, packages_skip=None, packages_skip_build_finished=False, packages_skip_by_dep=None, packages_skip_regex=None, packages_skip_test_passed=False, packages_skip_up_to=None, packages_start=None, packages_up_to=None, packages_up_to_regex=None, parallel_workers=4, paths=None, symlink_install=True, test_result_base=None, verb_extension=<colcon_core.verb.build.BuildVerb object at 0x7f0d5eee75f8>, verb_name='build', verb_parser=<colcon_defaults.argument_parser.defaults.DefaultArgumentsDecorator object at 0x7f0d5eee7940>)
[0.121s] Level 1:colcon.colcon_core.package_discovery:discover_packages(colcon_meta) check parameters
[0.121s] Level 1:colcon.colcon_core.package_discovery:discover_packages(recursive) check parameters
[0.121s] Level 1:colcon.colcon_core.package_discovery:discover_packages(ignore) check parameters
[0.121s] Level 1:colcon.colcon_core.package_discovery:discover_packages(path) check parameters
[0.121s] Level 1:colcon.colcon_core.package_discovery:discover_packages(colcon_meta) discover
[0.122s] Level 1:colcon.colcon_core.package_discovery:discover_packages(recursive) discover
[0.122s] INFO:colcon.colcon_core.package_discovery:Crawling recursively for packages in '/home/raoul/Documents/QEES/lab1.4'
[0.122s] Level 1:colcon.colcon_core.package_identification:_identify(.) by extensions ['ignore', 'ignore_ament_install']
[0.122s] Level 1:colcon.colcon_core.package_identification:_identify(.) by extension 'ignore'
[0.122s] Level 1:colcon.colcon_core.package_identification:_identify(.) by extension 'ignore_ament_install'
[0.122s] Level 1:colcon.colcon_core.package_identification:_identify(.) by extensions ['colcon_pkg']
[0.122s] Level 1:colcon.colcon_core.package_identification:_identify(.) by extension 'colcon_pkg'
[0.122s] Level 1:colcon.colcon_core.package_identification:_identify(.) by extensions ['colcon_meta']
[0.122s] Level 1:colcon.colcon_core.package_identification:_identify(.) by extension 'colcon_meta'
[0.122s] Level 1:colcon.colcon_core.package_identification:_identify(.) by extensions ['ros']
[0.122s] Level 1:colcon.colcon_core.package_identification:_identify(.) by extension 'ros'
[0.130s] Level 1:colcon.colcon_core.package_identification:_identify(.) by extensions ['cmake', 'python']
[0.130s] Level 1:colcon.colcon_core.package_identification:_identify(.) by extension 'cmake'
[0.130s] Level 1:colcon.colcon_core.package_identification:_identify(.) by extension 'python'
[0.130s] Level 1:colcon.colcon_core.package_identification:_identify(.) by extensions ['python_setup_py']
[0.130s] Level 1:colcon.colcon_core.package_identification:_identify(.) by extension 'python_setup_py'
[0.131s] Level 1:colcon.colcon_core.package_identification:_identify(build) by extensions ['ignore', 'ignore_ament_install']
[0.131s] Level 1:colcon.colcon_core.package_identification:_identify(build) by extension 'ignore'
[0.131s] Level 1:colcon.colcon_core.package_identification:_identify(build) ignored
[0.131s] Level 1:colcon.colcon_core.package_identification:_identify(evaluation) by extensions ['ignore', 'ignore_ament_install']
[0.131s] Level 1:colcon.colcon_core.package_identification:_identify(evaluation) by extension 'ignore'
[0.131s] Level 1:colcon.colcon_core.package_identification:_identify(evaluation) by extension 'ignore_ament_install'
[0.131s] Level 1:colcon.colcon_core.package_identification:_identify(evaluation) by extensions ['colcon_pkg']
[0.131s] Level 1:colcon.colcon_core.package_identification:_identify(evaluation) by extension 'colcon_pkg'
[0.131s] Level 1:colcon.colcon_core.package_identification:_identify(evaluation) by extensions ['colcon_meta']
[0.131s] Level 1:colcon.colcon_core.package_identification:_identify(evaluation) by extension 'colcon_meta'
[0.131s] Level 1:colcon.colcon_core.package_identification:_identify(evaluation) by extensions ['ros']
[0.131s] Level 1:colcon.colcon_core.package_identification:_identify(evaluation) by extension 'ros'
[0.131s] Level 1:colcon.colcon_core.package_identification:_identify(evaluation) by extensions ['cmake', 'python']
[0.131s] Level 1:colcon.colcon_core.package_identification:_identify(evaluation) by extension 'cmake'
[0.131s] Level 1:colcon.colcon_core.package_identification:_identify(evaluation) by extension 'python'
[0.131s] Level 1:colcon.colcon_core.package_identification:_identify(evaluation) by extensions ['python_setup_py']
[0.132s] Level 1:colcon.colcon_core.package_identification:_identify(evaluation) by extension 'python_setup_py'
[0.132s] Level 1:colcon.colcon_core.package_identification:_identify(evaluation/byte_data) by extensions ['ignore', 'ignore_ament_install']
[0.132s] Level 1:colcon.colcon_core.package_identification:_identify(evaluation/byte_data) by extension 'ignore'
[0.132s] Level 1:colcon.colcon_core.package_identification:_identify(evaluation/byte_data) by extension 'ignore_ament_install'
[0.132s] Level 1:colcon.colcon_core.package_identification:_identify(evaluation/byte_data) by extensions ['colcon_pkg']
[0.132s] Level 1:colcon.colcon_core.package_identification:_identify(evaluation/byte_data) by extension 'colcon_pkg'
[0.132s] Level 1:colcon.colcon_core.package_identification:_identify(evaluation/byte_data) by extensions ['colcon_meta']
[0.132s] Level 1:colcon.colcon_core.package_identification:_identify(evaluation/byte_data) by extension 'colcon_meta'
[0.132s] Level 1:colcon.colcon_core.package_identification:_identify(evaluation/byte_data) by extensions ['ros']
[0.132s] Level 1:colcon.colcon_core.package_identification:_identify(evaluation/byte_data) by extension 'ros'
[0.132s] Level 1:colcon.colcon_core.package_identification:_identify(evaluation/byte_data) by extensions ['cmake', 'python']
[0.132s] Level 1:colcon.colcon_core.package_identification:_identify(evaluation/byte_data) by extension 'cmake'
[0.132s] Level 1:colcon.colcon_core.package_identification:_identify(evaluation/byte_data) by extension 'python'
[0.132s] Level 1:colcon.colcon_core.package_identification:_identify(evaluation/byte_data) by extensions ['python_setup_py']
[0.132s] Level 1:colcon.colcon_core.package_identification:_identify(evaluation/byte_data) by extension 'python_setup_py'
[0.132s] Level 1:colcon.colcon_core.package_identification:_identify(evaluation/convert_msg) by extensions ['ignore', 'ignore_ament_install']
[0.132s] Level 1:colcon.colcon_core.package_identification:_identify(evaluation/convert_msg) by extension 'ignore'
[0.132s] Level 1:colcon.colcon_core.package_identification:_identify(evaluation/convert_msg) by extension 'ignore_ament_install'
[0.132s] Level 1:colcon.colcon_core.package_identification:_identify(evaluation/convert_msg) by extensions ['colcon_pkg']
[0.132s] Level 1:colcon.colcon_core.package_identification:_identify(evaluation/convert_msg) by extension 'colcon_pkg'
[0.132s] Level 1:colcon.colcon_core.package_identification:_identify(evaluation/convert_msg) by extensions ['colcon_meta']
[0.133s] Level 1:colcon.colcon_core.package_identification:_identify(evaluation/convert_msg) by extension 'colcon_meta'
[0.133s] Level 1:colcon.colcon_core.package_identification:_identify(evaluation/convert_msg) by extensions ['ros']
[0.133s] Level 1:colcon.colcon_core.package_identification:_identify(evaluation/convert_msg) by extension 'ros'
[0.133s] Level 1:colcon.colcon_core.package_identification:_identify(evaluation/convert_msg) by extensions ['cmake', 'python']
[0.133s] Level 1:colcon.colcon_core.package_identification:_identify(evaluation/convert_msg) by extension 'cmake'
[0.133s] Level 1:colcon.colcon_core.package_identification:_identify(evaluation/convert_msg) by extension 'python'
[0.133s] Level 1:colcon.colcon_core.package_identification:_identify(evaluation/convert_msg) by extensions ['python_setup_py']
[0.133s] Level 1:colcon.colcon_core.package_identification:_identify(evaluation/convert_msg) by extension 'python_setup_py'
[0.133s] Level 1:colcon.colcon_core.package_identification:_identify(evaluation/dds_time) by extensions ['ignore', 'ignore_ament_install']
[0.133s] Level 1:colcon.colcon_core.package_identification:_identify(evaluation/dds_time) by extension 'ignore'
[0.133s] Level 1:colcon.colcon_core.package_identification:_identify(evaluation/dds_time) by extension 'ignore_ament_install'
[0.133s] Level 1:colcon.colcon_core.package_identification:_identify(evaluation/dds_time) by extensions ['colcon_pkg']
[0.133s] Level 1:colcon.colcon_core.package_identification:_identify(evaluation/dds_time) by extension 'colcon_pkg'
[0.133s] Level 1:colcon.colcon_core.package_identification:_identify(evaluation/dds_time) by extensions ['colcon_meta']
[0.133s] Level 1:colcon.colcon_core.package_identification:_identify(evaluation/dds_time) by extension 'colcon_meta'
[0.133s] Level 1:colcon.colcon_core.package_identification:_identify(evaluation/dds_time) by extensions ['ros']
[0.133s] Level 1:colcon.colcon_core.package_identification:_identify(evaluation/dds_time) by extension 'ros'
[0.133s] Level 1:colcon.colcon_core.package_identification:_identify(evaluation/dds_time) by extensions ['cmake', 'python']
[0.133s] Level 1:colcon.colcon_core.package_identification:_identify(evaluation/dds_time) by extension 'cmake'
[0.133s] Level 1:colcon.colcon_core.package_identification:_identify(evaluation/dds_time) by extension 'python'
[0.134s] Level 1:colcon.colcon_core.package_identification:_identify(evaluation/dds_time) by extensions ['python_setup_py']
[0.134s] Level 1:colcon.colcon_core.package_identification:_identify(evaluation/dds_time) by extension 'python_setup_py'
[0.134s] Level 1:colcon.colcon_core.package_identification:_identify(evaluation/publish_time) by extensions ['ignore', 'ignore_ament_install']
[0.134s] Level 1:colcon.colcon_core.package_identification:_identify(evaluation/publish_time) by extension 'ignore'
[0.134s] Level 1:colcon.colcon_core.package_identification:_identify(evaluation/publish_time) by extension 'ignore_ament_install'
[0.134s] Level 1:colcon.colcon_core.package_identification:_identify(evaluation/publish_time) by extensions ['colcon_pkg']
[0.134s] Level 1:colcon.colcon_core.package_identification:_identify(evaluation/publish_time) by extension 'colcon_pkg'
[0.134s] Level 1:colcon.colcon_core.package_identification:_identify(evaluation/publish_time) by extensions ['colcon_meta']
[0.134s] Level 1:colcon.colcon_core.package_identification:_identify(evaluation/publish_time) by extension 'colcon_meta'
[0.134s] Level 1:colcon.colcon_core.package_identification:_identify(evaluation/publish_time) by extensions ['ros']
[0.134s] Level 1:colcon.colcon_core.package_identification:_identify(evaluation/publish_time) by extension 'ros'
[0.134s] Level 1:colcon.colcon_core.package_identification:_identify(evaluation/publish_time) by extensions ['cmake', 'python']
[0.134s] Level 1:colcon.colcon_core.package_identification:_identify(evaluation/publish_time) by extension 'cmake'
[0.134s] Level 1:colcon.colcon_core.package_identification:_identify(evaluation/publish_time) by extension 'python'
[0.134s] Level 1:colcon.colcon_core.package_identification:_identify(evaluation/publish_time) by extensions ['python_setup_py']
[0.134s] Level 1:colcon.colcon_core.package_identification:_identify(evaluation/publish_time) by extension 'python_setup_py'
[0.134s] Level 1:colcon.colcon_core.package_identification:_identify(evaluation/subscribe_time) by extensions ['ignore', 'ignore_ament_install']
[0.134s] Level 1:colcon.colcon_core.package_identification:_identify(evaluation/subscribe_time) by extension 'ignore'
[0.134s] Level 1:colcon.colcon_core.package_identification:_identify(evaluation/subscribe_time) by extension 'ignore_ament_install'
[0.134s] Level 1:colcon.colcon_core.package_identification:_identify(evaluation/subscribe_time) by extensions ['colcon_pkg']
[0.134s] Level 1:colcon.colcon_core.package_identification:_identify(evaluation/subscribe_time) by extension 'colcon_pkg'
[0.134s] Level 1:colcon.colcon_core.package_identification:_identify(evaluation/subscribe_time) by extensions ['colcon_meta']
[0.134s] Level 1:colcon.colcon_core.package_identification:_identify(evaluation/subscribe_time) by extension 'colcon_meta'
[0.134s] Level 1:colcon.colcon_core.package_identification:_identify(evaluation/subscribe_time) by extensions ['ros']
[0.134s] Level 1:colcon.colcon_core.package_identification:_identify(evaluation/subscribe_time) by extension 'ros'
[0.135s] Level 1:colcon.colcon_core.package_identification:_identify(evaluation/subscribe_time) by extensions ['cmake', 'python']
[0.135s] Level 1:colcon.colcon_core.package_identification:_identify(evaluation/subscribe_time) by extension 'cmake'
[0.135s] Level 1:colcon.colcon_core.package_identification:_identify(evaluation/subscribe_time) by extension 'python'
[0.135s] Level 1:colcon.colcon_core.package_identification:_identify(evaluation/subscribe_time) by extensions ['python_setup_py']
[0.135s] Level 1:colcon.colcon_core.package_identification:_identify(evaluation/subscribe_time) by extension 'python_setup_py'
[0.135s] Level 1:colcon.colcon_core.package_identification:_identify(evaluation/transport_time) by extensions ['ignore', 'ignore_ament_install']
[0.135s] Level 1:colcon.colcon_core.package_identification:_identify(evaluation/transport_time) by extension 'ignore'
[0.135s] Level 1:colcon.colcon_core.package_identification:_identify(evaluation/transport_time) by extension 'ignore_ament_install'
[0.135s] Level 1:colcon.colcon_core.package_identification:_identify(evaluation/transport_time) by extensions ['colcon_pkg']
[0.135s] Level 1:colcon.colcon_core.package_identification:_identify(evaluation/transport_time) by extension 'colcon_pkg'
[0.135s] Level 1:colcon.colcon_core.package_identification:_identify(evaluation/transport_time) by extensions ['colcon_meta']
[0.135s] Level 1:colcon.colcon_core.package_identification:_identify(evaluation/transport_time) by extension 'colcon_meta'
[0.135s] Level 1:colcon.colcon_core.package_identification:_identify(evaluation/transport_time) by extensions ['ros']
[0.135s] Level 1:colcon.colcon_core.package_identification:_identify(evaluation/transport_time) by extension 'ros'
[0.135s] Level 1:colcon.colcon_core.package_identification:_identify(evaluation/transport_time) by extensions ['cmake', 'python']
[0.135s] Level 1:colcon.colcon_core.package_identification:_identify(evaluation/transport_time) by extension 'cmake'
[0.135s] Level 1:colcon.colcon_core.package_identification:_identify(evaluation/transport_time) by extension 'python'
[0.135s] Level 1:colcon.colcon_core.package_identification:_identify(evaluation/transport_time) by extensions ['python_setup_py']
[0.135s] Level 1:colcon.colcon_core.package_identification:_identify(evaluation/transport_time) by extension 'python_setup_py'
[0.135s] Level 1:colcon.colcon_core.package_identification:_identify(evaluation/tt_clean_qos_0) by extensions ['ignore', 'ignore_ament_install']
[0.135s] Level 1:colcon.colcon_core.package_identification:_identify(evaluation/tt_clean_qos_0) by extension 'ignore'
[0.135s] Level 1:colcon.colcon_core.package_identification:_identify(evaluation/tt_clean_qos_0) by extension 'ignore_ament_install'
[0.135s] Level 1:colcon.colcon_core.package_identification:_identify(evaluation/tt_clean_qos_0) by extensions ['colcon_pkg']
[0.136s] Level 1:colcon.colcon_core.package_identification:_identify(evaluation/tt_clean_qos_0) by extension 'colcon_pkg'
[0.136s] Level 1:colcon.colcon_core.package_identification:_identify(evaluation/tt_clean_qos_0) by extensions ['colcon_meta']
[0.136s] Level 1:colcon.colcon_core.package_identification:_identify(evaluation/tt_clean_qos_0) by extension 'colcon_meta'
[0.136s] Level 1:colcon.colcon_core.package_identification:_identify(evaluation/tt_clean_qos_0) by extensions ['ros']
[0.136s] Level 1:colcon.colcon_core.package_identification:_identify(evaluation/tt_clean_qos_0) by extension 'ros'
[0.136s] Level 1:colcon.colcon_core.package_identification:_identify(evaluation/tt_clean_qos_0) by extensions ['cmake', 'python']
[0.136s] Level 1:colcon.colcon_core.package_identification:_identify(evaluation/tt_clean_qos_0) by extension 'cmake'
[0.136s] Level 1:colcon.colcon_core.package_identification:_identify(evaluation/tt_clean_qos_0) by extension 'python'
[0.136s] Level 1:colcon.colcon_core.package_identification:_identify(evaluation/tt_clean_qos_0) by extensions ['python_setup_py']
[0.136s] Level 1:colcon.colcon_core.package_identification:_identify(evaluation/tt_clean_qos_0) by extension 'python_setup_py'
[0.136s] Level 1:colcon.colcon_core.package_identification:_identify(evaluation/tt_load_qos_0) by extensions ['ignore', 'ignore_ament_install']
[0.136s] Level 1:colcon.colcon_core.package_identification:_identify(evaluation/tt_load_qos_0) by extension 'ignore'
[0.136s] Level 1:colcon.colcon_core.package_identification:_identify(evaluation/tt_load_qos_0) by extension 'ignore_ament_install'
[0.136s] Level 1:colcon.colcon_core.package_identification:_identify(evaluation/tt_load_qos_0) by extensions ['colcon_pkg']
[0.136s] Level 1:colcon.colcon_core.package_identification:_identify(evaluation/tt_load_qos_0) by extension 'colcon_pkg'
[0.136s] Level 1:colcon.colcon_core.package_identification:_identify(evaluation/tt_load_qos_0) by extensions ['colcon_meta']
[0.136s] Level 1:colcon.colcon_core.package_identification:_identify(evaluation/tt_load_qos_0) by extension 'colcon_meta'
[0.136s] Level 1:colcon.colcon_core.package_identification:_identify(evaluation/tt_load_qos_0) by extensions ['ros']
[0.136s] Level 1:colcon.colcon_core.package_identification:_identify(evaluation/tt_load_qos_0) by extension 'ros'
[0.136s] Level 1:colcon.colcon_core.package_identification:_identify(evaluation/tt_load_qos_0) by extensions ['cmake', 'python']
[0.136s] Level 1:colcon.colcon_core.package_identification:_identify(evaluation/tt_load_qos_0) by extension 'cmake'
[0.136s] Level 1:colcon.colcon_core.package_identification:_identify(evaluation/tt_load_qos_0) by extension 'python'
[0.137s] Level 1:colcon.colcon_core.package_identification:_identify(evaluation/tt_load_qos_0) by extensions ['python_setup_py']
[0.137s] Level 1:colcon.colcon_core.package_identification:_identify(evaluation/tt_load_qos_0) by extension 'python_setup_py'
[0.137s] Level 1:colcon.colcon_core.package_identification:_identify(install) by extensions ['ignore', 'ignore_ament_install']
[0.137s] Level 1:colcon.colcon_core.package_identification:_identify(install) by extension 'ignore'
[0.137s] Level 1:colcon.colcon_core.package_identification:_identify(install) ignored
[0.137s] Level 1:colcon.colcon_core.package_identification:_identify(log) by extensions ['ignore', 'ignore_ament_install']
[0.137s] Level 1:colcon.colcon_core.package_identification:_identify(log) by extension 'ignore'
[0.137s] Level 1:colcon.colcon_core.package_identification:_identify(log) ignored
[0.137s] Level 1:colcon.colcon_core.package_identification:_identify(src) by extensions ['ignore', 'ignore_ament_install']
[0.137s] Level 1:colcon.colcon_core.package_identification:_identify(src) by extension 'ignore'
[0.137s] Level 1:colcon.colcon_core.package_identification:_identify(src) by extension 'ignore_ament_install'
[0.137s] Level 1:colcon.colcon_core.package_identification:_identify(src) by extensions ['colcon_pkg']
[0.137s] Level 1:colcon.colcon_core.package_identification:_identify(src) by extension 'colcon_pkg'
[0.137s] Level 1:colcon.colcon_core.package_identification:_identify(src) by extensions ['colcon_meta']
[0.137s] Level 1:colcon.colcon_core.package_identification:_identify(src) by extension 'colcon_meta'
[0.137s] Level 1:colcon.colcon_core.package_identification:_identify(src) by extensions ['ros']
[0.137s] Level 1:colcon.colcon_core.package_identification:_identify(src) by extension 'ros'
[0.137s] Level 1:colcon.colcon_core.package_identification:_identify(src) by extensions ['cmake', 'python']
[0.137s] Level 1:colcon.colcon_core.package_identification:_identify(src) by extension 'cmake'
[0.137s] Level 1:colcon.colcon_core.package_identification:_identify(src) by extension 'python'
[0.137s] Level 1:colcon.colcon_core.package_identification:_identify(src) by extensions ['python_setup_py']
[0.137s] Level 1:colcon.colcon_core.package_identification:_identify(src) by extension 'python_setup_py'
[0.138s] Level 1:colcon.colcon_core.package_identification:_identify(src/artificial_load) by extensions ['ignore', 'ignore_ament_install']
[0.138s] Level 1:colcon.colcon_core.package_identification:_identify(src/artificial_load) by extension 'ignore'
[0.138s] Level 1:colcon.colcon_core.package_identification:_identify(src/artificial_load) by extension 'ignore_ament_install'
[0.138s] Level 1:colcon.colcon_core.package_identification:_identify(src/artificial_load) by extensions ['colcon_pkg']
[0.138s] Level 1:colcon.colcon_core.package_identification:_identify(src/artificial_load) by extension 'colcon_pkg'
[0.138s] Level 1:colcon.colcon_core.package_identification:_identify(src/artificial_load) by extensions ['colcon_meta']
[0.138s] Level 1:colcon.colcon_core.package_identification:_identify(src/artificial_load) by extension 'colcon_meta'
[0.138s] Level 1:colcon.colcon_core.package_identification:_identify(src/artificial_load) by extensions ['ros']
[0.138s] Level 1:colcon.colcon_core.package_identification:_identify(src/artificial_load) by extension 'ros'
[0.140s] DEBUG:colcon.colcon_core.package_identification:Package 'src/artificial_load' with type 'ros.ament_cmake' and name 'artificial_load'
[0.140s] Level 1:colcon.colcon_core.package_identification:_identify(src/interprocess_eval) by extensions ['ignore', 'ignore_ament_install']
[0.140s] Level 1:colcon.colcon_core.package_identification:_identify(src/interprocess_eval) by extension 'ignore'
[0.140s] Level 1:colcon.colcon_core.package_identification:_identify(src/interprocess_eval) by extension 'ignore_ament_install'
[0.140s] Level 1:colcon.colcon_core.package_identification:_identify(src/interprocess_eval) by extensions ['colcon_pkg']
[0.140s] Level 1:colcon.colcon_core.package_identification:_identify(src/interprocess_eval) by extension 'colcon_pkg'
[0.140s] Level 1:colcon.colcon_core.package_identification:_identify(src/interprocess_eval) by extensions ['colcon_meta']
[0.140s] Level 1:colcon.colcon_core.package_identification:_identify(src/interprocess_eval) by extension 'colcon_meta'
[0.141s] Level 1:colcon.colcon_core.package_identification:_identify(src/interprocess_eval) by extensions ['ros']
[0.141s] Level 1:colcon.colcon_core.package_identification:_identify(src/interprocess_eval) by extension 'ros'
[0.141s] DEBUG:colcon.colcon_core.package_identification:Package 'src/interprocess_eval' with type 'ros.ament_cmake' and name 'interprocess_eval'
[0.141s] Level 1:colcon.colcon_core.package_identification:_identify(src/interprocess_remote_eval) by extensions ['ignore', 'ignore_ament_install']
[0.141s] Level 1:colcon.colcon_core.package_identification:_identify(src/interprocess_remote_eval) by extension 'ignore'
[0.141s] Level 1:colcon.colcon_core.package_identification:_identify(src/interprocess_remote_eval) by extension 'ignore_ament_install'
[0.141s] Level 1:colcon.colcon_core.package_identification:_identify(src/interprocess_remote_eval) by extensions ['colcon_pkg']
[0.141s] Level 1:colcon.colcon_core.package_identification:_identify(src/interprocess_remote_eval) by extension 'colcon_pkg'
[0.141s] Level 1:colcon.colcon_core.package_identification:_identify(src/interprocess_remote_eval) by extensions ['colcon_meta']
[0.141s] Level 1:colcon.colcon_core.package_identification:_identify(src/interprocess_remote_eval) by extension 'colcon_meta'
[0.141s] Level 1:colcon.colcon_core.package_identification:_identify(src/interprocess_remote_eval) by extensions ['ros']
[0.141s] Level 1:colcon.colcon_core.package_identification:_identify(src/interprocess_remote_eval) by extension 'ros'
[0.142s] DEBUG:colcon.colcon_core.package_identification:Package 'src/interprocess_remote_eval' with type 'ros.ament_cmake' and name 'interprocess_remote_eval'
[0.142s] Level 1:colcon.colcon_core.package_identification:_identify(src/intraprocess_eval) by extensions ['ignore', 'ignore_ament_install']
[0.142s] Level 1:colcon.colcon_core.package_identification:_identify(src/intraprocess_eval) by extension 'ignore'
[0.142s] Level 1:colcon.colcon_core.package_identification:_identify(src/intraprocess_eval) by extension 'ignore_ament_install'
[0.142s] Level 1:colcon.colcon_core.package_identification:_identify(src/intraprocess_eval) by extensions ['colcon_pkg']
[0.142s] Level 1:colcon.colcon_core.package_identification:_identify(src/intraprocess_eval) by extension 'colcon_pkg'
[0.142s] Level 1:colcon.colcon_core.package_identification:_identify(src/intraprocess_eval) by extensions ['colcon_meta']
[0.142s] Level 1:colcon.colcon_core.package_identification:_identify(src/intraprocess_eval) by extension 'colcon_meta'
[0.142s] Level 1:colcon.colcon_core.package_identification:_identify(src/intraprocess_eval) by extensions ['ros']
[0.142s] Level 1:colcon.colcon_core.package_identification:_identify(src/intraprocess_eval) by extension 'ros'
[0.143s] DEBUG:colcon.colcon_core.package_identification:Package 'src/intraprocess_eval' with type 'ros.ament_cmake' and name 'intraprocess_eval'
[0.143s] Level 1:colcon.colcon_core.package_discovery:discover_packages(recursive) using defaults
[0.143s] Level 1:colcon.colcon_core.package_discovery:discover_packages(ignore) discover
[0.143s] Level 1:colcon.colcon_core.package_discovery:discover_packages(ignore) using defaults
[0.143s] Level 1:colcon.colcon_core.package_discovery:discover_packages(path) discover
[0.143s] Level 1:colcon.colcon_core.package_discovery:discover_packages(path) using defaults
[0.158s] Level 1:colcon.colcon_core.package_discovery:discover_packages(prefix_path) check parameters
[0.158s] Level 1:colcon.colcon_core.package_discovery:discover_packages(prefix_path) discover
[0.159s] Level 1:colcon.colcon_core.package_discovery:discover_packages(prefix_path) using defaults
[0.160s] Level 5:colcon.colcon_core.verb:set package 'artificial_load' build argument 'cmake_args' from command line to 'None'
[0.160s] Level 5:colcon.colcon_core.verb:set package 'artificial_load' build argument 'cmake_target' from command line to 'None'
[0.160s] Level 5:colcon.colcon_core.verb:set package 'artificial_load' build argument 'cmake_target_skip_unavailable' from command line to 'False'
[0.160s] Level 5:colcon.colcon_core.verb:set package 'artificial_load' build argument 'cmake_clean_cache' from command line to 'False'
[0.160s] Level 5:colcon.colcon_core.verb:set package 'artificial_load' build argument 'cmake_clean_first' from command line to 'False'
[0.160s] Level 5:colcon.colcon_core.verb:set package 'artificial_load' build argument 'cmake_force_configure' from command line to 'False'
[0.160s] Level 5:colcon.colcon_core.verb:set package 'artificial_load' build argument 'ament_cmake_args' from command line to 'None'
[0.160s] Level 5:colcon.colcon_core.verb:set package 'artificial_load' build argument 'catkin_cmake_args' from command line to 'None'
[0.160s] Level 5:colcon.colcon_core.verb:set package 'artificial_load' build argument 'catkin_skip_building_tests' from command line to 'False'
[0.160s] DEBUG:colcon.colcon_core.verb:Building package 'artificial_load' with the following arguments: {'ament_cmake_args': None, 'build_base': '/home/raoul/Documents/QEES/lab1.4/build/artificial_load', 'catkin_cmake_args': None, 'catkin_skip_building_tests': False, 'cmake_args': None, 'cmake_clean_cache': False, 'cmake_clean_first': False, 'cmake_force_configure': False, 'cmake_target': None, 'cmake_target_skip_unavailable': False, 'install_base': '/home/raoul/Documents/QEES/lab1.4/install/artificial_load', 'merge_install': False, 'path': '/home/raoul/Documents/QEES/lab1.4/src/artificial_load', 'symlink_install': True, 'test_result_base': None}
[0.161s] Level 5:colcon.colcon_core.verb:set package 'interprocess_eval' build argument 'cmake_args' from command line to 'None'
[0.161s] Level 5:colcon.colcon_core.verb:set package 'interprocess_eval' build argument 'cmake_target' from command line to 'None'
[0.161s] Level 5:colcon.colcon_core.verb:set package 'interprocess_eval' build argument 'cmake_target_skip_unavailable' from command line to 'False'
[0.161s] Level 5:colcon.colcon_core.verb:set package 'interprocess_eval' build argument 'cmake_clean_cache' from command line to 'False'
[0.161s] Level 5:colcon.colcon_core.verb:set package 'interprocess_eval' build argument 'cmake_clean_first' from command line to 'False'
[0.161s] Level 5:colcon.colcon_core.verb:set package 'interprocess_eval' build argument 'cmake_force_configure' from command line to 'False'
[0.161s] Level 5:colcon.colcon_core.verb:set package 'interprocess_eval' build argument 'ament_cmake_args' from command line to 'None'
[0.161s] Level 5:colcon.colcon_core.verb:set package 'interprocess_eval' build argument 'catkin_cmake_args' from command line to 'None'
[0.161s] Level 5:colcon.colcon_core.verb:set package 'interprocess_eval' build argument 'catkin_skip_building_tests' from command line to 'False'
[0.161s] DEBUG:colcon.colcon_core.verb:Building package 'interprocess_eval' with the following arguments: {'ament_cmake_args': None, 'build_base': '/home/raoul/Documents/QEES/lab1.4/build/interprocess_eval', 'catkin_cmake_args': None, 'catkin_skip_building_tests': False, 'cmake_args': None, 'cmake_clean_cache': False, 'cmake_clean_first': False, 'cmake_force_configure': False, 'cmake_target': None, 'cmake_target_skip_unavailable': False, 'install_base': '/home/raoul/Documents/QEES/lab1.4/install/interprocess_eval', 'merge_install': False, 'path': '/home/raoul/Documents/QEES/lab1.4/src/interprocess_eval', 'symlink_install': True, 'test_result_base': None}
[0.161s] Level 5:colcon.colcon_core.verb:set package 'interprocess_remote_eval' build argument 'cmake_args' from command line to 'None'
[0.161s] Level 5:colcon.colcon_core.verb:set package 'interprocess_remote_eval' build argument 'cmake_target' from command line to 'None'
[0.161s] Level 5:colcon.colcon_core.verb:set package 'interprocess_remote_eval' build argument 'cmake_target_skip_unavailable' from command line to 'False'
[0.161s] Level 5:colcon.colcon_core.verb:set package 'interprocess_remote_eval' build argument 'cmake_clean_cache' from command line to 'False'
[0.161s] Level 5:colcon.colcon_core.verb:set package 'interprocess_remote_eval' build argument 'cmake_clean_first' from command line to 'False'
[0.161s] Level 5:colcon.colcon_core.verb:set package 'interprocess_remote_eval' build argument 'cmake_force_configure' from command line to 'False'
[0.161s] Level 5:colcon.colcon_core.verb:set package 'interprocess_remote_eval' build argument 'ament_cmake_args' from command line to 'None'
[0.161s] Level 5:colcon.colcon_core.verb:set package 'interprocess_remote_eval' build argument 'catkin_cmake_args' from command line to 'None'
[0.161s] Level 5:colcon.colcon_core.verb:set package 'interprocess_remote_eval' build argument 'catkin_skip_building_tests' from command line to 'False'
[0.161s] DEBUG:colcon.colcon_core.verb:Building package 'interprocess_remote_eval' with the following arguments: {'ament_cmake_args': None, 'build_base': '/home/raoul/Documents/QEES/lab1.4/build/interprocess_remote_eval', 'catkin_cmake_args': None, 'catkin_skip_building_tests': False, 'cmake_args': None, 'cmake_clean_cache': False, 'cmake_clean_first': False, 'cmake_force_configure': False, 'cmake_target': None, 'cmake_target_skip_unavailable': False, 'install_base': '/home/raoul/Documents/QEES/lab1.4/install/interprocess_remote_eval', 'merge_install': False, 'path': '/home/raoul/Documents/QEES/lab1.4/src/interprocess_remote_eval', 'symlink_install': True, 'test_result_base': None}
[0.162s] Level 5:colcon.colcon_core.verb:set package 'intraprocess_eval' build argument 'cmake_args' from command line to 'None'
[0.162s] Level 5:colcon.colcon_core.verb:set package 'intraprocess_eval' build argument 'cmake_target' from command line to 'None'
[0.162s] Level 5:colcon.colcon_core.verb:set package 'intraprocess_eval' build argument 'cmake_target_skip_unavailable' from command line to 'False'
[0.162s] Level 5:colcon.colcon_core.verb:set package 'intraprocess_eval' build argument 'cmake_clean_cache' from command line to 'False'
[0.162s] Level 5:colcon.colcon_core.verb:set package 'intraprocess_eval' build argument 'cmake_clean_first' from command line to 'False'
[0.162s] Level 5:colcon.colcon_core.verb:set package 'intraprocess_eval' build argument 'cmake_force_configure' from command line to 'False'
[0.162s] Level 5:colcon.colcon_core.verb:set package 'intraprocess_eval' build argument 'ament_cmake_args' from command line to 'None'
[0.162s] Level 5:colcon.colcon_core.verb:set package 'intraprocess_eval' build argument 'catkin_cmake_args' from command line to 'None'
[0.162s] Level 5:colcon.colcon_core.verb:set package 'intraprocess_eval' build argument 'catkin_skip_building_tests' from command line to 'False'
[0.162s] DEBUG:colcon.colcon_core.verb:Building package 'intraprocess_eval' with the following arguments: {'ament_cmake_args': None, 'build_base': '/home/raoul/Documents/QEES/lab1.4/build/intraprocess_eval', 'catkin_cmake_args': None, 'catkin_skip_building_tests': False, 'cmake_args': None, 'cmake_clean_cache': False, 'cmake_clean_first': False, 'cmake_force_configure': False, 'cmake_target': None, 'cmake_target_skip_unavailable': False, 'install_base': '/home/raoul/Documents/QEES/lab1.4/install/intraprocess_eval', 'merge_install': False, 'path': '/home/raoul/Documents/QEES/lab1.4/src/intraprocess_eval', 'symlink_install': True, 'test_result_base': None}
[0.162s] INFO:colcon.colcon_core.executor:Executing jobs using 'parallel' executor
[0.164s] DEBUG:colcon.colcon_parallel_executor.executor.parallel:run_until_complete
[0.164s] INFO:colcon.colcon_ros.task.ament_cmake.build:Building ROS package in '/home/raoul/Documents/QEES/lab1.4/src/artificial_load' with build type 'ament_cmake'
[0.164s] INFO:colcon.colcon_cmake.task.cmake.build:Building CMake package in '/home/raoul/Documents/QEES/lab1.4/src/artificial_load'
[0.167s] INFO:colcon.colcon_core.plugin_system:Skipping extension 'colcon_core.shell.bat': Not used on non-Windows systems
[0.167s] INFO:colcon.colcon_core.shell:Skip shell extension 'powershell' for command environment: Not usable outside of PowerShell
[0.167s] DEBUG:colcon.colcon_core.shell:Skip shell extension 'dsv' for command environment
[0.170s] INFO:colcon.colcon_ros.task.ament_cmake.build:Building ROS package in '/home/raoul/Documents/QEES/lab1.4/src/interprocess_eval' with build type 'ament_cmake'
[0.171s] INFO:colcon.colcon_cmake.task.cmake.build:Building CMake package in '/home/raoul/Documents/QEES/lab1.4/src/interprocess_eval'
[0.171s] INFO:colcon.colcon_core.shell:Skip shell extension 'powershell' for command environment: Not usable outside of PowerShell
[0.171s] DEBUG:colcon.colcon_core.shell:Skip shell extension 'dsv' for command environment
[0.174s] INFO:colcon.colcon_ros.task.ament_cmake.build:Building ROS package in '/home/raoul/Documents/QEES/lab1.4/src/interprocess_remote_eval' with build type 'ament_cmake'
[0.175s] INFO:colcon.colcon_cmake.task.cmake.build:Building CMake package in '/home/raoul/Documents/QEES/lab1.4/src/interprocess_remote_eval'
[0.175s] INFO:colcon.colcon_core.shell:Skip shell extension 'powershell' for command environment: Not usable outside of PowerShell
[0.175s] DEBUG:colcon.colcon_core.shell:Skip shell extension 'dsv' for command environment
[0.179s] INFO:colcon.colcon_ros.task.ament_cmake.build:Building ROS package in '/home/raoul/Documents/QEES/lab1.4/src/intraprocess_eval' with build type 'ament_cmake'
[0.179s] INFO:colcon.colcon_cmake.task.cmake.build:Building CMake package in '/home/raoul/Documents/QEES/lab1.4/src/intraprocess_eval'
[0.180s] INFO:colcon.colcon_core.shell:Skip shell extension 'powershell' for command environment: Not usable outside of PowerShell
[0.180s] DEBUG:colcon.colcon_core.shell:Skip shell extension 'dsv' for command environment
[0.195s] DEBUG:colcon.colcon_core.event_handler.log_command:Invoking command in '/home/raoul/Documents/QEES/lab1.4/build/artificial_load': /usr/bin/cmake --build /home/raoul/Documents/QEES/lab1.4/build/artificial_load -- -j4 -l4
[0.200s] DEBUG:colcon.colcon_core.event_handler.log_command:Invoking command in '/home/raoul/Documents/QEES/lab1.4/build/interprocess_eval': /usr/bin/cmake --build /home/raoul/Documents/QEES/lab1.4/build/interprocess_eval -- -j4 -l4
[0.211s] DEBUG:colcon.colcon_core.event_handler.log_command:Invoking command in '/home/raoul/Documents/QEES/lab1.4/build/interprocess_remote_eval': /usr/bin/cmake --build /home/raoul/Documents/QEES/lab1.4/build/interprocess_remote_eval -- -j4 -l4
[0.240s] DEBUG:colcon.colcon_core.event_handler.log_command:Invoking command in '/home/raoul/Documents/QEES/lab1.4/build/intraprocess_eval': /usr/bin/cmake --build /home/raoul/Documents/QEES/lab1.4/build/intraprocess_eval -- -j4 -l4
[0.378s] DEBUG:colcon.colcon_core.event_handler.log_command:Invoked command in '/home/raoul/Documents/QEES/lab1.4/build/artificial_load' returned '0': /usr/bin/cmake --build /home/raoul/Documents/QEES/lab1.4/build/artificial_load -- -j4 -l4
[0.575s] DEBUG:colcon.colcon_core.event_handler.log_command:Invoked command in '/home/raoul/Documents/QEES/lab1.4/build/intraprocess_eval' returned '0': /usr/bin/cmake --build /home/raoul/Documents/QEES/lab1.4/build/intraprocess_eval -- -j4 -l4
[1.406s] DEBUG:colcon.colcon_core.event_handler.log_command:Invoking command in '/home/raoul/Documents/QEES/lab1.4/build/artificial_load': /usr/bin/cmake --build /home/raoul/Documents/QEES/lab1.4/build/artificial_load --target install -- -j4 -l4
[1.560s] DEBUG:colcon.colcon_core.event_handler.log_command:Invoked command in '/home/raoul/Documents/QEES/lab1.4/build/interprocess_eval' returned '0': /usr/bin/cmake --build /home/raoul/Documents/QEES/lab1.4/build/interprocess_eval -- -j4 -l4
[3.087s] DEBUG:colcon.colcon_core.event_handler.log_command:Invoking command in '/home/raoul/Documents/QEES/lab1.4/build/intraprocess_eval': /usr/bin/cmake --build /home/raoul/Documents/QEES/lab1.4/build/intraprocess_eval --target install -- -j4 -l4
[3.707s] Level 1:colcon.colcon_core.environment:create_environment_scripts_only(artificial_load)
[3.710s] Level 1:colcon.colcon_core.environment:checking '/home/raoul/Documents/QEES/lab1.4/install/artificial_load' for CMake module files
[3.710s] Level 1:colcon.colcon_core.environment:checking '/home/raoul/Documents/QEES/lab1.4/install/artificial_load' for CMake config files
[3.711s] Level 1:colcon.colcon_core.shell:create_environment_hook('artificial_load', 'cmake_prefix_path')
[3.711s] INFO:colcon.colcon_core.shell:Creating environment hook '/home/raoul/Documents/QEES/lab1.4/install/artificial_load/share/artificial_load/hook/cmake_prefix_path.ps1'
[3.712s] INFO:colcon.colcon_core.shell:Creating environment descriptor '/home/raoul/Documents/QEES/lab1.4/install/artificial_load/share/artificial_load/hook/cmake_prefix_path.dsv'
[3.712s] INFO:colcon.colcon_core.shell:Creating environment hook '/home/raoul/Documents/QEES/lab1.4/install/artificial_load/share/artificial_load/hook/cmake_prefix_path.sh'
[3.713s] DEBUG:colcon.colcon_core.event_handler.log_command:Invoked command in '/home/raoul/Documents/QEES/lab1.4/build/artificial_load' returned '0': /usr/bin/cmake --build /home/raoul/Documents/QEES/lab1.4/build/artificial_load --target install -- -j4 -l4
[3.715s] Level 1:colcon.colcon_core.environment:checking '/home/raoul/Documents/QEES/lab1.4/install/artificial_load/lib'
[3.715s] Level 1:colcon.colcon_core.environment:checking '/home/raoul/Documents/QEES/lab1.4/install/artificial_load/bin'
[3.715s] Level 1:colcon.colcon_core.environment:checking '/home/raoul/Documents/QEES/lab1.4/install/artificial_load/lib/pkgconfig/artificial_load.pc'
[3.715s] Level 1:colcon.colcon_core.environment:checking '/home/raoul/Documents/QEES/lab1.4/install/artificial_load/lib/python3.6/site-packages'
[3.715s] Level 1:colcon.colcon_core.environment:checking '/home/raoul/Documents/QEES/lab1.4/install/artificial_load/bin'
[3.716s] INFO:colcon.colcon_core.shell:Creating package script '/home/raoul/Documents/QEES/lab1.4/install/artificial_load/share/artificial_load/package.ps1'
[3.717s] INFO:colcon.colcon_core.shell:Creating package descriptor '/home/raoul/Documents/QEES/lab1.4/install/artificial_load/share/artificial_load/package.dsv'
[3.718s] INFO:colcon.colcon_core.shell:Creating package script '/home/raoul/Documents/QEES/lab1.4/install/artificial_load/share/artificial_load/package.sh'
[3.718s] INFO:colcon.colcon_core.shell:Creating package script '/home/raoul/Documents/QEES/lab1.4/install/artificial_load/share/artificial_load/package.bash'
[3.728s] INFO:colcon.colcon_core.shell:Creating package script '/home/raoul/Documents/QEES/lab1.4/install/artificial_load/share/artificial_load/package.zsh'
[3.729s] Level 1:colcon.colcon_core.environment:create_file_with_runtime_dependencies(/home/raoul/Documents/QEES/lab1.4/install/artificial_load/share/colcon-core/packages/artificial_load)
[3.882s] Level 1:colcon.colcon_core.environment:create_environment_scripts_only(intraprocess_eval)
[3.883s] Level 1:colcon.colcon_core.environment:checking '/home/raoul/Documents/QEES/lab1.4/install/intraprocess_eval' for CMake module files
[3.884s] DEBUG:colcon.colcon_core.event_handler.log_command:Invoked command in '/home/raoul/Documents/QEES/lab1.4/build/intraprocess_eval' returned '0': /usr/bin/cmake --build /home/raoul/Documents/QEES/lab1.4/build/intraprocess_eval --target install -- -j4 -l4
[3.884s] Level 1:colcon.colcon_core.environment:checking '/home/raoul/Documents/QEES/lab1.4/install/intraprocess_eval' for CMake config files
[3.885s] Level 1:colcon.colcon_core.shell:create_environment_hook('intraprocess_eval', 'cmake_prefix_path')
[3.885s] INFO:colcon.colcon_core.shell:Creating environment hook '/home/raoul/Documents/QEES/lab1.4/install/intraprocess_eval/share/intraprocess_eval/hook/cmake_prefix_path.ps1'
[3.886s] INFO:colcon.colcon_core.shell:Creating environment descriptor '/home/raoul/Documents/QEES/lab1.4/install/intraprocess_eval/share/intraprocess_eval/hook/cmake_prefix_path.dsv'
[3.886s] INFO:colcon.colcon_core.shell:Creating environment hook '/home/raoul/Documents/QEES/lab1.4/install/intraprocess_eval/share/intraprocess_eval/hook/cmake_prefix_path.sh'
[3.887s] Level 1:colcon.colcon_core.environment:checking '/home/raoul/Documents/QEES/lab1.4/install/intraprocess_eval/lib'
[3.887s] Level 1:colcon.colcon_core.environment:checking '/home/raoul/Documents/QEES/lab1.4/install/intraprocess_eval/bin'
[3.887s] Level 1:colcon.colcon_core.environment:checking '/home/raoul/Documents/QEES/lab1.4/install/intraprocess_eval/lib/pkgconfig/intraprocess_eval.pc'
[3.887s] Level 1:colcon.colcon_core.environment:checking '/home/raoul/Documents/QEES/lab1.4/install/intraprocess_eval/lib/python3.6/site-packages'
[3.887s] Level 1:colcon.colcon_core.environment:checking '/home/raoul/Documents/QEES/lab1.4/install/intraprocess_eval/bin'
[3.888s] INFO:colcon.colcon_core.shell:Creating package script '/home/raoul/Documents/QEES/lab1.4/install/intraprocess_eval/share/intraprocess_eval/package.ps1'
[3.889s] INFO:colcon.colcon_core.shell:Creating package descriptor '/home/raoul/Documents/QEES/lab1.4/install/intraprocess_eval/share/intraprocess_eval/package.dsv'
[3.889s] INFO:colcon.colcon_core.shell:Creating package script '/home/raoul/Documents/QEES/lab1.4/install/intraprocess_eval/share/intraprocess_eval/package.sh'
[3.890s] INFO:colcon.colcon_core.shell:Creating package script '/home/raoul/Documents/QEES/lab1.4/install/intraprocess_eval/share/intraprocess_eval/package.bash'
[3.890s] INFO:colcon.colcon_core.shell:Creating package script '/home/raoul/Documents/QEES/lab1.4/install/intraprocess_eval/share/intraprocess_eval/package.zsh'
[3.891s] Level 1:colcon.colcon_core.environment:create_file_with_runtime_dependencies(/home/raoul/Documents/QEES/lab1.4/install/intraprocess_eval/share/colcon-core/packages/intraprocess_eval)
[4.003s] Level 1:colcon.colcon_core.environment:create_environment_scripts_only(artificial_load)
[4.003s] Level 1:colcon.colcon_core.environment:checking '/home/raoul/Documents/QEES/lab1.4/install/artificial_load' for CMake module files
[4.004s] Level 1:colcon.colcon_core.environment:checking '/home/raoul/Documents/QEES/lab1.4/install/artificial_load' for CMake config files
[4.004s] Level 1:colcon.colcon_core.shell:create_environment_hook('artificial_load', 'cmake_prefix_path')
[4.004s] INFO:colcon.colcon_core.shell:Creating environment hook '/home/raoul/Documents/QEES/lab1.4/install/artificial_load/share/artificial_load/hook/cmake_prefix_path.ps1'
[4.005s] INFO:colcon.colcon_core.shell:Creating environment descriptor '/home/raoul/Documents/QEES/lab1.4/install/artificial_load/share/artificial_load/hook/cmake_prefix_path.dsv'
[4.005s] INFO:colcon.colcon_core.shell:Creating environment hook '/home/raoul/Documents/QEES/lab1.4/install/artificial_load/share/artificial_load/hook/cmake_prefix_path.sh'
[4.006s] Level 1:colcon.colcon_core.environment:checking '/home/raoul/Documents/QEES/lab1.4/install/artificial_load/lib'
[4.007s] Level 1:colcon.colcon_core.environment:checking '/home/raoul/Documents/QEES/lab1.4/install/artificial_load/bin'
[4.007s] Level 1:colcon.colcon_core.environment:checking '/home/raoul/Documents/QEES/lab1.4/install/artificial_load/lib/pkgconfig/artificial_load.pc'
[4.007s] Level 1:colcon.colcon_core.environment:checking '/home/raoul/Documents/QEES/lab1.4/install/artificial_load/lib/python3.6/site-packages'
[4.007s] Level 1:colcon.colcon_core.environment:checking '/home/raoul/Documents/QEES/lab1.4/install/artificial_load/bin'
[4.008s] INFO:colcon.colcon_core.shell:Creating package script '/home/raoul/Documents/QEES/lab1.4/install/artificial_load/share/artificial_load/package.ps1'
[4.009s] INFO:colcon.colcon_core.shell:Creating package descriptor '/home/raoul/Documents/QEES/lab1.4/install/artificial_load/share/artificial_load/package.dsv'
[4.010s] INFO:colcon.colcon_core.shell:Creating package script '/home/raoul/Documents/QEES/lab1.4/install/artificial_load/share/artificial_load/package.sh'
[4.011s] INFO:colcon.colcon_core.shell:Creating package script '/home/raoul/Documents/QEES/lab1.4/install/artificial_load/share/artificial_load/package.bash'
[4.016s] INFO:colcon.colcon_core.shell:Creating package script '/home/raoul/Documents/QEES/lab1.4/install/artificial_load/share/artificial_load/package.zsh'
[4.019s] Level 1:colcon.colcon_core.environment:create_file_with_runtime_dependencies(/home/raoul/Documents/QEES/lab1.4/install/artificial_load/share/colcon-core/packages/artificial_load)
[4.134s] DEBUG:colcon.colcon_core.event_handler.log_command:Invoking command in '/home/raoul/Documents/QEES/lab1.4/build/interprocess_eval': /usr/bin/cmake --build /home/raoul/Documents/QEES/lab1.4/build/interprocess_eval --target install -- -j4 -l4
[4.233s] Level 1:colcon.colcon_core.environment:create_environment_scripts_only(intraprocess_eval)
[4.234s] Level 1:colcon.colcon_core.environment:checking '/home/raoul/Documents/QEES/lab1.4/install/intraprocess_eval' for CMake module files
[4.234s] Level 1:colcon.colcon_core.environment:checking '/home/raoul/Documents/QEES/lab1.4/install/intraprocess_eval' for CMake config files
[4.234s] Level 1:colcon.colcon_core.shell:create_environment_hook('intraprocess_eval', 'cmake_prefix_path')
[4.235s] INFO:colcon.colcon_core.shell:Creating environment hook '/home/raoul/Documents/QEES/lab1.4/install/intraprocess_eval/share/intraprocess_eval/hook/cmake_prefix_path.ps1'
[4.235s] INFO:colcon.colcon_core.shell:Creating environment descriptor '/home/raoul/Documents/QEES/lab1.4/install/intraprocess_eval/share/intraprocess_eval/hook/cmake_prefix_path.dsv'
[4.236s] INFO:colcon.colcon_core.shell:Creating environment hook '/home/raoul/Documents/QEES/lab1.4/install/intraprocess_eval/share/intraprocess_eval/hook/cmake_prefix_path.sh'
[4.236s] Level 1:colcon.colcon_core.environment:checking '/home/raoul/Documents/QEES/lab1.4/install/intraprocess_eval/lib'
[4.236s] Level 1:colcon.colcon_core.environment:checking '/home/raoul/Documents/QEES/lab1.4/install/intraprocess_eval/bin'
[4.236s] Level 1:colcon.colcon_core.environment:checking '/home/raoul/Documents/QEES/lab1.4/install/intraprocess_eval/lib/pkgconfig/intraprocess_eval.pc'
[4.237s] Level 1:colcon.colcon_core.environment:checking '/home/raoul/Documents/QEES/lab1.4/install/intraprocess_eval/lib/python3.6/site-packages'
[4.237s] Level 1:colcon.colcon_core.environment:checking '/home/raoul/Documents/QEES/lab1.4/install/intraprocess_eval/bin'
[4.237s] INFO:colcon.colcon_core.shell:Creating package script '/home/raoul/Documents/QEES/lab1.4/install/intraprocess_eval/share/intraprocess_eval/package.ps1'
[4.238s] INFO:colcon.colcon_core.shell:Creating package descriptor '/home/raoul/Documents/QEES/lab1.4/install/intraprocess_eval/share/intraprocess_eval/package.dsv'
[4.238s] INFO:colcon.colcon_core.shell:Creating package script '/home/raoul/Documents/QEES/lab1.4/install/intraprocess_eval/share/intraprocess_eval/package.sh'
[4.238s] INFO:colcon.colcon_core.shell:Creating package script '/home/raoul/Documents/QEES/lab1.4/install/intraprocess_eval/share/intraprocess_eval/package.bash'
[4.239s] INFO:colcon.colcon_core.shell:Creating package script '/home/raoul/Documents/QEES/lab1.4/install/intraprocess_eval/share/intraprocess_eval/package.zsh'
[4.239s] Level 1:colcon.colcon_core.environment:create_file_with_runtime_dependencies(/home/raoul/Documents/QEES/lab1.4/install/intraprocess_eval/share/colcon-core/packages/intraprocess_eval)
[4.644s] Level 1:colcon.colcon_core.environment:create_environment_scripts_only(interprocess_eval)
[4.645s] Level 1:colcon.colcon_core.environment:checking '/home/raoul/Documents/QEES/lab1.4/install/interprocess_eval' for CMake module files
[4.645s] DEBUG:colcon.colcon_core.event_handler.log_command:Invoked command in '/home/raoul/Documents/QEES/lab1.4/build/interprocess_eval' returned '0': /usr/bin/cmake --build /home/raoul/Documents/QEES/lab1.4/build/interprocess_eval --target install -- -j4 -l4
[4.646s] Level 1:colcon.colcon_core.environment:checking '/home/raoul/Documents/QEES/lab1.4/install/interprocess_eval' for CMake config files
[4.646s] Level 1:colcon.colcon_core.shell:create_environment_hook('interprocess_eval', 'cmake_prefix_path')
[4.647s] INFO:colcon.colcon_core.shell:Creating environment hook '/home/raoul/Documents/QEES/lab1.4/install/interprocess_eval/share/interprocess_eval/hook/cmake_prefix_path.ps1'
[4.647s] INFO:colcon.colcon_core.shell:Creating environment descriptor '/home/raoul/Documents/QEES/lab1.4/install/interprocess_eval/share/interprocess_eval/hook/cmake_prefix_path.dsv'
[4.648s] INFO:colcon.colcon_core.shell:Creating environment hook '/home/raoul/Documents/QEES/lab1.4/install/interprocess_eval/share/interprocess_eval/hook/cmake_prefix_path.sh'
[4.649s] Level 1:colcon.colcon_core.environment:checking '/home/raoul/Documents/QEES/lab1.4/install/interprocess_eval/lib'
[4.649s] Level 1:colcon.colcon_core.environment:checking '/home/raoul/Documents/QEES/lab1.4/install/interprocess_eval/bin'
[4.649s] Level 1:colcon.colcon_core.environment:checking '/home/raoul/Documents/QEES/lab1.4/install/interprocess_eval/lib/pkgconfig/interprocess_eval.pc'
[4.649s] Level 1:colcon.colcon_core.environment:checking '/home/raoul/Documents/QEES/lab1.4/install/interprocess_eval/lib/python3.6/site-packages'
[4.650s] Level 1:colcon.colcon_core.environment:checking '/home/raoul/Documents/QEES/lab1.4/install/interprocess_eval/bin'
[4.650s] INFO:colcon.colcon_core.shell:Creating package script '/home/raoul/Documents/QEES/lab1.4/install/interprocess_eval/share/interprocess_eval/package.ps1'
[4.651s] INFO:colcon.colcon_core.shell:Creating package descriptor '/home/raoul/Documents/QEES/lab1.4/install/interprocess_eval/share/interprocess_eval/package.dsv'
[4.652s] INFO:colcon.colcon_core.shell:Creating package script '/home/raoul/Documents/QEES/lab1.4/install/interprocess_eval/share/interprocess_eval/package.sh'
[4.653s] INFO:colcon.colcon_core.shell:Creating package script '/home/raoul/Documents/QEES/lab1.4/install/interprocess_eval/share/interprocess_eval/package.bash'
[4.653s] INFO:colcon.colcon_core.shell:Creating package script '/home/raoul/Documents/QEES/lab1.4/install/interprocess_eval/share/interprocess_eval/package.zsh'
[4.654s] Level 1:colcon.colcon_core.environment:create_file_with_runtime_dependencies(/home/raoul/Documents/QEES/lab1.4/install/interprocess_eval/share/colcon-core/packages/interprocess_eval)
[4.678s] DEBUG:colcon.colcon_core.event_handler.log_command:Invoked command in '/home/raoul/Documents/QEES/lab1.4/build/interprocess_remote_eval' returned '0': /usr/bin/cmake --build /home/raoul/Documents/QEES/lab1.4/build/interprocess_remote_eval -- -j4 -l4
[4.721s] Level 1:colcon.colcon_core.environment:create_environment_scripts_only(interprocess_eval)
[4.722s] Level 1:colcon.colcon_core.environment:checking '/home/raoul/Documents/QEES/lab1.4/install/interprocess_eval' for CMake module files
[4.722s] Level 1:colcon.colcon_core.environment:checking '/home/raoul/Documents/QEES/lab1.4/install/interprocess_eval' for CMake config files
[4.722s] Level 1:colcon.colcon_core.shell:create_environment_hook('interprocess_eval', 'cmake_prefix_path')
[4.722s] INFO:colcon.colcon_core.shell:Creating environment hook '/home/raoul/Documents/QEES/lab1.4/install/interprocess_eval/share/interprocess_eval/hook/cmake_prefix_path.ps1'
[4.723s] INFO:colcon.colcon_core.shell:Creating environment descriptor '/home/raoul/Documents/QEES/lab1.4/install/interprocess_eval/share/interprocess_eval/hook/cmake_prefix_path.dsv'
[4.723s] INFO:colcon.colcon_core.shell:Creating environment hook '/home/raoul/Documents/QEES/lab1.4/install/interprocess_eval/share/interprocess_eval/hook/cmake_prefix_path.sh'
[4.724s] Level 1:colcon.colcon_core.environment:checking '/home/raoul/Documents/QEES/lab1.4/install/interprocess_eval/lib'
[4.724s] Level 1:colcon.colcon_core.environment:checking '/home/raoul/Documents/QEES/lab1.4/install/interprocess_eval/bin'
[4.724s] Level 1:colcon.colcon_core.environment:checking '/home/raoul/Documents/QEES/lab1.4/install/interprocess_eval/lib/pkgconfig/interprocess_eval.pc'
[4.724s] Level 1:colcon.colcon_core.environment:checking '/home/raoul/Documents/QEES/lab1.4/install/interprocess_eval/lib/python3.6/site-packages'
[4.725s] Level 1:colcon.colcon_core.environment:checking '/home/raoul/Documents/QEES/lab1.4/install/interprocess_eval/bin'
[4.725s] INFO:colcon.colcon_core.shell:Creating package script '/home/raoul/Documents/QEES/lab1.4/install/interprocess_eval/share/interprocess_eval/package.ps1'
[4.725s] INFO:colcon.colcon_core.shell:Creating package descriptor '/home/raoul/Documents/QEES/lab1.4/install/interprocess_eval/share/interprocess_eval/package.dsv'
[4.726s] INFO:colcon.colcon_core.shell:Creating package script '/home/raoul/Documents/QEES/lab1.4/install/interprocess_eval/share/interprocess_eval/package.sh'
[4.727s] INFO:colcon.colcon_core.shell:Creating package script '/home/raoul/Documents/QEES/lab1.4/install/interprocess_eval/share/interprocess_eval/package.bash'
[4.727s] INFO:colcon.colcon_core.shell:Creating package script '/home/raoul/Documents/QEES/lab1.4/install/interprocess_eval/share/interprocess_eval/package.zsh'
[4.728s] Level 1:colcon.colcon_core.environment:create_file_with_runtime_dependencies(/home/raoul/Documents/QEES/lab1.4/install/interprocess_eval/share/colcon-core/packages/interprocess_eval)
[4.733s] DEBUG:colcon.colcon_core.event_handler.log_command:Invoking command in '/home/raoul/Documents/QEES/lab1.4/build/interprocess_remote_eval': /usr/bin/cmake --build /home/raoul/Documents/QEES/lab1.4/build/interprocess_remote_eval --target install -- -j4 -l4
[4.888s] Level 1:colcon.colcon_core.environment:create_environment_scripts_only(interprocess_remote_eval)
[4.888s] Level 1:colcon.colcon_core.environment:checking '/home/raoul/Documents/QEES/lab1.4/install/interprocess_remote_eval' for CMake module files
[4.889s] DEBUG:colcon.colcon_core.event_handler.log_command:Invoked command in '/home/raoul/Documents/QEES/lab1.4/build/interprocess_remote_eval' returned '0': /usr/bin/cmake --build /home/raoul/Documents/QEES/lab1.4/build/interprocess_remote_eval --target install -- -j4 -l4
[4.889s] Level 1:colcon.colcon_core.environment:checking '/home/raoul/Documents/QEES/lab1.4/install/interprocess_remote_eval' for CMake config files
[4.890s] Level 1:colcon.colcon_core.shell:create_environment_hook('interprocess_remote_eval', 'cmake_prefix_path')
[4.890s] INFO:colcon.colcon_core.shell:Creating environment hook '/home/raoul/Documents/QEES/lab1.4/install/interprocess_remote_eval/share/interprocess_remote_eval/hook/cmake_prefix_path.ps1'
[4.891s] INFO:colcon.colcon_core.shell:Creating environment descriptor '/home/raoul/Documents/QEES/lab1.4/install/interprocess_remote_eval/share/interprocess_remote_eval/hook/cmake_prefix_path.dsv'
[4.891s] INFO:colcon.colcon_core.shell:Creating environment hook '/home/raoul/Documents/QEES/lab1.4/install/interprocess_remote_eval/share/interprocess_remote_eval/hook/cmake_prefix_path.sh'
[4.892s] Level 1:colcon.colcon_core.environment:checking '/home/raoul/Documents/QEES/lab1.4/install/interprocess_remote_eval/lib'
[4.892s] Level 1:colcon.colcon_core.environment:checking '/home/raoul/Documents/QEES/lab1.4/install/interprocess_remote_eval/bin'
[4.892s] Level 1:colcon.colcon_core.environment:checking '/home/raoul/Documents/QEES/lab1.4/install/interprocess_remote_eval/lib/pkgconfig/interprocess_remote_eval.pc'
[4.892s] Level 1:colcon.colcon_core.environment:checking '/home/raoul/Documents/QEES/lab1.4/install/interprocess_remote_eval/lib/python3.6/site-packages'
[4.892s] Level 1:colcon.colcon_core.environment:checking '/home/raoul/Documents/QEES/lab1.4/install/interprocess_remote_eval/bin'
[4.893s] INFO:colcon.colcon_core.shell:Creating package script '/home/raoul/Documents/QEES/lab1.4/install/interprocess_remote_eval/share/interprocess_remote_eval/package.ps1'
[4.893s] INFO:colcon.colcon_core.shell:Creating package descriptor '/home/raoul/Documents/QEES/lab1.4/install/interprocess_remote_eval/share/interprocess_remote_eval/package.dsv'
[4.893s] INFO:colcon.colcon_core.shell:Creating package script '/home/raoul/Documents/QEES/lab1.4/install/interprocess_remote_eval/share/interprocess_remote_eval/package.sh'
[4.894s] INFO:colcon.colcon_core.shell:Creating package script '/home/raoul/Documents/QEES/lab1.4/install/interprocess_remote_eval/share/interprocess_remote_eval/package.bash'
[4.894s] INFO:colcon.colcon_core.shell:Creating package script '/home/raoul/Documents/QEES/lab1.4/install/interprocess_remote_eval/share/interprocess_remote_eval/package.zsh'
[4.895s] Level 1:colcon.colcon_core.environment:create_file_with_runtime_dependencies(/home/raoul/Documents/QEES/lab1.4/install/interprocess_remote_eval/share/colcon-core/packages/interprocess_remote_eval)
[4.934s] Level 1:colcon.colcon_core.environment:create_environment_scripts_only(interprocess_remote_eval)
[4.934s] Level 1:colcon.colcon_core.environment:checking '/home/raoul/Documents/QEES/lab1.4/install/interprocess_remote_eval' for CMake module files
[4.935s] Level 1:colcon.colcon_core.environment:checking '/home/raoul/Documents/QEES/lab1.4/install/interprocess_remote_eval' for CMake config files
[4.935s] Level 1:colcon.colcon_core.shell:create_environment_hook('interprocess_remote_eval', 'cmake_prefix_path')
[4.935s] INFO:colcon.colcon_core.shell:Creating environment hook '/home/raoul/Documents/QEES/lab1.4/install/interprocess_remote_eval/share/interprocess_remote_eval/hook/cmake_prefix_path.ps1'
[4.936s] INFO:colcon.colcon_core.shell:Creating environment descriptor '/home/raoul/Documents/QEES/lab1.4/install/interprocess_remote_eval/share/interprocess_remote_eval/hook/cmake_prefix_path.dsv'
[4.936s] INFO:colcon.colcon_core.shell:Creating environment hook '/home/raoul/Documents/QEES/lab1.4/install/interprocess_remote_eval/share/interprocess_remote_eval/hook/cmake_prefix_path.sh'
[4.937s] Level 1:colcon.colcon_core.environment:checking '/home/raoul/Documents/QEES/lab1.4/install/interprocess_remote_eval/lib'
[4.937s] Level 1:colcon.colcon_core.environment:checking '/home/raoul/Documents/QEES/lab1.4/install/interprocess_remote_eval/bin'
[4.937s] Level 1:colcon.colcon_core.environment:checking '/home/raoul/Documents/QEES/lab1.4/install/interprocess_remote_eval/lib/pkgconfig/interprocess_remote_eval.pc'
[4.937s] Level 1:colcon.colcon_core.environment:checking '/home/raoul/Documents/QEES/lab1.4/install/interprocess_remote_eval/lib/python3.6/site-packages'
[4.937s] Level 1:colcon.colcon_core.environment:checking '/home/raoul/Documents/QEES/lab1.4/install/interprocess_remote_eval/bin'
[4.937s] INFO:colcon.colcon_core.shell:Creating package script '/home/raoul/Documents/QEES/lab1.4/install/interprocess_remote_eval/share/interprocess_remote_eval/package.ps1'
[4.938s] INFO:colcon.colcon_core.shell:Creating package descriptor '/home/raoul/Documents/QEES/lab1.4/install/interprocess_remote_eval/share/interprocess_remote_eval/package.dsv'
[4.938s] INFO:colcon.colcon_core.shell:Creating package script '/home/raoul/Documents/QEES/lab1.4/install/interprocess_remote_eval/share/interprocess_remote_eval/package.sh'
[4.939s] INFO:colcon.colcon_core.shell:Creating package script '/home/raoul/Documents/QEES/lab1.4/install/interprocess_remote_eval/share/interprocess_remote_eval/package.bash'
[4.939s] INFO:colcon.colcon_core.shell:Creating package script '/home/raoul/Documents/QEES/lab1.4/install/interprocess_remote_eval/share/interprocess_remote_eval/package.zsh'
[4.940s] Level 1:colcon.colcon_core.environment:create_file_with_runtime_dependencies(/home/raoul/Documents/QEES/lab1.4/install/interprocess_remote_eval/share/colcon-core/packages/interprocess_remote_eval)
[4.940s] DEBUG:colcon.colcon_parallel_executor.executor.parallel:closing loop
[4.942s] DEBUG:colcon.colcon_parallel_executor.executor.parallel:loop closed
[4.942s] DEBUG:colcon.colcon_parallel_executor.executor.parallel:run_until_complete finished with '0'
[4.943s] DEBUG:colcon.colcon_core.event_reactor:joining thread
[4.957s] INFO:colcon.colcon_core.plugin_system:Skipping extension 'colcon_notification.desktop_notification.terminal_notifier': Not used on non-Darwin systems
[4.958s] INFO:colcon.colcon_core.plugin_system:Skipping extension 'colcon_notification.desktop_notification.win32': Not used on non-Windows systems
[4.958s] INFO:colcon.colcon_notification.desktop_notification:Sending desktop notification using 'notify2'
[4.978s] DEBUG:colcon.colcon_notification.desktop_notification.notify2:Failed to initialize notify2: org.freedesktop.DBus.Error.ServiceUnknown: The name org.freedesktop.Notifications was not provided by any .service files
[4.979s] DEBUG:colcon.colcon_core.event_reactor:joined thread
[4.980s] INFO:colcon.colcon_core.shell:Creating prefix script '/home/raoul/Documents/QEES/lab1.4/install/local_setup.ps1'
[4.981s] INFO:colcon.colcon_core.shell:Creating prefix util module '/home/raoul/Documents/QEES/lab1.4/install/_local_setup_util_ps1.py'
[4.982s] INFO:colcon.colcon_core.shell:Creating prefix chain script '/home/raoul/Documents/QEES/lab1.4/install/setup.ps1'
[4.983s] INFO:colcon.colcon_core.shell:Creating prefix script '/home/raoul/Documents/QEES/lab1.4/install/local_setup.sh'
[4.984s] INFO:colcon.colcon_core.shell:Creating prefix util module '/home/raoul/Documents/QEES/lab1.4/install/_local_setup_util_sh.py'
[4.985s] INFO:colcon.colcon_core.shell:Creating prefix chain script '/home/raoul/Documents/QEES/lab1.4/install/setup.sh'
[4.986s] INFO:colcon.colcon_core.shell:Creating prefix script '/home/raoul/Documents/QEES/lab1.4/install/local_setup.bash'
[4.987s] INFO:colcon.colcon_core.shell:Creating prefix chain script '/home/raoul/Documents/QEES/lab1.4/install/setup.bash'
[5.000s] INFO:colcon.colcon_core.shell:Creating prefix script '/home/raoul/Documents/QEES/lab1.4/install/local_setup.zsh'
[5.001s] INFO:colcon.colcon_core.shell:Creating prefix chain script '/home/raoul/Documents/QEES/lab1.4/install/setup.zsh'
