[0.051s] Invoking command in '/home/raoul/Documents/QEES/lab1.2/build/artificial_load': CMAKE_PREFIX_PATH=${CMAKE_PREFIX_PATH}:/opt/ros/dashing /usr/bin/cmake --build /home/raoul/Documents/QEES/lab1.2/build/artificial_load -- -j8 -l8
[0.223s] [100%] Built target CPU_load
[0.265s] Invoked command in '/home/raoul/Documents/QEES/lab1.2/build/artificial_load' returned '0': CMAKE_PREFIX_PATH=${CMAKE_PREFIX_PATH}:/opt/ros/dashing /usr/bin/cmake --build /home/raoul/Documents/QEES/lab1.2/build/artificial_load -- -j8 -l8
[0.486s] Invoking command in '/home/raoul/Documents/QEES/lab1.2/build/artificial_load': CMAKE_PREFIX_PATH=${CMAKE_PREFIX_PATH}:/opt/ros/dashing /usr/bin/cmake --build /home/raoul/Documents/QEES/lab1.2/build/artificial_load --target install -- -j8 -l8
[0.639s] [100%] Built target CPU_load
[0.733s] [36mInstall the project...[0m
[0.805s] -- Install configuration: ""
[0.808s] -- Execute custom install script
[0.810s] -- Up-to-date symlink: /home/raoul/Documents/QEES/lab1.2/install/artificial_load/lib/artificial_load/CPU_load
[0.812s] -- Up-to-date symlink: /home/raoul/Documents/QEES/lab1.2/install/artificial_load/share/ament_index/resource_index/package_run_dependencies/artificial_load
[0.815s] -- Up-to-date symlink: /home/raoul/Documents/QEES/lab1.2/install/artificial_load/share/ament_index/resource_index/parent_prefix_path/artificial_load
[0.816s] -- Up-to-date symlink: /home/raoul/Documents/QEES/lab1.2/install/artificial_load/share/artificial_load/environment/ament_prefix_path.sh
[0.817s] -- Up-to-date symlink: /home/raoul/Documents/QEES/lab1.2/install/artificial_load/share/artificial_load/environment/path.sh
[0.821s] -- Up-to-date symlink: /home/raoul/Documents/QEES/lab1.2/install/artificial_load/share/artificial_load/local_setup.bash
[0.822s] -- Up-to-date symlink: /home/raoul/Documents/QEES/lab1.2/install/artificial_load/share/artificial_load/local_setup.sh
[0.827s] -- Up-to-date symlink: /home/raoul/Documents/QEES/lab1.2/install/artificial_load/share/artificial_load/local_setup.zsh
[0.830s] -- Up-to-date symlink: /home/raoul/Documents/QEES/lab1.2/install/artificial_load/share/ament_index/resource_index/packages/artificial_load
[0.832s] -- Up-to-date symlink: /home/raoul/Documents/QEES/lab1.2/install/artificial_load/share/artificial_load/cmake/artificial_loadConfig.cmake
[0.834s] -- Up-to-date symlink: /home/raoul/Documents/QEES/lab1.2/install/artificial_load/share/artificial_load/cmake/artificial_loadConfig-version.cmake
[0.842s] -- Up-to-date symlink: /home/raoul/Documents/QEES/lab1.2/install/artificial_load/share/artificial_load/package.xml
[0.854s] Invoked command in '/home/raoul/Documents/QEES/lab1.2/build/artificial_load' returned '0': CMAKE_PREFIX_PATH=${CMAKE_PREFIX_PATH}:/opt/ros/dashing /usr/bin/cmake --build /home/raoul/Documents/QEES/lab1.2/build/artificial_load --target install -- -j8 -l8
