[0.050s] Invoking command in '/home/raoul/Documents/QEES/lab1.3/build/artificial_load': CMAKE_PREFIX_PATH=/opt/ros/dashing /usr/bin/cmake --build /home/raoul/Documents/QEES/lab1.3/build/artificial_load -- -j8 -l8
[0.247s] [100%] Built target CPU_load
[0.302s] Invoked command in '/home/raoul/Documents/QEES/lab1.3/build/artificial_load' returned '0': CMAKE_PREFIX_PATH=/opt/ros/dashing /usr/bin/cmake --build /home/raoul/Documents/QEES/lab1.3/build/artificial_load -- -j8 -l8
[0.599s] Invoking command in '/home/raoul/Documents/QEES/lab1.3/build/artificial_load': CMAKE_PREFIX_PATH=/opt/ros/dashing /usr/bin/cmake --build /home/raoul/Documents/QEES/lab1.3/build/artificial_load --target install -- -j8 -l8
[1.105s] [100%] Built target CPU_load
[1.335s] [36mInstall the project...[0m
[1.464s] -- Install configuration: ""
[1.465s] -- Execute custom install script
[1.467s] -- Up-to-date symlink: /home/raoul/Documents/QEES/lab1.3/install/artificial_load/lib/artificial_load/CPU_load
[1.482s] -- Up-to-date symlink: /home/raoul/Documents/QEES/lab1.3/install/artificial_load/share/ament_index/resource_index/package_run_dependencies/artificial_load
[1.483s] -- Up-to-date symlink: /home/raoul/Documents/QEES/lab1.3/install/artificial_load/share/ament_index/resource_index/parent_prefix_path/artificial_load
[1.484s] -- Up-to-date symlink: /home/raoul/Documents/QEES/lab1.3/install/artificial_load/share/artificial_load/environment/ament_prefix_path.sh
[1.485s] -- Up-to-date symlink: /home/raoul/Documents/QEES/lab1.3/install/artificial_load/share/artificial_load/environment/path.sh
[1.485s] -- Up-to-date symlink: /home/raoul/Documents/QEES/lab1.3/install/artificial_load/share/artificial_load/local_setup.bash
[1.487s] -- Up-to-date symlink: /home/raoul/Documents/QEES/lab1.3/install/artificial_load/share/artificial_load/local_setup.sh
[1.488s] -- Up-to-date symlink: /home/raoul/Documents/QEES/lab1.3/install/artificial_load/share/artificial_load/local_setup.zsh
[1.489s] -- Up-to-date symlink: /home/raoul/Documents/QEES/lab1.3/install/artificial_load/share/ament_index/resource_index/packages/artificial_load
[1.490s] -- Up-to-date symlink: /home/raoul/Documents/QEES/lab1.3/install/artificial_load/share/artificial_load/cmake/artificial_loadConfig.cmake
[1.490s] -- Up-to-date symlink: /home/raoul/Documents/QEES/lab1.3/install/artificial_load/share/artificial_load/cmake/artificial_loadConfig-version.cmake
[1.491s] -- Up-to-date symlink: /home/raoul/Documents/QEES/lab1.3/install/artificial_load/share/artificial_load/package.xml
[1.500s] Invoked command in '/home/raoul/Documents/QEES/lab1.3/build/artificial_load' returned '0': CMAKE_PREFIX_PATH=/opt/ros/dashing /usr/bin/cmake --build /home/raoul/Documents/QEES/lab1.3/build/artificial_load --target install -- -j8 -l8
