[0.030s] Invoking command in '/home/raoul/Documents/QEES/lab1.4/build/artificial_load': CMAKE_PREFIX_PATH=${CMAKE_PREFIX_PATH}:/opt/ros/dashing /usr/bin/cmake --build /home/raoul/Documents/QEES/lab1.4/build/artificial_load -- -j4 -l4
[0.165s] [100%] Built target CPU_load
[0.183s] Invoked command in '/home/raoul/Documents/QEES/lab1.4/build/artificial_load' returned '0': CMAKE_PREFIX_PATH=${CMAKE_PREFIX_PATH}:/opt/ros/dashing /usr/bin/cmake --build /home/raoul/Documents/QEES/lab1.4/build/artificial_load -- -j4 -l4
[0.315s] Invoking command in '/home/raoul/Documents/QEES/lab1.4/build/artificial_load': CMAKE_PREFIX_PATH=${CMAKE_PREFIX_PATH}:/opt/ros/dashing /usr/bin/cmake --build /home/raoul/Documents/QEES/lab1.4/build/artificial_load --target install -- -j4 -l4
[0.386s] [100%] Built target CPU_load
[0.415s] [36mInstall the project...[0m
[0.428s] -- Install configuration: ""
[0.429s] -- Execute custom install script
[0.430s] -- Up-to-date symlink: /home/raoul/Documents/QEES/lab1.4/install/artificial_load/lib/artificial_load/CPU_load
[0.433s] -- Up-to-date symlink: /home/raoul/Documents/QEES/lab1.4/install/artificial_load/share/ament_index/resource_index/package_run_dependencies/artificial_load
[0.434s] -- Up-to-date symlink: /home/raoul/Documents/QEES/lab1.4/install/artificial_load/share/ament_index/resource_index/parent_prefix_path/artificial_load
[0.435s] -- Up-to-date symlink: /home/raoul/Documents/QEES/lab1.4/install/artificial_load/share/artificial_load/environment/ament_prefix_path.sh
[0.436s] -- Up-to-date symlink: /home/raoul/Documents/QEES/lab1.4/install/artificial_load/share/artificial_load/environment/path.sh
[0.436s] -- Up-to-date symlink: /home/raoul/Documents/QEES/lab1.4/install/artificial_load/share/artificial_load/local_setup.bash
[0.437s] -- Up-to-date symlink: /home/raoul/Documents/QEES/lab1.4/install/artificial_load/share/artificial_load/local_setup.sh
[0.437s] -- Up-to-date symlink: /home/raoul/Documents/QEES/lab1.4/install/artificial_load/share/artificial_load/local_setup.zsh
[0.438s] -- Up-to-date symlink: /home/raoul/Documents/QEES/lab1.4/install/artificial_load/share/ament_index/resource_index/packages/artificial_load
[0.438s] -- Up-to-date symlink: /home/raoul/Documents/QEES/lab1.4/install/artificial_load/share/artificial_load/cmake/artificial_loadConfig.cmake
[0.438s] -- Up-to-date symlink: /home/raoul/Documents/QEES/lab1.4/install/artificial_load/share/artificial_load/cmake/artificial_loadConfig-version.cmake
[0.439s] -- Up-to-date symlink: /home/raoul/Documents/QEES/lab1.4/install/artificial_load/share/artificial_load/package.xml
[0.443s] Invoked command in '/home/raoul/Documents/QEES/lab1.4/build/artificial_load' returned '0': CMAKE_PREFIX_PATH=${CMAKE_PREFIX_PATH}:/opt/ros/dashing /usr/bin/cmake --build /home/raoul/Documents/QEES/lab1.4/build/artificial_load --target install -- -j4 -l4
