[0.297s] DEBUG:colcon:Command line arguments: ['/usr/bin/colcon', 'build', '--symlink-install']
[0.297s] DEBUG:colcon:Parsed command line arguments: Namespace(allow_overriding=[], ament_cmake_args=None, base_paths=['.'], build_base='build', catkin_cmake_args=None, catkin_skip_building_tests=False, cmake_args=None, cmake_clean_cache=False, cmake_clean_first=False, cmake_force_configure=False, cmake_target=None, cmake_target_skip_unavailable=False, continue_on_error=False, event_handlers=None, executor='parallel', ignore_user_meta=False, install_base='install', log_base=None, log_level=None, main=<bound method BuildVerb.main of <colcon_core.verb.build.BuildVerb object at 0x7f7e872dbba8>>, merge_install=False, metas=['./colcon.meta'], packages_above=None, packages_above_and_dependencies=None, packages_above_depth=None, packages_end=None, packages_ignore=None, packages_ignore_regex=None, packages_select=None, packages_select_build_failed=False, packages_select_by_dep=None, packages_select_regex=None, packages_select_test_failures=False, packages_skip=None, packages_skip_build_finished=False, packages_skip_by_dep=None, packages_skip_regex=None, packages_skip_test_passed=False, packages_skip_up_to=None, packages_start=None, packages_up_to=None, packages_up_to_regex=None, parallel_workers=8, paths=None, symlink_install=True, test_result_base=None, verb_extension=<colcon_core.verb.build.BuildVerb object at 0x7f7e872dbba8>, verb_name='build', verb_parser=<colcon_defaults.argument_parser.defaults.DefaultArgumentsDecorator object at 0x7f7e872dbef0>)
[0.327s] Level 1:colcon.colcon_core.package_discovery:discover_packages(colcon_meta) check parameters
[0.328s] Level 1:colcon.colcon_core.package_discovery:discover_packages(recursive) check parameters
[0.328s] Level 1:colcon.colcon_core.package_discovery:discover_packages(ignore) check parameters
[0.328s] Level 1:colcon.colcon_core.package_discovery:discover_packages(path) check parameters
[0.328s] Level 1:colcon.colcon_core.package_discovery:discover_packages(colcon_meta) discover
[0.328s] Level 1:colcon.colcon_core.package_discovery:discover_packages(recursive) discover
[0.328s] INFO:colcon.colcon_core.package_discovery:Crawling recursively for packages in '/home/raoul/Documents/QEES/lab1'
[0.329s] Level 1:colcon.colcon_core.package_identification:_identify(.) by extensions ['ignore', 'ignore_ament_install']
[0.329s] Level 1:colcon.colcon_core.package_identification:_identify(.) by extension 'ignore'
[0.329s] Level 1:colcon.colcon_core.package_identification:_identify(.) by extension 'ignore_ament_install'
[0.329s] Level 1:colcon.colcon_core.package_identification:_identify(.) by extensions ['colcon_pkg']
[0.329s] Level 1:colcon.colcon_core.package_identification:_identify(.) by extension 'colcon_pkg'
[0.329s] Level 1:colcon.colcon_core.package_identification:_identify(.) by extensions ['colcon_meta']
[0.329s] Level 1:colcon.colcon_core.package_identification:_identify(.) by extension 'colcon_meta'
[0.329s] Level 1:colcon.colcon_core.package_identification:_identify(.) by extensions ['ros']
[0.329s] Level 1:colcon.colcon_core.package_identification:_identify(.) by extension 'ros'
[0.345s] Level 1:colcon.colcon_core.package_identification:_identify(.) by extensions ['cmake', 'python']
[0.346s] Level 1:colcon.colcon_core.package_identification:_identify(.) by extension 'cmake'
[0.346s] Level 1:colcon.colcon_core.package_identification:_identify(.) by extension 'python'
[0.346s] Level 1:colcon.colcon_core.package_identification:_identify(.) by extensions ['python_setup_py']
[0.346s] Level 1:colcon.colcon_core.package_identification:_identify(.) by extension 'python_setup_py'
[0.346s] Level 1:colcon.colcon_core.package_identification:_identify(build) by extensions ['ignore', 'ignore_ament_install']
[0.346s] Level 1:colcon.colcon_core.package_identification:_identify(build) by extension 'ignore'
[0.346s] Level 1:colcon.colcon_core.package_identification:_identify(build) ignored
[0.347s] Level 1:colcon.colcon_core.package_identification:_identify(evaluation) by extensions ['ignore', 'ignore_ament_install']
[0.347s] Level 1:colcon.colcon_core.package_identification:_identify(evaluation) by extension 'ignore'
[0.347s] Level 1:colcon.colcon_core.package_identification:_identify(evaluation) by extension 'ignore_ament_install'
[0.347s] Level 1:colcon.colcon_core.package_identification:_identify(evaluation) by extensions ['colcon_pkg']
[0.347s] Level 1:colcon.colcon_core.package_identification:_identify(evaluation) by extension 'colcon_pkg'
[0.347s] Level 1:colcon.colcon_core.package_identification:_identify(evaluation) by extensions ['colcon_meta']
[0.347s] Level 1:colcon.colcon_core.package_identification:_identify(evaluation) by extension 'colcon_meta'
[0.347s] Level 1:colcon.colcon_core.package_identification:_identify(evaluation) by extensions ['ros']
[0.348s] Level 1:colcon.colcon_core.package_identification:_identify(evaluation) by extension 'ros'
[0.348s] Level 1:colcon.colcon_core.package_identification:_identify(evaluation) by extensions ['cmake', 'python']
[0.348s] Level 1:colcon.colcon_core.package_identification:_identify(evaluation) by extension 'cmake'
[0.348s] Level 1:colcon.colcon_core.package_identification:_identify(evaluation) by extension 'python'
[0.348s] Level 1:colcon.colcon_core.package_identification:_identify(evaluation) by extensions ['python_setup_py']
[0.348s] Level 1:colcon.colcon_core.package_identification:_identify(evaluation) by extension 'python_setup_py'
[0.348s] Level 1:colcon.colcon_core.package_identification:_identify(evaluation/byte_data) by extensions ['ignore', 'ignore_ament_install']
[0.348s] Level 1:colcon.colcon_core.package_identification:_identify(evaluation/byte_data) by extension 'ignore'
[0.348s] Level 1:colcon.colcon_core.package_identification:_identify(evaluation/byte_data) by extension 'ignore_ament_install'
[0.349s] Level 1:colcon.colcon_core.package_identification:_identify(evaluation/byte_data) by extensions ['colcon_pkg']
[0.349s] Level 1:colcon.colcon_core.package_identification:_identify(evaluation/byte_data) by extension 'colcon_pkg'
[0.349s] Level 1:colcon.colcon_core.package_identification:_identify(evaluation/byte_data) by extensions ['colcon_meta']
[0.349s] Level 1:colcon.colcon_core.package_identification:_identify(evaluation/byte_data) by extension 'colcon_meta'
[0.349s] Level 1:colcon.colcon_core.package_identification:_identify(evaluation/byte_data) by extensions ['ros']
[0.349s] Level 1:colcon.colcon_core.package_identification:_identify(evaluation/byte_data) by extension 'ros'
[0.349s] Level 1:colcon.colcon_core.package_identification:_identify(evaluation/byte_data) by extensions ['cmake', 'python']
[0.349s] Level 1:colcon.colcon_core.package_identification:_identify(evaluation/byte_data) by extension 'cmake'
[0.349s] Level 1:colcon.colcon_core.package_identification:_identify(evaluation/byte_data) by extension 'python'
[0.349s] Level 1:colcon.colcon_core.package_identification:_identify(evaluation/byte_data) by extensions ['python_setup_py']
[0.349s] Level 1:colcon.colcon_core.package_identification:_identify(evaluation/byte_data) by extension 'python_setup_py'
[0.349s] Level 1:colcon.colcon_core.package_identification:_identify(evaluation/convert_msg) by extensions ['ignore', 'ignore_ament_install']
[0.350s] Level 1:colcon.colcon_core.package_identification:_identify(evaluation/convert_msg) by extension 'ignore'
[0.350s] Level 1:colcon.colcon_core.package_identification:_identify(evaluation/convert_msg) by extension 'ignore_ament_install'
[0.350s] Level 1:colcon.colcon_core.package_identification:_identify(evaluation/convert_msg) by extensions ['colcon_pkg']
[0.350s] Level 1:colcon.colcon_core.package_identification:_identify(evaluation/convert_msg) by extension 'colcon_pkg'
[0.350s] Level 1:colcon.colcon_core.package_identification:_identify(evaluation/convert_msg) by extensions ['colcon_meta']
[0.350s] Level 1:colcon.colcon_core.package_identification:_identify(evaluation/convert_msg) by extension 'colcon_meta'
[0.350s] Level 1:colcon.colcon_core.package_identification:_identify(evaluation/convert_msg) by extensions ['ros']
[0.350s] Level 1:colcon.colcon_core.package_identification:_identify(evaluation/convert_msg) by extension 'ros'
[0.350s] Level 1:colcon.colcon_core.package_identification:_identify(evaluation/convert_msg) by extensions ['cmake', 'python']
[0.350s] Level 1:colcon.colcon_core.package_identification:_identify(evaluation/convert_msg) by extension 'cmake'
[0.350s] Level 1:colcon.colcon_core.package_identification:_identify(evaluation/convert_msg) by extension 'python'
[0.350s] Level 1:colcon.colcon_core.package_identification:_identify(evaluation/convert_msg) by extensions ['python_setup_py']
[0.351s] Level 1:colcon.colcon_core.package_identification:_identify(evaluation/convert_msg) by extension 'python_setup_py'
[0.351s] Level 1:colcon.colcon_core.package_identification:_identify(evaluation/dds_time) by extensions ['ignore', 'ignore_ament_install']
[0.351s] Level 1:colcon.colcon_core.package_identification:_identify(evaluation/dds_time) by extension 'ignore'
[0.351s] Level 1:colcon.colcon_core.package_identification:_identify(evaluation/dds_time) by extension 'ignore_ament_install'
[0.351s] Level 1:colcon.colcon_core.package_identification:_identify(evaluation/dds_time) by extensions ['colcon_pkg']
[0.351s] Level 1:colcon.colcon_core.package_identification:_identify(evaluation/dds_time) by extension 'colcon_pkg'
[0.351s] Level 1:colcon.colcon_core.package_identification:_identify(evaluation/dds_time) by extensions ['colcon_meta']
[0.351s] Level 1:colcon.colcon_core.package_identification:_identify(evaluation/dds_time) by extension 'colcon_meta'
[0.351s] Level 1:colcon.colcon_core.package_identification:_identify(evaluation/dds_time) by extensions ['ros']
[0.351s] Level 1:colcon.colcon_core.package_identification:_identify(evaluation/dds_time) by extension 'ros'
[0.351s] Level 1:colcon.colcon_core.package_identification:_identify(evaluation/dds_time) by extensions ['cmake', 'python']
[0.352s] Level 1:colcon.colcon_core.package_identification:_identify(evaluation/dds_time) by extension 'cmake'
[0.352s] Level 1:colcon.colcon_core.package_identification:_identify(evaluation/dds_time) by extension 'python'
[0.352s] Level 1:colcon.colcon_core.package_identification:_identify(evaluation/dds_time) by extensions ['python_setup_py']
[0.352s] Level 1:colcon.colcon_core.package_identification:_identify(evaluation/dds_time) by extension 'python_setup_py'
[0.352s] Level 1:colcon.colcon_core.package_identification:_identify(evaluation/publish_time) by extensions ['ignore', 'ignore_ament_install']
[0.352s] Level 1:colcon.colcon_core.package_identification:_identify(evaluation/publish_time) by extension 'ignore'
[0.352s] Level 1:colcon.colcon_core.package_identification:_identify(evaluation/publish_time) by extension 'ignore_ament_install'
[0.352s] Level 1:colcon.colcon_core.package_identification:_identify(evaluation/publish_time) by extensions ['colcon_pkg']
[0.352s] Level 1:colcon.colcon_core.package_identification:_identify(evaluation/publish_time) by extension 'colcon_pkg'
[0.352s] Level 1:colcon.colcon_core.package_identification:_identify(evaluation/publish_time) by extensions ['colcon_meta']
[0.352s] Level 1:colcon.colcon_core.package_identification:_identify(evaluation/publish_time) by extension 'colcon_meta'
[0.353s] Level 1:colcon.colcon_core.package_identification:_identify(evaluation/publish_time) by extensions ['ros']
[0.353s] Level 1:colcon.colcon_core.package_identification:_identify(evaluation/publish_time) by extension 'ros'
[0.353s] Level 1:colcon.colcon_core.package_identification:_identify(evaluation/publish_time) by extensions ['cmake', 'python']
[0.353s] Level 1:colcon.colcon_core.package_identification:_identify(evaluation/publish_time) by extension 'cmake'
[0.353s] Level 1:colcon.colcon_core.package_identification:_identify(evaluation/publish_time) by extension 'python'
[0.353s] Level 1:colcon.colcon_core.package_identification:_identify(evaluation/publish_time) by extensions ['python_setup_py']
[0.353s] Level 1:colcon.colcon_core.package_identification:_identify(evaluation/publish_time) by extension 'python_setup_py'
[0.353s] Level 1:colcon.colcon_core.package_identification:_identify(evaluation/subscribe_time) by extensions ['ignore', 'ignore_ament_install']
[0.353s] Level 1:colcon.colcon_core.package_identification:_identify(evaluation/subscribe_time) by extension 'ignore'
[0.353s] Level 1:colcon.colcon_core.package_identification:_identify(evaluation/subscribe_time) by extension 'ignore_ament_install'
[0.353s] Level 1:colcon.colcon_core.package_identification:_identify(evaluation/subscribe_time) by extensions ['colcon_pkg']
[0.354s] Level 1:colcon.colcon_core.package_identification:_identify(evaluation/subscribe_time) by extension 'colcon_pkg'
[0.354s] Level 1:colcon.colcon_core.package_identification:_identify(evaluation/subscribe_time) by extensions ['colcon_meta']
[0.354s] Level 1:colcon.colcon_core.package_identification:_identify(evaluation/subscribe_time) by extension 'colcon_meta'
[0.354s] Level 1:colcon.colcon_core.package_identification:_identify(evaluation/subscribe_time) by extensions ['ros']
[0.354s] Level 1:colcon.colcon_core.package_identification:_identify(evaluation/subscribe_time) by extension 'ros'
[0.354s] Level 1:colcon.colcon_core.package_identification:_identify(evaluation/subscribe_time) by extensions ['cmake', 'python']
[0.354s] Level 1:colcon.colcon_core.package_identification:_identify(evaluation/subscribe_time) by extension 'cmake'
[0.354s] Level 1:colcon.colcon_core.package_identification:_identify(evaluation/subscribe_time) by extension 'python'
[0.354s] Level 1:colcon.colcon_core.package_identification:_identify(evaluation/subscribe_time) by extensions ['python_setup_py']
[0.354s] Level 1:colcon.colcon_core.package_identification:_identify(evaluation/subscribe_time) by extension 'python_setup_py'
[0.354s] Level 1:colcon.colcon_core.package_identification:_identify(evaluation/transport_time) by extensions ['ignore', 'ignore_ament_install']
[0.355s] Level 1:colcon.colcon_core.package_identification:_identify(evaluation/transport_time) by extension 'ignore'
[0.355s] Level 1:colcon.colcon_core.package_identification:_identify(evaluation/transport_time) by extension 'ignore_ament_install'
[0.355s] Level 1:colcon.colcon_core.package_identification:_identify(evaluation/transport_time) by extensions ['colcon_pkg']
[0.355s] Level 1:colcon.colcon_core.package_identification:_identify(evaluation/transport_time) by extension 'colcon_pkg'
[0.355s] Level 1:colcon.colcon_core.package_identification:_identify(evaluation/transport_time) by extensions ['colcon_meta']
[0.355s] Level 1:colcon.colcon_core.package_identification:_identify(evaluation/transport_time) by extension 'colcon_meta'
[0.355s] Level 1:colcon.colcon_core.package_identification:_identify(evaluation/transport_time) by extensions ['ros']
[0.355s] Level 1:colcon.colcon_core.package_identification:_identify(evaluation/transport_time) by extension 'ros'
[0.355s] Level 1:colcon.colcon_core.package_identification:_identify(evaluation/transport_time) by extensions ['cmake', 'python']
[0.355s] Level 1:colcon.colcon_core.package_identification:_identify(evaluation/transport_time) by extension 'cmake'
[0.355s] Level 1:colcon.colcon_core.package_identification:_identify(evaluation/transport_time) by extension 'python'
[0.355s] Level 1:colcon.colcon_core.package_identification:_identify(evaluation/transport_time) by extensions ['python_setup_py']
[0.355s] Level 1:colcon.colcon_core.package_identification:_identify(evaluation/transport_time) by extension 'python_setup_py'
[0.356s] Level 1:colcon.colcon_core.package_identification:_identify(install) by extensions ['ignore', 'ignore_ament_install']
[0.356s] Level 1:colcon.colcon_core.package_identification:_identify(install) by extension 'ignore'
[0.356s] Level 1:colcon.colcon_core.package_identification:_identify(install) ignored
[0.356s] Level 1:colcon.colcon_core.package_identification:_identify(log) by extensions ['ignore', 'ignore_ament_install']
[0.356s] Level 1:colcon.colcon_core.package_identification:_identify(log) by extension 'ignore'
[0.356s] Level 1:colcon.colcon_core.package_identification:_identify(log) ignored
[0.356s] Level 1:colcon.colcon_core.package_identification:_identify(src) by extensions ['ignore', 'ignore_ament_install']
[0.357s] Level 1:colcon.colcon_core.package_identification:_identify(src) by extension 'ignore'
[0.357s] Level 1:colcon.colcon_core.package_identification:_identify(src) by extension 'ignore_ament_install'
[0.357s] Level 1:colcon.colcon_core.package_identification:_identify(src) by extensions ['colcon_pkg']
[0.357s] Level 1:colcon.colcon_core.package_identification:_identify(src) by extension 'colcon_pkg'
[0.357s] Level 1:colcon.colcon_core.package_identification:_identify(src) by extensions ['colcon_meta']
[0.357s] Level 1:colcon.colcon_core.package_identification:_identify(src) by extension 'colcon_meta'
[0.357s] Level 1:colcon.colcon_core.package_identification:_identify(src) by extensions ['ros']
[0.357s] Level 1:colcon.colcon_core.package_identification:_identify(src) by extension 'ros'
[0.357s] Level 1:colcon.colcon_core.package_identification:_identify(src) by extensions ['cmake', 'python']
[0.357s] Level 1:colcon.colcon_core.package_identification:_identify(src) by extension 'cmake'
[0.357s] Level 1:colcon.colcon_core.package_identification:_identify(src) by extension 'python'
[0.357s] Level 1:colcon.colcon_core.package_identification:_identify(src) by extensions ['python_setup_py']
[0.357s] Level 1:colcon.colcon_core.package_identification:_identify(src) by extension 'python_setup_py'
[0.358s] Level 1:colcon.colcon_core.package_identification:_identify(src/artificial_load) by extensions ['ignore', 'ignore_ament_install']
[0.358s] Level 1:colcon.colcon_core.package_identification:_identify(src/artificial_load) by extension 'ignore'
[0.358s] Level 1:colcon.colcon_core.package_identification:_identify(src/artificial_load) by extension 'ignore_ament_install'
[0.358s] Level 1:colcon.colcon_core.package_identification:_identify(src/artificial_load) by extensions ['colcon_pkg']
[0.358s] Level 1:colcon.colcon_core.package_identification:_identify(src/artificial_load) by extension 'colcon_pkg'
[0.358s] Level 1:colcon.colcon_core.package_identification:_identify(src/artificial_load) by extensions ['colcon_meta']
[0.358s] Level 1:colcon.colcon_core.package_identification:_identify(src/artificial_load) by extension 'colcon_meta'
[0.358s] Level 1:colcon.colcon_core.package_identification:_identify(src/artificial_load) by extensions ['ros']
[0.358s] Level 1:colcon.colcon_core.package_identification:_identify(src/artificial_load) by extension 'ros'
[0.363s] DEBUG:colcon.colcon_core.package_identification:Package 'src/artificial_load' with type 'ros.ament_cmake' and name 'artificial_load'
[0.363s] Level 1:colcon.colcon_core.package_identification:_identify(src/interprocess_eval) by extensions ['ignore', 'ignore_ament_install']
[0.363s] Level 1:colcon.colcon_core.package_identification:_identify(src/interprocess_eval) by extension 'ignore'
[0.363s] Level 1:colcon.colcon_core.package_identification:_identify(src/interprocess_eval) by extension 'ignore_ament_install'
[0.363s] Level 1:colcon.colcon_core.package_identification:_identify(src/interprocess_eval) by extensions ['colcon_pkg']
[0.363s] Level 1:colcon.colcon_core.package_identification:_identify(src/interprocess_eval) by extension 'colcon_pkg'
[0.364s] Level 1:colcon.colcon_core.package_identification:_identify(src/interprocess_eval) by extensions ['colcon_meta']
[0.364s] Level 1:colcon.colcon_core.package_identification:_identify(src/interprocess_eval) by extension 'colcon_meta'
[0.364s] Level 1:colcon.colcon_core.package_identification:_identify(src/interprocess_eval) by extensions ['ros']
[0.364s] Level 1:colcon.colcon_core.package_identification:_identify(src/interprocess_eval) by extension 'ros'
[0.365s] DEBUG:colcon.colcon_core.package_identification:Package 'src/interprocess_eval' with type 'ros.ament_cmake' and name 'interprocess_eval'
[0.365s] Level 1:colcon.colcon_core.package_identification:_identify(src/interprocess_remote_eval) by extensions ['ignore', 'ignore_ament_install']
[0.365s] Level 1:colcon.colcon_core.package_identification:_identify(src/interprocess_remote_eval) by extension 'ignore'
[0.365s] Level 1:colcon.colcon_core.package_identification:_identify(src/interprocess_remote_eval) by extension 'ignore_ament_install'
[0.365s] Level 1:colcon.colcon_core.package_identification:_identify(src/interprocess_remote_eval) by extensions ['colcon_pkg']
[0.365s] Level 1:colcon.colcon_core.package_identification:_identify(src/interprocess_remote_eval) by extension 'colcon_pkg'
[0.365s] Level 1:colcon.colcon_core.package_identification:_identify(src/interprocess_remote_eval) by extensions ['colcon_meta']
[0.365s] Level 1:colcon.colcon_core.package_identification:_identify(src/interprocess_remote_eval) by extension 'colcon_meta'
[0.365s] Level 1:colcon.colcon_core.package_identification:_identify(src/interprocess_remote_eval) by extensions ['ros']
[0.366s] Level 1:colcon.colcon_core.package_identification:_identify(src/interprocess_remote_eval) by extension 'ros'
[0.366s] DEBUG:colcon.colcon_core.package_identification:Package 'src/interprocess_remote_eval' with type 'ros.ament_cmake' and name 'interprocess_remote_eval'
[0.367s] Level 1:colcon.colcon_core.package_identification:_identify(src/intraprocess_eval) by extensions ['ignore', 'ignore_ament_install']
[0.367s] Level 1:colcon.colcon_core.package_identification:_identify(src/intraprocess_eval) by extension 'ignore'
[0.367s] Level 1:colcon.colcon_core.package_identification:_identify(src/intraprocess_eval) by extension 'ignore_ament_install'
[0.367s] Level 1:colcon.colcon_core.package_identification:_identify(src/intraprocess_eval) by extensions ['colcon_pkg']
[0.367s] Level 1:colcon.colcon_core.package_identification:_identify(src/intraprocess_eval) by extension 'colcon_pkg'
[0.367s] Level 1:colcon.colcon_core.package_identification:_identify(src/intraprocess_eval) by extensions ['colcon_meta']
[0.367s] Level 1:colcon.colcon_core.package_identification:_identify(src/intraprocess_eval) by extension 'colcon_meta'
[0.367s] Level 1:colcon.colcon_core.package_identification:_identify(src/intraprocess_eval) by extensions ['ros']
[0.367s] Level 1:colcon.colcon_core.package_identification:_identify(src/intraprocess_eval) by extension 'ros'
[0.368s] DEBUG:colcon.colcon_core.package_identification:Package 'src/intraprocess_eval' with type 'ros.ament_cmake' and name 'intraprocess_eval'
[0.368s] Level 1:colcon.colcon_core.package_discovery:discover_packages(recursive) using defaults
[0.368s] Level 1:colcon.colcon_core.package_discovery:discover_packages(ignore) discover
[0.368s] Level 1:colcon.colcon_core.package_discovery:discover_packages(ignore) using defaults
[0.368s] Level 1:colcon.colcon_core.package_discovery:discover_packages(path) discover
[0.369s] Level 1:colcon.colcon_core.package_discovery:discover_packages(path) using defaults
[0.411s] Level 1:colcon.colcon_core.package_discovery:discover_packages(prefix_path) check parameters
[0.411s] Level 1:colcon.colcon_core.package_discovery:discover_packages(prefix_path) discover
[0.415s] DEBUG:colcon.colcon_installed_package_information.package_discovery:Found 4 installed packages in /home/raoul/Documents/QEES/lab1/install
[0.416s] DEBUG:colcon.colcon_installed_package_information.package_discovery:Found 225 installed packages in /opt/ros/dashing
[0.419s] Level 1:colcon.colcon_core.package_discovery:discover_packages(prefix_path) using defaults
[0.542s] Level 5:colcon.colcon_core.verb:set package 'artificial_load' build argument 'cmake_args' from command line to 'None'
[0.542s] Level 5:colcon.colcon_core.verb:set package 'artificial_load' build argument 'cmake_target' from command line to 'None'
[0.542s] Level 5:colcon.colcon_core.verb:set package 'artificial_load' build argument 'cmake_target_skip_unavailable' from command line to 'False'
[0.542s] Level 5:colcon.colcon_core.verb:set package 'artificial_load' build argument 'cmake_clean_cache' from command line to 'False'
[0.542s] Level 5:colcon.colcon_core.verb:set package 'artificial_load' build argument 'cmake_clean_first' from command line to 'False'
[0.542s] Level 5:colcon.colcon_core.verb:set package 'artificial_load' build argument 'cmake_force_configure' from command line to 'False'
[0.542s] Level 5:colcon.colcon_core.verb:set package 'artificial_load' build argument 'ament_cmake_args' from command line to 'None'
[0.543s] Level 5:colcon.colcon_core.verb:set package 'artificial_load' build argument 'catkin_cmake_args' from command line to 'None'
[0.543s] Level 5:colcon.colcon_core.verb:set package 'artificial_load' build argument 'catkin_skip_building_tests' from command line to 'False'
[0.543s] DEBUG:colcon.colcon_core.verb:Building package 'artificial_load' with the following arguments: {'ament_cmake_args': None, 'build_base': '/home/raoul/Documents/QEES/lab1/build/artificial_load', 'catkin_cmake_args': None, 'catkin_skip_building_tests': False, 'cmake_args': None, 'cmake_clean_cache': False, 'cmake_clean_first': False, 'cmake_force_configure': False, 'cmake_target': None, 'cmake_target_skip_unavailable': False, 'install_base': '/home/raoul/Documents/QEES/lab1/install/artificial_load', 'merge_install': False, 'path': '/home/raoul/Documents/QEES/lab1/src/artificial_load', 'symlink_install': True, 'test_result_base': None}
[0.543s] Level 5:colcon.colcon_core.verb:set package 'interprocess_eval' build argument 'cmake_args' from command line to 'None'
[0.543s] Level 5:colcon.colcon_core.verb:set package 'interprocess_eval' build argument 'cmake_target' from command line to 'None'
[0.543s] Level 5:colcon.colcon_core.verb:set package 'interprocess_eval' build argument 'cmake_target_skip_unavailable' from command line to 'False'
[0.544s] Level 5:colcon.colcon_core.verb:set package 'interprocess_eval' build argument 'cmake_clean_cache' from command line to 'False'
[0.544s] Level 5:colcon.colcon_core.verb:set package 'interprocess_eval' build argument 'cmake_clean_first' from command line to 'False'
[0.544s] Level 5:colcon.colcon_core.verb:set package 'interprocess_eval' build argument 'cmake_force_configure' from command line to 'False'
[0.544s] Level 5:colcon.colcon_core.verb:set package 'interprocess_eval' build argument 'ament_cmake_args' from command line to 'None'
[0.544s] Level 5:colcon.colcon_core.verb:set package 'interprocess_eval' build argument 'catkin_cmake_args' from command line to 'None'
[0.544s] Level 5:colcon.colcon_core.verb:set package 'interprocess_eval' build argument 'catkin_skip_building_tests' from command line to 'False'
[0.544s] DEBUG:colcon.colcon_core.verb:Building package 'interprocess_eval' with the following arguments: {'ament_cmake_args': None, 'build_base': '/home/raoul/Documents/QEES/lab1/build/interprocess_eval', 'catkin_cmake_args': None, 'catkin_skip_building_tests': False, 'cmake_args': None, 'cmake_clean_cache': False, 'cmake_clean_first': False, 'cmake_force_configure': False, 'cmake_target': None, 'cmake_target_skip_unavailable': False, 'install_base': '/home/raoul/Documents/QEES/lab1/install/interprocess_eval', 'merge_install': False, 'path': '/home/raoul/Documents/QEES/lab1/src/interprocess_eval', 'symlink_install': True, 'test_result_base': None}
[0.545s] Level 5:colcon.colcon_core.verb:set package 'interprocess_remote_eval' build argument 'cmake_args' from command line to 'None'
[0.545s] Level 5:colcon.colcon_core.verb:set package 'interprocess_remote_eval' build argument 'cmake_target' from command line to 'None'
[0.545s] Level 5:colcon.colcon_core.verb:set package 'interprocess_remote_eval' build argument 'cmake_target_skip_unavailable' from command line to 'False'
[0.545s] Level 5:colcon.colcon_core.verb:set package 'interprocess_remote_eval' build argument 'cmake_clean_cache' from command line to 'False'
[0.545s] Level 5:colcon.colcon_core.verb:set package 'interprocess_remote_eval' build argument 'cmake_clean_first' from command line to 'False'
[0.545s] Level 5:colcon.colcon_core.verb:set package 'interprocess_remote_eval' build argument 'cmake_force_configure' from command line to 'False'
[0.545s] Level 5:colcon.colcon_core.verb:set package 'interprocess_remote_eval' build argument 'ament_cmake_args' from command line to 'None'
[0.545s] Level 5:colcon.colcon_core.verb:set package 'interprocess_remote_eval' build argument 'catkin_cmake_args' from command line to 'None'
[0.545s] Level 5:colcon.colcon_core.verb:set package 'interprocess_remote_eval' build argument 'catkin_skip_building_tests' from command line to 'False'
[0.545s] DEBUG:colcon.colcon_core.verb:Building package 'interprocess_remote_eval' with the following arguments: {'ament_cmake_args': None, 'build_base': '/home/raoul/Documents/QEES/lab1/build/interprocess_remote_eval', 'catkin_cmake_args': None, 'catkin_skip_building_tests': False, 'cmake_args': None, 'cmake_clean_cache': False, 'cmake_clean_first': False, 'cmake_force_configure': False, 'cmake_target': None, 'cmake_target_skip_unavailable': False, 'install_base': '/home/raoul/Documents/QEES/lab1/install/interprocess_remote_eval', 'merge_install': False, 'path': '/home/raoul/Documents/QEES/lab1/src/interprocess_remote_eval', 'symlink_install': True, 'test_result_base': None}
[0.546s] Level 5:colcon.colcon_core.verb:set package 'intraprocess_eval' build argument 'cmake_args' from command line to 'None'
[0.546s] Level 5:colcon.colcon_core.verb:set package 'intraprocess_eval' build argument 'cmake_target' from command line to 'None'
[0.546s] Level 5:colcon.colcon_core.verb:set package 'intraprocess_eval' build argument 'cmake_target_skip_unavailable' from command line to 'False'
[0.546s] Level 5:colcon.colcon_core.verb:set package 'intraprocess_eval' build argument 'cmake_clean_cache' from command line to 'False'
[0.546s] Level 5:colcon.colcon_core.verb:set package 'intraprocess_eval' build argument 'cmake_clean_first' from command line to 'False'
[0.546s] Level 5:colcon.colcon_core.verb:set package 'intraprocess_eval' build argument 'cmake_force_configure' from command line to 'False'
[0.546s] Level 5:colcon.colcon_core.verb:set package 'intraprocess_eval' build argument 'ament_cmake_args' from command line to 'None'
[0.546s] Level 5:colcon.colcon_core.verb:set package 'intraprocess_eval' build argument 'catkin_cmake_args' from command line to 'None'
[0.546s] Level 5:colcon.colcon_core.verb:set package 'intraprocess_eval' build argument 'catkin_skip_building_tests' from command line to 'False'
[0.546s] DEBUG:colcon.colcon_core.verb:Building package 'intraprocess_eval' with the following arguments: {'ament_cmake_args': None, 'build_base': '/home/raoul/Documents/QEES/lab1/build/intraprocess_eval', 'catkin_cmake_args': None, 'catkin_skip_building_tests': False, 'cmake_args': None, 'cmake_clean_cache': False, 'cmake_clean_first': False, 'cmake_force_configure': False, 'cmake_target': None, 'cmake_target_skip_unavailable': False, 'install_base': '/home/raoul/Documents/QEES/lab1/install/intraprocess_eval', 'merge_install': False, 'path': '/home/raoul/Documents/QEES/lab1/src/intraprocess_eval', 'symlink_install': True, 'test_result_base': None}
[0.546s] INFO:colcon.colcon_core.executor:Executing jobs using 'parallel' executor
[0.548s] DEBUG:colcon.colcon_parallel_executor.executor.parallel:run_until_complete
[0.548s] INFO:colcon.colcon_ros.task.ament_cmake.build:Building ROS package in '/home/raoul/Documents/QEES/lab1/src/artificial_load' with build type 'ament_cmake'
[0.548s] INFO:colcon.colcon_cmake.task.cmake.build:Building CMake package in '/home/raoul/Documents/QEES/lab1/src/artificial_load'
[0.552s] INFO:colcon.colcon_core.plugin_system:Skipping extension 'colcon_core.shell.bat': Not used on non-Windows systems
[0.552s] INFO:colcon.colcon_core.shell:Skip shell extension 'powershell' for command environment: Not usable outside of PowerShell
[0.552s] DEBUG:colcon.colcon_core.shell:Skip shell extension 'dsv' for command environment
[0.559s] INFO:colcon.colcon_ros.task.ament_cmake.build:Building ROS package in '/home/raoul/Documents/QEES/lab1/src/interprocess_eval' with build type 'ament_cmake'
[0.559s] INFO:colcon.colcon_cmake.task.cmake.build:Building CMake package in '/home/raoul/Documents/QEES/lab1/src/interprocess_eval'
[0.560s] INFO:colcon.colcon_core.shell:Skip shell extension 'powershell' for command environment: Not usable outside of PowerShell
[0.560s] DEBUG:colcon.colcon_core.shell:Skip shell extension 'dsv' for command environment
[0.567s] INFO:colcon.colcon_ros.task.ament_cmake.build:Building ROS package in '/home/raoul/Documents/QEES/lab1/src/interprocess_remote_eval' with build type 'ament_cmake'
[0.568s] INFO:colcon.colcon_cmake.task.cmake.build:Building CMake package in '/home/raoul/Documents/QEES/lab1/src/interprocess_remote_eval'
[0.569s] INFO:colcon.colcon_core.shell:Skip shell extension 'powershell' for command environment: Not usable outside of PowerShell
[0.569s] DEBUG:colcon.colcon_core.shell:Skip shell extension 'dsv' for command environment
[0.576s] INFO:colcon.colcon_ros.task.ament_cmake.build:Building ROS package in '/home/raoul/Documents/QEES/lab1/src/intraprocess_eval' with build type 'ament_cmake'
[0.576s] INFO:colcon.colcon_cmake.task.cmake.build:Building CMake package in '/home/raoul/Documents/QEES/lab1/src/intraprocess_eval'
[0.577s] INFO:colcon.colcon_core.shell:Skip shell extension 'powershell' for command environment: Not usable outside of PowerShell
[0.577s] DEBUG:colcon.colcon_core.shell:Skip shell extension 'dsv' for command environment
[0.593s] DEBUG:colcon.colcon_core.event_handler.log_command:Invoking command in '/home/raoul/Documents/QEES/lab1/build/artificial_load': CMAKE_PREFIX_PATH=${CMAKE_PREFIX_PATH}:/opt/ros/dashing /usr/bin/cmake --build /home/raoul/Documents/QEES/lab1/build/artificial_load -- -j8 -l8
[0.661s] DEBUG:colcon.colcon_core.event_handler.log_command:Invoking command in '/home/raoul/Documents/QEES/lab1/build/interprocess_eval': CMAKE_PREFIX_PATH=${CMAKE_PREFIX_PATH}:/opt/ros/dashing /usr/bin/cmake --build /home/raoul/Documents/QEES/lab1/build/interprocess_eval -- -j8 -l8
[0.669s] DEBUG:colcon.colcon_core.event_handler.log_command:Invoking command in '/home/raoul/Documents/QEES/lab1/build/interprocess_remote_eval': CMAKE_PREFIX_PATH=${CMAKE_PREFIX_PATH}:/opt/ros/dashing /usr/bin/cmake --build /home/raoul/Documents/QEES/lab1/build/interprocess_remote_eval -- -j8 -l8
[0.679s] DEBUG:colcon.colcon_core.event_handler.log_command:Invoking command in '/home/raoul/Documents/QEES/lab1/build/intraprocess_eval': CMAKE_PREFIX_PATH=${CMAKE_PREFIX_PATH}:/opt/ros/dashing /usr/bin/cmake --build /home/raoul/Documents/QEES/lab1/build/intraprocess_eval -- -j8 -l8
[7.581s] DEBUG:colcon.colcon_core.event_handler.log_command:Invoked command in '/home/raoul/Documents/QEES/lab1/build/artificial_load' returned '0': CMAKE_PREFIX_PATH=${CMAKE_PREFIX_PATH}:/opt/ros/dashing /usr/bin/cmake --build /home/raoul/Documents/QEES/lab1/build/artificial_load -- -j8 -l8
[8.095s] DEBUG:colcon.colcon_core.event_handler.log_command:Invoking command in '/home/raoul/Documents/QEES/lab1/build/artificial_load': CMAKE_PREFIX_PATH=${CMAKE_PREFIX_PATH}:/opt/ros/dashing /usr/bin/cmake --build /home/raoul/Documents/QEES/lab1/build/artificial_load --target install -- -j8 -l8
[8.973s] Level 1:colcon.colcon_core.environment:create_environment_scripts_only(artificial_load)
[8.980s] Level 1:colcon.colcon_core.environment:checking '/home/raoul/Documents/QEES/lab1/install/artificial_load' for CMake module files
[8.981s] Level 1:colcon.colcon_core.environment:checking '/home/raoul/Documents/QEES/lab1/install/artificial_load' for CMake config files
[8.983s] DEBUG:colcon.colcon_core.event_handler.log_command:Invoked command in '/home/raoul/Documents/QEES/lab1/build/artificial_load' returned '0': CMAKE_PREFIX_PATH=${CMAKE_PREFIX_PATH}:/opt/ros/dashing /usr/bin/cmake --build /home/raoul/Documents/QEES/lab1/build/artificial_load --target install -- -j8 -l8
[8.984s] Level 1:colcon.colcon_core.shell:create_environment_hook('artificial_load', 'cmake_prefix_path')
[8.985s] INFO:colcon.colcon_core.shell:Creating environment hook '/home/raoul/Documents/QEES/lab1/install/artificial_load/share/artificial_load/hook/cmake_prefix_path.ps1'
[8.996s] INFO:colcon.colcon_core.shell:Creating environment descriptor '/home/raoul/Documents/QEES/lab1/install/artificial_load/share/artificial_load/hook/cmake_prefix_path.dsv'
[9.018s] INFO:colcon.colcon_core.shell:Creating environment hook '/home/raoul/Documents/QEES/lab1/install/artificial_load/share/artificial_load/hook/cmake_prefix_path.sh'
[9.039s] Level 1:colcon.colcon_core.environment:checking '/home/raoul/Documents/QEES/lab1/install/artificial_load/lib'
[9.040s] Level 1:colcon.colcon_core.environment:checking '/home/raoul/Documents/QEES/lab1/install/artificial_load/bin'
[9.040s] Level 1:colcon.colcon_core.environment:checking '/home/raoul/Documents/QEES/lab1/install/artificial_load/lib/pkgconfig/artificial_load.pc'
[9.041s] Level 1:colcon.colcon_core.environment:checking '/home/raoul/Documents/QEES/lab1/install/artificial_load/lib/python3.6/site-packages'
[9.041s] Level 1:colcon.colcon_core.environment:checking '/home/raoul/Documents/QEES/lab1/install/artificial_load/bin'
[9.042s] INFO:colcon.colcon_core.shell:Creating package script '/home/raoul/Documents/QEES/lab1/install/artificial_load/share/artificial_load/package.ps1'
[9.066s] INFO:colcon.colcon_core.shell:Creating package descriptor '/home/raoul/Documents/QEES/lab1/install/artificial_load/share/artificial_load/package.dsv'
[9.126s] INFO:colcon.colcon_core.shell:Creating package script '/home/raoul/Documents/QEES/lab1/install/artificial_load/share/artificial_load/package.sh'
[9.171s] INFO:colcon.colcon_core.shell:Creating package script '/home/raoul/Documents/QEES/lab1/install/artificial_load/share/artificial_load/package.bash'
[9.216s] INFO:colcon.colcon_core.shell:Creating package script '/home/raoul/Documents/QEES/lab1/install/artificial_load/share/artificial_load/package.zsh'
[9.261s] Level 1:colcon.colcon_core.environment:create_file_with_runtime_dependencies(/home/raoul/Documents/QEES/lab1/install/artificial_load/share/colcon-core/packages/artificial_load)
[9.822s] Level 1:colcon.colcon_core.environment:create_environment_scripts_only(artificial_load)
[9.823s] Level 1:colcon.colcon_core.environment:checking '/home/raoul/Documents/QEES/lab1/install/artificial_load' for CMake module files
[9.825s] Level 1:colcon.colcon_core.environment:checking '/home/raoul/Documents/QEES/lab1/install/artificial_load' for CMake config files
[9.826s] Level 1:colcon.colcon_core.shell:create_environment_hook('artificial_load', 'cmake_prefix_path')
[9.826s] INFO:colcon.colcon_core.shell:Creating environment hook '/home/raoul/Documents/QEES/lab1/install/artificial_load/share/artificial_load/hook/cmake_prefix_path.ps1'
[9.828s] INFO:colcon.colcon_core.shell:Creating environment descriptor '/home/raoul/Documents/QEES/lab1/install/artificial_load/share/artificial_load/hook/cmake_prefix_path.dsv'
[9.829s] INFO:colcon.colcon_core.shell:Creating environment hook '/home/raoul/Documents/QEES/lab1/install/artificial_load/share/artificial_load/hook/cmake_prefix_path.sh'
[9.831s] Level 1:colcon.colcon_core.environment:checking '/home/raoul/Documents/QEES/lab1/install/artificial_load/lib'
[9.831s] Level 1:colcon.colcon_core.environment:checking '/home/raoul/Documents/QEES/lab1/install/artificial_load/bin'
[9.831s] Level 1:colcon.colcon_core.environment:checking '/home/raoul/Documents/QEES/lab1/install/artificial_load/lib/pkgconfig/artificial_load.pc'
[9.832s] Level 1:colcon.colcon_core.environment:checking '/home/raoul/Documents/QEES/lab1/install/artificial_load/lib/python3.6/site-packages'
[9.832s] Level 1:colcon.colcon_core.environment:checking '/home/raoul/Documents/QEES/lab1/install/artificial_load/bin'
[9.845s] INFO:colcon.colcon_core.shell:Creating package script '/home/raoul/Documents/QEES/lab1/install/artificial_load/share/artificial_load/package.ps1'
[9.847s] INFO:colcon.colcon_core.shell:Creating package descriptor '/home/raoul/Documents/QEES/lab1/install/artificial_load/share/artificial_load/package.dsv'
[9.848s] INFO:colcon.colcon_core.shell:Creating package script '/home/raoul/Documents/QEES/lab1/install/artificial_load/share/artificial_load/package.sh'
[9.849s] INFO:colcon.colcon_core.shell:Creating package script '/home/raoul/Documents/QEES/lab1/install/artificial_load/share/artificial_load/package.bash'
[9.850s] INFO:colcon.colcon_core.shell:Creating package script '/home/raoul/Documents/QEES/lab1/install/artificial_load/share/artificial_load/package.zsh'
[9.851s] Level 1:colcon.colcon_core.environment:create_file_with_runtime_dependencies(/home/raoul/Documents/QEES/lab1/install/artificial_load/share/colcon-core/packages/artificial_load)
[16.411s] DEBUG:colcon.colcon_core.event_handler.log_command:Invoked command in '/home/raoul/Documents/QEES/lab1/build/interprocess_remote_eval' returned '0': CMAKE_PREFIX_PATH=${CMAKE_PREFIX_PATH}:/opt/ros/dashing /usr/bin/cmake --build /home/raoul/Documents/QEES/lab1/build/interprocess_remote_eval -- -j8 -l8
[16.952s] DEBUG:colcon.colcon_core.event_handler.log_command:Invoking command in '/home/raoul/Documents/QEES/lab1/build/interprocess_remote_eval': CMAKE_PREFIX_PATH=${CMAKE_PREFIX_PATH}:/opt/ros/dashing /usr/bin/cmake --build /home/raoul/Documents/QEES/lab1/build/interprocess_remote_eval --target install -- -j8 -l8
[18.024s] Level 1:colcon.colcon_core.environment:create_environment_scripts_only(interprocess_remote_eval)
[18.026s] Level 1:colcon.colcon_core.environment:checking '/home/raoul/Documents/QEES/lab1/install/interprocess_remote_eval' for CMake module files
[18.027s] Level 1:colcon.colcon_core.environment:checking '/home/raoul/Documents/QEES/lab1/install/interprocess_remote_eval' for CMake config files
[18.028s] Level 1:colcon.colcon_core.shell:create_environment_hook('interprocess_remote_eval', 'cmake_prefix_path')
[18.029s] INFO:colcon.colcon_core.shell:Creating environment hook '/home/raoul/Documents/QEES/lab1/install/interprocess_remote_eval/share/interprocess_remote_eval/hook/cmake_prefix_path.ps1'
[18.030s] INFO:colcon.colcon_core.shell:Creating environment descriptor '/home/raoul/Documents/QEES/lab1/install/interprocess_remote_eval/share/interprocess_remote_eval/hook/cmake_prefix_path.dsv'
[18.031s] INFO:colcon.colcon_core.shell:Creating environment hook '/home/raoul/Documents/QEES/lab1/install/interprocess_remote_eval/share/interprocess_remote_eval/hook/cmake_prefix_path.sh'
[18.035s] DEBUG:colcon.colcon_core.event_handler.log_command:Invoked command in '/home/raoul/Documents/QEES/lab1/build/interprocess_remote_eval' returned '0': CMAKE_PREFIX_PATH=${CMAKE_PREFIX_PATH}:/opt/ros/dashing /usr/bin/cmake --build /home/raoul/Documents/QEES/lab1/build/interprocess_remote_eval --target install -- -j8 -l8
[18.035s] Level 1:colcon.colcon_core.environment:checking '/home/raoul/Documents/QEES/lab1/install/interprocess_remote_eval/lib'
[18.035s] Level 1:colcon.colcon_core.environment:checking '/home/raoul/Documents/QEES/lab1/install/interprocess_remote_eval/bin'
[18.036s] Level 1:colcon.colcon_core.environment:checking '/home/raoul/Documents/QEES/lab1/install/interprocess_remote_eval/lib/pkgconfig/interprocess_remote_eval.pc'
[18.037s] Level 1:colcon.colcon_core.environment:checking '/home/raoul/Documents/QEES/lab1/install/interprocess_remote_eval/lib/python3.6/site-packages'
[18.037s] Level 1:colcon.colcon_core.environment:checking '/home/raoul/Documents/QEES/lab1/install/interprocess_remote_eval/bin'
[18.038s] INFO:colcon.colcon_core.shell:Creating package script '/home/raoul/Documents/QEES/lab1/install/interprocess_remote_eval/share/interprocess_remote_eval/package.ps1'
[18.040s] INFO:colcon.colcon_core.shell:Creating package descriptor '/home/raoul/Documents/QEES/lab1/install/interprocess_remote_eval/share/interprocess_remote_eval/package.dsv'
[18.041s] INFO:colcon.colcon_core.shell:Creating package script '/home/raoul/Documents/QEES/lab1/install/interprocess_remote_eval/share/interprocess_remote_eval/package.sh'
[18.050s] INFO:colcon.colcon_core.shell:Creating package script '/home/raoul/Documents/QEES/lab1/install/interprocess_remote_eval/share/interprocess_remote_eval/package.bash'
[18.051s] INFO:colcon.colcon_core.shell:Creating package script '/home/raoul/Documents/QEES/lab1/install/interprocess_remote_eval/share/interprocess_remote_eval/package.zsh'
[18.052s] Level 1:colcon.colcon_core.environment:create_file_with_runtime_dependencies(/home/raoul/Documents/QEES/lab1/install/interprocess_remote_eval/share/colcon-core/packages/interprocess_remote_eval)
[18.178s] DEBUG:colcon.colcon_core.event_handler.log_command:Invoked command in '/home/raoul/Documents/QEES/lab1/build/intraprocess_eval' returned '0': CMAKE_PREFIX_PATH=${CMAKE_PREFIX_PATH}:/opt/ros/dashing /usr/bin/cmake --build /home/raoul/Documents/QEES/lab1/build/intraprocess_eval -- -j8 -l8
[18.600s] DEBUG:colcon.colcon_core.event_handler.log_command:Invoking command in '/home/raoul/Documents/QEES/lab1/build/intraprocess_eval': CMAKE_PREFIX_PATH=${CMAKE_PREFIX_PATH}:/opt/ros/dashing /usr/bin/cmake --build /home/raoul/Documents/QEES/lab1/build/intraprocess_eval --target install -- -j8 -l8
[18.665s] Level 1:colcon.colcon_core.environment:create_environment_scripts_only(interprocess_remote_eval)
[18.666s] Level 1:colcon.colcon_core.environment:checking '/home/raoul/Documents/QEES/lab1/install/interprocess_remote_eval' for CMake module files
[18.668s] Level 1:colcon.colcon_core.environment:checking '/home/raoul/Documents/QEES/lab1/install/interprocess_remote_eval' for CMake config files
[18.669s] Level 1:colcon.colcon_core.shell:create_environment_hook('interprocess_remote_eval', 'cmake_prefix_path')
[18.670s] INFO:colcon.colcon_core.shell:Creating environment hook '/home/raoul/Documents/QEES/lab1/install/interprocess_remote_eval/share/interprocess_remote_eval/hook/cmake_prefix_path.ps1'
[18.671s] INFO:colcon.colcon_core.shell:Creating environment descriptor '/home/raoul/Documents/QEES/lab1/install/interprocess_remote_eval/share/interprocess_remote_eval/hook/cmake_prefix_path.dsv'
[18.672s] INFO:colcon.colcon_core.shell:Creating environment hook '/home/raoul/Documents/QEES/lab1/install/interprocess_remote_eval/share/interprocess_remote_eval/hook/cmake_prefix_path.sh'
[18.674s] Level 1:colcon.colcon_core.environment:checking '/home/raoul/Documents/QEES/lab1/install/interprocess_remote_eval/lib'
[18.675s] Level 1:colcon.colcon_core.environment:checking '/home/raoul/Documents/QEES/lab1/install/interprocess_remote_eval/bin'
[18.675s] Level 1:colcon.colcon_core.environment:checking '/home/raoul/Documents/QEES/lab1/install/interprocess_remote_eval/lib/pkgconfig/interprocess_remote_eval.pc'
[18.675s] Level 1:colcon.colcon_core.environment:checking '/home/raoul/Documents/QEES/lab1/install/interprocess_remote_eval/lib/python3.6/site-packages'
[18.676s] Level 1:colcon.colcon_core.environment:checking '/home/raoul/Documents/QEES/lab1/install/interprocess_remote_eval/bin'
[18.677s] INFO:colcon.colcon_core.shell:Creating package script '/home/raoul/Documents/QEES/lab1/install/interprocess_remote_eval/share/interprocess_remote_eval/package.ps1'
[18.678s] INFO:colcon.colcon_core.shell:Creating package descriptor '/home/raoul/Documents/QEES/lab1/install/interprocess_remote_eval/share/interprocess_remote_eval/package.dsv'
[18.680s] INFO:colcon.colcon_core.shell:Creating package script '/home/raoul/Documents/QEES/lab1/install/interprocess_remote_eval/share/interprocess_remote_eval/package.sh'
[18.689s] INFO:colcon.colcon_core.shell:Creating package script '/home/raoul/Documents/QEES/lab1/install/interprocess_remote_eval/share/interprocess_remote_eval/package.bash'
[18.690s] INFO:colcon.colcon_core.shell:Creating package script '/home/raoul/Documents/QEES/lab1/install/interprocess_remote_eval/share/interprocess_remote_eval/package.zsh'
[18.691s] Level 1:colcon.colcon_core.environment:create_file_with_runtime_dependencies(/home/raoul/Documents/QEES/lab1/install/interprocess_remote_eval/share/colcon-core/packages/interprocess_remote_eval)
[19.465s] Level 1:colcon.colcon_core.environment:create_environment_scripts_only(intraprocess_eval)
[19.466s] Level 1:colcon.colcon_core.environment:checking '/home/raoul/Documents/QEES/lab1/install/intraprocess_eval' for CMake module files
[19.468s] DEBUG:colcon.colcon_core.event_handler.log_command:Invoked command in '/home/raoul/Documents/QEES/lab1/build/intraprocess_eval' returned '0': CMAKE_PREFIX_PATH=${CMAKE_PREFIX_PATH}:/opt/ros/dashing /usr/bin/cmake --build /home/raoul/Documents/QEES/lab1/build/intraprocess_eval --target install -- -j8 -l8
[19.469s] Level 1:colcon.colcon_core.environment:checking '/home/raoul/Documents/QEES/lab1/install/intraprocess_eval' for CMake config files
[19.470s] Level 1:colcon.colcon_core.shell:create_environment_hook('intraprocess_eval', 'cmake_prefix_path')
[19.471s] INFO:colcon.colcon_core.shell:Creating environment hook '/home/raoul/Documents/QEES/lab1/install/intraprocess_eval/share/intraprocess_eval/hook/cmake_prefix_path.ps1'
[19.472s] INFO:colcon.colcon_core.shell:Creating environment descriptor '/home/raoul/Documents/QEES/lab1/install/intraprocess_eval/share/intraprocess_eval/hook/cmake_prefix_path.dsv'
[19.473s] INFO:colcon.colcon_core.shell:Creating environment hook '/home/raoul/Documents/QEES/lab1/install/intraprocess_eval/share/intraprocess_eval/hook/cmake_prefix_path.sh'
[19.475s] Level 1:colcon.colcon_core.environment:checking '/home/raoul/Documents/QEES/lab1/install/intraprocess_eval/lib'
[19.475s] Level 1:colcon.colcon_core.environment:checking '/home/raoul/Documents/QEES/lab1/install/intraprocess_eval/bin'
[19.475s] Level 1:colcon.colcon_core.environment:checking '/home/raoul/Documents/QEES/lab1/install/intraprocess_eval/lib/pkgconfig/intraprocess_eval.pc'
[19.476s] Level 1:colcon.colcon_core.environment:checking '/home/raoul/Documents/QEES/lab1/install/intraprocess_eval/lib/python3.6/site-packages'
[19.476s] Level 1:colcon.colcon_core.environment:checking '/home/raoul/Documents/QEES/lab1/install/intraprocess_eval/bin'
[19.477s] INFO:colcon.colcon_core.shell:Creating package script '/home/raoul/Documents/QEES/lab1/install/intraprocess_eval/share/intraprocess_eval/package.ps1'
[19.478s] INFO:colcon.colcon_core.shell:Creating package descriptor '/home/raoul/Documents/QEES/lab1/install/intraprocess_eval/share/intraprocess_eval/package.dsv'
[19.479s] INFO:colcon.colcon_core.shell:Creating package script '/home/raoul/Documents/QEES/lab1/install/intraprocess_eval/share/intraprocess_eval/package.sh'
[19.480s] INFO:colcon.colcon_core.shell:Creating package script '/home/raoul/Documents/QEES/lab1/install/intraprocess_eval/share/intraprocess_eval/package.bash'
[19.481s] INFO:colcon.colcon_core.shell:Creating package script '/home/raoul/Documents/QEES/lab1/install/intraprocess_eval/share/intraprocess_eval/package.zsh'
[19.490s] Level 1:colcon.colcon_core.environment:create_file_with_runtime_dependencies(/home/raoul/Documents/QEES/lab1/install/intraprocess_eval/share/colcon-core/packages/intraprocess_eval)
[19.877s] Level 1:colcon.colcon_core.environment:create_environment_scripts_only(intraprocess_eval)
[19.878s] Level 1:colcon.colcon_core.environment:checking '/home/raoul/Documents/QEES/lab1/install/intraprocess_eval' for CMake module files
[19.880s] Level 1:colcon.colcon_core.environment:checking '/home/raoul/Documents/QEES/lab1/install/intraprocess_eval' for CMake config files
[19.880s] Level 1:colcon.colcon_core.shell:create_environment_hook('intraprocess_eval', 'cmake_prefix_path')
[19.881s] INFO:colcon.colcon_core.shell:Creating environment hook '/home/raoul/Documents/QEES/lab1/install/intraprocess_eval/share/intraprocess_eval/hook/cmake_prefix_path.ps1'
[19.882s] INFO:colcon.colcon_core.shell:Creating environment descriptor '/home/raoul/Documents/QEES/lab1/install/intraprocess_eval/share/intraprocess_eval/hook/cmake_prefix_path.dsv'
[19.883s] INFO:colcon.colcon_core.shell:Creating environment hook '/home/raoul/Documents/QEES/lab1/install/intraprocess_eval/share/intraprocess_eval/hook/cmake_prefix_path.sh'
[19.886s] Level 1:colcon.colcon_core.environment:checking '/home/raoul/Documents/QEES/lab1/install/intraprocess_eval/lib'
[19.886s] Level 1:colcon.colcon_core.environment:checking '/home/raoul/Documents/QEES/lab1/install/intraprocess_eval/bin'
[19.886s] Level 1:colcon.colcon_core.environment:checking '/home/raoul/Documents/QEES/lab1/install/intraprocess_eval/lib/pkgconfig/intraprocess_eval.pc'
[19.894s] Level 1:colcon.colcon_core.environment:checking '/home/raoul/Documents/QEES/lab1/install/intraprocess_eval/lib/python3.6/site-packages'
[19.895s] Level 1:colcon.colcon_core.environment:checking '/home/raoul/Documents/QEES/lab1/install/intraprocess_eval/bin'
[19.896s] INFO:colcon.colcon_core.shell:Creating package script '/home/raoul/Documents/QEES/lab1/install/intraprocess_eval/share/intraprocess_eval/package.ps1'
[19.897s] INFO:colcon.colcon_core.shell:Creating package descriptor '/home/raoul/Documents/QEES/lab1/install/intraprocess_eval/share/intraprocess_eval/package.dsv'
[19.899s] INFO:colcon.colcon_core.shell:Creating package script '/home/raoul/Documents/QEES/lab1/install/intraprocess_eval/share/intraprocess_eval/package.sh'
[19.900s] INFO:colcon.colcon_core.shell:Creating package script '/home/raoul/Documents/QEES/lab1/install/intraprocess_eval/share/intraprocess_eval/package.bash'
[19.901s] INFO:colcon.colcon_core.shell:Creating package script '/home/raoul/Documents/QEES/lab1/install/intraprocess_eval/share/intraprocess_eval/package.zsh'
[19.908s] Level 1:colcon.colcon_core.environment:create_file_with_runtime_dependencies(/home/raoul/Documents/QEES/lab1/install/intraprocess_eval/share/colcon-core/packages/intraprocess_eval)
[22.602s] DEBUG:colcon.colcon_core.event_handler.log_command:Invoked command in '/home/raoul/Documents/QEES/lab1/build/interprocess_eval' returned '0': CMAKE_PREFIX_PATH=${CMAKE_PREFIX_PATH}:/opt/ros/dashing /usr/bin/cmake --build /home/raoul/Documents/QEES/lab1/build/interprocess_eval -- -j8 -l8
[22.656s] DEBUG:colcon.colcon_core.event_handler.log_command:Invoking command in '/home/raoul/Documents/QEES/lab1/build/interprocess_eval': CMAKE_PREFIX_PATH=${CMAKE_PREFIX_PATH}:/opt/ros/dashing /usr/bin/cmake --build /home/raoul/Documents/QEES/lab1/build/interprocess_eval --target install -- -j8 -l8
[22.929s] Level 1:colcon.colcon_core.environment:create_environment_scripts_only(interprocess_eval)
[22.930s] Level 1:colcon.colcon_core.environment:checking '/home/raoul/Documents/QEES/lab1/install/interprocess_eval' for CMake module files
[22.931s] DEBUG:colcon.colcon_core.event_handler.log_command:Invoked command in '/home/raoul/Documents/QEES/lab1/build/interprocess_eval' returned '0': CMAKE_PREFIX_PATH=${CMAKE_PREFIX_PATH}:/opt/ros/dashing /usr/bin/cmake --build /home/raoul/Documents/QEES/lab1/build/interprocess_eval --target install -- -j8 -l8
[22.932s] Level 1:colcon.colcon_core.environment:checking '/home/raoul/Documents/QEES/lab1/install/interprocess_eval' for CMake config files
[22.932s] Level 1:colcon.colcon_core.shell:create_environment_hook('interprocess_eval', 'cmake_prefix_path')
[22.933s] INFO:colcon.colcon_core.shell:Creating environment hook '/home/raoul/Documents/QEES/lab1/install/interprocess_eval/share/interprocess_eval/hook/cmake_prefix_path.ps1'
[22.934s] INFO:colcon.colcon_core.shell:Creating environment descriptor '/home/raoul/Documents/QEES/lab1/install/interprocess_eval/share/interprocess_eval/hook/cmake_prefix_path.dsv'
[22.934s] INFO:colcon.colcon_core.shell:Creating environment hook '/home/raoul/Documents/QEES/lab1/install/interprocess_eval/share/interprocess_eval/hook/cmake_prefix_path.sh'
[22.935s] Level 1:colcon.colcon_core.environment:checking '/home/raoul/Documents/QEES/lab1/install/interprocess_eval/lib'
[22.936s] Level 1:colcon.colcon_core.environment:checking '/home/raoul/Documents/QEES/lab1/install/interprocess_eval/bin'
[22.936s] Level 1:colcon.colcon_core.environment:checking '/home/raoul/Documents/QEES/lab1/install/interprocess_eval/lib/pkgconfig/interprocess_eval.pc'
[22.936s] Level 1:colcon.colcon_core.environment:checking '/home/raoul/Documents/QEES/lab1/install/interprocess_eval/lib/python3.6/site-packages'
[22.936s] Level 1:colcon.colcon_core.environment:checking '/home/raoul/Documents/QEES/lab1/install/interprocess_eval/bin'
[22.937s] INFO:colcon.colcon_core.shell:Creating package script '/home/raoul/Documents/QEES/lab1/install/interprocess_eval/share/interprocess_eval/package.ps1'
[22.937s] INFO:colcon.colcon_core.shell:Creating package descriptor '/home/raoul/Documents/QEES/lab1/install/interprocess_eval/share/interprocess_eval/package.dsv'
[22.938s] INFO:colcon.colcon_core.shell:Creating package script '/home/raoul/Documents/QEES/lab1/install/interprocess_eval/share/interprocess_eval/package.sh'
[22.939s] INFO:colcon.colcon_core.shell:Creating package script '/home/raoul/Documents/QEES/lab1/install/interprocess_eval/share/interprocess_eval/package.bash'
[22.939s] INFO:colcon.colcon_core.shell:Creating package script '/home/raoul/Documents/QEES/lab1/install/interprocess_eval/share/interprocess_eval/package.zsh'
[22.940s] Level 1:colcon.colcon_core.environment:create_file_with_runtime_dependencies(/home/raoul/Documents/QEES/lab1/install/interprocess_eval/share/colcon-core/packages/interprocess_eval)
[22.990s] Level 1:colcon.colcon_core.environment:create_environment_scripts_only(interprocess_eval)
[22.991s] Level 1:colcon.colcon_core.environment:checking '/home/raoul/Documents/QEES/lab1/install/interprocess_eval' for CMake module files
[22.992s] Level 1:colcon.colcon_core.environment:checking '/home/raoul/Documents/QEES/lab1/install/interprocess_eval' for CMake config files
[22.992s] Level 1:colcon.colcon_core.shell:create_environment_hook('interprocess_eval', 'cmake_prefix_path')
[22.993s] INFO:colcon.colcon_core.shell:Creating environment hook '/home/raoul/Documents/QEES/lab1/install/interprocess_eval/share/interprocess_eval/hook/cmake_prefix_path.ps1'
[22.993s] INFO:colcon.colcon_core.shell:Creating environment descriptor '/home/raoul/Documents/QEES/lab1/install/interprocess_eval/share/interprocess_eval/hook/cmake_prefix_path.dsv'
[22.994s] INFO:colcon.colcon_core.shell:Creating environment hook '/home/raoul/Documents/QEES/lab1/install/interprocess_eval/share/interprocess_eval/hook/cmake_prefix_path.sh'
[22.995s] Level 1:colcon.colcon_core.environment:checking '/home/raoul/Documents/QEES/lab1/install/interprocess_eval/lib'
[22.995s] Level 1:colcon.colcon_core.environment:checking '/home/raoul/Documents/QEES/lab1/install/interprocess_eval/bin'
[22.996s] Level 1:colcon.colcon_core.environment:checking '/home/raoul/Documents/QEES/lab1/install/interprocess_eval/lib/pkgconfig/interprocess_eval.pc'
[22.996s] Level 1:colcon.colcon_core.environment:checking '/home/raoul/Documents/QEES/lab1/install/interprocess_eval/lib/python3.6/site-packages'
[22.996s] Level 1:colcon.colcon_core.environment:checking '/home/raoul/Documents/QEES/lab1/install/interprocess_eval/bin'
[22.997s] INFO:colcon.colcon_core.shell:Creating package script '/home/raoul/Documents/QEES/lab1/install/interprocess_eval/share/interprocess_eval/package.ps1'
[22.997s] INFO:colcon.colcon_core.shell:Creating package descriptor '/home/raoul/Documents/QEES/lab1/install/interprocess_eval/share/interprocess_eval/package.dsv'
[22.998s] INFO:colcon.colcon_core.shell:Creating package script '/home/raoul/Documents/QEES/lab1/install/interprocess_eval/share/interprocess_eval/package.sh'
[22.999s] INFO:colcon.colcon_core.shell:Creating package script '/home/raoul/Documents/QEES/lab1/install/interprocess_eval/share/interprocess_eval/package.bash'
[22.999s] INFO:colcon.colcon_core.shell:Creating package script '/home/raoul/Documents/QEES/lab1/install/interprocess_eval/share/interprocess_eval/package.zsh'
[23.000s] Level 1:colcon.colcon_core.environment:create_file_with_runtime_dependencies(/home/raoul/Documents/QEES/lab1/install/interprocess_eval/share/colcon-core/packages/interprocess_eval)
[23.000s] DEBUG:colcon.colcon_parallel_executor.executor.parallel:closing loop
[23.002s] DEBUG:colcon.colcon_parallel_executor.executor.parallel:loop closed
[23.003s] DEBUG:colcon.colcon_parallel_executor.executor.parallel:run_until_complete finished with '0'
[23.003s] DEBUG:colcon.colcon_core.event_reactor:joining thread
[23.011s] INFO:colcon.colcon_core.plugin_system:Skipping extension 'colcon_notification.desktop_notification.terminal_notifier': Not used on non-Darwin systems
[23.011s] INFO:colcon.colcon_core.plugin_system:Skipping extension 'colcon_notification.desktop_notification.win32': Not used on non-Windows systems
[23.012s] INFO:colcon.colcon_notification.desktop_notification:Sending desktop notification using 'notify2'
[23.012s] DEBUG:colcon.colcon_notification.desktop_notification.notify2:Failed to initialize notify2: org.freedesktop.DBus.Error.NoReply: Did not receive a reply. Possible causes include: the remote application did not send a reply, the message bus security policy blocked the reply, the reply timeout expired, or the network connection was broken.
[23.012s] DEBUG:colcon.colcon_core.event_reactor:joined thread
[23.013s] INFO:colcon.colcon_core.shell:Creating prefix script '/home/raoul/Documents/QEES/lab1/install/local_setup.ps1'
[23.014s] INFO:colcon.colcon_core.shell:Creating prefix util module '/home/raoul/Documents/QEES/lab1/install/_local_setup_util_ps1.py'
[23.017s] INFO:colcon.colcon_core.shell:Creating prefix chain script '/home/raoul/Documents/QEES/lab1/install/setup.ps1'
[23.018s] INFO:colcon.colcon_core.shell:Creating prefix script '/home/raoul/Documents/QEES/lab1/install/local_setup.sh'
[23.019s] INFO:colcon.colcon_core.shell:Creating prefix util module '/home/raoul/Documents/QEES/lab1/install/_local_setup_util_sh.py'
[23.020s] INFO:colcon.colcon_core.shell:Creating prefix chain script '/home/raoul/Documents/QEES/lab1/install/setup.sh'
[23.022s] INFO:colcon.colcon_core.shell:Creating prefix script '/home/raoul/Documents/QEES/lab1/install/local_setup.bash'
[23.023s] INFO:colcon.colcon_core.shell:Creating prefix chain script '/home/raoul/Documents/QEES/lab1/install/setup.bash'
[23.025s] INFO:colcon.colcon_core.shell:Creating prefix script '/home/raoul/Documents/QEES/lab1/install/local_setup.zsh'
[23.025s] INFO:colcon.colcon_core.shell:Creating prefix chain script '/home/raoul/Documents/QEES/lab1/install/setup.zsh'
