[0.044s] Invoking command in '/home/raoul/Documents/QEES/lab1.1/build/artificial_load': CMAKE_PREFIX_PATH=${CMAKE_PREFIX_PATH}:/opt/ros/dashing /usr/bin/cmake --build /home/raoul/Documents/QEES/lab1.1/build/artificial_load -- -j8 -l8
[0.195s] [100%] Built target CPU_load
[0.253s] Invoked command in '/home/raoul/Documents/QEES/lab1.1/build/artificial_load' returned '0': CMAKE_PREFIX_PATH=${CMAKE_PREFIX_PATH}:/opt/ros/dashing /usr/bin/cmake --build /home/raoul/Documents/QEES/lab1.1/build/artificial_load -- -j8 -l8
[0.406s] Invoking command in '/home/raoul/Documents/QEES/lab1.1/build/artificial_load': CMAKE_PREFIX_PATH=${CMAKE_PREFIX_PATH}:/opt/ros/dashing /usr/bin/cmake --build /home/raoul/Documents/QEES/lab1.1/build/artificial_load --target install -- -j8 -l8
[0.568s] [100%] Built target CPU_load
[0.657s] [36mInstall the project...[0m
[0.678s] -- Install configuration: ""
[0.681s] -- Execute custom install script
[0.682s] -- Up-to-date symlink: /home/raoul/Documents/QEES/lab1.1/install/artificial_load/lib/artificial_load/CPU_load
[0.684s] -- Up-to-date symlink: /home/raoul/Documents/QEES/lab1.1/install/artificial_load/share/ament_index/resource_index/package_run_dependencies/artificial_load
[0.685s] -- Up-to-date symlink: /home/raoul/Documents/QEES/lab1.1/install/artificial_load/share/ament_index/resource_index/parent_prefix_path/artificial_load
[0.687s] -- Up-to-date symlink: /home/raoul/Documents/QEES/lab1.1/install/artificial_load/share/artificial_load/environment/ament_prefix_path.sh
[0.688s] -- Up-to-date symlink: /home/raoul/Documents/QEES/lab1.1/install/artificial_load/share/artificial_load/environment/path.sh
[0.689s] -- Up-to-date symlink: /home/raoul/Documents/QEES/lab1.1/install/artificial_load/share/artificial_load/local_setup.bash
[0.691s] -- Up-to-date symlink: /home/raoul/Documents/QEES/lab1.1/install/artificial_load/share/artificial_load/local_setup.sh
[0.692s] -- Up-to-date symlink: /home/raoul/Documents/QEES/lab1.1/install/artificial_load/share/artificial_load/local_setup.zsh
[0.693s] -- Up-to-date symlink: /home/raoul/Documents/QEES/lab1.1/install/artificial_load/share/ament_index/resource_index/packages/artificial_load
[0.694s] -- Up-to-date symlink: /home/raoul/Documents/QEES/lab1.1/install/artificial_load/share/artificial_load/cmake/artificial_loadConfig.cmake
[0.695s] -- Up-to-date symlink: /home/raoul/Documents/QEES/lab1.1/install/artificial_load/share/artificial_load/cmake/artificial_loadConfig-version.cmake
[0.696s] -- Up-to-date symlink: /home/raoul/Documents/QEES/lab1.1/install/artificial_load/share/artificial_load/package.xml
[0.708s] Invoked command in '/home/raoul/Documents/QEES/lab1.1/build/artificial_load' returned '0': CMAKE_PREFIX_PATH=${CMAKE_PREFIX_PATH}:/opt/ros/dashing /usr/bin/cmake --build /home/raoul/Documents/QEES/lab1.1/build/artificial_load --target install -- -j8 -l8
