[0.029s] Invoking command in '/home/raoul/Documents/QEES/lab1.4/build/artificial_load': CMAKE_PREFIX_PATH=${CMAKE_PREFIX_PATH}:/opt/ros/dashing /usr/bin/cmake --build /home/raoul/Documents/QEES/lab1.4/build/artificial_load -- -j4 -l4
[0.133s] [100%] Built target CPU_load
[0.176s] Invoked command in '/home/raoul/Documents/QEES/lab1.4/build/artificial_load' returned '0': CMAKE_PREFIX_PATH=${CMAKE_PREFIX_PATH}:/opt/ros/dashing /usr/bin/cmake --build /home/raoul/Documents/QEES/lab1.4/build/artificial_load -- -j4 -l4
[0.324s] Invoking command in '/home/raoul/Documents/QEES/lab1.4/build/artificial_load': CMAKE_PREFIX_PATH=${CMAKE_PREFIX_PATH}:/opt/ros/dashing /usr/bin/cmake --build /home/raoul/Documents/QEES/lab1.4/build/artificial_load --target install -- -j4 -l4
[0.420s] [100%] Built target CPU_load
[0.441s] [36mInstall the project...[0m
[0.448s] -- Install configuration: ""
[0.449s] -- Execute custom install script
[0.450s] -- Up-to-date symlink: /home/raoul/Documents/QEES/lab1.4/install/artificial_load/lib/artificial_load/CPU_load
[0.450s] -- Up-to-date symlink: /home/raoul/Documents/QEES/lab1.4/install/artificial_load/share/ament_index/resource_index/package_run_dependencies/artificial_load
[0.451s] -- Up-to-date symlink: /home/raoul/Documents/QEES/lab1.4/install/artificial_load/share/ament_index/resource_index/parent_prefix_path/artificial_load
[0.451s] -- Up-to-date symlink: /home/raoul/Documents/QEES/lab1.4/install/artificial_load/share/artificial_load/environment/ament_prefix_path.sh
[0.451s] -- Up-to-date symlink: /home/raoul/Documents/QEES/lab1.4/install/artificial_load/share/artificial_load/environment/path.sh
[0.452s] -- Up-to-date symlink: /home/raoul/Documents/QEES/lab1.4/install/artificial_load/share/artificial_load/local_setup.bash
[0.452s] -- Up-to-date symlink: /home/raoul/Documents/QEES/lab1.4/install/artificial_load/share/artificial_load/local_setup.sh
[0.453s] -- Up-to-date symlink: /home/raoul/Documents/QEES/lab1.4/install/artificial_load/share/artificial_load/local_setup.zsh
[0.453s] -- Up-to-date symlink: /home/raoul/Documents/QEES/lab1.4/install/artificial_load/share/ament_index/resource_index/packages/artificial_load
[0.454s] -- Up-to-date symlink: /home/raoul/Documents/QEES/lab1.4/install/artificial_load/share/artificial_load/cmake/artificial_loadConfig.cmake
[0.454s] -- Up-to-date symlink: /home/raoul/Documents/QEES/lab1.4/install/artificial_load/share/artificial_load/cmake/artificial_loadConfig-version.cmake
[0.454s] -- Up-to-date symlink: /home/raoul/Documents/QEES/lab1.4/install/artificial_load/share/artificial_load/package.xml
[0.473s] Invoked command in '/home/raoul/Documents/QEES/lab1.4/build/artificial_load' returned '0': CMAKE_PREFIX_PATH=${CMAKE_PREFIX_PATH}:/opt/ros/dashing /usr/bin/cmake --build /home/raoul/Documents/QEES/lab1.4/build/artificial_load --target install -- -j4 -l4
