[0.053s] Invoking command in '/home/raoul/Documents/QEES/lab1.3/build/artificial_load': CMAKE_PREFIX_PATH=/opt/ros/dashing /usr/bin/cmake --build /home/raoul/Documents/QEES/lab1.3/build/artificial_load -- -j8 -l8
[0.251s] [100%] Built target CPU_load
[0.287s] Invoked command in '/home/raoul/Documents/QEES/lab1.3/build/artificial_load' returned '0': CMAKE_PREFIX_PATH=/opt/ros/dashing /usr/bin/cmake --build /home/raoul/Documents/QEES/lab1.3/build/artificial_load -- -j8 -l8
[0.524s] Invoking command in '/home/raoul/Documents/QEES/lab1.3/build/artificial_load': CMAKE_PREFIX_PATH=/opt/ros/dashing /usr/bin/cmake --build /home/raoul/Documents/QEES/lab1.3/build/artificial_load --target install -- -j8 -l8
[0.705s] [100%] Built target CPU_load
[0.829s] [36mInstall the project...[0m
[0.854s] -- Install configuration: ""
[0.855s] -- Execute custom install script
[0.857s] -- Up-to-date symlink: /home/raoul/Documents/QEES/lab1.3/install/artificial_load/lib/artificial_load/CPU_load
[0.858s] -- Up-to-date symlink: /home/raoul/Documents/QEES/lab1.3/install/artificial_load/share/ament_index/resource_index/package_run_dependencies/artificial_load
[0.859s] -- Up-to-date symlink: /home/raoul/Documents/QEES/lab1.3/install/artificial_load/share/ament_index/resource_index/parent_prefix_path/artificial_load
[0.859s] -- Up-to-date symlink: /home/raoul/Documents/QEES/lab1.3/install/artificial_load/share/artificial_load/environment/ament_prefix_path.sh
[0.860s] -- Up-to-date symlink: /home/raoul/Documents/QEES/lab1.3/install/artificial_load/share/artificial_load/environment/path.sh
[0.861s] -- Up-to-date symlink: /home/raoul/Documents/QEES/lab1.3/install/artificial_load/share/artificial_load/local_setup.bash
[0.862s] -- Up-to-date symlink: /home/raoul/Documents/QEES/lab1.3/install/artificial_load/share/artificial_load/local_setup.sh
[0.864s] -- Up-to-date symlink: /home/raoul/Documents/QEES/lab1.3/install/artificial_load/share/artificial_load/local_setup.zsh
[0.865s] -- Up-to-date symlink: /home/raoul/Documents/QEES/lab1.3/install/artificial_load/share/ament_index/resource_index/packages/artificial_load
[0.866s] -- Up-to-date symlink: /home/raoul/Documents/QEES/lab1.3/install/artificial_load/share/artificial_load/cmake/artificial_loadConfig.cmake
[0.867s] -- Up-to-date symlink: /home/raoul/Documents/QEES/lab1.3/install/artificial_load/share/artificial_load/cmake/artificial_loadConfig-version.cmake
[0.869s] -- Up-to-date symlink: /home/raoul/Documents/QEES/lab1.3/install/artificial_load/share/artificial_load/package.xml
[0.886s] Invoked command in '/home/raoul/Documents/QEES/lab1.3/build/artificial_load' returned '0': CMAKE_PREFIX_PATH=/opt/ros/dashing /usr/bin/cmake --build /home/raoul/Documents/QEES/lab1.3/build/artificial_load --target install -- -j8 -l8
