[0.030s] Invoking command in '/home/raoul/Documents/QEES/lab1.4/build/artificial_load': /usr/bin/cmake --build /home/raoul/Documents/QEES/lab1.4/build/artificial_load -- -j4 -l4
[0.195s] [100%] Built target CPU_load
[0.213s] Invoked command in '/home/raoul/Documents/QEES/lab1.4/build/artificial_load' returned '0': /usr/bin/cmake --build /home/raoul/Documents/QEES/lab1.4/build/artificial_load -- -j4 -l4
[1.240s] Invoking command in '/home/raoul/Documents/QEES/lab1.4/build/artificial_load': /usr/bin/cmake --build /home/raoul/Documents/QEES/lab1.4/build/artificial_load --target install -- -j4 -l4
[3.296s] [100%] Built target CPU_load
[3.416s] [36mInstall the project...[0m
[3.531s] -- Install configuration: ""
[3.532s] -- Execute custom install script
[3.533s] -- Up-to-date symlink: /home/raoul/Documents/QEES/lab1.4/install/artificial_load/lib/artificial_load/CPU_load
[3.534s] -- Up-to-date symlink: /home/raoul/Documents/QEES/lab1.4/install/artificial_load/share/ament_index/resource_index/package_run_dependencies/artificial_load
[3.534s] -- Up-to-date symlink: /home/raoul/Documents/QEES/lab1.4/install/artificial_load/share/ament_index/resource_index/parent_prefix_path/artificial_load
[3.535s] -- Up-to-date symlink: /home/raoul/Documents/QEES/lab1.4/install/artificial_load/share/artificial_load/environment/ament_prefix_path.sh
[3.535s] -- Up-to-date symlink: /home/raoul/Documents/QEES/lab1.4/install/artificial_load/share/artificial_load/environment/path.sh
[3.536s] -- Up-to-date symlink: /home/raoul/Documents/QEES/lab1.4/install/artificial_load/share/artificial_load/local_setup.bash
[3.536s] -- Up-to-date symlink: /home/raoul/Documents/QEES/lab1.4/install/artificial_load/share/artificial_load/local_setup.sh
[3.537s] -- Up-to-date symlink: /home/raoul/Documents/QEES/lab1.4/install/artificial_load/share/artificial_load/local_setup.zsh
[3.537s] -- Up-to-date symlink: /home/raoul/Documents/QEES/lab1.4/install/artificial_load/share/ament_index/resource_index/packages/artificial_load
[3.538s] -- Up-to-date symlink: /home/raoul/Documents/QEES/lab1.4/install/artificial_load/share/artificial_load/cmake/artificial_loadConfig.cmake
[3.538s] -- Up-to-date symlink: /home/raoul/Documents/QEES/lab1.4/install/artificial_load/share/artificial_load/cmake/artificial_loadConfig-version.cmake
[3.539s] -- Up-to-date symlink: /home/raoul/Documents/QEES/lab1.4/install/artificial_load/share/artificial_load/package.xml
[3.548s] Invoked command in '/home/raoul/Documents/QEES/lab1.4/build/artificial_load' returned '0': /usr/bin/cmake --build /home/raoul/Documents/QEES/lab1.4/build/artificial_load --target install -- -j4 -l4
