[0.049s] Invoking command in '/home/raoul/Documents/QEES/lab1.1/build/artificial_load': CMAKE_PREFIX_PATH=${CMAKE_PREFIX_PATH}:/opt/ros/dashing /usr/bin/cmake --build /home/raoul/Documents/QEES/lab1.1/build/artificial_load -- -j8 -l8
[0.172s] [100%] Built target CPU_load
[0.200s] Invoked command in '/home/raoul/Documents/QEES/lab1.1/build/artificial_load' returned '0': CMAKE_PREFIX_PATH=${CMAKE_PREFIX_PATH}:/opt/ros/dashing /usr/bin/cmake --build /home/raoul/Documents/QEES/lab1.1/build/artificial_load -- -j8 -l8
[0.383s] Invoking command in '/home/raoul/Documents/QEES/lab1.1/build/artificial_load': CMAKE_PREFIX_PATH=${CMAKE_PREFIX_PATH}:/opt/ros/dashing /usr/bin/cmake --build /home/raoul/Documents/QEES/lab1.1/build/artificial_load --target install -- -j8 -l8
[0.519s] [100%] Built target CPU_load
[0.565s] [36mInstall the project...[0m
[0.589s] -- Install configuration: ""
[0.591s] -- Execute custom install script
[0.592s] -- Up-to-date symlink: /home/raoul/Documents/QEES/lab1.1/install/artificial_load/lib/artificial_load/CPU_load
[0.593s] -- Up-to-date symlink: /home/raoul/Documents/QEES/lab1.1/install/artificial_load/share/ament_index/resource_index/package_run_dependencies/artificial_load
[0.594s] -- Up-to-date symlink: /home/raoul/Documents/QEES/lab1.1/install/artificial_load/share/ament_index/resource_index/parent_prefix_path/artificial_load
[0.596s] -- Up-to-date symlink: /home/raoul/Documents/QEES/lab1.1/install/artificial_load/share/artificial_load/environment/ament_prefix_path.sh
[0.597s] -- Up-to-date symlink: /home/raoul/Documents/QEES/lab1.1/install/artificial_load/share/artificial_load/environment/path.sh
[0.598s] -- Up-to-date symlink: /home/raoul/Documents/QEES/lab1.1/install/artificial_load/share/artificial_load/local_setup.bash
[0.600s] -- Up-to-date symlink: /home/raoul/Documents/QEES/lab1.1/install/artificial_load/share/artificial_load/local_setup.sh
[0.601s] -- Up-to-date symlink: /home/raoul/Documents/QEES/lab1.1/install/artificial_load/share/artificial_load/local_setup.zsh
[0.602s] -- Up-to-date symlink: /home/raoul/Documents/QEES/lab1.1/install/artificial_load/share/ament_index/resource_index/packages/artificial_load
[0.602s] -- Up-to-date symlink: /home/raoul/Documents/QEES/lab1.1/install/artificial_load/share/artificial_load/cmake/artificial_loadConfig.cmake
[0.603s] -- Up-to-date symlink: /home/raoul/Documents/QEES/lab1.1/install/artificial_load/share/artificial_load/cmake/artificial_loadConfig-version.cmake
[0.604s] -- Up-to-date symlink: /home/raoul/Documents/QEES/lab1.1/install/artificial_load/share/artificial_load/package.xml
[0.628s] Invoked command in '/home/raoul/Documents/QEES/lab1.1/build/artificial_load' returned '0': CMAKE_PREFIX_PATH=${CMAKE_PREFIX_PATH}:/opt/ros/dashing /usr/bin/cmake --build /home/raoul/Documents/QEES/lab1.1/build/artificial_load --target install -- -j8 -l8
