[0.173s] DEBUG:colcon:Command line arguments: ['/usr/bin/colcon', 'build', '--symlink-install']
[0.174s] DEBUG:colcon:Parsed command line arguments: Namespace(allow_overriding=[], ament_cmake_args=None, base_paths=['.'], build_base='build', catkin_cmake_args=None, catkin_skip_building_tests=False, cmake_args=None, cmake_clean_cache=False, cmake_clean_first=False, cmake_force_configure=False, cmake_target=None, cmake_target_skip_unavailable=False, continue_on_error=False, event_handlers=None, executor='parallel', ignore_user_meta=False, install_base='install', log_base=None, log_level=None, main=<bound method BuildVerb.main of <colcon_core.verb.build.BuildVerb object at 0x7fcba79034e0>>, merge_install=False, metas=['./colcon.meta'], packages_above=None, packages_above_and_dependencies=None, packages_above_depth=None, packages_end=None, packages_ignore=None, packages_ignore_regex=None, packages_select=None, packages_select_build_failed=False, packages_select_by_dep=None, packages_select_regex=None, packages_select_test_failures=False, packages_skip=None, packages_skip_build_finished=False, packages_skip_by_dep=None, packages_skip_regex=None, packages_skip_test_passed=False, packages_skip_up_to=None, packages_start=None, packages_up_to=None, packages_up_to_regex=None, parallel_workers=8, paths=None, symlink_install=True, test_result_base=None, verb_extension=<colcon_core.verb.build.BuildVerb object at 0x7fcba79034e0>, verb_name='build', verb_parser=<colcon_defaults.argument_parser.defaults.DefaultArgumentsDecorator object at 0x7fcba7903828>)
[0.205s] Level 1:colcon.colcon_core.package_discovery:discover_packages(colcon_meta) check parameters
[0.206s] Level 1:colcon.colcon_core.package_discovery:discover_packages(recursive) check parameters
[0.206s] Level 1:colcon.colcon_core.package_discovery:discover_packages(ignore) check parameters
[0.206s] Level 1:colcon.colcon_core.package_discovery:discover_packages(path) check parameters
[0.206s] Level 1:colcon.colcon_core.package_discovery:discover_packages(colcon_meta) discover
[0.206s] Level 1:colcon.colcon_core.package_discovery:discover_packages(recursive) discover
[0.206s] INFO:colcon.colcon_core.package_discovery:Crawling recursively for packages in '/home/raoul/Documents/QEES/lab1.2'
[0.206s] Level 1:colcon.colcon_core.package_identification:_identify(.) by extensions ['ignore', 'ignore_ament_install']
[0.207s] Level 1:colcon.colcon_core.package_identification:_identify(.) by extension 'ignore'
[0.207s] Level 1:colcon.colcon_core.package_identification:_identify(.) by extension 'ignore_ament_install'
[0.207s] Level 1:colcon.colcon_core.package_identification:_identify(.) by extensions ['colcon_pkg']
[0.207s] Level 1:colcon.colcon_core.package_identification:_identify(.) by extension 'colcon_pkg'
[0.207s] Level 1:colcon.colcon_core.package_identification:_identify(.) by extensions ['colcon_meta']
[0.207s] Level 1:colcon.colcon_core.package_identification:_identify(.) by extension 'colcon_meta'
[0.207s] Level 1:colcon.colcon_core.package_identification:_identify(.) by extensions ['ros']
[0.207s] Level 1:colcon.colcon_core.package_identification:_identify(.) by extension 'ros'
[0.227s] Level 1:colcon.colcon_core.package_identification:_identify(.) by extensions ['cmake', 'python']
[0.227s] Level 1:colcon.colcon_core.package_identification:_identify(.) by extension 'cmake'
[0.227s] Level 1:colcon.colcon_core.package_identification:_identify(.) by extension 'python'
[0.227s] Level 1:colcon.colcon_core.package_identification:_identify(.) by extensions ['python_setup_py']
[0.227s] Level 1:colcon.colcon_core.package_identification:_identify(.) by extension 'python_setup_py'
[0.227s] Level 1:colcon.colcon_core.package_identification:_identify(build) by extensions ['ignore', 'ignore_ament_install']
[0.228s] Level 1:colcon.colcon_core.package_identification:_identify(build) by extension 'ignore'
[0.228s] Level 1:colcon.colcon_core.package_identification:_identify(build) ignored
[0.228s] Level 1:colcon.colcon_core.package_identification:_identify(evaluation) by extensions ['ignore', 'ignore_ament_install']
[0.228s] Level 1:colcon.colcon_core.package_identification:_identify(evaluation) by extension 'ignore'
[0.228s] Level 1:colcon.colcon_core.package_identification:_identify(evaluation) by extension 'ignore_ament_install'
[0.229s] Level 1:colcon.colcon_core.package_identification:_identify(evaluation) by extensions ['colcon_pkg']
[0.229s] Level 1:colcon.colcon_core.package_identification:_identify(evaluation) by extension 'colcon_pkg'
[0.229s] Level 1:colcon.colcon_core.package_identification:_identify(evaluation) by extensions ['colcon_meta']
[0.229s] Level 1:colcon.colcon_core.package_identification:_identify(evaluation) by extension 'colcon_meta'
[0.229s] Level 1:colcon.colcon_core.package_identification:_identify(evaluation) by extensions ['ros']
[0.229s] Level 1:colcon.colcon_core.package_identification:_identify(evaluation) by extension 'ros'
[0.229s] Level 1:colcon.colcon_core.package_identification:_identify(evaluation) by extensions ['cmake', 'python']
[0.229s] Level 1:colcon.colcon_core.package_identification:_identify(evaluation) by extension 'cmake'
[0.229s] Level 1:colcon.colcon_core.package_identification:_identify(evaluation) by extension 'python'
[0.229s] Level 1:colcon.colcon_core.package_identification:_identify(evaluation) by extensions ['python_setup_py']
[0.229s] Level 1:colcon.colcon_core.package_identification:_identify(evaluation) by extension 'python_setup_py'
[0.230s] Level 1:colcon.colcon_core.package_identification:_identify(evaluation/ack_time) by extensions ['ignore', 'ignore_ament_install']
[0.230s] Level 1:colcon.colcon_core.package_identification:_identify(evaluation/ack_time) by extension 'ignore'
[0.230s] Level 1:colcon.colcon_core.package_identification:_identify(evaluation/ack_time) by extension 'ignore_ament_install'
[0.230s] Level 1:colcon.colcon_core.package_identification:_identify(evaluation/ack_time) by extensions ['colcon_pkg']
[0.230s] Level 1:colcon.colcon_core.package_identification:_identify(evaluation/ack_time) by extension 'colcon_pkg'
[0.230s] Level 1:colcon.colcon_core.package_identification:_identify(evaluation/ack_time) by extensions ['colcon_meta']
[0.230s] Level 1:colcon.colcon_core.package_identification:_identify(evaluation/ack_time) by extension 'colcon_meta'
[0.230s] Level 1:colcon.colcon_core.package_identification:_identify(evaluation/ack_time) by extensions ['ros']
[0.230s] Level 1:colcon.colcon_core.package_identification:_identify(evaluation/ack_time) by extension 'ros'
[0.230s] Level 1:colcon.colcon_core.package_identification:_identify(evaluation/ack_time) by extensions ['cmake', 'python']
[0.230s] Level 1:colcon.colcon_core.package_identification:_identify(evaluation/ack_time) by extension 'cmake'
[0.231s] Level 1:colcon.colcon_core.package_identification:_identify(evaluation/ack_time) by extension 'python'
[0.231s] Level 1:colcon.colcon_core.package_identification:_identify(evaluation/ack_time) by extensions ['python_setup_py']
[0.231s] Level 1:colcon.colcon_core.package_identification:_identify(evaluation/ack_time) by extension 'python_setup_py'
[0.231s] Level 1:colcon.colcon_core.package_identification:_identify(evaluation/byte_data) by extensions ['ignore', 'ignore_ament_install']
[0.231s] Level 1:colcon.colcon_core.package_identification:_identify(evaluation/byte_data) by extension 'ignore'
[0.231s] Level 1:colcon.colcon_core.package_identification:_identify(evaluation/byte_data) by extension 'ignore_ament_install'
[0.231s] Level 1:colcon.colcon_core.package_identification:_identify(evaluation/byte_data) by extensions ['colcon_pkg']
[0.231s] Level 1:colcon.colcon_core.package_identification:_identify(evaluation/byte_data) by extension 'colcon_pkg'
[0.231s] Level 1:colcon.colcon_core.package_identification:_identify(evaluation/byte_data) by extensions ['colcon_meta']
[0.231s] Level 1:colcon.colcon_core.package_identification:_identify(evaluation/byte_data) by extension 'colcon_meta'
[0.232s] Level 1:colcon.colcon_core.package_identification:_identify(evaluation/byte_data) by extensions ['ros']
[0.232s] Level 1:colcon.colcon_core.package_identification:_identify(evaluation/byte_data) by extension 'ros'
[0.232s] Level 1:colcon.colcon_core.package_identification:_identify(evaluation/byte_data) by extensions ['cmake', 'python']
[0.232s] Level 1:colcon.colcon_core.package_identification:_identify(evaluation/byte_data) by extension 'cmake'
[0.232s] Level 1:colcon.colcon_core.package_identification:_identify(evaluation/byte_data) by extension 'python'
[0.232s] Level 1:colcon.colcon_core.package_identification:_identify(evaluation/byte_data) by extensions ['python_setup_py']
[0.232s] Level 1:colcon.colcon_core.package_identification:_identify(evaluation/byte_data) by extension 'python_setup_py'
[0.232s] Level 1:colcon.colcon_core.package_identification:_identify(evaluation/convert_msg) by extensions ['ignore', 'ignore_ament_install']
[0.232s] Level 1:colcon.colcon_core.package_identification:_identify(evaluation/convert_msg) by extension 'ignore'
[0.232s] Level 1:colcon.colcon_core.package_identification:_identify(evaluation/convert_msg) by extension 'ignore_ament_install'
[0.233s] Level 1:colcon.colcon_core.package_identification:_identify(evaluation/convert_msg) by extensions ['colcon_pkg']
[0.233s] Level 1:colcon.colcon_core.package_identification:_identify(evaluation/convert_msg) by extension 'colcon_pkg'
[0.233s] Level 1:colcon.colcon_core.package_identification:_identify(evaluation/convert_msg) by extensions ['colcon_meta']
[0.233s] Level 1:colcon.colcon_core.package_identification:_identify(evaluation/convert_msg) by extension 'colcon_meta'
[0.233s] Level 1:colcon.colcon_core.package_identification:_identify(evaluation/convert_msg) by extensions ['ros']
[0.233s] Level 1:colcon.colcon_core.package_identification:_identify(evaluation/convert_msg) by extension 'ros'
[0.233s] Level 1:colcon.colcon_core.package_identification:_identify(evaluation/convert_msg) by extensions ['cmake', 'python']
[0.233s] Level 1:colcon.colcon_core.package_identification:_identify(evaluation/convert_msg) by extension 'cmake'
[0.233s] Level 1:colcon.colcon_core.package_identification:_identify(evaluation/convert_msg) by extension 'python'
[0.233s] Level 1:colcon.colcon_core.package_identification:_identify(evaluation/convert_msg) by extensions ['python_setup_py']
[0.233s] Level 1:colcon.colcon_core.package_identification:_identify(evaluation/convert_msg) by extension 'python_setup_py'
[0.233s] Level 1:colcon.colcon_core.package_identification:_identify(evaluation/dds_time) by extensions ['ignore', 'ignore_ament_install']
[0.234s] Level 1:colcon.colcon_core.package_identification:_identify(evaluation/dds_time) by extension 'ignore'
[0.234s] Level 1:colcon.colcon_core.package_identification:_identify(evaluation/dds_time) by extension 'ignore_ament_install'
[0.234s] Level 1:colcon.colcon_core.package_identification:_identify(evaluation/dds_time) by extensions ['colcon_pkg']
[0.234s] Level 1:colcon.colcon_core.package_identification:_identify(evaluation/dds_time) by extension 'colcon_pkg'
[0.234s] Level 1:colcon.colcon_core.package_identification:_identify(evaluation/dds_time) by extensions ['colcon_meta']
[0.234s] Level 1:colcon.colcon_core.package_identification:_identify(evaluation/dds_time) by extension 'colcon_meta'
[0.234s] Level 1:colcon.colcon_core.package_identification:_identify(evaluation/dds_time) by extensions ['ros']
[0.234s] Level 1:colcon.colcon_core.package_identification:_identify(evaluation/dds_time) by extension 'ros'
[0.234s] Level 1:colcon.colcon_core.package_identification:_identify(evaluation/dds_time) by extensions ['cmake', 'python']
[0.234s] Level 1:colcon.colcon_core.package_identification:_identify(evaluation/dds_time) by extension 'cmake'
[0.234s] Level 1:colcon.colcon_core.package_identification:_identify(evaluation/dds_time) by extension 'python'
[0.235s] Level 1:colcon.colcon_core.package_identification:_identify(evaluation/dds_time) by extensions ['python_setup_py']
[0.235s] Level 1:colcon.colcon_core.package_identification:_identify(evaluation/dds_time) by extension 'python_setup_py'
[0.235s] Level 1:colcon.colcon_core.package_identification:_identify(evaluation/publish_time) by extensions ['ignore', 'ignore_ament_install']
[0.235s] Level 1:colcon.colcon_core.package_identification:_identify(evaluation/publish_time) by extension 'ignore'
[0.235s] Level 1:colcon.colcon_core.package_identification:_identify(evaluation/publish_time) by extension 'ignore_ament_install'
[0.235s] Level 1:colcon.colcon_core.package_identification:_identify(evaluation/publish_time) by extensions ['colcon_pkg']
[0.235s] Level 1:colcon.colcon_core.package_identification:_identify(evaluation/publish_time) by extension 'colcon_pkg'
[0.235s] Level 1:colcon.colcon_core.package_identification:_identify(evaluation/publish_time) by extensions ['colcon_meta']
[0.235s] Level 1:colcon.colcon_core.package_identification:_identify(evaluation/publish_time) by extension 'colcon_meta'
[0.235s] Level 1:colcon.colcon_core.package_identification:_identify(evaluation/publish_time) by extensions ['ros']
[0.235s] Level 1:colcon.colcon_core.package_identification:_identify(evaluation/publish_time) by extension 'ros'
[0.236s] Level 1:colcon.colcon_core.package_identification:_identify(evaluation/publish_time) by extensions ['cmake', 'python']
[0.236s] Level 1:colcon.colcon_core.package_identification:_identify(evaluation/publish_time) by extension 'cmake'
[0.236s] Level 1:colcon.colcon_core.package_identification:_identify(evaluation/publish_time) by extension 'python'
[0.236s] Level 1:colcon.colcon_core.package_identification:_identify(evaluation/publish_time) by extensions ['python_setup_py']
[0.236s] Level 1:colcon.colcon_core.package_identification:_identify(evaluation/publish_time) by extension 'python_setup_py'
[0.236s] Level 1:colcon.colcon_core.package_identification:_identify(evaluation/subscribe_time) by extensions ['ignore', 'ignore_ament_install']
[0.236s] Level 1:colcon.colcon_core.package_identification:_identify(evaluation/subscribe_time) by extension 'ignore'
[0.236s] Level 1:colcon.colcon_core.package_identification:_identify(evaluation/subscribe_time) by extension 'ignore_ament_install'
[0.236s] Level 1:colcon.colcon_core.package_identification:_identify(evaluation/subscribe_time) by extensions ['colcon_pkg']
[0.236s] Level 1:colcon.colcon_core.package_identification:_identify(evaluation/subscribe_time) by extension 'colcon_pkg'
[0.237s] Level 1:colcon.colcon_core.package_identification:_identify(evaluation/subscribe_time) by extensions ['colcon_meta']
[0.237s] Level 1:colcon.colcon_core.package_identification:_identify(evaluation/subscribe_time) by extension 'colcon_meta'
[0.237s] Level 1:colcon.colcon_core.package_identification:_identify(evaluation/subscribe_time) by extensions ['ros']
[0.237s] Level 1:colcon.colcon_core.package_identification:_identify(evaluation/subscribe_time) by extension 'ros'
[0.237s] Level 1:colcon.colcon_core.package_identification:_identify(evaluation/subscribe_time) by extensions ['cmake', 'python']
[0.237s] Level 1:colcon.colcon_core.package_identification:_identify(evaluation/subscribe_time) by extension 'cmake'
[0.237s] Level 1:colcon.colcon_core.package_identification:_identify(evaluation/subscribe_time) by extension 'python'
[0.237s] Level 1:colcon.colcon_core.package_identification:_identify(evaluation/subscribe_time) by extensions ['python_setup_py']
[0.237s] Level 1:colcon.colcon_core.package_identification:_identify(evaluation/subscribe_time) by extension 'python_setup_py'
[0.237s] Level 1:colcon.colcon_core.package_identification:_identify(evaluation/transport_time) by extensions ['ignore', 'ignore_ament_install']
[0.237s] Level 1:colcon.colcon_core.package_identification:_identify(evaluation/transport_time) by extension 'ignore'
[0.238s] Level 1:colcon.colcon_core.package_identification:_identify(evaluation/transport_time) by extension 'ignore_ament_install'
[0.238s] Level 1:colcon.colcon_core.package_identification:_identify(evaluation/transport_time) by extensions ['colcon_pkg']
[0.238s] Level 1:colcon.colcon_core.package_identification:_identify(evaluation/transport_time) by extension 'colcon_pkg'
[0.238s] Level 1:colcon.colcon_core.package_identification:_identify(evaluation/transport_time) by extensions ['colcon_meta']
[0.238s] Level 1:colcon.colcon_core.package_identification:_identify(evaluation/transport_time) by extension 'colcon_meta'
[0.238s] Level 1:colcon.colcon_core.package_identification:_identify(evaluation/transport_time) by extensions ['ros']
[0.238s] Level 1:colcon.colcon_core.package_identification:_identify(evaluation/transport_time) by extension 'ros'
[0.238s] Level 1:colcon.colcon_core.package_identification:_identify(evaluation/transport_time) by extensions ['cmake', 'python']
[0.238s] Level 1:colcon.colcon_core.package_identification:_identify(evaluation/transport_time) by extension 'cmake'
[0.238s] Level 1:colcon.colcon_core.package_identification:_identify(evaluation/transport_time) by extension 'python'
[0.238s] Level 1:colcon.colcon_core.package_identification:_identify(evaluation/transport_time) by extensions ['python_setup_py']
[0.238s] Level 1:colcon.colcon_core.package_identification:_identify(evaluation/transport_time) by extension 'python_setup_py'
[0.239s] Level 1:colcon.colcon_core.package_identification:_identify(install) by extensions ['ignore', 'ignore_ament_install']
[0.239s] Level 1:colcon.colcon_core.package_identification:_identify(install) by extension 'ignore'
[0.239s] Level 1:colcon.colcon_core.package_identification:_identify(install) ignored
[0.239s] Level 1:colcon.colcon_core.package_identification:_identify(log) by extensions ['ignore', 'ignore_ament_install']
[0.239s] Level 1:colcon.colcon_core.package_identification:_identify(log) by extension 'ignore'
[0.239s] Level 1:colcon.colcon_core.package_identification:_identify(log) ignored
[0.240s] Level 1:colcon.colcon_core.package_identification:_identify(src) by extensions ['ignore', 'ignore_ament_install']
[0.240s] Level 1:colcon.colcon_core.package_identification:_identify(src) by extension 'ignore'
[0.240s] Level 1:colcon.colcon_core.package_identification:_identify(src) by extension 'ignore_ament_install'
[0.240s] Level 1:colcon.colcon_core.package_identification:_identify(src) by extensions ['colcon_pkg']
[0.240s] Level 1:colcon.colcon_core.package_identification:_identify(src) by extension 'colcon_pkg'
[0.240s] Level 1:colcon.colcon_core.package_identification:_identify(src) by extensions ['colcon_meta']
[0.240s] Level 1:colcon.colcon_core.package_identification:_identify(src) by extension 'colcon_meta'
[0.240s] Level 1:colcon.colcon_core.package_identification:_identify(src) by extensions ['ros']
[0.240s] Level 1:colcon.colcon_core.package_identification:_identify(src) by extension 'ros'
[0.240s] Level 1:colcon.colcon_core.package_identification:_identify(src) by extensions ['cmake', 'python']
[0.241s] Level 1:colcon.colcon_core.package_identification:_identify(src) by extension 'cmake'
[0.241s] Level 1:colcon.colcon_core.package_identification:_identify(src) by extension 'python'
[0.241s] Level 1:colcon.colcon_core.package_identification:_identify(src) by extensions ['python_setup_py']
[0.241s] Level 1:colcon.colcon_core.package_identification:_identify(src) by extension 'python_setup_py'
[0.241s] Level 1:colcon.colcon_core.package_identification:_identify(src/artificial_load) by extensions ['ignore', 'ignore_ament_install']
[0.241s] Level 1:colcon.colcon_core.package_identification:_identify(src/artificial_load) by extension 'ignore'
[0.241s] Level 1:colcon.colcon_core.package_identification:_identify(src/artificial_load) by extension 'ignore_ament_install'
[0.241s] Level 1:colcon.colcon_core.package_identification:_identify(src/artificial_load) by extensions ['colcon_pkg']
[0.241s] Level 1:colcon.colcon_core.package_identification:_identify(src/artificial_load) by extension 'colcon_pkg'
[0.241s] Level 1:colcon.colcon_core.package_identification:_identify(src/artificial_load) by extensions ['colcon_meta']
[0.241s] Level 1:colcon.colcon_core.package_identification:_identify(src/artificial_load) by extension 'colcon_meta'
[0.242s] Level 1:colcon.colcon_core.package_identification:_identify(src/artificial_load) by extensions ['ros']
[0.242s] Level 1:colcon.colcon_core.package_identification:_identify(src/artificial_load) by extension 'ros'
[0.245s] DEBUG:colcon.colcon_core.package_identification:Package 'src/artificial_load' with type 'ros.ament_cmake' and name 'artificial_load'
[0.245s] Level 1:colcon.colcon_core.package_identification:_identify(src/interprocess_eval) by extensions ['ignore', 'ignore_ament_install']
[0.246s] Level 1:colcon.colcon_core.package_identification:_identify(src/interprocess_eval) by extension 'ignore'
[0.246s] Level 1:colcon.colcon_core.package_identification:_identify(src/interprocess_eval) by extension 'ignore_ament_install'
[0.246s] Level 1:colcon.colcon_core.package_identification:_identify(src/interprocess_eval) by extensions ['colcon_pkg']
[0.246s] Level 1:colcon.colcon_core.package_identification:_identify(src/interprocess_eval) by extension 'colcon_pkg'
[0.246s] Level 1:colcon.colcon_core.package_identification:_identify(src/interprocess_eval) by extensions ['colcon_meta']
[0.246s] Level 1:colcon.colcon_core.package_identification:_identify(src/interprocess_eval) by extension 'colcon_meta'
[0.246s] Level 1:colcon.colcon_core.package_identification:_identify(src/interprocess_eval) by extensions ['ros']
[0.246s] Level 1:colcon.colcon_core.package_identification:_identify(src/interprocess_eval) by extension 'ros'
[0.285s] DEBUG:colcon.colcon_core.package_identification:Package 'src/interprocess_eval' with type 'ros.ament_cmake' and name 'interprocess_eval'
[0.286s] Level 1:colcon.colcon_core.package_identification:_identify(src/interprocess_remote_eval) by extensions ['ignore', 'ignore_ament_install']
[0.286s] Level 1:colcon.colcon_core.package_identification:_identify(src/interprocess_remote_eval) by extension 'ignore'
[0.286s] Level 1:colcon.colcon_core.package_identification:_identify(src/interprocess_remote_eval) by extension 'ignore_ament_install'
[0.286s] Level 1:colcon.colcon_core.package_identification:_identify(src/interprocess_remote_eval) by extensions ['colcon_pkg']
[0.286s] Level 1:colcon.colcon_core.package_identification:_identify(src/interprocess_remote_eval) by extension 'colcon_pkg'
[0.286s] Level 1:colcon.colcon_core.package_identification:_identify(src/interprocess_remote_eval) by extensions ['colcon_meta']
[0.286s] Level 1:colcon.colcon_core.package_identification:_identify(src/interprocess_remote_eval) by extension 'colcon_meta'
[0.286s] Level 1:colcon.colcon_core.package_identification:_identify(src/interprocess_remote_eval) by extensions ['ros']
[0.286s] Level 1:colcon.colcon_core.package_identification:_identify(src/interprocess_remote_eval) by extension 'ros'
[0.287s] DEBUG:colcon.colcon_core.package_identification:Package 'src/interprocess_remote_eval' with type 'ros.ament_cmake' and name 'interprocess_remote_eval'
[0.287s] Level 1:colcon.colcon_core.package_identification:_identify(src/intraprocess_eval) by extensions ['ignore', 'ignore_ament_install']
[0.288s] Level 1:colcon.colcon_core.package_identification:_identify(src/intraprocess_eval) by extension 'ignore'
[0.288s] Level 1:colcon.colcon_core.package_identification:_identify(src/intraprocess_eval) by extension 'ignore_ament_install'
[0.288s] Level 1:colcon.colcon_core.package_identification:_identify(src/intraprocess_eval) by extensions ['colcon_pkg']
[0.288s] Level 1:colcon.colcon_core.package_identification:_identify(src/intraprocess_eval) by extension 'colcon_pkg'
[0.288s] Level 1:colcon.colcon_core.package_identification:_identify(src/intraprocess_eval) by extensions ['colcon_meta']
[0.288s] Level 1:colcon.colcon_core.package_identification:_identify(src/intraprocess_eval) by extension 'colcon_meta'
[0.288s] Level 1:colcon.colcon_core.package_identification:_identify(src/intraprocess_eval) by extensions ['ros']
[0.288s] Level 1:colcon.colcon_core.package_identification:_identify(src/intraprocess_eval) by extension 'ros'
[0.289s] DEBUG:colcon.colcon_core.package_identification:Package 'src/intraprocess_eval' with type 'ros.ament_cmake' and name 'intraprocess_eval'
[0.289s] Level 1:colcon.colcon_core.package_discovery:discover_packages(recursive) using defaults
[0.289s] Level 1:colcon.colcon_core.package_discovery:discover_packages(ignore) discover
[0.289s] Level 1:colcon.colcon_core.package_discovery:discover_packages(ignore) using defaults
[0.289s] Level 1:colcon.colcon_core.package_discovery:discover_packages(path) discover
[0.290s] Level 1:colcon.colcon_core.package_discovery:discover_packages(path) using defaults
[0.316s] Level 1:colcon.colcon_core.package_discovery:discover_packages(prefix_path) check parameters
[0.316s] Level 1:colcon.colcon_core.package_discovery:discover_packages(prefix_path) discover
[0.320s] DEBUG:colcon.colcon_installed_package_information.package_discovery:Found 225 installed packages in /opt/ros/dashing
[0.322s] Level 1:colcon.colcon_core.package_discovery:discover_packages(prefix_path) using defaults
[0.429s] Level 5:colcon.colcon_core.verb:set package 'artificial_load' build argument 'cmake_args' from command line to 'None'
[0.429s] Level 5:colcon.colcon_core.verb:set package 'artificial_load' build argument 'cmake_target' from command line to 'None'
[0.429s] Level 5:colcon.colcon_core.verb:set package 'artificial_load' build argument 'cmake_target_skip_unavailable' from command line to 'False'
[0.429s] Level 5:colcon.colcon_core.verb:set package 'artificial_load' build argument 'cmake_clean_cache' from command line to 'False'
[0.429s] Level 5:colcon.colcon_core.verb:set package 'artificial_load' build argument 'cmake_clean_first' from command line to 'False'
[0.429s] Level 5:colcon.colcon_core.verb:set package 'artificial_load' build argument 'cmake_force_configure' from command line to 'False'
[0.429s] Level 5:colcon.colcon_core.verb:set package 'artificial_load' build argument 'ament_cmake_args' from command line to 'None'
[0.429s] Level 5:colcon.colcon_core.verb:set package 'artificial_load' build argument 'catkin_cmake_args' from command line to 'None'
[0.429s] Level 5:colcon.colcon_core.verb:set package 'artificial_load' build argument 'catkin_skip_building_tests' from command line to 'False'
[0.429s] DEBUG:colcon.colcon_core.verb:Building package 'artificial_load' with the following arguments: {'ament_cmake_args': None, 'build_base': '/home/raoul/Documents/QEES/lab1.2/build/artificial_load', 'catkin_cmake_args': None, 'catkin_skip_building_tests': False, 'cmake_args': None, 'cmake_clean_cache': False, 'cmake_clean_first': False, 'cmake_force_configure': False, 'cmake_target': None, 'cmake_target_skip_unavailable': False, 'install_base': '/home/raoul/Documents/QEES/lab1.2/install/artificial_load', 'merge_install': False, 'path': '/home/raoul/Documents/QEES/lab1.2/src/artificial_load', 'symlink_install': True, 'test_result_base': None}
[0.430s] Level 5:colcon.colcon_core.verb:set package 'interprocess_eval' build argument 'cmake_args' from command line to 'None'
[0.430s] Level 5:colcon.colcon_core.verb:set package 'interprocess_eval' build argument 'cmake_target' from command line to 'None'
[0.430s] Level 5:colcon.colcon_core.verb:set package 'interprocess_eval' build argument 'cmake_target_skip_unavailable' from command line to 'False'
[0.430s] Level 5:colcon.colcon_core.verb:set package 'interprocess_eval' build argument 'cmake_clean_cache' from command line to 'False'
[0.430s] Level 5:colcon.colcon_core.verb:set package 'interprocess_eval' build argument 'cmake_clean_first' from command line to 'False'
[0.430s] Level 5:colcon.colcon_core.verb:set package 'interprocess_eval' build argument 'cmake_force_configure' from command line to 'False'
[0.431s] Level 5:colcon.colcon_core.verb:set package 'interprocess_eval' build argument 'ament_cmake_args' from command line to 'None'
[0.431s] Level 5:colcon.colcon_core.verb:set package 'interprocess_eval' build argument 'catkin_cmake_args' from command line to 'None'
[0.431s] Level 5:colcon.colcon_core.verb:set package 'interprocess_eval' build argument 'catkin_skip_building_tests' from command line to 'False'
[0.431s] DEBUG:colcon.colcon_core.verb:Building package 'interprocess_eval' with the following arguments: {'ament_cmake_args': None, 'build_base': '/home/raoul/Documents/QEES/lab1.2/build/interprocess_eval', 'catkin_cmake_args': None, 'catkin_skip_building_tests': False, 'cmake_args': None, 'cmake_clean_cache': False, 'cmake_clean_first': False, 'cmake_force_configure': False, 'cmake_target': None, 'cmake_target_skip_unavailable': False, 'install_base': '/home/raoul/Documents/QEES/lab1.2/install/interprocess_eval', 'merge_install': False, 'path': '/home/raoul/Documents/QEES/lab1.2/src/interprocess_eval', 'symlink_install': True, 'test_result_base': None}
[0.431s] Level 5:colcon.colcon_core.verb:set package 'interprocess_remote_eval' build argument 'cmake_args' from command line to 'None'
[0.432s] Level 5:colcon.colcon_core.verb:set package 'interprocess_remote_eval' build argument 'cmake_target' from command line to 'None'
[0.432s] Level 5:colcon.colcon_core.verb:set package 'interprocess_remote_eval' build argument 'cmake_target_skip_unavailable' from command line to 'False'
[0.432s] Level 5:colcon.colcon_core.verb:set package 'interprocess_remote_eval' build argument 'cmake_clean_cache' from command line to 'False'
[0.432s] Level 5:colcon.colcon_core.verb:set package 'interprocess_remote_eval' build argument 'cmake_clean_first' from command line to 'False'
[0.432s] Level 5:colcon.colcon_core.verb:set package 'interprocess_remote_eval' build argument 'cmake_force_configure' from command line to 'False'
[0.432s] Level 5:colcon.colcon_core.verb:set package 'interprocess_remote_eval' build argument 'ament_cmake_args' from command line to 'None'
[0.432s] Level 5:colcon.colcon_core.verb:set package 'interprocess_remote_eval' build argument 'catkin_cmake_args' from command line to 'None'
[0.432s] Level 5:colcon.colcon_core.verb:set package 'interprocess_remote_eval' build argument 'catkin_skip_building_tests' from command line to 'False'
[0.432s] DEBUG:colcon.colcon_core.verb:Building package 'interprocess_remote_eval' with the following arguments: {'ament_cmake_args': None, 'build_base': '/home/raoul/Documents/QEES/lab1.2/build/interprocess_remote_eval', 'catkin_cmake_args': None, 'catkin_skip_building_tests': False, 'cmake_args': None, 'cmake_clean_cache': False, 'cmake_clean_first': False, 'cmake_force_configure': False, 'cmake_target': None, 'cmake_target_skip_unavailable': False, 'install_base': '/home/raoul/Documents/QEES/lab1.2/install/interprocess_remote_eval', 'merge_install': False, 'path': '/home/raoul/Documents/QEES/lab1.2/src/interprocess_remote_eval', 'symlink_install': True, 'test_result_base': None}
[0.433s] Level 5:colcon.colcon_core.verb:set package 'intraprocess_eval' build argument 'cmake_args' from command line to 'None'
[0.433s] Level 5:colcon.colcon_core.verb:set package 'intraprocess_eval' build argument 'cmake_target' from command line to 'None'
[0.433s] Level 5:colcon.colcon_core.verb:set package 'intraprocess_eval' build argument 'cmake_target_skip_unavailable' from command line to 'False'
[0.433s] Level 5:colcon.colcon_core.verb:set package 'intraprocess_eval' build argument 'cmake_clean_cache' from command line to 'False'
[0.433s] Level 5:colcon.colcon_core.verb:set package 'intraprocess_eval' build argument 'cmake_clean_first' from command line to 'False'
[0.433s] Level 5:colcon.colcon_core.verb:set package 'intraprocess_eval' build argument 'cmake_force_configure' from command line to 'False'
[0.433s] Level 5:colcon.colcon_core.verb:set package 'intraprocess_eval' build argument 'ament_cmake_args' from command line to 'None'
[0.433s] Level 5:colcon.colcon_core.verb:set package 'intraprocess_eval' build argument 'catkin_cmake_args' from command line to 'None'
[0.433s] Level 5:colcon.colcon_core.verb:set package 'intraprocess_eval' build argument 'catkin_skip_building_tests' from command line to 'False'
[0.433s] DEBUG:colcon.colcon_core.verb:Building package 'intraprocess_eval' with the following arguments: {'ament_cmake_args': None, 'build_base': '/home/raoul/Documents/QEES/lab1.2/build/intraprocess_eval', 'catkin_cmake_args': None, 'catkin_skip_building_tests': False, 'cmake_args': None, 'cmake_clean_cache': False, 'cmake_clean_first': False, 'cmake_force_configure': False, 'cmake_target': None, 'cmake_target_skip_unavailable': False, 'install_base': '/home/raoul/Documents/QEES/lab1.2/install/intraprocess_eval', 'merge_install': False, 'path': '/home/raoul/Documents/QEES/lab1.2/src/intraprocess_eval', 'symlink_install': True, 'test_result_base': None}
[0.433s] INFO:colcon.colcon_core.executor:Executing jobs using 'parallel' executor
[0.435s] DEBUG:colcon.colcon_parallel_executor.executor.parallel:run_until_complete
[0.435s] INFO:colcon.colcon_ros.task.ament_cmake.build:Building ROS package in '/home/raoul/Documents/QEES/lab1.2/src/artificial_load' with build type 'ament_cmake'
[0.435s] INFO:colcon.colcon_cmake.task.cmake.build:Building CMake package in '/home/raoul/Documents/QEES/lab1.2/src/artificial_load'
[0.439s] INFO:colcon.colcon_core.plugin_system:Skipping extension 'colcon_core.shell.bat': Not used on non-Windows systems
[0.439s] INFO:colcon.colcon_core.shell:Skip shell extension 'powershell' for command environment: Not usable outside of PowerShell
[0.440s] DEBUG:colcon.colcon_core.shell:Skip shell extension 'dsv' for command environment
[0.446s] INFO:colcon.colcon_ros.task.ament_cmake.build:Building ROS package in '/home/raoul/Documents/QEES/lab1.2/src/interprocess_eval' with build type 'ament_cmake'
[0.447s] INFO:colcon.colcon_cmake.task.cmake.build:Building CMake package in '/home/raoul/Documents/QEES/lab1.2/src/interprocess_eval'
[0.448s] INFO:colcon.colcon_core.shell:Skip shell extension 'powershell' for command environment: Not usable outside of PowerShell
[0.448s] DEBUG:colcon.colcon_core.shell:Skip shell extension 'dsv' for command environment
[0.455s] INFO:colcon.colcon_ros.task.ament_cmake.build:Building ROS package in '/home/raoul/Documents/QEES/lab1.2/src/interprocess_remote_eval' with build type 'ament_cmake'
[0.456s] INFO:colcon.colcon_cmake.task.cmake.build:Building CMake package in '/home/raoul/Documents/QEES/lab1.2/src/interprocess_remote_eval'
[0.457s] INFO:colcon.colcon_core.shell:Skip shell extension 'powershell' for command environment: Not usable outside of PowerShell
[0.457s] DEBUG:colcon.colcon_core.shell:Skip shell extension 'dsv' for command environment
[0.464s] INFO:colcon.colcon_ros.task.ament_cmake.build:Building ROS package in '/home/raoul/Documents/QEES/lab1.2/src/intraprocess_eval' with build type 'ament_cmake'
[0.465s] INFO:colcon.colcon_cmake.task.cmake.build:Building CMake package in '/home/raoul/Documents/QEES/lab1.2/src/intraprocess_eval'
[0.466s] INFO:colcon.colcon_core.shell:Skip shell extension 'powershell' for command environment: Not usable outside of PowerShell
[0.466s] DEBUG:colcon.colcon_core.shell:Skip shell extension 'dsv' for command environment
[0.487s] DEBUG:colcon.colcon_core.event_handler.log_command:Invoking command in '/home/raoul/Documents/QEES/lab1.2/build/artificial_load': CMAKE_PREFIX_PATH=/opt/ros/dashing /usr/bin/cmake --build /home/raoul/Documents/QEES/lab1.2/build/artificial_load -- -j8 -l8
[0.499s] DEBUG:colcon.colcon_core.event_handler.log_command:Invoking command in '/home/raoul/Documents/QEES/lab1.2/build/interprocess_eval': CMAKE_PREFIX_PATH=/opt/ros/dashing /usr/bin/cmake --build /home/raoul/Documents/QEES/lab1.2/build/interprocess_eval -- -j8 -l8
[0.506s] DEBUG:colcon.colcon_core.event_handler.log_command:Invoking command in '/home/raoul/Documents/QEES/lab1.2/build/interprocess_remote_eval': CMAKE_PREFIX_PATH=/opt/ros/dashing /usr/bin/cmake --build /home/raoul/Documents/QEES/lab1.2/build/interprocess_remote_eval -- -j8 -l8
[0.515s] DEBUG:colcon.colcon_core.event_handler.log_command:Invoking command in '/home/raoul/Documents/QEES/lab1.2/build/intraprocess_eval': CMAKE_PREFIX_PATH=/opt/ros/dashing /usr/bin/cmake --build /home/raoul/Documents/QEES/lab1.2/build/intraprocess_eval -- -j8 -l8
[0.785s] DEBUG:colcon.colcon_core.event_handler.log_command:Invoked command in '/home/raoul/Documents/QEES/lab1.2/build/artificial_load' returned '0': CMAKE_PREFIX_PATH=/opt/ros/dashing /usr/bin/cmake --build /home/raoul/Documents/QEES/lab1.2/build/artificial_load -- -j8 -l8
[0.863s] DEBUG:colcon.colcon_core.event_handler.log_command:Invoked command in '/home/raoul/Documents/QEES/lab1.2/build/interprocess_remote_eval' returned '0': CMAKE_PREFIX_PATH=/opt/ros/dashing /usr/bin/cmake --build /home/raoul/Documents/QEES/lab1.2/build/interprocess_remote_eval -- -j8 -l8
[0.898s] DEBUG:colcon.colcon_core.event_handler.log_command:Invoked command in '/home/raoul/Documents/QEES/lab1.2/build/intraprocess_eval' returned '0': CMAKE_PREFIX_PATH=/opt/ros/dashing /usr/bin/cmake --build /home/raoul/Documents/QEES/lab1.2/build/intraprocess_eval -- -j8 -l8
[0.986s] DEBUG:colcon.colcon_core.event_handler.log_command:Invoking command in '/home/raoul/Documents/QEES/lab1.2/build/artificial_load': CMAKE_PREFIX_PATH=/opt/ros/dashing /usr/bin/cmake --build /home/raoul/Documents/QEES/lab1.2/build/artificial_load --target install -- -j8 -l8
[1.001s] DEBUG:colcon.colcon_core.event_handler.log_command:Invoking command in '/home/raoul/Documents/QEES/lab1.2/build/intraprocess_eval': CMAKE_PREFIX_PATH=/opt/ros/dashing /usr/bin/cmake --build /home/raoul/Documents/QEES/lab1.2/build/intraprocess_eval --target install -- -j8 -l8
[1.015s] DEBUG:colcon.colcon_core.event_handler.log_command:Invoking command in '/home/raoul/Documents/QEES/lab1.2/build/interprocess_remote_eval': CMAKE_PREFIX_PATH=/opt/ros/dashing /usr/bin/cmake --build /home/raoul/Documents/QEES/lab1.2/build/interprocess_remote_eval --target install -- -j8 -l8
[1.408s] Level 1:colcon.colcon_core.environment:create_environment_scripts_only(artificial_load)
[1.411s] DEBUG:colcon.colcon_core.event_handler.log_command:Invoked command in '/home/raoul/Documents/QEES/lab1.2/build/artificial_load' returned '0': CMAKE_PREFIX_PATH=/opt/ros/dashing /usr/bin/cmake --build /home/raoul/Documents/QEES/lab1.2/build/artificial_load --target install -- -j8 -l8
[1.417s] Level 1:colcon.colcon_core.environment:checking '/home/raoul/Documents/QEES/lab1.2/install/artificial_load' for CMake module files
[1.419s] Level 1:colcon.colcon_core.environment:checking '/home/raoul/Documents/QEES/lab1.2/install/artificial_load' for CMake config files
[1.420s] Level 1:colcon.colcon_core.shell:create_environment_hook('artificial_load', 'cmake_prefix_path')
[1.422s] INFO:colcon.colcon_core.shell:Creating environment hook '/home/raoul/Documents/QEES/lab1.2/install/artificial_load/share/artificial_load/hook/cmake_prefix_path.ps1'
[1.424s] INFO:colcon.colcon_core.shell:Creating environment descriptor '/home/raoul/Documents/QEES/lab1.2/install/artificial_load/share/artificial_load/hook/cmake_prefix_path.dsv'
[1.425s] INFO:colcon.colcon_core.shell:Creating environment hook '/home/raoul/Documents/QEES/lab1.2/install/artificial_load/share/artificial_load/hook/cmake_prefix_path.sh'
[1.428s] Level 1:colcon.colcon_core.environment:checking '/home/raoul/Documents/QEES/lab1.2/install/artificial_load/lib'
[1.428s] Level 1:colcon.colcon_core.environment:checking '/home/raoul/Documents/QEES/lab1.2/install/artificial_load/bin'
[1.429s] Level 1:colcon.colcon_core.environment:checking '/home/raoul/Documents/QEES/lab1.2/install/artificial_load/lib/pkgconfig/artificial_load.pc'
[1.429s] Level 1:colcon.colcon_core.environment:checking '/home/raoul/Documents/QEES/lab1.2/install/artificial_load/lib/python3.6/site-packages'
[1.430s] Level 1:colcon.colcon_core.environment:checking '/home/raoul/Documents/QEES/lab1.2/install/artificial_load/bin'
[1.431s] INFO:colcon.colcon_core.shell:Creating package script '/home/raoul/Documents/QEES/lab1.2/install/artificial_load/share/artificial_load/package.ps1'
[1.433s] INFO:colcon.colcon_core.shell:Creating package descriptor '/home/raoul/Documents/QEES/lab1.2/install/artificial_load/share/artificial_load/package.dsv'
[1.434s] INFO:colcon.colcon_core.shell:Creating package script '/home/raoul/Documents/QEES/lab1.2/install/artificial_load/share/artificial_load/package.sh'
[1.437s] INFO:colcon.colcon_core.shell:Creating package script '/home/raoul/Documents/QEES/lab1.2/install/artificial_load/share/artificial_load/package.bash'
[1.441s] INFO:colcon.colcon_core.shell:Creating package script '/home/raoul/Documents/QEES/lab1.2/install/artificial_load/share/artificial_load/package.zsh'
[1.444s] Level 1:colcon.colcon_core.environment:create_file_with_runtime_dependencies(/home/raoul/Documents/QEES/lab1.2/install/artificial_load/share/colcon-core/packages/artificial_load)
[1.515s] Level 1:colcon.colcon_core.environment:create_environment_scripts_only(intraprocess_eval)
[1.517s] Level 1:colcon.colcon_core.environment:checking '/home/raoul/Documents/QEES/lab1.2/install/intraprocess_eval' for CMake module files
[1.520s] Level 1:colcon.colcon_core.environment:checking '/home/raoul/Documents/QEES/lab1.2/install/intraprocess_eval' for CMake config files
[1.521s] Level 1:colcon.colcon_core.shell:create_environment_hook('intraprocess_eval', 'cmake_prefix_path')
[1.522s] INFO:colcon.colcon_core.shell:Creating environment hook '/home/raoul/Documents/QEES/lab1.2/install/intraprocess_eval/share/intraprocess_eval/hook/cmake_prefix_path.ps1'
[1.526s] DEBUG:colcon.colcon_core.event_handler.log_command:Invoked command in '/home/raoul/Documents/QEES/lab1.2/build/intraprocess_eval' returned '0': CMAKE_PREFIX_PATH=/opt/ros/dashing /usr/bin/cmake --build /home/raoul/Documents/QEES/lab1.2/build/intraprocess_eval --target install -- -j8 -l8
[1.527s] INFO:colcon.colcon_core.shell:Creating environment descriptor '/home/raoul/Documents/QEES/lab1.2/install/intraprocess_eval/share/intraprocess_eval/hook/cmake_prefix_path.dsv'
[1.530s] INFO:colcon.colcon_core.shell:Creating environment hook '/home/raoul/Documents/QEES/lab1.2/install/intraprocess_eval/share/intraprocess_eval/hook/cmake_prefix_path.sh'
[1.532s] Level 1:colcon.colcon_core.environment:checking '/home/raoul/Documents/QEES/lab1.2/install/intraprocess_eval/lib'
[1.533s] Level 1:colcon.colcon_core.environment:checking '/home/raoul/Documents/QEES/lab1.2/install/intraprocess_eval/bin'
[1.533s] Level 1:colcon.colcon_core.environment:checking '/home/raoul/Documents/QEES/lab1.2/install/intraprocess_eval/lib/pkgconfig/intraprocess_eval.pc'
[1.534s] Level 1:colcon.colcon_core.environment:checking '/home/raoul/Documents/QEES/lab1.2/install/intraprocess_eval/lib/python3.6/site-packages'
[1.535s] Level 1:colcon.colcon_core.environment:checking '/home/raoul/Documents/QEES/lab1.2/install/intraprocess_eval/bin'
[1.536s] INFO:colcon.colcon_core.shell:Creating package script '/home/raoul/Documents/QEES/lab1.2/install/intraprocess_eval/share/intraprocess_eval/package.ps1'
[1.537s] INFO:colcon.colcon_core.shell:Creating package descriptor '/home/raoul/Documents/QEES/lab1.2/install/intraprocess_eval/share/intraprocess_eval/package.dsv'
[1.538s] INFO:colcon.colcon_core.shell:Creating package script '/home/raoul/Documents/QEES/lab1.2/install/intraprocess_eval/share/intraprocess_eval/package.sh'
[1.539s] INFO:colcon.colcon_core.shell:Creating package script '/home/raoul/Documents/QEES/lab1.2/install/intraprocess_eval/share/intraprocess_eval/package.bash'
[1.541s] INFO:colcon.colcon_core.shell:Creating package script '/home/raoul/Documents/QEES/lab1.2/install/intraprocess_eval/share/intraprocess_eval/package.zsh'
[1.541s] Level 1:colcon.colcon_core.environment:create_file_with_runtime_dependencies(/home/raoul/Documents/QEES/lab1.2/install/intraprocess_eval/share/colcon-core/packages/intraprocess_eval)
[1.551s] Level 1:colcon.colcon_core.environment:create_environment_scripts_only(artificial_load)
[1.553s] Level 1:colcon.colcon_core.environment:checking '/home/raoul/Documents/QEES/lab1.2/install/artificial_load' for CMake module files
[1.554s] Level 1:colcon.colcon_core.environment:checking '/home/raoul/Documents/QEES/lab1.2/install/artificial_load' for CMake config files
[1.555s] Level 1:colcon.colcon_core.shell:create_environment_hook('artificial_load', 'cmake_prefix_path')
[1.556s] INFO:colcon.colcon_core.shell:Creating environment hook '/home/raoul/Documents/QEES/lab1.2/install/artificial_load/share/artificial_load/hook/cmake_prefix_path.ps1'
[1.557s] INFO:colcon.colcon_core.shell:Creating environment descriptor '/home/raoul/Documents/QEES/lab1.2/install/artificial_load/share/artificial_load/hook/cmake_prefix_path.dsv'
[1.558s] INFO:colcon.colcon_core.shell:Creating environment hook '/home/raoul/Documents/QEES/lab1.2/install/artificial_load/share/artificial_load/hook/cmake_prefix_path.sh'
[1.561s] Level 1:colcon.colcon_core.environment:checking '/home/raoul/Documents/QEES/lab1.2/install/artificial_load/lib'
[1.561s] Level 1:colcon.colcon_core.environment:checking '/home/raoul/Documents/QEES/lab1.2/install/artificial_load/bin'
[1.561s] Level 1:colcon.colcon_core.environment:checking '/home/raoul/Documents/QEES/lab1.2/install/artificial_load/lib/pkgconfig/artificial_load.pc'
[1.562s] Level 1:colcon.colcon_core.environment:checking '/home/raoul/Documents/QEES/lab1.2/install/artificial_load/lib/python3.6/site-packages'
[1.562s] Level 1:colcon.colcon_core.environment:checking '/home/raoul/Documents/QEES/lab1.2/install/artificial_load/bin'
[1.563s] INFO:colcon.colcon_core.shell:Creating package script '/home/raoul/Documents/QEES/lab1.2/install/artificial_load/share/artificial_load/package.ps1'
[1.565s] INFO:colcon.colcon_core.shell:Creating package descriptor '/home/raoul/Documents/QEES/lab1.2/install/artificial_load/share/artificial_load/package.dsv'
[1.566s] INFO:colcon.colcon_core.shell:Creating package script '/home/raoul/Documents/QEES/lab1.2/install/artificial_load/share/artificial_load/package.sh'
[1.567s] INFO:colcon.colcon_core.shell:Creating package script '/home/raoul/Documents/QEES/lab1.2/install/artificial_load/share/artificial_load/package.bash'
[1.568s] INFO:colcon.colcon_core.shell:Creating package script '/home/raoul/Documents/QEES/lab1.2/install/artificial_load/share/artificial_load/package.zsh'
[1.569s] Level 1:colcon.colcon_core.environment:create_file_with_runtime_dependencies(/home/raoul/Documents/QEES/lab1.2/install/artificial_load/share/colcon-core/packages/artificial_load)
[1.571s] Level 1:colcon.colcon_core.environment:create_environment_scripts_only(interprocess_remote_eval)
[1.572s] Level 1:colcon.colcon_core.environment:checking '/home/raoul/Documents/QEES/lab1.2/install/interprocess_remote_eval' for CMake module files
[1.574s] DEBUG:colcon.colcon_core.event_handler.log_command:Invoked command in '/home/raoul/Documents/QEES/lab1.2/build/interprocess_remote_eval' returned '0': CMAKE_PREFIX_PATH=/opt/ros/dashing /usr/bin/cmake --build /home/raoul/Documents/QEES/lab1.2/build/interprocess_remote_eval --target install -- -j8 -l8
[1.575s] Level 1:colcon.colcon_core.environment:checking '/home/raoul/Documents/QEES/lab1.2/install/interprocess_remote_eval' for CMake config files
[1.577s] Level 1:colcon.colcon_core.shell:create_environment_hook('interprocess_remote_eval', 'cmake_prefix_path')
[1.578s] INFO:colcon.colcon_core.shell:Creating environment hook '/home/raoul/Documents/QEES/lab1.2/install/interprocess_remote_eval/share/interprocess_remote_eval/hook/cmake_prefix_path.ps1'
[1.578s] INFO:colcon.colcon_core.shell:Creating environment descriptor '/home/raoul/Documents/QEES/lab1.2/install/interprocess_remote_eval/share/interprocess_remote_eval/hook/cmake_prefix_path.dsv'
[1.579s] INFO:colcon.colcon_core.shell:Creating environment hook '/home/raoul/Documents/QEES/lab1.2/install/interprocess_remote_eval/share/interprocess_remote_eval/hook/cmake_prefix_path.sh'
[1.581s] Level 1:colcon.colcon_core.environment:checking '/home/raoul/Documents/QEES/lab1.2/install/interprocess_remote_eval/lib'
[1.581s] Level 1:colcon.colcon_core.environment:checking '/home/raoul/Documents/QEES/lab1.2/install/interprocess_remote_eval/bin'
[1.581s] Level 1:colcon.colcon_core.environment:checking '/home/raoul/Documents/QEES/lab1.2/install/interprocess_remote_eval/lib/pkgconfig/interprocess_remote_eval.pc'
[1.581s] Level 1:colcon.colcon_core.environment:checking '/home/raoul/Documents/QEES/lab1.2/install/interprocess_remote_eval/lib/python3.6/site-packages'
[1.582s] Level 1:colcon.colcon_core.environment:checking '/home/raoul/Documents/QEES/lab1.2/install/interprocess_remote_eval/bin'
[1.583s] INFO:colcon.colcon_core.shell:Creating package script '/home/raoul/Documents/QEES/lab1.2/install/interprocess_remote_eval/share/interprocess_remote_eval/package.ps1'
[1.584s] INFO:colcon.colcon_core.shell:Creating package descriptor '/home/raoul/Documents/QEES/lab1.2/install/interprocess_remote_eval/share/interprocess_remote_eval/package.dsv'
[1.585s] INFO:colcon.colcon_core.shell:Creating package script '/home/raoul/Documents/QEES/lab1.2/install/interprocess_remote_eval/share/interprocess_remote_eval/package.sh'
[1.586s] INFO:colcon.colcon_core.shell:Creating package script '/home/raoul/Documents/QEES/lab1.2/install/interprocess_remote_eval/share/interprocess_remote_eval/package.bash'
[1.586s] INFO:colcon.colcon_core.shell:Creating package script '/home/raoul/Documents/QEES/lab1.2/install/interprocess_remote_eval/share/interprocess_remote_eval/package.zsh'
[1.587s] Level 1:colcon.colcon_core.environment:create_file_with_runtime_dependencies(/home/raoul/Documents/QEES/lab1.2/install/interprocess_remote_eval/share/colcon-core/packages/interprocess_remote_eval)
[1.617s] Level 1:colcon.colcon_core.environment:create_environment_scripts_only(intraprocess_eval)
[1.618s] Level 1:colcon.colcon_core.environment:checking '/home/raoul/Documents/QEES/lab1.2/install/intraprocess_eval' for CMake module files
[1.620s] Level 1:colcon.colcon_core.environment:checking '/home/raoul/Documents/QEES/lab1.2/install/intraprocess_eval' for CMake config files
[1.621s] Level 1:colcon.colcon_core.shell:create_environment_hook('intraprocess_eval', 'cmake_prefix_path')
[1.622s] INFO:colcon.colcon_core.shell:Creating environment hook '/home/raoul/Documents/QEES/lab1.2/install/intraprocess_eval/share/intraprocess_eval/hook/cmake_prefix_path.ps1'
[1.624s] INFO:colcon.colcon_core.shell:Creating environment descriptor '/home/raoul/Documents/QEES/lab1.2/install/intraprocess_eval/share/intraprocess_eval/hook/cmake_prefix_path.dsv'
[1.625s] INFO:colcon.colcon_core.shell:Creating environment hook '/home/raoul/Documents/QEES/lab1.2/install/intraprocess_eval/share/intraprocess_eval/hook/cmake_prefix_path.sh'
[1.627s] Level 1:colcon.colcon_core.environment:checking '/home/raoul/Documents/QEES/lab1.2/install/intraprocess_eval/lib'
[1.627s] Level 1:colcon.colcon_core.environment:checking '/home/raoul/Documents/QEES/lab1.2/install/intraprocess_eval/bin'
[1.628s] Level 1:colcon.colcon_core.environment:checking '/home/raoul/Documents/QEES/lab1.2/install/intraprocess_eval/lib/pkgconfig/intraprocess_eval.pc'
[1.628s] Level 1:colcon.colcon_core.environment:checking '/home/raoul/Documents/QEES/lab1.2/install/intraprocess_eval/lib/python3.6/site-packages'
[1.629s] Level 1:colcon.colcon_core.environment:checking '/home/raoul/Documents/QEES/lab1.2/install/intraprocess_eval/bin'
[1.630s] INFO:colcon.colcon_core.shell:Creating package script '/home/raoul/Documents/QEES/lab1.2/install/intraprocess_eval/share/intraprocess_eval/package.ps1'
[1.631s] INFO:colcon.colcon_core.shell:Creating package descriptor '/home/raoul/Documents/QEES/lab1.2/install/intraprocess_eval/share/intraprocess_eval/package.dsv'
[1.633s] INFO:colcon.colcon_core.shell:Creating package script '/home/raoul/Documents/QEES/lab1.2/install/intraprocess_eval/share/intraprocess_eval/package.sh'
[1.634s] INFO:colcon.colcon_core.shell:Creating package script '/home/raoul/Documents/QEES/lab1.2/install/intraprocess_eval/share/intraprocess_eval/package.bash'
[1.635s] INFO:colcon.colcon_core.shell:Creating package script '/home/raoul/Documents/QEES/lab1.2/install/intraprocess_eval/share/intraprocess_eval/package.zsh'
[1.636s] Level 1:colcon.colcon_core.environment:create_file_with_runtime_dependencies(/home/raoul/Documents/QEES/lab1.2/install/intraprocess_eval/share/colcon-core/packages/intraprocess_eval)
[1.674s] Level 1:colcon.colcon_core.environment:create_environment_scripts_only(interprocess_remote_eval)
[1.675s] Level 1:colcon.colcon_core.environment:checking '/home/raoul/Documents/QEES/lab1.2/install/interprocess_remote_eval' for CMake module files
[1.677s] Level 1:colcon.colcon_core.environment:checking '/home/raoul/Documents/QEES/lab1.2/install/interprocess_remote_eval' for CMake config files
[1.678s] Level 1:colcon.colcon_core.shell:create_environment_hook('interprocess_remote_eval', 'cmake_prefix_path')
[1.679s] INFO:colcon.colcon_core.shell:Creating environment hook '/home/raoul/Documents/QEES/lab1.2/install/interprocess_remote_eval/share/interprocess_remote_eval/hook/cmake_prefix_path.ps1'
[1.680s] INFO:colcon.colcon_core.shell:Creating environment descriptor '/home/raoul/Documents/QEES/lab1.2/install/interprocess_remote_eval/share/interprocess_remote_eval/hook/cmake_prefix_path.dsv'
[1.681s] INFO:colcon.colcon_core.shell:Creating environment hook '/home/raoul/Documents/QEES/lab1.2/install/interprocess_remote_eval/share/interprocess_remote_eval/hook/cmake_prefix_path.sh'
[1.683s] Level 1:colcon.colcon_core.environment:checking '/home/raoul/Documents/QEES/lab1.2/install/interprocess_remote_eval/lib'
[1.683s] Level 1:colcon.colcon_core.environment:checking '/home/raoul/Documents/QEES/lab1.2/install/interprocess_remote_eval/bin'
[1.684s] Level 1:colcon.colcon_core.environment:checking '/home/raoul/Documents/QEES/lab1.2/install/interprocess_remote_eval/lib/pkgconfig/interprocess_remote_eval.pc'
[1.684s] Level 1:colcon.colcon_core.environment:checking '/home/raoul/Documents/QEES/lab1.2/install/interprocess_remote_eval/lib/python3.6/site-packages'
[1.685s] Level 1:colcon.colcon_core.environment:checking '/home/raoul/Documents/QEES/lab1.2/install/interprocess_remote_eval/bin'
[1.686s] INFO:colcon.colcon_core.shell:Creating package script '/home/raoul/Documents/QEES/lab1.2/install/interprocess_remote_eval/share/interprocess_remote_eval/package.ps1'
[1.687s] INFO:colcon.colcon_core.shell:Creating package descriptor '/home/raoul/Documents/QEES/lab1.2/install/interprocess_remote_eval/share/interprocess_remote_eval/package.dsv'
[1.689s] INFO:colcon.colcon_core.shell:Creating package script '/home/raoul/Documents/QEES/lab1.2/install/interprocess_remote_eval/share/interprocess_remote_eval/package.sh'
[1.690s] INFO:colcon.colcon_core.shell:Creating package script '/home/raoul/Documents/QEES/lab1.2/install/interprocess_remote_eval/share/interprocess_remote_eval/package.bash'
[1.691s] INFO:colcon.colcon_core.shell:Creating package script '/home/raoul/Documents/QEES/lab1.2/install/interprocess_remote_eval/share/interprocess_remote_eval/package.zsh'
[1.692s] Level 1:colcon.colcon_core.environment:create_file_with_runtime_dependencies(/home/raoul/Documents/QEES/lab1.2/install/interprocess_remote_eval/share/colcon-core/packages/interprocess_remote_eval)
[5.793s] DEBUG:colcon.colcon_core.event_handler.log_command:Invoked command in '/home/raoul/Documents/QEES/lab1.2/build/interprocess_eval' returned '0': CMAKE_PREFIX_PATH=/opt/ros/dashing /usr/bin/cmake --build /home/raoul/Documents/QEES/lab1.2/build/interprocess_eval -- -j8 -l8
[5.868s] DEBUG:colcon.colcon_core.event_handler.log_command:Invoking command in '/home/raoul/Documents/QEES/lab1.2/build/interprocess_eval': CMAKE_PREFIX_PATH=/opt/ros/dashing /usr/bin/cmake --build /home/raoul/Documents/QEES/lab1.2/build/interprocess_eval --target install -- -j8 -l8
[6.150s] Level 1:colcon.colcon_core.environment:create_environment_scripts_only(interprocess_eval)
[6.151s] Level 1:colcon.colcon_core.environment:checking '/home/raoul/Documents/QEES/lab1.2/install/interprocess_eval' for CMake module files
[6.153s] DEBUG:colcon.colcon_core.event_handler.log_command:Invoked command in '/home/raoul/Documents/QEES/lab1.2/build/interprocess_eval' returned '0': CMAKE_PREFIX_PATH=/opt/ros/dashing /usr/bin/cmake --build /home/raoul/Documents/QEES/lab1.2/build/interprocess_eval --target install -- -j8 -l8
[6.153s] Level 1:colcon.colcon_core.environment:checking '/home/raoul/Documents/QEES/lab1.2/install/interprocess_eval' for CMake config files
[6.154s] Level 1:colcon.colcon_core.shell:create_environment_hook('interprocess_eval', 'cmake_prefix_path')
[6.154s] INFO:colcon.colcon_core.shell:Creating environment hook '/home/raoul/Documents/QEES/lab1.2/install/interprocess_eval/share/interprocess_eval/hook/cmake_prefix_path.ps1'
[6.155s] INFO:colcon.colcon_core.shell:Creating environment descriptor '/home/raoul/Documents/QEES/lab1.2/install/interprocess_eval/share/interprocess_eval/hook/cmake_prefix_path.dsv'
[6.156s] INFO:colcon.colcon_core.shell:Creating environment hook '/home/raoul/Documents/QEES/lab1.2/install/interprocess_eval/share/interprocess_eval/hook/cmake_prefix_path.sh'
[6.157s] Level 1:colcon.colcon_core.environment:checking '/home/raoul/Documents/QEES/lab1.2/install/interprocess_eval/lib'
[6.158s] Level 1:colcon.colcon_core.environment:checking '/home/raoul/Documents/QEES/lab1.2/install/interprocess_eval/bin'
[6.158s] Level 1:colcon.colcon_core.environment:checking '/home/raoul/Documents/QEES/lab1.2/install/interprocess_eval/lib/pkgconfig/interprocess_eval.pc'
[6.158s] Level 1:colcon.colcon_core.environment:checking '/home/raoul/Documents/QEES/lab1.2/install/interprocess_eval/lib/python3.6/site-packages'
[6.158s] Level 1:colcon.colcon_core.environment:checking '/home/raoul/Documents/QEES/lab1.2/install/interprocess_eval/bin'
[6.159s] INFO:colcon.colcon_core.shell:Creating package script '/home/raoul/Documents/QEES/lab1.2/install/interprocess_eval/share/interprocess_eval/package.ps1'
[6.160s] INFO:colcon.colcon_core.shell:Creating package descriptor '/home/raoul/Documents/QEES/lab1.2/install/interprocess_eval/share/interprocess_eval/package.dsv'
[6.160s] INFO:colcon.colcon_core.shell:Creating package script '/home/raoul/Documents/QEES/lab1.2/install/interprocess_eval/share/interprocess_eval/package.sh'
[6.161s] INFO:colcon.colcon_core.shell:Creating package script '/home/raoul/Documents/QEES/lab1.2/install/interprocess_eval/share/interprocess_eval/package.bash'
[6.161s] INFO:colcon.colcon_core.shell:Creating package script '/home/raoul/Documents/QEES/lab1.2/install/interprocess_eval/share/interprocess_eval/package.zsh'
[6.162s] Level 1:colcon.colcon_core.environment:create_file_with_runtime_dependencies(/home/raoul/Documents/QEES/lab1.2/install/interprocess_eval/share/colcon-core/packages/interprocess_eval)
[6.232s] Level 1:colcon.colcon_core.environment:create_environment_scripts_only(interprocess_eval)
[6.233s] Level 1:colcon.colcon_core.environment:checking '/home/raoul/Documents/QEES/lab1.2/install/interprocess_eval' for CMake module files
[6.234s] Level 1:colcon.colcon_core.environment:checking '/home/raoul/Documents/QEES/lab1.2/install/interprocess_eval' for CMake config files
[6.234s] Level 1:colcon.colcon_core.shell:create_environment_hook('interprocess_eval', 'cmake_prefix_path')
[6.235s] INFO:colcon.colcon_core.shell:Creating environment hook '/home/raoul/Documents/QEES/lab1.2/install/interprocess_eval/share/interprocess_eval/hook/cmake_prefix_path.ps1'
[6.236s] INFO:colcon.colcon_core.shell:Creating environment descriptor '/home/raoul/Documents/QEES/lab1.2/install/interprocess_eval/share/interprocess_eval/hook/cmake_prefix_path.dsv'
[6.236s] INFO:colcon.colcon_core.shell:Creating environment hook '/home/raoul/Documents/QEES/lab1.2/install/interprocess_eval/share/interprocess_eval/hook/cmake_prefix_path.sh'
[6.238s] Level 1:colcon.colcon_core.environment:checking '/home/raoul/Documents/QEES/lab1.2/install/interprocess_eval/lib'
[6.238s] Level 1:colcon.colcon_core.environment:checking '/home/raoul/Documents/QEES/lab1.2/install/interprocess_eval/bin'
[6.238s] Level 1:colcon.colcon_core.environment:checking '/home/raoul/Documents/QEES/lab1.2/install/interprocess_eval/lib/pkgconfig/interprocess_eval.pc'
[6.238s] Level 1:colcon.colcon_core.environment:checking '/home/raoul/Documents/QEES/lab1.2/install/interprocess_eval/lib/python3.6/site-packages'
[6.239s] Level 1:colcon.colcon_core.environment:checking '/home/raoul/Documents/QEES/lab1.2/install/interprocess_eval/bin'
[6.239s] INFO:colcon.colcon_core.shell:Creating package script '/home/raoul/Documents/QEES/lab1.2/install/interprocess_eval/share/interprocess_eval/package.ps1'
[6.240s] INFO:colcon.colcon_core.shell:Creating package descriptor '/home/raoul/Documents/QEES/lab1.2/install/interprocess_eval/share/interprocess_eval/package.dsv'
[6.241s] INFO:colcon.colcon_core.shell:Creating package script '/home/raoul/Documents/QEES/lab1.2/install/interprocess_eval/share/interprocess_eval/package.sh'
[6.241s] INFO:colcon.colcon_core.shell:Creating package script '/home/raoul/Documents/QEES/lab1.2/install/interprocess_eval/share/interprocess_eval/package.bash'
[6.242s] INFO:colcon.colcon_core.shell:Creating package script '/home/raoul/Documents/QEES/lab1.2/install/interprocess_eval/share/interprocess_eval/package.zsh'
[6.243s] Level 1:colcon.colcon_core.environment:create_file_with_runtime_dependencies(/home/raoul/Documents/QEES/lab1.2/install/interprocess_eval/share/colcon-core/packages/interprocess_eval)
[6.243s] DEBUG:colcon.colcon_parallel_executor.executor.parallel:closing loop
[6.246s] DEBUG:colcon.colcon_parallel_executor.executor.parallel:loop closed
[6.246s] DEBUG:colcon.colcon_parallel_executor.executor.parallel:run_until_complete finished with '0'
[6.246s] DEBUG:colcon.colcon_core.event_reactor:joining thread
[6.255s] INFO:colcon.colcon_core.plugin_system:Skipping extension 'colcon_notification.desktop_notification.terminal_notifier': Not used on non-Darwin systems
[6.255s] INFO:colcon.colcon_core.plugin_system:Skipping extension 'colcon_notification.desktop_notification.win32': Not used on non-Windows systems
[6.255s] INFO:colcon.colcon_notification.desktop_notification:Sending desktop notification using 'notify2'
[6.260s] DEBUG:colcon.colcon_core.event_reactor:joined thread
[6.262s] INFO:colcon.colcon_core.shell:Creating prefix script '/home/raoul/Documents/QEES/lab1.2/install/local_setup.ps1'
[6.265s] INFO:colcon.colcon_core.shell:Creating prefix util module '/home/raoul/Documents/QEES/lab1.2/install/_local_setup_util_ps1.py'
[6.267s] INFO:colcon.colcon_core.shell:Creating prefix chain script '/home/raoul/Documents/QEES/lab1.2/install/setup.ps1'
[6.269s] INFO:colcon.colcon_core.shell:Creating prefix script '/home/raoul/Documents/QEES/lab1.2/install/local_setup.sh'
[6.270s] INFO:colcon.colcon_core.shell:Creating prefix util module '/home/raoul/Documents/QEES/lab1.2/install/_local_setup_util_sh.py'
[6.270s] INFO:colcon.colcon_core.shell:Creating prefix chain script '/home/raoul/Documents/QEES/lab1.2/install/setup.sh'
[6.272s] INFO:colcon.colcon_core.shell:Creating prefix script '/home/raoul/Documents/QEES/lab1.2/install/local_setup.bash'
[6.273s] INFO:colcon.colcon_core.shell:Creating prefix chain script '/home/raoul/Documents/QEES/lab1.2/install/setup.bash'
[6.274s] INFO:colcon.colcon_core.shell:Creating prefix script '/home/raoul/Documents/QEES/lab1.2/install/local_setup.zsh'
[6.275s] INFO:colcon.colcon_core.shell:Creating prefix chain script '/home/raoul/Documents/QEES/lab1.2/install/setup.zsh'
