[0.039s] Invoking command in '/home/raoul/Documents/QEES/lab1.1/build/artificial_load': /usr/bin/cmake --build /home/raoul/Documents/QEES/lab1.1/build/artificial_load -- -j8 -l8
[0.217s] [100%] Built target CPU_load
[0.285s] Invoked command in '/home/raoul/Documents/QEES/lab1.1/build/artificial_load' returned '0': /usr/bin/cmake --build /home/raoul/Documents/QEES/lab1.1/build/artificial_load -- -j8 -l8
[0.454s] Invoking command in '/home/raoul/Documents/QEES/lab1.1/build/artificial_load': /usr/bin/cmake --build /home/raoul/Documents/QEES/lab1.1/build/artificial_load --target install -- -j8 -l8
[0.596s] [100%] Built target CPU_load
[0.746s] [36mInstall the project...[0m
[0.791s] -- Install configuration: ""
[0.792s] -- Execute custom install script
[0.794s] -- Up-to-date symlink: /home/raoul/Documents/QEES/lab1.1/install/artificial_load/lib/artificial_load/CPU_load
[0.795s] -- Up-to-date symlink: /home/raoul/Documents/QEES/lab1.1/install/artificial_load/share/ament_index/resource_index/package_run_dependencies/artificial_load
[0.796s] -- Up-to-date symlink: /home/raoul/Documents/QEES/lab1.1/install/artificial_load/share/ament_index/resource_index/parent_prefix_path/artificial_load
[0.797s] -- Up-to-date symlink: /home/raoul/Documents/QEES/lab1.1/install/artificial_load/share/artificial_load/environment/ament_prefix_path.sh
[0.798s] -- Up-to-date symlink: /home/raoul/Documents/QEES/lab1.1/install/artificial_load/share/artificial_load/environment/path.sh
[0.799s] -- Up-to-date symlink: /home/raoul/Documents/QEES/lab1.1/install/artificial_load/share/artificial_load/local_setup.bash
[0.800s] -- Up-to-date symlink: /home/raoul/Documents/QEES/lab1.1/install/artificial_load/share/artificial_load/local_setup.sh
[0.801s] -- Up-to-date symlink: /home/raoul/Documents/QEES/lab1.1/install/artificial_load/share/artificial_load/local_setup.zsh
[0.802s] -- Up-to-date symlink: /home/raoul/Documents/QEES/lab1.1/install/artificial_load/share/ament_index/resource_index/packages/artificial_load
[0.803s] -- Up-to-date symlink: /home/raoul/Documents/QEES/lab1.1/install/artificial_load/share/artificial_load/cmake/artificial_loadConfig.cmake
[0.803s] -- Up-to-date symlink: /home/raoul/Documents/QEES/lab1.1/install/artificial_load/share/artificial_load/cmake/artificial_loadConfig-version.cmake
[0.804s] -- Up-to-date symlink: /home/raoul/Documents/QEES/lab1.1/install/artificial_load/share/artificial_load/package.xml
[0.814s] Invoked command in '/home/raoul/Documents/QEES/lab1.1/build/artificial_load' returned '0': /usr/bin/cmake --build /home/raoul/Documents/QEES/lab1.1/build/artificial_load --target install -- -j8 -l8
