[1.434s] DEBUG:colcon:Command line arguments: ['/usr/bin/colcon', 'build', '--symlink-install']
[1.434s] DEBUG:colcon:Parsed command line arguments: Namespace(allow_overriding=[], ament_cmake_args=None, base_paths=['.'], build_base='build', catkin_cmake_args=None, catkin_skip_building_tests=False, cmake_args=None, cmake_clean_cache=False, cmake_clean_first=False, cmake_force_configure=False, cmake_target=None, cmake_target_skip_unavailable=False, continue_on_error=False, event_handlers=None, executor='parallel', ignore_user_meta=False, install_base='install', log_base=None, log_level=None, main=<bound method BuildVerb.main of <colcon_core.verb.build.BuildVerb object at 0x7f56a753dcf8>>, merge_install=False, metas=['./colcon.meta'], packages_above=None, packages_above_and_dependencies=None, packages_above_depth=None, packages_end=None, packages_ignore=None, packages_ignore_regex=None, packages_select=None, packages_select_build_failed=False, packages_select_by_dep=None, packages_select_regex=None, packages_select_test_failures=False, packages_skip=None, packages_skip_build_finished=False, packages_skip_by_dep=None, packages_skip_regex=None, packages_skip_test_passed=False, packages_skip_up_to=None, packages_start=None, packages_up_to=None, packages_up_to_regex=None, parallel_workers=8, paths=None, symlink_install=True, test_result_base=None, verb_extension=<colcon_core.verb.build.BuildVerb object at 0x7f56a753dcf8>, verb_name='build', verb_parser=<colcon_defaults.argument_parser.defaults.DefaultArgumentsDecorator object at 0x7f56a75480b8>)
[1.714s] Level 1:colcon.colcon_core.package_discovery:discover_packages(colcon_meta) check parameters
[1.715s] Level 1:colcon.colcon_core.package_discovery:discover_packages(recursive) check parameters
[1.715s] Level 1:colcon.colcon_core.package_discovery:discover_packages(ignore) check parameters
[1.715s] Level 1:colcon.colcon_core.package_discovery:discover_packages(path) check parameters
[1.715s] Level 1:colcon.colcon_core.package_discovery:discover_packages(colcon_meta) discover
[1.715s] Level 1:colcon.colcon_core.package_discovery:discover_packages(recursive) discover
[1.715s] INFO:colcon.colcon_core.package_discovery:Crawling recursively for packages in '/home/raoul/Documents/QEES/lab1.1'
[1.715s] Level 1:colcon.colcon_core.package_identification:_identify(.) by extensions ['ignore', 'ignore_ament_install']
[1.716s] Level 1:colcon.colcon_core.package_identification:_identify(.) by extension 'ignore'
[1.716s] Level 1:colcon.colcon_core.package_identification:_identify(.) by extension 'ignore_ament_install'
[1.716s] Level 1:colcon.colcon_core.package_identification:_identify(.) by extensions ['colcon_pkg']
[1.716s] Level 1:colcon.colcon_core.package_identification:_identify(.) by extension 'colcon_pkg'
[1.716s] Level 1:colcon.colcon_core.package_identification:_identify(.) by extensions ['colcon_meta']
[1.716s] Level 1:colcon.colcon_core.package_identification:_identify(.) by extension 'colcon_meta'
[1.716s] Level 1:colcon.colcon_core.package_identification:_identify(.) by extensions ['ros']
[1.716s] Level 1:colcon.colcon_core.package_identification:_identify(.) by extension 'ros'
[1.775s] Level 1:colcon.colcon_core.package_identification:_identify(.) by extensions ['cmake', 'python']
[1.776s] Level 1:colcon.colcon_core.package_identification:_identify(.) by extension 'cmake'
[1.776s] Level 1:colcon.colcon_core.package_identification:_identify(.) by extension 'python'
[1.776s] Level 1:colcon.colcon_core.package_identification:_identify(.) by extensions ['python_setup_py']
[1.776s] Level 1:colcon.colcon_core.package_identification:_identify(.) by extension 'python_setup_py'
[1.776s] Level 1:colcon.colcon_core.package_identification:_identify(build) by extensions ['ignore', 'ignore_ament_install']
[1.776s] Level 1:colcon.colcon_core.package_identification:_identify(build) by extension 'ignore'
[1.776s] Level 1:colcon.colcon_core.package_identification:_identify(build) ignored
[1.777s] Level 1:colcon.colcon_core.package_identification:_identify(evaluation) by extensions ['ignore', 'ignore_ament_install']
[1.777s] Level 1:colcon.colcon_core.package_identification:_identify(evaluation) by extension 'ignore'
[1.777s] Level 1:colcon.colcon_core.package_identification:_identify(evaluation) by extension 'ignore_ament_install'
[1.777s] Level 1:colcon.colcon_core.package_identification:_identify(evaluation) by extensions ['colcon_pkg']
[1.777s] Level 1:colcon.colcon_core.package_identification:_identify(evaluation) by extension 'colcon_pkg'
[1.777s] Level 1:colcon.colcon_core.package_identification:_identify(evaluation) by extensions ['colcon_meta']
[1.777s] Level 1:colcon.colcon_core.package_identification:_identify(evaluation) by extension 'colcon_meta'
[1.777s] Level 1:colcon.colcon_core.package_identification:_identify(evaluation) by extensions ['ros']
[1.778s] Level 1:colcon.colcon_core.package_identification:_identify(evaluation) by extension 'ros'
[1.778s] Level 1:colcon.colcon_core.package_identification:_identify(evaluation) by extensions ['cmake', 'python']
[1.778s] Level 1:colcon.colcon_core.package_identification:_identify(evaluation) by extension 'cmake'
[1.778s] Level 1:colcon.colcon_core.package_identification:_identify(evaluation) by extension 'python'
[1.778s] Level 1:colcon.colcon_core.package_identification:_identify(evaluation) by extensions ['python_setup_py']
[1.778s] Level 1:colcon.colcon_core.package_identification:_identify(evaluation) by extension 'python_setup_py'
[1.788s] Level 1:colcon.colcon_core.package_identification:_identify(evaluation/byte_data) by extensions ['ignore', 'ignore_ament_install']
[1.789s] Level 1:colcon.colcon_core.package_identification:_identify(evaluation/byte_data) by extension 'ignore'
[1.789s] Level 1:colcon.colcon_core.package_identification:_identify(evaluation/byte_data) by extension 'ignore_ament_install'
[1.790s] Level 1:colcon.colcon_core.package_identification:_identify(evaluation/byte_data) by extensions ['colcon_pkg']
[1.790s] Level 1:colcon.colcon_core.package_identification:_identify(evaluation/byte_data) by extension 'colcon_pkg'
[1.790s] Level 1:colcon.colcon_core.package_identification:_identify(evaluation/byte_data) by extensions ['colcon_meta']
[1.790s] Level 1:colcon.colcon_core.package_identification:_identify(evaluation/byte_data) by extension 'colcon_meta'
[1.791s] Level 1:colcon.colcon_core.package_identification:_identify(evaluation/byte_data) by extensions ['ros']
[1.791s] Level 1:colcon.colcon_core.package_identification:_identify(evaluation/byte_data) by extension 'ros'
[1.791s] Level 1:colcon.colcon_core.package_identification:_identify(evaluation/byte_data) by extensions ['cmake', 'python']
[1.792s] Level 1:colcon.colcon_core.package_identification:_identify(evaluation/byte_data) by extension 'cmake'
[1.792s] Level 1:colcon.colcon_core.package_identification:_identify(evaluation/byte_data) by extension 'python'
[1.792s] Level 1:colcon.colcon_core.package_identification:_identify(evaluation/byte_data) by extensions ['python_setup_py']
[1.792s] Level 1:colcon.colcon_core.package_identification:_identify(evaluation/byte_data) by extension 'python_setup_py'
[1.792s] Level 1:colcon.colcon_core.package_identification:_identify(evaluation/convert_msg) by extensions ['ignore', 'ignore_ament_install']
[1.793s] Level 1:colcon.colcon_core.package_identification:_identify(evaluation/convert_msg) by extension 'ignore'
[1.793s] Level 1:colcon.colcon_core.package_identification:_identify(evaluation/convert_msg) by extension 'ignore_ament_install'
[1.793s] Level 1:colcon.colcon_core.package_identification:_identify(evaluation/convert_msg) by extensions ['colcon_pkg']
[1.793s] Level 1:colcon.colcon_core.package_identification:_identify(evaluation/convert_msg) by extension 'colcon_pkg'
[1.794s] Level 1:colcon.colcon_core.package_identification:_identify(evaluation/convert_msg) by extensions ['colcon_meta']
[1.794s] Level 1:colcon.colcon_core.package_identification:_identify(evaluation/convert_msg) by extension 'colcon_meta'
[1.794s] Level 1:colcon.colcon_core.package_identification:_identify(evaluation/convert_msg) by extensions ['ros']
[1.794s] Level 1:colcon.colcon_core.package_identification:_identify(evaluation/convert_msg) by extension 'ros'
[1.794s] Level 1:colcon.colcon_core.package_identification:_identify(evaluation/convert_msg) by extensions ['cmake', 'python']
[1.794s] Level 1:colcon.colcon_core.package_identification:_identify(evaluation/convert_msg) by extension 'cmake'
[1.794s] Level 1:colcon.colcon_core.package_identification:_identify(evaluation/convert_msg) by extension 'python'
[1.795s] Level 1:colcon.colcon_core.package_identification:_identify(evaluation/convert_msg) by extensions ['python_setup_py']
[1.795s] Level 1:colcon.colcon_core.package_identification:_identify(evaluation/convert_msg) by extension 'python_setup_py'
[1.795s] Level 1:colcon.colcon_core.package_identification:_identify(evaluation/dds_time) by extensions ['ignore', 'ignore_ament_install']
[1.795s] Level 1:colcon.colcon_core.package_identification:_identify(evaluation/dds_time) by extension 'ignore'
[1.796s] Level 1:colcon.colcon_core.package_identification:_identify(evaluation/dds_time) by extension 'ignore_ament_install'
[1.796s] Level 1:colcon.colcon_core.package_identification:_identify(evaluation/dds_time) by extensions ['colcon_pkg']
[1.796s] Level 1:colcon.colcon_core.package_identification:_identify(evaluation/dds_time) by extension 'colcon_pkg'
[1.796s] Level 1:colcon.colcon_core.package_identification:_identify(evaluation/dds_time) by extensions ['colcon_meta']
[1.796s] Level 1:colcon.colcon_core.package_identification:_identify(evaluation/dds_time) by extension 'colcon_meta'
[1.796s] Level 1:colcon.colcon_core.package_identification:_identify(evaluation/dds_time) by extensions ['ros']
[1.797s] Level 1:colcon.colcon_core.package_identification:_identify(evaluation/dds_time) by extension 'ros'
[1.797s] Level 1:colcon.colcon_core.package_identification:_identify(evaluation/dds_time) by extensions ['cmake', 'python']
[1.797s] Level 1:colcon.colcon_core.package_identification:_identify(evaluation/dds_time) by extension 'cmake'
[1.797s] Level 1:colcon.colcon_core.package_identification:_identify(evaluation/dds_time) by extension 'python'
[1.797s] Level 1:colcon.colcon_core.package_identification:_identify(evaluation/dds_time) by extensions ['python_setup_py']
[1.797s] Level 1:colcon.colcon_core.package_identification:_identify(evaluation/dds_time) by extension 'python_setup_py'
[1.808s] Level 1:colcon.colcon_core.package_identification:_identify(evaluation/publish_time) by extensions ['ignore', 'ignore_ament_install']
[1.808s] Level 1:colcon.colcon_core.package_identification:_identify(evaluation/publish_time) by extension 'ignore'
[1.808s] Level 1:colcon.colcon_core.package_identification:_identify(evaluation/publish_time) by extension 'ignore_ament_install'
[1.809s] Level 1:colcon.colcon_core.package_identification:_identify(evaluation/publish_time) by extensions ['colcon_pkg']
[1.809s] Level 1:colcon.colcon_core.package_identification:_identify(evaluation/publish_time) by extension 'colcon_pkg'
[1.809s] Level 1:colcon.colcon_core.package_identification:_identify(evaluation/publish_time) by extensions ['colcon_meta']
[1.810s] Level 1:colcon.colcon_core.package_identification:_identify(evaluation/publish_time) by extension 'colcon_meta'
[1.810s] Level 1:colcon.colcon_core.package_identification:_identify(evaluation/publish_time) by extensions ['ros']
[1.810s] Level 1:colcon.colcon_core.package_identification:_identify(evaluation/publish_time) by extension 'ros'
[1.810s] Level 1:colcon.colcon_core.package_identification:_identify(evaluation/publish_time) by extensions ['cmake', 'python']
[1.810s] Level 1:colcon.colcon_core.package_identification:_identify(evaluation/publish_time) by extension 'cmake'
[1.811s] Level 1:colcon.colcon_core.package_identification:_identify(evaluation/publish_time) by extension 'python'
[1.811s] Level 1:colcon.colcon_core.package_identification:_identify(evaluation/publish_time) by extensions ['python_setup_py']
[1.811s] Level 1:colcon.colcon_core.package_identification:_identify(evaluation/publish_time) by extension 'python_setup_py'
[1.815s] Level 1:colcon.colcon_core.package_identification:_identify(evaluation/subscribe_time) by extensions ['ignore', 'ignore_ament_install']
[1.815s] Level 1:colcon.colcon_core.package_identification:_identify(evaluation/subscribe_time) by extension 'ignore'
[1.815s] Level 1:colcon.colcon_core.package_identification:_identify(evaluation/subscribe_time) by extension 'ignore_ament_install'
[1.816s] Level 1:colcon.colcon_core.package_identification:_identify(evaluation/subscribe_time) by extensions ['colcon_pkg']
[1.816s] Level 1:colcon.colcon_core.package_identification:_identify(evaluation/subscribe_time) by extension 'colcon_pkg'
[1.816s] Level 1:colcon.colcon_core.package_identification:_identify(evaluation/subscribe_time) by extensions ['colcon_meta']
[1.816s] Level 1:colcon.colcon_core.package_identification:_identify(evaluation/subscribe_time) by extension 'colcon_meta'
[1.816s] Level 1:colcon.colcon_core.package_identification:_identify(evaluation/subscribe_time) by extensions ['ros']
[1.816s] Level 1:colcon.colcon_core.package_identification:_identify(evaluation/subscribe_time) by extension 'ros'
[1.817s] Level 1:colcon.colcon_core.package_identification:_identify(evaluation/subscribe_time) by extensions ['cmake', 'python']
[1.817s] Level 1:colcon.colcon_core.package_identification:_identify(evaluation/subscribe_time) by extension 'cmake'
[1.817s] Level 1:colcon.colcon_core.package_identification:_identify(evaluation/subscribe_time) by extension 'python'
[1.817s] Level 1:colcon.colcon_core.package_identification:_identify(evaluation/subscribe_time) by extensions ['python_setup_py']
[1.817s] Level 1:colcon.colcon_core.package_identification:_identify(evaluation/subscribe_time) by extension 'python_setup_py'
[1.841s] Level 1:colcon.colcon_core.package_identification:_identify(evaluation/transport_time) by extensions ['ignore', 'ignore_ament_install']
[1.842s] Level 1:colcon.colcon_core.package_identification:_identify(evaluation/transport_time) by extension 'ignore'
[1.842s] Level 1:colcon.colcon_core.package_identification:_identify(evaluation/transport_time) by extension 'ignore_ament_install'
[1.842s] Level 1:colcon.colcon_core.package_identification:_identify(evaluation/transport_time) by extensions ['colcon_pkg']
[1.842s] Level 1:colcon.colcon_core.package_identification:_identify(evaluation/transport_time) by extension 'colcon_pkg'
[1.842s] Level 1:colcon.colcon_core.package_identification:_identify(evaluation/transport_time) by extensions ['colcon_meta']
[1.842s] Level 1:colcon.colcon_core.package_identification:_identify(evaluation/transport_time) by extension 'colcon_meta'
[1.842s] Level 1:colcon.colcon_core.package_identification:_identify(evaluation/transport_time) by extensions ['ros']
[1.843s] Level 1:colcon.colcon_core.package_identification:_identify(evaluation/transport_time) by extension 'ros'
[1.843s] Level 1:colcon.colcon_core.package_identification:_identify(evaluation/transport_time) by extensions ['cmake', 'python']
[1.843s] Level 1:colcon.colcon_core.package_identification:_identify(evaluation/transport_time) by extension 'cmake'
[1.843s] Level 1:colcon.colcon_core.package_identification:_identify(evaluation/transport_time) by extension 'python'
[1.843s] Level 1:colcon.colcon_core.package_identification:_identify(evaluation/transport_time) by extensions ['python_setup_py']
[1.843s] Level 1:colcon.colcon_core.package_identification:_identify(evaluation/transport_time) by extension 'python_setup_py'
[1.844s] Level 1:colcon.colcon_core.package_identification:_identify(install) by extensions ['ignore', 'ignore_ament_install']
[1.844s] Level 1:colcon.colcon_core.package_identification:_identify(install) by extension 'ignore'
[1.844s] Level 1:colcon.colcon_core.package_identification:_identify(install) ignored
[1.845s] Level 1:colcon.colcon_core.package_identification:_identify(log) by extensions ['ignore', 'ignore_ament_install']
[1.845s] Level 1:colcon.colcon_core.package_identification:_identify(log) by extension 'ignore'
[1.845s] Level 1:colcon.colcon_core.package_identification:_identify(log) ignored
[1.845s] Level 1:colcon.colcon_core.package_identification:_identify(src) by extensions ['ignore', 'ignore_ament_install']
[1.846s] Level 1:colcon.colcon_core.package_identification:_identify(src) by extension 'ignore'
[1.846s] Level 1:colcon.colcon_core.package_identification:_identify(src) by extension 'ignore_ament_install'
[1.846s] Level 1:colcon.colcon_core.package_identification:_identify(src) by extensions ['colcon_pkg']
[1.846s] Level 1:colcon.colcon_core.package_identification:_identify(src) by extension 'colcon_pkg'
[1.846s] Level 1:colcon.colcon_core.package_identification:_identify(src) by extensions ['colcon_meta']
[1.846s] Level 1:colcon.colcon_core.package_identification:_identify(src) by extension 'colcon_meta'
[1.846s] Level 1:colcon.colcon_core.package_identification:_identify(src) by extensions ['ros']
[1.847s] Level 1:colcon.colcon_core.package_identification:_identify(src) by extension 'ros'
[1.847s] Level 1:colcon.colcon_core.package_identification:_identify(src) by extensions ['cmake', 'python']
[1.847s] Level 1:colcon.colcon_core.package_identification:_identify(src) by extension 'cmake'
[1.847s] Level 1:colcon.colcon_core.package_identification:_identify(src) by extension 'python'
[1.847s] Level 1:colcon.colcon_core.package_identification:_identify(src) by extensions ['python_setup_py']
[1.847s] Level 1:colcon.colcon_core.package_identification:_identify(src) by extension 'python_setup_py'
[1.848s] Level 1:colcon.colcon_core.package_identification:_identify(src/artificial_load) by extensions ['ignore', 'ignore_ament_install']
[1.848s] Level 1:colcon.colcon_core.package_identification:_identify(src/artificial_load) by extension 'ignore'
[1.848s] Level 1:colcon.colcon_core.package_identification:_identify(src/artificial_load) by extension 'ignore_ament_install'
[1.849s] Level 1:colcon.colcon_core.package_identification:_identify(src/artificial_load) by extensions ['colcon_pkg']
[1.849s] Level 1:colcon.colcon_core.package_identification:_identify(src/artificial_load) by extension 'colcon_pkg'
[1.849s] Level 1:colcon.colcon_core.package_identification:_identify(src/artificial_load) by extensions ['colcon_meta']
[1.849s] Level 1:colcon.colcon_core.package_identification:_identify(src/artificial_load) by extension 'colcon_meta'
[1.849s] Level 1:colcon.colcon_core.package_identification:_identify(src/artificial_load) by extensions ['ros']
[1.849s] Level 1:colcon.colcon_core.package_identification:_identify(src/artificial_load) by extension 'ros'
[1.890s] DEBUG:colcon.colcon_core.package_identification:Package 'src/artificial_load' with type 'ros.ament_cmake' and name 'artificial_load'
[1.891s] Level 1:colcon.colcon_core.package_identification:_identify(src/interprocess_eval) by extensions ['ignore', 'ignore_ament_install']
[1.891s] Level 1:colcon.colcon_core.package_identification:_identify(src/interprocess_eval) by extension 'ignore'
[1.891s] Level 1:colcon.colcon_core.package_identification:_identify(src/interprocess_eval) by extension 'ignore_ament_install'
[1.891s] Level 1:colcon.colcon_core.package_identification:_identify(src/interprocess_eval) by extensions ['colcon_pkg']
[1.891s] Level 1:colcon.colcon_core.package_identification:_identify(src/interprocess_eval) by extension 'colcon_pkg'
[1.892s] Level 1:colcon.colcon_core.package_identification:_identify(src/interprocess_eval) by extensions ['colcon_meta']
[1.892s] Level 1:colcon.colcon_core.package_identification:_identify(src/interprocess_eval) by extension 'colcon_meta'
[1.892s] Level 1:colcon.colcon_core.package_identification:_identify(src/interprocess_eval) by extensions ['ros']
[1.892s] Level 1:colcon.colcon_core.package_identification:_identify(src/interprocess_eval) by extension 'ros'
[1.894s] DEBUG:colcon.colcon_core.package_identification:Package 'src/interprocess_eval' with type 'ros.ament_cmake' and name 'interprocess_eval'
[1.894s] Level 1:colcon.colcon_core.package_identification:_identify(src/interprocess_remote_eval) by extensions ['ignore', 'ignore_ament_install']
[1.894s] Level 1:colcon.colcon_core.package_identification:_identify(src/interprocess_remote_eval) by extension 'ignore'
[1.894s] Level 1:colcon.colcon_core.package_identification:_identify(src/interprocess_remote_eval) by extension 'ignore_ament_install'
[1.895s] Level 1:colcon.colcon_core.package_identification:_identify(src/interprocess_remote_eval) by extensions ['colcon_pkg']
[1.895s] Level 1:colcon.colcon_core.package_identification:_identify(src/interprocess_remote_eval) by extension 'colcon_pkg'
[1.895s] Level 1:colcon.colcon_core.package_identification:_identify(src/interprocess_remote_eval) by extensions ['colcon_meta']
[1.895s] Level 1:colcon.colcon_core.package_identification:_identify(src/interprocess_remote_eval) by extension 'colcon_meta'
[1.895s] Level 1:colcon.colcon_core.package_identification:_identify(src/interprocess_remote_eval) by extensions ['ros']
[1.895s] Level 1:colcon.colcon_core.package_identification:_identify(src/interprocess_remote_eval) by extension 'ros'
[1.899s] DEBUG:colcon.colcon_core.package_identification:Package 'src/interprocess_remote_eval' with type 'ros.ament_cmake' and name 'interprocess_remote_eval'
[1.899s] Level 1:colcon.colcon_core.package_identification:_identify(src/intraprocess_eval) by extensions ['ignore', 'ignore_ament_install']
[1.899s] Level 1:colcon.colcon_core.package_identification:_identify(src/intraprocess_eval) by extension 'ignore'
[1.900s] Level 1:colcon.colcon_core.package_identification:_identify(src/intraprocess_eval) by extension 'ignore_ament_install'
[1.900s] Level 1:colcon.colcon_core.package_identification:_identify(src/intraprocess_eval) by extensions ['colcon_pkg']
[1.900s] Level 1:colcon.colcon_core.package_identification:_identify(src/intraprocess_eval) by extension 'colcon_pkg'
[1.900s] Level 1:colcon.colcon_core.package_identification:_identify(src/intraprocess_eval) by extensions ['colcon_meta']
[1.900s] Level 1:colcon.colcon_core.package_identification:_identify(src/intraprocess_eval) by extension 'colcon_meta'
[1.900s] Level 1:colcon.colcon_core.package_identification:_identify(src/intraprocess_eval) by extensions ['ros']
[1.900s] Level 1:colcon.colcon_core.package_identification:_identify(src/intraprocess_eval) by extension 'ros'
[1.902s] DEBUG:colcon.colcon_core.package_identification:Package 'src/intraprocess_eval' with type 'ros.ament_cmake' and name 'intraprocess_eval'
[1.902s] Level 1:colcon.colcon_core.package_discovery:discover_packages(recursive) using defaults
[1.903s] Level 1:colcon.colcon_core.package_discovery:discover_packages(ignore) discover
[1.903s] Level 1:colcon.colcon_core.package_discovery:discover_packages(ignore) using defaults
[1.903s] Level 1:colcon.colcon_core.package_discovery:discover_packages(path) discover
[1.903s] Level 1:colcon.colcon_core.package_discovery:discover_packages(path) using defaults
[2.185s] Level 1:colcon.colcon_core.package_discovery:discover_packages(prefix_path) check parameters
[2.185s] Level 1:colcon.colcon_core.package_discovery:discover_packages(prefix_path) discover
[2.215s] Level 1:colcon.colcon_core.package_discovery:discover_packages(prefix_path) using defaults
[2.230s] Level 5:colcon.colcon_core.verb:set package 'artificial_load' build argument 'cmake_args' from command line to 'None'
[2.230s] Level 5:colcon.colcon_core.verb:set package 'artificial_load' build argument 'cmake_target' from command line to 'None'
[2.230s] Level 5:colcon.colcon_core.verb:set package 'artificial_load' build argument 'cmake_target_skip_unavailable' from command line to 'False'
[2.230s] Level 5:colcon.colcon_core.verb:set package 'artificial_load' build argument 'cmake_clean_cache' from command line to 'False'
[2.230s] Level 5:colcon.colcon_core.verb:set package 'artificial_load' build argument 'cmake_clean_first' from command line to 'False'
[2.230s] Level 5:colcon.colcon_core.verb:set package 'artificial_load' build argument 'cmake_force_configure' from command line to 'False'
[2.230s] Level 5:colcon.colcon_core.verb:set package 'artificial_load' build argument 'ament_cmake_args' from command line to 'None'
[2.230s] Level 5:colcon.colcon_core.verb:set package 'artificial_load' build argument 'catkin_cmake_args' from command line to 'None'
[2.230s] Level 5:colcon.colcon_core.verb:set package 'artificial_load' build argument 'catkin_skip_building_tests' from command line to 'False'
[2.230s] DEBUG:colcon.colcon_core.verb:Building package 'artificial_load' with the following arguments: {'ament_cmake_args': None, 'build_base': '/home/raoul/Documents/QEES/lab1.1/build/artificial_load', 'catkin_cmake_args': None, 'catkin_skip_building_tests': False, 'cmake_args': None, 'cmake_clean_cache': False, 'cmake_clean_first': False, 'cmake_force_configure': False, 'cmake_target': None, 'cmake_target_skip_unavailable': False, 'install_base': '/home/raoul/Documents/QEES/lab1.1/install/artificial_load', 'merge_install': False, 'path': '/home/raoul/Documents/QEES/lab1.1/src/artificial_load', 'symlink_install': True, 'test_result_base': None}
[2.231s] Level 5:colcon.colcon_core.verb:set package 'interprocess_eval' build argument 'cmake_args' from command line to 'None'
[2.231s] Level 5:colcon.colcon_core.verb:set package 'interprocess_eval' build argument 'cmake_target' from command line to 'None'
[2.232s] Level 5:colcon.colcon_core.verb:set package 'interprocess_eval' build argument 'cmake_target_skip_unavailable' from command line to 'False'
[2.232s] Level 5:colcon.colcon_core.verb:set package 'interprocess_eval' build argument 'cmake_clean_cache' from command line to 'False'
[2.232s] Level 5:colcon.colcon_core.verb:set package 'interprocess_eval' build argument 'cmake_clean_first' from command line to 'False'
[2.232s] Level 5:colcon.colcon_core.verb:set package 'interprocess_eval' build argument 'cmake_force_configure' from command line to 'False'
[2.232s] Level 5:colcon.colcon_core.verb:set package 'interprocess_eval' build argument 'ament_cmake_args' from command line to 'None'
[2.232s] Level 5:colcon.colcon_core.verb:set package 'interprocess_eval' build argument 'catkin_cmake_args' from command line to 'None'
[2.232s] Level 5:colcon.colcon_core.verb:set package 'interprocess_eval' build argument 'catkin_skip_building_tests' from command line to 'False'
[2.232s] DEBUG:colcon.colcon_core.verb:Building package 'interprocess_eval' with the following arguments: {'ament_cmake_args': None, 'build_base': '/home/raoul/Documents/QEES/lab1.1/build/interprocess_eval', 'catkin_cmake_args': None, 'catkin_skip_building_tests': False, 'cmake_args': None, 'cmake_clean_cache': False, 'cmake_clean_first': False, 'cmake_force_configure': False, 'cmake_target': None, 'cmake_target_skip_unavailable': False, 'install_base': '/home/raoul/Documents/QEES/lab1.1/install/interprocess_eval', 'merge_install': False, 'path': '/home/raoul/Documents/QEES/lab1.1/src/interprocess_eval', 'symlink_install': True, 'test_result_base': None}
[2.233s] Level 5:colcon.colcon_core.verb:set package 'interprocess_remote_eval' build argument 'cmake_args' from command line to 'None'
[2.233s] Level 5:colcon.colcon_core.verb:set package 'interprocess_remote_eval' build argument 'cmake_target' from command line to 'None'
[2.233s] Level 5:colcon.colcon_core.verb:set package 'interprocess_remote_eval' build argument 'cmake_target_skip_unavailable' from command line to 'False'
[2.233s] Level 5:colcon.colcon_core.verb:set package 'interprocess_remote_eval' build argument 'cmake_clean_cache' from command line to 'False'
[2.233s] Level 5:colcon.colcon_core.verb:set package 'interprocess_remote_eval' build argument 'cmake_clean_first' from command line to 'False'
[2.233s] Level 5:colcon.colcon_core.verb:set package 'interprocess_remote_eval' build argument 'cmake_force_configure' from command line to 'False'
[2.234s] Level 5:colcon.colcon_core.verb:set package 'interprocess_remote_eval' build argument 'ament_cmake_args' from command line to 'None'
[2.234s] Level 5:colcon.colcon_core.verb:set package 'interprocess_remote_eval' build argument 'catkin_cmake_args' from command line to 'None'
[2.234s] Level 5:colcon.colcon_core.verb:set package 'interprocess_remote_eval' build argument 'catkin_skip_building_tests' from command line to 'False'
[2.234s] DEBUG:colcon.colcon_core.verb:Building package 'interprocess_remote_eval' with the following arguments: {'ament_cmake_args': None, 'build_base': '/home/raoul/Documents/QEES/lab1.1/build/interprocess_remote_eval', 'catkin_cmake_args': None, 'catkin_skip_building_tests': False, 'cmake_args': None, 'cmake_clean_cache': False, 'cmake_clean_first': False, 'cmake_force_configure': False, 'cmake_target': None, 'cmake_target_skip_unavailable': False, 'install_base': '/home/raoul/Documents/QEES/lab1.1/install/interprocess_remote_eval', 'merge_install': False, 'path': '/home/raoul/Documents/QEES/lab1.1/src/interprocess_remote_eval', 'symlink_install': True, 'test_result_base': None}
[2.235s] Level 5:colcon.colcon_core.verb:set package 'intraprocess_eval' build argument 'cmake_args' from command line to 'None'
[2.235s] Level 5:colcon.colcon_core.verb:set package 'intraprocess_eval' build argument 'cmake_target' from command line to 'None'
[2.235s] Level 5:colcon.colcon_core.verb:set package 'intraprocess_eval' build argument 'cmake_target_skip_unavailable' from command line to 'False'
[2.235s] Level 5:colcon.colcon_core.verb:set package 'intraprocess_eval' build argument 'cmake_clean_cache' from command line to 'False'
[2.235s] Level 5:colcon.colcon_core.verb:set package 'intraprocess_eval' build argument 'cmake_clean_first' from command line to 'False'
[2.235s] Level 5:colcon.colcon_core.verb:set package 'intraprocess_eval' build argument 'cmake_force_configure' from command line to 'False'
[2.235s] Level 5:colcon.colcon_core.verb:set package 'intraprocess_eval' build argument 'ament_cmake_args' from command line to 'None'
[2.235s] Level 5:colcon.colcon_core.verb:set package 'intraprocess_eval' build argument 'catkin_cmake_args' from command line to 'None'
[2.235s] Level 5:colcon.colcon_core.verb:set package 'intraprocess_eval' build argument 'catkin_skip_building_tests' from command line to 'False'
[2.236s] DEBUG:colcon.colcon_core.verb:Building package 'intraprocess_eval' with the following arguments: {'ament_cmake_args': None, 'build_base': '/home/raoul/Documents/QEES/lab1.1/build/intraprocess_eval', 'catkin_cmake_args': None, 'catkin_skip_building_tests': False, 'cmake_args': None, 'cmake_clean_cache': False, 'cmake_clean_first': False, 'cmake_force_configure': False, 'cmake_target': None, 'cmake_target_skip_unavailable': False, 'install_base': '/home/raoul/Documents/QEES/lab1.1/install/intraprocess_eval', 'merge_install': False, 'path': '/home/raoul/Documents/QEES/lab1.1/src/intraprocess_eval', 'symlink_install': True, 'test_result_base': None}
[2.236s] INFO:colcon.colcon_core.executor:Executing jobs using 'parallel' executor
[2.238s] DEBUG:colcon.colcon_parallel_executor.executor.parallel:run_until_complete
[2.239s] INFO:colcon.colcon_ros.task.ament_cmake.build:Building ROS package in '/home/raoul/Documents/QEES/lab1.1/src/artificial_load' with build type 'ament_cmake'
[2.239s] INFO:colcon.colcon_cmake.task.cmake.build:Building CMake package in '/home/raoul/Documents/QEES/lab1.1/src/artificial_load'
[2.327s] INFO:colcon.colcon_core.plugin_system:Skipping extension 'colcon_core.shell.bat': Not used on non-Windows systems
[2.327s] INFO:colcon.colcon_core.shell:Skip shell extension 'powershell' for command environment: Not usable outside of PowerShell
[2.327s] DEBUG:colcon.colcon_core.shell:Skip shell extension 'dsv' for command environment
[2.340s] INFO:colcon.colcon_ros.task.ament_cmake.build:Building ROS package in '/home/raoul/Documents/QEES/lab1.1/src/interprocess_eval' with build type 'ament_cmake'
[2.341s] INFO:colcon.colcon_cmake.task.cmake.build:Building CMake package in '/home/raoul/Documents/QEES/lab1.1/src/interprocess_eval'
[2.342s] INFO:colcon.colcon_core.shell:Skip shell extension 'powershell' for command environment: Not usable outside of PowerShell
[2.342s] DEBUG:colcon.colcon_core.shell:Skip shell extension 'dsv' for command environment
[2.346s] INFO:colcon.colcon_ros.task.ament_cmake.build:Building ROS package in '/home/raoul/Documents/QEES/lab1.1/src/interprocess_remote_eval' with build type 'ament_cmake'
[2.347s] INFO:colcon.colcon_cmake.task.cmake.build:Building CMake package in '/home/raoul/Documents/QEES/lab1.1/src/interprocess_remote_eval'
[2.348s] INFO:colcon.colcon_core.shell:Skip shell extension 'powershell' for command environment: Not usable outside of PowerShell
[2.349s] DEBUG:colcon.colcon_core.shell:Skip shell extension 'dsv' for command environment
[2.354s] INFO:colcon.colcon_ros.task.ament_cmake.build:Building ROS package in '/home/raoul/Documents/QEES/lab1.1/src/intraprocess_eval' with build type 'ament_cmake'
[2.355s] INFO:colcon.colcon_cmake.task.cmake.build:Building CMake package in '/home/raoul/Documents/QEES/lab1.1/src/intraprocess_eval'
[2.356s] INFO:colcon.colcon_core.shell:Skip shell extension 'powershell' for command environment: Not usable outside of PowerShell
[2.356s] DEBUG:colcon.colcon_core.shell:Skip shell extension 'dsv' for command environment
[2.391s] DEBUG:colcon.colcon_core.event_handler.log_command:Invoking command in '/home/raoul/Documents/QEES/lab1.1/build/artificial_load': /usr/bin/cmake --build /home/raoul/Documents/QEES/lab1.1/build/artificial_load -- -j8 -l8
[2.502s] DEBUG:colcon.colcon_core.event_handler.log_command:Invoking command in '/home/raoul/Documents/QEES/lab1.1/build/interprocess_eval': /usr/bin/cmake --build /home/raoul/Documents/QEES/lab1.1/build/interprocess_eval -- -j8 -l8
[2.508s] DEBUG:colcon.colcon_core.event_handler.log_command:Invoking command in '/home/raoul/Documents/QEES/lab1.1/build/interprocess_remote_eval': /usr/bin/cmake --build /home/raoul/Documents/QEES/lab1.1/build/interprocess_remote_eval -- -j8 -l8
[2.520s] DEBUG:colcon.colcon_core.event_handler.log_command:Invoking command in '/home/raoul/Documents/QEES/lab1.1/build/intraprocess_eval': /usr/bin/cmake --build /home/raoul/Documents/QEES/lab1.1/build/intraprocess_eval -- -j8 -l8
[3.343s] DEBUG:colcon.colcon_core.event_handler.log_command:Invoked command in '/home/raoul/Documents/QEES/lab1.1/build/artificial_load' returned '0': /usr/bin/cmake --build /home/raoul/Documents/QEES/lab1.1/build/artificial_load -- -j8 -l8
[3.360s] DEBUG:colcon.colcon_core.event_handler.log_command:Invoked command in '/home/raoul/Documents/QEES/lab1.1/build/intraprocess_eval' returned '0': /usr/bin/cmake --build /home/raoul/Documents/QEES/lab1.1/build/intraprocess_eval -- -j8 -l8
[3.373s] DEBUG:colcon.colcon_core.event_handler.log_command:Invoked command in '/home/raoul/Documents/QEES/lab1.1/build/interprocess_remote_eval' returned '0': /usr/bin/cmake --build /home/raoul/Documents/QEES/lab1.1/build/interprocess_remote_eval -- -j8 -l8
[3.422s] DEBUG:colcon.colcon_core.event_handler.log_command:Invoking command in '/home/raoul/Documents/QEES/lab1.1/build/artificial_load': /usr/bin/cmake --build /home/raoul/Documents/QEES/lab1.1/build/artificial_load --target install -- -j8 -l8
[3.431s] DEBUG:colcon.colcon_core.event_handler.log_command:Invoking command in '/home/raoul/Documents/QEES/lab1.1/build/intraprocess_eval': /usr/bin/cmake --build /home/raoul/Documents/QEES/lab1.1/build/intraprocess_eval --target install -- -j8 -l8
[3.445s] DEBUG:colcon.colcon_core.event_handler.log_command:Invoking command in '/home/raoul/Documents/QEES/lab1.1/build/interprocess_remote_eval': /usr/bin/cmake --build /home/raoul/Documents/QEES/lab1.1/build/interprocess_remote_eval --target install -- -j8 -l8
[3.859s] Level 1:colcon.colcon_core.environment:create_environment_scripts_only(artificial_load)
[3.861s] DEBUG:colcon.colcon_core.event_handler.log_command:Invoked command in '/home/raoul/Documents/QEES/lab1.1/build/artificial_load' returned '0': /usr/bin/cmake --build /home/raoul/Documents/QEES/lab1.1/build/artificial_load --target install -- -j8 -l8
[4.142s] Level 1:colcon.colcon_core.environment:checking '/home/raoul/Documents/QEES/lab1.1/install/artificial_load' for CMake module files
[4.144s] Level 1:colcon.colcon_core.environment:checking '/home/raoul/Documents/QEES/lab1.1/install/artificial_load' for CMake config files
[4.175s] Level 1:colcon.colcon_core.shell:create_environment_hook('artificial_load', 'cmake_prefix_path')
[4.176s] INFO:colcon.colcon_core.shell:Creating environment hook '/home/raoul/Documents/QEES/lab1.1/install/artificial_load/share/artificial_load/hook/cmake_prefix_path.ps1'
[4.189s] INFO:colcon.colcon_core.shell:Creating environment descriptor '/home/raoul/Documents/QEES/lab1.1/install/artificial_load/share/artificial_load/hook/cmake_prefix_path.dsv'
[4.212s] INFO:colcon.colcon_core.shell:Creating environment hook '/home/raoul/Documents/QEES/lab1.1/install/artificial_load/share/artificial_load/hook/cmake_prefix_path.sh'
[4.218s] Level 1:colcon.colcon_core.environment:checking '/home/raoul/Documents/QEES/lab1.1/install/artificial_load/lib'
[4.218s] Level 1:colcon.colcon_core.environment:checking '/home/raoul/Documents/QEES/lab1.1/install/artificial_load/bin'
[4.218s] Level 1:colcon.colcon_core.environment:checking '/home/raoul/Documents/QEES/lab1.1/install/artificial_load/lib/pkgconfig/artificial_load.pc'
[4.219s] Level 1:colcon.colcon_core.environment:checking '/home/raoul/Documents/QEES/lab1.1/install/artificial_load/lib/python3.6/site-packages'
[4.219s] Level 1:colcon.colcon_core.environment:checking '/home/raoul/Documents/QEES/lab1.1/install/artificial_load/bin'
[4.220s] INFO:colcon.colcon_core.shell:Creating package script '/home/raoul/Documents/QEES/lab1.1/install/artificial_load/share/artificial_load/package.ps1'
[4.227s] INFO:colcon.colcon_core.shell:Creating package descriptor '/home/raoul/Documents/QEES/lab1.1/install/artificial_load/share/artificial_load/package.dsv'
[4.230s] INFO:colcon.colcon_core.shell:Creating package script '/home/raoul/Documents/QEES/lab1.1/install/artificial_load/share/artificial_load/package.sh'
[4.236s] INFO:colcon.colcon_core.shell:Creating package script '/home/raoul/Documents/QEES/lab1.1/install/artificial_load/share/artificial_load/package.bash'
[4.242s] INFO:colcon.colcon_core.shell:Creating package script '/home/raoul/Documents/QEES/lab1.1/install/artificial_load/share/artificial_load/package.zsh'
[4.272s] Level 1:colcon.colcon_core.environment:create_file_with_runtime_dependencies(/home/raoul/Documents/QEES/lab1.1/install/artificial_load/share/colcon-core/packages/artificial_load)
[4.278s] Level 1:colcon.colcon_core.environment:create_environment_scripts_only(intraprocess_eval)
[4.280s] Level 1:colcon.colcon_core.environment:checking '/home/raoul/Documents/QEES/lab1.1/install/intraprocess_eval' for CMake module files
[4.281s] DEBUG:colcon.colcon_core.event_handler.log_command:Invoked command in '/home/raoul/Documents/QEES/lab1.1/build/intraprocess_eval' returned '0': /usr/bin/cmake --build /home/raoul/Documents/QEES/lab1.1/build/intraprocess_eval --target install -- -j8 -l8
[4.281s] Level 1:colcon.colcon_core.environment:checking '/home/raoul/Documents/QEES/lab1.1/install/intraprocess_eval' for CMake config files
[4.286s] Level 1:colcon.colcon_core.shell:create_environment_hook('intraprocess_eval', 'cmake_prefix_path')
[4.287s] INFO:colcon.colcon_core.shell:Creating environment hook '/home/raoul/Documents/QEES/lab1.1/install/intraprocess_eval/share/intraprocess_eval/hook/cmake_prefix_path.ps1'
[4.288s] INFO:colcon.colcon_core.shell:Creating environment descriptor '/home/raoul/Documents/QEES/lab1.1/install/intraprocess_eval/share/intraprocess_eval/hook/cmake_prefix_path.dsv'
[4.288s] INFO:colcon.colcon_core.shell:Creating environment hook '/home/raoul/Documents/QEES/lab1.1/install/intraprocess_eval/share/intraprocess_eval/hook/cmake_prefix_path.sh'
[4.290s] Level 1:colcon.colcon_core.environment:checking '/home/raoul/Documents/QEES/lab1.1/install/intraprocess_eval/lib'
[4.290s] Level 1:colcon.colcon_core.environment:checking '/home/raoul/Documents/QEES/lab1.1/install/intraprocess_eval/bin'
[4.290s] Level 1:colcon.colcon_core.environment:checking '/home/raoul/Documents/QEES/lab1.1/install/intraprocess_eval/lib/pkgconfig/intraprocess_eval.pc'
[4.290s] Level 1:colcon.colcon_core.environment:checking '/home/raoul/Documents/QEES/lab1.1/install/intraprocess_eval/lib/python3.6/site-packages'
[4.291s] Level 1:colcon.colcon_core.environment:checking '/home/raoul/Documents/QEES/lab1.1/install/intraprocess_eval/bin'
[4.291s] INFO:colcon.colcon_core.shell:Creating package script '/home/raoul/Documents/QEES/lab1.1/install/intraprocess_eval/share/intraprocess_eval/package.ps1'
[4.292s] INFO:colcon.colcon_core.shell:Creating package descriptor '/home/raoul/Documents/QEES/lab1.1/install/intraprocess_eval/share/intraprocess_eval/package.dsv'
[4.292s] INFO:colcon.colcon_core.shell:Creating package script '/home/raoul/Documents/QEES/lab1.1/install/intraprocess_eval/share/intraprocess_eval/package.sh'
[4.293s] INFO:colcon.colcon_core.shell:Creating package script '/home/raoul/Documents/QEES/lab1.1/install/intraprocess_eval/share/intraprocess_eval/package.bash'
[4.294s] INFO:colcon.colcon_core.shell:Creating package script '/home/raoul/Documents/QEES/lab1.1/install/intraprocess_eval/share/intraprocess_eval/package.zsh'
[4.294s] Level 1:colcon.colcon_core.environment:create_file_with_runtime_dependencies(/home/raoul/Documents/QEES/lab1.1/install/intraprocess_eval/share/colcon-core/packages/intraprocess_eval)
[4.299s] Level 1:colcon.colcon_core.environment:create_environment_scripts_only(interprocess_remote_eval)
[4.301s] Level 1:colcon.colcon_core.environment:checking '/home/raoul/Documents/QEES/lab1.1/install/interprocess_remote_eval' for CMake module files
[4.301s] DEBUG:colcon.colcon_core.event_handler.log_command:Invoked command in '/home/raoul/Documents/QEES/lab1.1/build/interprocess_remote_eval' returned '0': /usr/bin/cmake --build /home/raoul/Documents/QEES/lab1.1/build/interprocess_remote_eval --target install -- -j8 -l8
[4.303s] Level 1:colcon.colcon_core.environment:checking '/home/raoul/Documents/QEES/lab1.1/install/interprocess_remote_eval' for CMake config files
[4.333s] Level 1:colcon.colcon_core.shell:create_environment_hook('interprocess_remote_eval', 'cmake_prefix_path')
[4.334s] INFO:colcon.colcon_core.shell:Creating environment hook '/home/raoul/Documents/QEES/lab1.1/install/interprocess_remote_eval/share/interprocess_remote_eval/hook/cmake_prefix_path.ps1'
[4.335s] INFO:colcon.colcon_core.shell:Creating environment descriptor '/home/raoul/Documents/QEES/lab1.1/install/interprocess_remote_eval/share/interprocess_remote_eval/hook/cmake_prefix_path.dsv'
[4.336s] INFO:colcon.colcon_core.shell:Creating environment hook '/home/raoul/Documents/QEES/lab1.1/install/interprocess_remote_eval/share/interprocess_remote_eval/hook/cmake_prefix_path.sh'
[4.338s] Level 1:colcon.colcon_core.environment:checking '/home/raoul/Documents/QEES/lab1.1/install/interprocess_remote_eval/lib'
[4.338s] Level 1:colcon.colcon_core.environment:checking '/home/raoul/Documents/QEES/lab1.1/install/interprocess_remote_eval/bin'
[4.338s] Level 1:colcon.colcon_core.environment:checking '/home/raoul/Documents/QEES/lab1.1/install/interprocess_remote_eval/lib/pkgconfig/interprocess_remote_eval.pc'
[4.338s] Level 1:colcon.colcon_core.environment:checking '/home/raoul/Documents/QEES/lab1.1/install/interprocess_remote_eval/lib/python3.6/site-packages'
[4.339s] Level 1:colcon.colcon_core.environment:checking '/home/raoul/Documents/QEES/lab1.1/install/interprocess_remote_eval/bin'
[4.339s] INFO:colcon.colcon_core.shell:Creating package script '/home/raoul/Documents/QEES/lab1.1/install/interprocess_remote_eval/share/interprocess_remote_eval/package.ps1'
[4.340s] INFO:colcon.colcon_core.shell:Creating package descriptor '/home/raoul/Documents/QEES/lab1.1/install/interprocess_remote_eval/share/interprocess_remote_eval/package.dsv'
[4.340s] INFO:colcon.colcon_core.shell:Creating package script '/home/raoul/Documents/QEES/lab1.1/install/interprocess_remote_eval/share/interprocess_remote_eval/package.sh'
[4.341s] INFO:colcon.colcon_core.shell:Creating package script '/home/raoul/Documents/QEES/lab1.1/install/interprocess_remote_eval/share/interprocess_remote_eval/package.bash'
[4.341s] INFO:colcon.colcon_core.shell:Creating package script '/home/raoul/Documents/QEES/lab1.1/install/interprocess_remote_eval/share/interprocess_remote_eval/package.zsh'
[4.342s] Level 1:colcon.colcon_core.environment:create_file_with_runtime_dependencies(/home/raoul/Documents/QEES/lab1.1/install/interprocess_remote_eval/share/colcon-core/packages/interprocess_remote_eval)
[4.352s] Level 1:colcon.colcon_core.environment:create_environment_scripts_only(artificial_load)
[4.353s] Level 1:colcon.colcon_core.environment:checking '/home/raoul/Documents/QEES/lab1.1/install/artificial_load' for CMake module files
[4.354s] Level 1:colcon.colcon_core.environment:checking '/home/raoul/Documents/QEES/lab1.1/install/artificial_load' for CMake config files
[4.354s] Level 1:colcon.colcon_core.shell:create_environment_hook('artificial_load', 'cmake_prefix_path')
[4.355s] INFO:colcon.colcon_core.shell:Creating environment hook '/home/raoul/Documents/QEES/lab1.1/install/artificial_load/share/artificial_load/hook/cmake_prefix_path.ps1'
[4.356s] INFO:colcon.colcon_core.shell:Creating environment descriptor '/home/raoul/Documents/QEES/lab1.1/install/artificial_load/share/artificial_load/hook/cmake_prefix_path.dsv'
[4.356s] INFO:colcon.colcon_core.shell:Creating environment hook '/home/raoul/Documents/QEES/lab1.1/install/artificial_load/share/artificial_load/hook/cmake_prefix_path.sh'
[4.358s] Level 1:colcon.colcon_core.environment:checking '/home/raoul/Documents/QEES/lab1.1/install/artificial_load/lib'
[4.358s] Level 1:colcon.colcon_core.environment:checking '/home/raoul/Documents/QEES/lab1.1/install/artificial_load/bin'
[4.358s] Level 1:colcon.colcon_core.environment:checking '/home/raoul/Documents/QEES/lab1.1/install/artificial_load/lib/pkgconfig/artificial_load.pc'
[4.358s] Level 1:colcon.colcon_core.environment:checking '/home/raoul/Documents/QEES/lab1.1/install/artificial_load/lib/python3.6/site-packages'
[4.359s] Level 1:colcon.colcon_core.environment:checking '/home/raoul/Documents/QEES/lab1.1/install/artificial_load/bin'
[4.360s] INFO:colcon.colcon_core.shell:Creating package script '/home/raoul/Documents/QEES/lab1.1/install/artificial_load/share/artificial_load/package.ps1'
[4.361s] INFO:colcon.colcon_core.shell:Creating package descriptor '/home/raoul/Documents/QEES/lab1.1/install/artificial_load/share/artificial_load/package.dsv'
[4.362s] INFO:colcon.colcon_core.shell:Creating package script '/home/raoul/Documents/QEES/lab1.1/install/artificial_load/share/artificial_load/package.sh'
[4.363s] INFO:colcon.colcon_core.shell:Creating package script '/home/raoul/Documents/QEES/lab1.1/install/artificial_load/share/artificial_load/package.bash'
[4.364s] INFO:colcon.colcon_core.shell:Creating package script '/home/raoul/Documents/QEES/lab1.1/install/artificial_load/share/artificial_load/package.zsh'
[4.365s] Level 1:colcon.colcon_core.environment:create_file_with_runtime_dependencies(/home/raoul/Documents/QEES/lab1.1/install/artificial_load/share/colcon-core/packages/artificial_load)
[4.366s] Level 1:colcon.colcon_core.environment:create_environment_scripts_only(intraprocess_eval)
[4.367s] Level 1:colcon.colcon_core.environment:checking '/home/raoul/Documents/QEES/lab1.1/install/intraprocess_eval' for CMake module files
[4.370s] Level 1:colcon.colcon_core.environment:checking '/home/raoul/Documents/QEES/lab1.1/install/intraprocess_eval' for CMake config files
[4.371s] Level 1:colcon.colcon_core.shell:create_environment_hook('intraprocess_eval', 'cmake_prefix_path')
[4.371s] INFO:colcon.colcon_core.shell:Creating environment hook '/home/raoul/Documents/QEES/lab1.1/install/intraprocess_eval/share/intraprocess_eval/hook/cmake_prefix_path.ps1'
[4.372s] INFO:colcon.colcon_core.shell:Creating environment descriptor '/home/raoul/Documents/QEES/lab1.1/install/intraprocess_eval/share/intraprocess_eval/hook/cmake_prefix_path.dsv'
[4.373s] INFO:colcon.colcon_core.shell:Creating environment hook '/home/raoul/Documents/QEES/lab1.1/install/intraprocess_eval/share/intraprocess_eval/hook/cmake_prefix_path.sh'
[4.374s] Level 1:colcon.colcon_core.environment:checking '/home/raoul/Documents/QEES/lab1.1/install/intraprocess_eval/lib'
[4.374s] Level 1:colcon.colcon_core.environment:checking '/home/raoul/Documents/QEES/lab1.1/install/intraprocess_eval/bin'
[4.374s] Level 1:colcon.colcon_core.environment:checking '/home/raoul/Documents/QEES/lab1.1/install/intraprocess_eval/lib/pkgconfig/intraprocess_eval.pc'
[4.375s] Level 1:colcon.colcon_core.environment:checking '/home/raoul/Documents/QEES/lab1.1/install/intraprocess_eval/lib/python3.6/site-packages'
[4.376s] Level 1:colcon.colcon_core.environment:checking '/home/raoul/Documents/QEES/lab1.1/install/intraprocess_eval/bin'
[4.377s] INFO:colcon.colcon_core.shell:Creating package script '/home/raoul/Documents/QEES/lab1.1/install/intraprocess_eval/share/intraprocess_eval/package.ps1'
[4.378s] INFO:colcon.colcon_core.shell:Creating package descriptor '/home/raoul/Documents/QEES/lab1.1/install/intraprocess_eval/share/intraprocess_eval/package.dsv'
[4.379s] INFO:colcon.colcon_core.shell:Creating package script '/home/raoul/Documents/QEES/lab1.1/install/intraprocess_eval/share/intraprocess_eval/package.sh'
[4.380s] INFO:colcon.colcon_core.shell:Creating package script '/home/raoul/Documents/QEES/lab1.1/install/intraprocess_eval/share/intraprocess_eval/package.bash'
[4.381s] INFO:colcon.colcon_core.shell:Creating package script '/home/raoul/Documents/QEES/lab1.1/install/intraprocess_eval/share/intraprocess_eval/package.zsh'
[4.381s] Level 1:colcon.colcon_core.environment:create_file_with_runtime_dependencies(/home/raoul/Documents/QEES/lab1.1/install/intraprocess_eval/share/colcon-core/packages/intraprocess_eval)
[4.391s] Level 1:colcon.colcon_core.environment:create_environment_scripts_only(interprocess_remote_eval)
[4.391s] Level 1:colcon.colcon_core.environment:checking '/home/raoul/Documents/QEES/lab1.1/install/interprocess_remote_eval' for CMake module files
[4.392s] Level 1:colcon.colcon_core.environment:checking '/home/raoul/Documents/QEES/lab1.1/install/interprocess_remote_eval' for CMake config files
[4.393s] Level 1:colcon.colcon_core.shell:create_environment_hook('interprocess_remote_eval', 'cmake_prefix_path')
[4.393s] INFO:colcon.colcon_core.shell:Creating environment hook '/home/raoul/Documents/QEES/lab1.1/install/interprocess_remote_eval/share/interprocess_remote_eval/hook/cmake_prefix_path.ps1'
[4.394s] INFO:colcon.colcon_core.shell:Creating environment descriptor '/home/raoul/Documents/QEES/lab1.1/install/interprocess_remote_eval/share/interprocess_remote_eval/hook/cmake_prefix_path.dsv'
[4.395s] INFO:colcon.colcon_core.shell:Creating environment hook '/home/raoul/Documents/QEES/lab1.1/install/interprocess_remote_eval/share/interprocess_remote_eval/hook/cmake_prefix_path.sh'
[4.397s] Level 1:colcon.colcon_core.environment:checking '/home/raoul/Documents/QEES/lab1.1/install/interprocess_remote_eval/lib'
[4.397s] Level 1:colcon.colcon_core.environment:checking '/home/raoul/Documents/QEES/lab1.1/install/interprocess_remote_eval/bin'
[4.397s] Level 1:colcon.colcon_core.environment:checking '/home/raoul/Documents/QEES/lab1.1/install/interprocess_remote_eval/lib/pkgconfig/interprocess_remote_eval.pc'
[4.397s] Level 1:colcon.colcon_core.environment:checking '/home/raoul/Documents/QEES/lab1.1/install/interprocess_remote_eval/lib/python3.6/site-packages'
[4.398s] Level 1:colcon.colcon_core.environment:checking '/home/raoul/Documents/QEES/lab1.1/install/interprocess_remote_eval/bin'
[4.398s] INFO:colcon.colcon_core.shell:Creating package script '/home/raoul/Documents/QEES/lab1.1/install/interprocess_remote_eval/share/interprocess_remote_eval/package.ps1'
[4.399s] INFO:colcon.colcon_core.shell:Creating package descriptor '/home/raoul/Documents/QEES/lab1.1/install/interprocess_remote_eval/share/interprocess_remote_eval/package.dsv'
[4.400s] INFO:colcon.colcon_core.shell:Creating package script '/home/raoul/Documents/QEES/lab1.1/install/interprocess_remote_eval/share/interprocess_remote_eval/package.sh'
[4.401s] INFO:colcon.colcon_core.shell:Creating package script '/home/raoul/Documents/QEES/lab1.1/install/interprocess_remote_eval/share/interprocess_remote_eval/package.bash'
[4.401s] INFO:colcon.colcon_core.shell:Creating package script '/home/raoul/Documents/QEES/lab1.1/install/interprocess_remote_eval/share/interprocess_remote_eval/package.zsh'
[4.402s] Level 1:colcon.colcon_core.environment:create_file_with_runtime_dependencies(/home/raoul/Documents/QEES/lab1.1/install/interprocess_remote_eval/share/colcon-core/packages/interprocess_remote_eval)
[11.463s] DEBUG:colcon.colcon_core.event_handler.log_command:Invoked command in '/home/raoul/Documents/QEES/lab1.1/build/interprocess_eval' returned '2': /usr/bin/cmake --build /home/raoul/Documents/QEES/lab1.1/build/interprocess_eval -- -j8 -l8
[11.518s] Level 1:colcon.colcon_core.environment:create_environment_scripts_only(interprocess_eval)
[11.519s] Level 1:colcon.colcon_core.environment:checking '/home/raoul/Documents/QEES/lab1.1/install/interprocess_eval' for CMake module files
[11.542s] Level 1:colcon.colcon_core.environment:checking '/home/raoul/Documents/QEES/lab1.1/install/interprocess_eval' for CMake config files
[11.543s] Level 1:colcon.colcon_core.shell:create_environment_hook('interprocess_eval', 'cmake_prefix_path')
[11.543s] INFO:colcon.colcon_core.shell:Creating environment hook '/home/raoul/Documents/QEES/lab1.1/install/interprocess_eval/share/interprocess_eval/hook/cmake_prefix_path.ps1'
[11.544s] INFO:colcon.colcon_core.shell:Creating environment descriptor '/home/raoul/Documents/QEES/lab1.1/install/interprocess_eval/share/interprocess_eval/hook/cmake_prefix_path.dsv'
[11.545s] INFO:colcon.colcon_core.shell:Creating environment hook '/home/raoul/Documents/QEES/lab1.1/install/interprocess_eval/share/interprocess_eval/hook/cmake_prefix_path.sh'
[11.546s] Level 1:colcon.colcon_core.environment:checking '/home/raoul/Documents/QEES/lab1.1/install/interprocess_eval/lib'
[11.546s] Level 1:colcon.colcon_core.environment:checking '/home/raoul/Documents/QEES/lab1.1/install/interprocess_eval/bin'
[11.546s] Level 1:colcon.colcon_core.environment:checking '/home/raoul/Documents/QEES/lab1.1/install/interprocess_eval/lib/pkgconfig/interprocess_eval.pc'
[11.547s] Level 1:colcon.colcon_core.environment:checking '/home/raoul/Documents/QEES/lab1.1/install/interprocess_eval/lib/python3.6/site-packages'
[11.547s] Level 1:colcon.colcon_core.environment:checking '/home/raoul/Documents/QEES/lab1.1/install/interprocess_eval/bin'
[11.547s] INFO:colcon.colcon_core.shell:Creating package script '/home/raoul/Documents/QEES/lab1.1/install/interprocess_eval/share/interprocess_eval/package.ps1'
[11.548s] INFO:colcon.colcon_core.shell:Creating package descriptor '/home/raoul/Documents/QEES/lab1.1/install/interprocess_eval/share/interprocess_eval/package.dsv'
[11.549s] INFO:colcon.colcon_core.shell:Creating package script '/home/raoul/Documents/QEES/lab1.1/install/interprocess_eval/share/interprocess_eval/package.sh'
[11.549s] INFO:colcon.colcon_core.shell:Creating package script '/home/raoul/Documents/QEES/lab1.1/install/interprocess_eval/share/interprocess_eval/package.bash'
[11.550s] INFO:colcon.colcon_core.shell:Creating package script '/home/raoul/Documents/QEES/lab1.1/install/interprocess_eval/share/interprocess_eval/package.zsh'
[11.551s] Level 1:colcon.colcon_core.environment:create_file_with_runtime_dependencies(/home/raoul/Documents/QEES/lab1.1/install/interprocess_eval/share/colcon-core/packages/interprocess_eval)
[11.568s] DEBUG:colcon.colcon_parallel_executor.executor.parallel:closing loop
[11.570s] DEBUG:colcon.colcon_parallel_executor.executor.parallel:loop closed
[11.570s] DEBUG:colcon.colcon_parallel_executor.executor.parallel:run_until_complete finished with '2'
[11.570s] DEBUG:colcon.colcon_core.event_reactor:joining thread
[11.642s] INFO:colcon.colcon_core.plugin_system:Skipping extension 'colcon_notification.desktop_notification.terminal_notifier': Not used on non-Darwin systems
[11.642s] INFO:colcon.colcon_core.plugin_system:Skipping extension 'colcon_notification.desktop_notification.win32': Not used on non-Windows systems
[11.642s] INFO:colcon.colcon_notification.desktop_notification:Sending desktop notification using 'notify2'
[11.717s] DEBUG:colcon.colcon_notification.desktop_notification.notify2:Failed to initialize notify2: org.freedesktop.DBus.Error.ServiceUnknown: The name org.freedesktop.Notifications was not provided by any .service files
[11.718s] DEBUG:colcon.colcon_core.event_reactor:joined thread
[11.719s] INFO:colcon.colcon_core.shell:Creating prefix script '/home/raoul/Documents/QEES/lab1.1/install/local_setup.ps1'
[11.731s] INFO:colcon.colcon_core.shell:Creating prefix util module '/home/raoul/Documents/QEES/lab1.1/install/_local_setup_util_ps1.py'
[11.747s] INFO:colcon.colcon_core.shell:Creating prefix chain script '/home/raoul/Documents/QEES/lab1.1/install/setup.ps1'
[11.749s] INFO:colcon.colcon_core.shell:Creating prefix script '/home/raoul/Documents/QEES/lab1.1/install/local_setup.sh'
[11.750s] INFO:colcon.colcon_core.shell:Creating prefix util module '/home/raoul/Documents/QEES/lab1.1/install/_local_setup_util_sh.py'
[11.751s] INFO:colcon.colcon_core.shell:Creating prefix chain script '/home/raoul/Documents/QEES/lab1.1/install/setup.sh'
[11.753s] INFO:colcon.colcon_core.shell:Creating prefix script '/home/raoul/Documents/QEES/lab1.1/install/local_setup.bash'
[11.754s] INFO:colcon.colcon_core.shell:Creating prefix chain script '/home/raoul/Documents/QEES/lab1.1/install/setup.bash'
[11.755s] INFO:colcon.colcon_core.shell:Creating prefix script '/home/raoul/Documents/QEES/lab1.1/install/local_setup.zsh'
[11.772s] INFO:colcon.colcon_core.shell:Creating prefix chain script '/home/raoul/Documents/QEES/lab1.1/install/setup.zsh'
