[0.047s] Invoking command in '/home/raoul/Documents/QEES/lab1.3/build/artificial_load': CMAKE_PREFIX_PATH=/opt/ros/dashing /usr/bin/cmake --build /home/raoul/Documents/QEES/lab1.3/build/artificial_load -- -j8 -l8
[0.237s] [100%] Built target CPU_load
[0.298s] Invoked command in '/home/raoul/Documents/QEES/lab1.3/build/artificial_load' returned '0': CMAKE_PREFIX_PATH=/opt/ros/dashing /usr/bin/cmake --build /home/raoul/Documents/QEES/lab1.3/build/artificial_load -- -j8 -l8
[0.504s] Invoking command in '/home/raoul/Documents/QEES/lab1.3/build/artificial_load': CMAKE_PREFIX_PATH=/opt/ros/dashing /usr/bin/cmake --build /home/raoul/Documents/QEES/lab1.3/build/artificial_load --target install -- -j8 -l8
[0.686s] [100%] Built target CPU_load
[0.833s] [36mInstall the project...[0m
[0.862s] -- Install configuration: ""
[0.864s] -- Execute custom install script
[0.865s] -- Up-to-date symlink: /home/raoul/Documents/QEES/lab1.3/install/artificial_load/lib/artificial_load/CPU_load
[0.867s] -- Up-to-date symlink: /home/raoul/Documents/QEES/lab1.3/install/artificial_load/share/ament_index/resource_index/package_run_dependencies/artificial_load
[0.867s] -- Up-to-date symlink: /home/raoul/Documents/QEES/lab1.3/install/artificial_load/share/ament_index/resource_index/parent_prefix_path/artificial_load
[0.868s] -- Up-to-date symlink: /home/raoul/Documents/QEES/lab1.3/install/artificial_load/share/artificial_load/environment/ament_prefix_path.sh
[0.869s] -- Up-to-date symlink: /home/raoul/Documents/QEES/lab1.3/install/artificial_load/share/artificial_load/environment/path.sh
[0.870s] -- Up-to-date symlink: /home/raoul/Documents/QEES/lab1.3/install/artificial_load/share/artificial_load/local_setup.bash
[0.871s] -- Up-to-date symlink: /home/raoul/Documents/QEES/lab1.3/install/artificial_load/share/artificial_load/local_setup.sh
[0.872s] -- Up-to-date symlink: /home/raoul/Documents/QEES/lab1.3/install/artificial_load/share/artificial_load/local_setup.zsh
[0.873s] -- Up-to-date symlink: /home/raoul/Documents/QEES/lab1.3/install/artificial_load/share/ament_index/resource_index/packages/artificial_load
[0.874s] -- Up-to-date symlink: /home/raoul/Documents/QEES/lab1.3/install/artificial_load/share/artificial_load/cmake/artificial_loadConfig.cmake
[0.875s] -- Up-to-date symlink: /home/raoul/Documents/QEES/lab1.3/install/artificial_load/share/artificial_load/cmake/artificial_loadConfig-version.cmake
[0.876s] -- Up-to-date symlink: /home/raoul/Documents/QEES/lab1.3/install/artificial_load/share/artificial_load/package.xml
[0.887s] Invoked command in '/home/raoul/Documents/QEES/lab1.3/build/artificial_load' returned '0': CMAKE_PREFIX_PATH=/opt/ros/dashing /usr/bin/cmake --build /home/raoul/Documents/QEES/lab1.3/build/artificial_load --target install -- -j8 -l8
