[0.039s] Invoking command in '/home/raoul/Documents/QEES/lab1.1/build/artificial_load': /usr/bin/cmake --build /home/raoul/Documents/QEES/lab1.1/build/artificial_load -- -j8 -l8
[0.202s] [100%] Built target CPU_load
[0.255s] Invoked command in '/home/raoul/Documents/QEES/lab1.1/build/artificial_load' returned '0': /usr/bin/cmake --build /home/raoul/Documents/QEES/lab1.1/build/artificial_load -- -j8 -l8
[0.415s] Invoking command in '/home/raoul/Documents/QEES/lab1.1/build/artificial_load': /usr/bin/cmake --build /home/raoul/Documents/QEES/lab1.1/build/artificial_load --target install -- -j8 -l8
[0.550s] [100%] Built target CPU_load
[0.672s] [36mInstall the project...[0m
[0.717s] -- Install configuration: ""
[0.722s] -- Execute custom install script
[0.724s] -- Up-to-date symlink: /home/raoul/Documents/QEES/lab1.1/install/artificial_load/lib/artificial_load/CPU_load
[0.725s] -- Up-to-date symlink: /home/raoul/Documents/QEES/lab1.1/install/artificial_load/share/ament_index/resource_index/package_run_dependencies/artificial_load
[0.726s] -- Up-to-date symlink: /home/raoul/Documents/QEES/lab1.1/install/artificial_load/share/ament_index/resource_index/parent_prefix_path/artificial_load
[0.727s] -- Up-to-date symlink: /home/raoul/Documents/QEES/lab1.1/install/artificial_load/share/artificial_load/environment/ament_prefix_path.sh
[0.728s] -- Up-to-date symlink: /home/raoul/Documents/QEES/lab1.1/install/artificial_load/share/artificial_load/environment/path.sh
[0.729s] -- Up-to-date symlink: /home/raoul/Documents/QEES/lab1.1/install/artificial_load/share/artificial_load/local_setup.bash
[0.730s] -- Up-to-date symlink: /home/raoul/Documents/QEES/lab1.1/install/artificial_load/share/artificial_load/local_setup.sh
[0.731s] -- Up-to-date symlink: /home/raoul/Documents/QEES/lab1.1/install/artificial_load/share/artificial_load/local_setup.zsh
[0.732s] -- Up-to-date symlink: /home/raoul/Documents/QEES/lab1.1/install/artificial_load/share/ament_index/resource_index/packages/artificial_load
[0.733s] -- Up-to-date symlink: /home/raoul/Documents/QEES/lab1.1/install/artificial_load/share/artificial_load/cmake/artificial_loadConfig.cmake
[0.735s] -- Up-to-date symlink: /home/raoul/Documents/QEES/lab1.1/install/artificial_load/share/artificial_load/cmake/artificial_loadConfig-version.cmake
[0.736s] -- Up-to-date symlink: /home/raoul/Documents/QEES/lab1.1/install/artificial_load/share/artificial_load/package.xml
[0.755s] Invoked command in '/home/raoul/Documents/QEES/lab1.1/build/artificial_load' returned '0': /usr/bin/cmake --build /home/raoul/Documents/QEES/lab1.1/build/artificial_load --target install -- -j8 -l8
