[0.174s] DEBUG:colcon:Command line arguments: ['/usr/bin/colcon', 'build', '--symlink-install']
[0.175s] DEBUG:colcon:Parsed command line arguments: Namespace(allow_overriding=[], ament_cmake_args=None, base_paths=['.'], build_base='build', catkin_cmake_args=None, catkin_skip_building_tests=False, cmake_args=None, cmake_clean_cache=False, cmake_clean_first=False, cmake_force_configure=False, cmake_target=None, cmake_target_skip_unavailable=False, continue_on_error=False, event_handlers=None, executor='parallel', ignore_user_meta=False, install_base='install', log_base=None, log_level=None, main=<bound method BuildVerb.main of <colcon_core.verb.build.BuildVerb object at 0x7faf2fc57390>>, merge_install=False, metas=['./colcon.meta'], packages_above=None, packages_above_and_dependencies=None, packages_above_depth=None, packages_end=None, packages_ignore=None, packages_ignore_regex=None, packages_select=None, packages_select_build_failed=False, packages_select_by_dep=None, packages_select_regex=None, packages_select_test_failures=False, packages_skip=None, packages_skip_build_finished=False, packages_skip_by_dep=None, packages_skip_regex=None, packages_skip_test_passed=False, packages_skip_up_to=None, packages_start=None, packages_up_to=None, packages_up_to_regex=None, parallel_workers=8, paths=None, symlink_install=True, test_result_base=None, verb_extension=<colcon_core.verb.build.BuildVerb object at 0x7faf2fc57390>, verb_name='build', verb_parser=<colcon_defaults.argument_parser.defaults.DefaultArgumentsDecorator object at 0x7faf2fc576d8>)
[0.207s] Level 1:colcon.colcon_core.package_discovery:discover_packages(colcon_meta) check parameters
[0.207s] Level 1:colcon.colcon_core.package_discovery:discover_packages(recursive) check parameters
[0.207s] Level 1:colcon.colcon_core.package_discovery:discover_packages(ignore) check parameters
[0.207s] Level 1:colcon.colcon_core.package_discovery:discover_packages(path) check parameters
[0.207s] Level 1:colcon.colcon_core.package_discovery:discover_packages(colcon_meta) discover
[0.208s] Level 1:colcon.colcon_core.package_discovery:discover_packages(recursive) discover
[0.208s] INFO:colcon.colcon_core.package_discovery:Crawling recursively for packages in '/home/raoul/Documents/QEES/lab1.2'
[0.208s] Level 1:colcon.colcon_core.package_identification:_identify(.) by extensions ['ignore', 'ignore_ament_install']
[0.208s] Level 1:colcon.colcon_core.package_identification:_identify(.) by extension 'ignore'
[0.208s] Level 1:colcon.colcon_core.package_identification:_identify(.) by extension 'ignore_ament_install'
[0.208s] Level 1:colcon.colcon_core.package_identification:_identify(.) by extensions ['colcon_pkg']
[0.208s] Level 1:colcon.colcon_core.package_identification:_identify(.) by extension 'colcon_pkg'
[0.208s] Level 1:colcon.colcon_core.package_identification:_identify(.) by extensions ['colcon_meta']
[0.208s] Level 1:colcon.colcon_core.package_identification:_identify(.) by extension 'colcon_meta'
[0.209s] Level 1:colcon.colcon_core.package_identification:_identify(.) by extensions ['ros']
[0.209s] Level 1:colcon.colcon_core.package_identification:_identify(.) by extension 'ros'
[0.229s] Level 1:colcon.colcon_core.package_identification:_identify(.) by extensions ['cmake', 'python']
[0.229s] Level 1:colcon.colcon_core.package_identification:_identify(.) by extension 'cmake'
[0.229s] Level 1:colcon.colcon_core.package_identification:_identify(.) by extension 'python'
[0.229s] Level 1:colcon.colcon_core.package_identification:_identify(.) by extensions ['python_setup_py']
[0.229s] Level 1:colcon.colcon_core.package_identification:_identify(.) by extension 'python_setup_py'
[0.229s] Level 1:colcon.colcon_core.package_identification:_identify(build) by extensions ['ignore', 'ignore_ament_install']
[0.230s] Level 1:colcon.colcon_core.package_identification:_identify(build) by extension 'ignore'
[0.230s] Level 1:colcon.colcon_core.package_identification:_identify(build) ignored
[0.230s] Level 1:colcon.colcon_core.package_identification:_identify(evaluation) by extensions ['ignore', 'ignore_ament_install']
[0.230s] Level 1:colcon.colcon_core.package_identification:_identify(evaluation) by extension 'ignore'
[0.230s] Level 1:colcon.colcon_core.package_identification:_identify(evaluation) by extension 'ignore_ament_install'
[0.231s] Level 1:colcon.colcon_core.package_identification:_identify(evaluation) by extensions ['colcon_pkg']
[0.231s] Level 1:colcon.colcon_core.package_identification:_identify(evaluation) by extension 'colcon_pkg'
[0.231s] Level 1:colcon.colcon_core.package_identification:_identify(evaluation) by extensions ['colcon_meta']
[0.231s] Level 1:colcon.colcon_core.package_identification:_identify(evaluation) by extension 'colcon_meta'
[0.231s] Level 1:colcon.colcon_core.package_identification:_identify(evaluation) by extensions ['ros']
[0.231s] Level 1:colcon.colcon_core.package_identification:_identify(evaluation) by extension 'ros'
[0.231s] Level 1:colcon.colcon_core.package_identification:_identify(evaluation) by extensions ['cmake', 'python']
[0.231s] Level 1:colcon.colcon_core.package_identification:_identify(evaluation) by extension 'cmake'
[0.231s] Level 1:colcon.colcon_core.package_identification:_identify(evaluation) by extension 'python'
[0.231s] Level 1:colcon.colcon_core.package_identification:_identify(evaluation) by extensions ['python_setup_py']
[0.231s] Level 1:colcon.colcon_core.package_identification:_identify(evaluation) by extension 'python_setup_py'
[0.231s] Level 1:colcon.colcon_core.package_identification:_identify(evaluation/ack_time) by extensions ['ignore', 'ignore_ament_install']
[0.232s] Level 1:colcon.colcon_core.package_identification:_identify(evaluation/ack_time) by extension 'ignore'
[0.232s] Level 1:colcon.colcon_core.package_identification:_identify(evaluation/ack_time) by extension 'ignore_ament_install'
[0.232s] Level 1:colcon.colcon_core.package_identification:_identify(evaluation/ack_time) by extensions ['colcon_pkg']
[0.232s] Level 1:colcon.colcon_core.package_identification:_identify(evaluation/ack_time) by extension 'colcon_pkg'
[0.232s] Level 1:colcon.colcon_core.package_identification:_identify(evaluation/ack_time) by extensions ['colcon_meta']
[0.232s] Level 1:colcon.colcon_core.package_identification:_identify(evaluation/ack_time) by extension 'colcon_meta'
[0.232s] Level 1:colcon.colcon_core.package_identification:_identify(evaluation/ack_time) by extensions ['ros']
[0.232s] Level 1:colcon.colcon_core.package_identification:_identify(evaluation/ack_time) by extension 'ros'
[0.232s] Level 1:colcon.colcon_core.package_identification:_identify(evaluation/ack_time) by extensions ['cmake', 'python']
[0.232s] Level 1:colcon.colcon_core.package_identification:_identify(evaluation/ack_time) by extension 'cmake'
[0.232s] Level 1:colcon.colcon_core.package_identification:_identify(evaluation/ack_time) by extension 'python'
[0.233s] Level 1:colcon.colcon_core.package_identification:_identify(evaluation/ack_time) by extensions ['python_setup_py']
[0.233s] Level 1:colcon.colcon_core.package_identification:_identify(evaluation/ack_time) by extension 'python_setup_py'
[0.233s] Level 1:colcon.colcon_core.package_identification:_identify(evaluation/byte_data) by extensions ['ignore', 'ignore_ament_install']
[0.233s] Level 1:colcon.colcon_core.package_identification:_identify(evaluation/byte_data) by extension 'ignore'
[0.233s] Level 1:colcon.colcon_core.package_identification:_identify(evaluation/byte_data) by extension 'ignore_ament_install'
[0.233s] Level 1:colcon.colcon_core.package_identification:_identify(evaluation/byte_data) by extensions ['colcon_pkg']
[0.233s] Level 1:colcon.colcon_core.package_identification:_identify(evaluation/byte_data) by extension 'colcon_pkg'
[0.233s] Level 1:colcon.colcon_core.package_identification:_identify(evaluation/byte_data) by extensions ['colcon_meta']
[0.233s] Level 1:colcon.colcon_core.package_identification:_identify(evaluation/byte_data) by extension 'colcon_meta'
[0.233s] Level 1:colcon.colcon_core.package_identification:_identify(evaluation/byte_data) by extensions ['ros']
[0.234s] Level 1:colcon.colcon_core.package_identification:_identify(evaluation/byte_data) by extension 'ros'
[0.234s] Level 1:colcon.colcon_core.package_identification:_identify(evaluation/byte_data) by extensions ['cmake', 'python']
[0.234s] Level 1:colcon.colcon_core.package_identification:_identify(evaluation/byte_data) by extension 'cmake'
[0.234s] Level 1:colcon.colcon_core.package_identification:_identify(evaluation/byte_data) by extension 'python'
[0.234s] Level 1:colcon.colcon_core.package_identification:_identify(evaluation/byte_data) by extensions ['python_setup_py']
[0.234s] Level 1:colcon.colcon_core.package_identification:_identify(evaluation/byte_data) by extension 'python_setup_py'
[0.234s] Level 1:colcon.colcon_core.package_identification:_identify(evaluation/convert_msg) by extensions ['ignore', 'ignore_ament_install']
[0.234s] Level 1:colcon.colcon_core.package_identification:_identify(evaluation/convert_msg) by extension 'ignore'
[0.234s] Level 1:colcon.colcon_core.package_identification:_identify(evaluation/convert_msg) by extension 'ignore_ament_install'
[0.234s] Level 1:colcon.colcon_core.package_identification:_identify(evaluation/convert_msg) by extensions ['colcon_pkg']
[0.235s] Level 1:colcon.colcon_core.package_identification:_identify(evaluation/convert_msg) by extension 'colcon_pkg'
[0.235s] Level 1:colcon.colcon_core.package_identification:_identify(evaluation/convert_msg) by extensions ['colcon_meta']
[0.235s] Level 1:colcon.colcon_core.package_identification:_identify(evaluation/convert_msg) by extension 'colcon_meta'
[0.235s] Level 1:colcon.colcon_core.package_identification:_identify(evaluation/convert_msg) by extensions ['ros']
[0.235s] Level 1:colcon.colcon_core.package_identification:_identify(evaluation/convert_msg) by extension 'ros'
[0.235s] Level 1:colcon.colcon_core.package_identification:_identify(evaluation/convert_msg) by extensions ['cmake', 'python']
[0.235s] Level 1:colcon.colcon_core.package_identification:_identify(evaluation/convert_msg) by extension 'cmake'
[0.235s] Level 1:colcon.colcon_core.package_identification:_identify(evaluation/convert_msg) by extension 'python'
[0.235s] Level 1:colcon.colcon_core.package_identification:_identify(evaluation/convert_msg) by extensions ['python_setup_py']
[0.235s] Level 1:colcon.colcon_core.package_identification:_identify(evaluation/convert_msg) by extension 'python_setup_py'
[0.235s] Level 1:colcon.colcon_core.package_identification:_identify(evaluation/dds_time) by extensions ['ignore', 'ignore_ament_install']
[0.236s] Level 1:colcon.colcon_core.package_identification:_identify(evaluation/dds_time) by extension 'ignore'
[0.236s] Level 1:colcon.colcon_core.package_identification:_identify(evaluation/dds_time) by extension 'ignore_ament_install'
[0.236s] Level 1:colcon.colcon_core.package_identification:_identify(evaluation/dds_time) by extensions ['colcon_pkg']
[0.236s] Level 1:colcon.colcon_core.package_identification:_identify(evaluation/dds_time) by extension 'colcon_pkg'
[0.236s] Level 1:colcon.colcon_core.package_identification:_identify(evaluation/dds_time) by extensions ['colcon_meta']
[0.236s] Level 1:colcon.colcon_core.package_identification:_identify(evaluation/dds_time) by extension 'colcon_meta'
[0.236s] Level 1:colcon.colcon_core.package_identification:_identify(evaluation/dds_time) by extensions ['ros']
[0.236s] Level 1:colcon.colcon_core.package_identification:_identify(evaluation/dds_time) by extension 'ros'
[0.236s] Level 1:colcon.colcon_core.package_identification:_identify(evaluation/dds_time) by extensions ['cmake', 'python']
[0.236s] Level 1:colcon.colcon_core.package_identification:_identify(evaluation/dds_time) by extension 'cmake'
[0.236s] Level 1:colcon.colcon_core.package_identification:_identify(evaluation/dds_time) by extension 'python'
[0.236s] Level 1:colcon.colcon_core.package_identification:_identify(evaluation/dds_time) by extensions ['python_setup_py']
[0.236s] Level 1:colcon.colcon_core.package_identification:_identify(evaluation/dds_time) by extension 'python_setup_py'
[0.237s] Level 1:colcon.colcon_core.package_identification:_identify(evaluation/publish_time) by extensions ['ignore', 'ignore_ament_install']
[0.237s] Level 1:colcon.colcon_core.package_identification:_identify(evaluation/publish_time) by extension 'ignore'
[0.237s] Level 1:colcon.colcon_core.package_identification:_identify(evaluation/publish_time) by extension 'ignore_ament_install'
[0.237s] Level 1:colcon.colcon_core.package_identification:_identify(evaluation/publish_time) by extensions ['colcon_pkg']
[0.237s] Level 1:colcon.colcon_core.package_identification:_identify(evaluation/publish_time) by extension 'colcon_pkg'
[0.237s] Level 1:colcon.colcon_core.package_identification:_identify(evaluation/publish_time) by extensions ['colcon_meta']
[0.237s] Level 1:colcon.colcon_core.package_identification:_identify(evaluation/publish_time) by extension 'colcon_meta'
[0.237s] Level 1:colcon.colcon_core.package_identification:_identify(evaluation/publish_time) by extensions ['ros']
[0.237s] Level 1:colcon.colcon_core.package_identification:_identify(evaluation/publish_time) by extension 'ros'
[0.238s] Level 1:colcon.colcon_core.package_identification:_identify(evaluation/publish_time) by extensions ['cmake', 'python']
[0.238s] Level 1:colcon.colcon_core.package_identification:_identify(evaluation/publish_time) by extension 'cmake'
[0.238s] Level 1:colcon.colcon_core.package_identification:_identify(evaluation/publish_time) by extension 'python'
[0.238s] Level 1:colcon.colcon_core.package_identification:_identify(evaluation/publish_time) by extensions ['python_setup_py']
[0.238s] Level 1:colcon.colcon_core.package_identification:_identify(evaluation/publish_time) by extension 'python_setup_py'
[0.238s] Level 1:colcon.colcon_core.package_identification:_identify(evaluation/subscribe_time) by extensions ['ignore', 'ignore_ament_install']
[0.238s] Level 1:colcon.colcon_core.package_identification:_identify(evaluation/subscribe_time) by extension 'ignore'
[0.238s] Level 1:colcon.colcon_core.package_identification:_identify(evaluation/subscribe_time) by extension 'ignore_ament_install'
[0.238s] Level 1:colcon.colcon_core.package_identification:_identify(evaluation/subscribe_time) by extensions ['colcon_pkg']
[0.238s] Level 1:colcon.colcon_core.package_identification:_identify(evaluation/subscribe_time) by extension 'colcon_pkg'
[0.239s] Level 1:colcon.colcon_core.package_identification:_identify(evaluation/subscribe_time) by extensions ['colcon_meta']
[0.239s] Level 1:colcon.colcon_core.package_identification:_identify(evaluation/subscribe_time) by extension 'colcon_meta'
[0.239s] Level 1:colcon.colcon_core.package_identification:_identify(evaluation/subscribe_time) by extensions ['ros']
[0.239s] Level 1:colcon.colcon_core.package_identification:_identify(evaluation/subscribe_time) by extension 'ros'
[0.239s] Level 1:colcon.colcon_core.package_identification:_identify(evaluation/subscribe_time) by extensions ['cmake', 'python']
[0.239s] Level 1:colcon.colcon_core.package_identification:_identify(evaluation/subscribe_time) by extension 'cmake'
[0.239s] Level 1:colcon.colcon_core.package_identification:_identify(evaluation/subscribe_time) by extension 'python'
[0.239s] Level 1:colcon.colcon_core.package_identification:_identify(evaluation/subscribe_time) by extensions ['python_setup_py']
[0.239s] Level 1:colcon.colcon_core.package_identification:_identify(evaluation/subscribe_time) by extension 'python_setup_py'
[0.239s] Level 1:colcon.colcon_core.package_identification:_identify(evaluation/transport_time) by extensions ['ignore', 'ignore_ament_install']
[0.239s] Level 1:colcon.colcon_core.package_identification:_identify(evaluation/transport_time) by extension 'ignore'
[0.240s] Level 1:colcon.colcon_core.package_identification:_identify(evaluation/transport_time) by extension 'ignore_ament_install'
[0.240s] Level 1:colcon.colcon_core.package_identification:_identify(evaluation/transport_time) by extensions ['colcon_pkg']
[0.240s] Level 1:colcon.colcon_core.package_identification:_identify(evaluation/transport_time) by extension 'colcon_pkg'
[0.240s] Level 1:colcon.colcon_core.package_identification:_identify(evaluation/transport_time) by extensions ['colcon_meta']
[0.240s] Level 1:colcon.colcon_core.package_identification:_identify(evaluation/transport_time) by extension 'colcon_meta'
[0.240s] Level 1:colcon.colcon_core.package_identification:_identify(evaluation/transport_time) by extensions ['ros']
[0.240s] Level 1:colcon.colcon_core.package_identification:_identify(evaluation/transport_time) by extension 'ros'
[0.240s] Level 1:colcon.colcon_core.package_identification:_identify(evaluation/transport_time) by extensions ['cmake', 'python']
[0.240s] Level 1:colcon.colcon_core.package_identification:_identify(evaluation/transport_time) by extension 'cmake'
[0.240s] Level 1:colcon.colcon_core.package_identification:_identify(evaluation/transport_time) by extension 'python'
[0.240s] Level 1:colcon.colcon_core.package_identification:_identify(evaluation/transport_time) by extensions ['python_setup_py']
[0.240s] Level 1:colcon.colcon_core.package_identification:_identify(evaluation/transport_time) by extension 'python_setup_py'
[0.241s] Level 1:colcon.colcon_core.package_identification:_identify(install) by extensions ['ignore', 'ignore_ament_install']
[0.241s] Level 1:colcon.colcon_core.package_identification:_identify(install) by extension 'ignore'
[0.241s] Level 1:colcon.colcon_core.package_identification:_identify(install) ignored
[0.241s] Level 1:colcon.colcon_core.package_identification:_identify(log) by extensions ['ignore', 'ignore_ament_install']
[0.241s] Level 1:colcon.colcon_core.package_identification:_identify(log) by extension 'ignore'
[0.241s] Level 1:colcon.colcon_core.package_identification:_identify(log) ignored
[0.241s] Level 1:colcon.colcon_core.package_identification:_identify(src) by extensions ['ignore', 'ignore_ament_install']
[0.242s] Level 1:colcon.colcon_core.package_identification:_identify(src) by extension 'ignore'
[0.242s] Level 1:colcon.colcon_core.package_identification:_identify(src) by extension 'ignore_ament_install'
[0.242s] Level 1:colcon.colcon_core.package_identification:_identify(src) by extensions ['colcon_pkg']
[0.242s] Level 1:colcon.colcon_core.package_identification:_identify(src) by extension 'colcon_pkg'
[0.242s] Level 1:colcon.colcon_core.package_identification:_identify(src) by extensions ['colcon_meta']
[0.242s] Level 1:colcon.colcon_core.package_identification:_identify(src) by extension 'colcon_meta'
[0.242s] Level 1:colcon.colcon_core.package_identification:_identify(src) by extensions ['ros']
[0.242s] Level 1:colcon.colcon_core.package_identification:_identify(src) by extension 'ros'
[0.242s] Level 1:colcon.colcon_core.package_identification:_identify(src) by extensions ['cmake', 'python']
[0.242s] Level 1:colcon.colcon_core.package_identification:_identify(src) by extension 'cmake'
[0.242s] Level 1:colcon.colcon_core.package_identification:_identify(src) by extension 'python'
[0.242s] Level 1:colcon.colcon_core.package_identification:_identify(src) by extensions ['python_setup_py']
[0.242s] Level 1:colcon.colcon_core.package_identification:_identify(src) by extension 'python_setup_py'
[0.243s] Level 1:colcon.colcon_core.package_identification:_identify(src/artificial_load) by extensions ['ignore', 'ignore_ament_install']
[0.243s] Level 1:colcon.colcon_core.package_identification:_identify(src/artificial_load) by extension 'ignore'
[0.243s] Level 1:colcon.colcon_core.package_identification:_identify(src/artificial_load) by extension 'ignore_ament_install'
[0.243s] Level 1:colcon.colcon_core.package_identification:_identify(src/artificial_load) by extensions ['colcon_pkg']
[0.243s] Level 1:colcon.colcon_core.package_identification:_identify(src/artificial_load) by extension 'colcon_pkg'
[0.243s] Level 1:colcon.colcon_core.package_identification:_identify(src/artificial_load) by extensions ['colcon_meta']
[0.243s] Level 1:colcon.colcon_core.package_identification:_identify(src/artificial_load) by extension 'colcon_meta'
[0.243s] Level 1:colcon.colcon_core.package_identification:_identify(src/artificial_load) by extensions ['ros']
[0.243s] Level 1:colcon.colcon_core.package_identification:_identify(src/artificial_load) by extension 'ros'
[0.247s] DEBUG:colcon.colcon_core.package_identification:Package 'src/artificial_load' with type 'ros.ament_cmake' and name 'artificial_load'
[0.247s] Level 1:colcon.colcon_core.package_identification:_identify(src/interprocess_eval) by extensions ['ignore', 'ignore_ament_install']
[0.247s] Level 1:colcon.colcon_core.package_identification:_identify(src/interprocess_eval) by extension 'ignore'
[0.247s] Level 1:colcon.colcon_core.package_identification:_identify(src/interprocess_eval) by extension 'ignore_ament_install'
[0.248s] Level 1:colcon.colcon_core.package_identification:_identify(src/interprocess_eval) by extensions ['colcon_pkg']
[0.248s] Level 1:colcon.colcon_core.package_identification:_identify(src/interprocess_eval) by extension 'colcon_pkg'
[0.248s] Level 1:colcon.colcon_core.package_identification:_identify(src/interprocess_eval) by extensions ['colcon_meta']
[0.248s] Level 1:colcon.colcon_core.package_identification:_identify(src/interprocess_eval) by extension 'colcon_meta'
[0.248s] Level 1:colcon.colcon_core.package_identification:_identify(src/interprocess_eval) by extensions ['ros']
[0.248s] Level 1:colcon.colcon_core.package_identification:_identify(src/interprocess_eval) by extension 'ros'
[0.249s] DEBUG:colcon.colcon_core.package_identification:Package 'src/interprocess_eval' with type 'ros.ament_cmake' and name 'interprocess_eval'
[0.249s] Level 1:colcon.colcon_core.package_identification:_identify(src/interprocess_remote_eval) by extensions ['ignore', 'ignore_ament_install']
[0.249s] Level 1:colcon.colcon_core.package_identification:_identify(src/interprocess_remote_eval) by extension 'ignore'
[0.249s] Level 1:colcon.colcon_core.package_identification:_identify(src/interprocess_remote_eval) by extension 'ignore_ament_install'
[0.250s] Level 1:colcon.colcon_core.package_identification:_identify(src/interprocess_remote_eval) by extensions ['colcon_pkg']
[0.250s] Level 1:colcon.colcon_core.package_identification:_identify(src/interprocess_remote_eval) by extension 'colcon_pkg'
[0.250s] Level 1:colcon.colcon_core.package_identification:_identify(src/interprocess_remote_eval) by extensions ['colcon_meta']
[0.250s] Level 1:colcon.colcon_core.package_identification:_identify(src/interprocess_remote_eval) by extension 'colcon_meta'
[0.250s] Level 1:colcon.colcon_core.package_identification:_identify(src/interprocess_remote_eval) by extensions ['ros']
[0.250s] Level 1:colcon.colcon_core.package_identification:_identify(src/interprocess_remote_eval) by extension 'ros'
[0.251s] DEBUG:colcon.colcon_core.package_identification:Package 'src/interprocess_remote_eval' with type 'ros.ament_cmake' and name 'interprocess_remote_eval'
[0.251s] Level 1:colcon.colcon_core.package_identification:_identify(src/intraprocess_eval) by extensions ['ignore', 'ignore_ament_install']
[0.251s] Level 1:colcon.colcon_core.package_identification:_identify(src/intraprocess_eval) by extension 'ignore'
[0.251s] Level 1:colcon.colcon_core.package_identification:_identify(src/intraprocess_eval) by extension 'ignore_ament_install'
[0.251s] Level 1:colcon.colcon_core.package_identification:_identify(src/intraprocess_eval) by extensions ['colcon_pkg']
[0.251s] Level 1:colcon.colcon_core.package_identification:_identify(src/intraprocess_eval) by extension 'colcon_pkg'
[0.251s] Level 1:colcon.colcon_core.package_identification:_identify(src/intraprocess_eval) by extensions ['colcon_meta']
[0.251s] Level 1:colcon.colcon_core.package_identification:_identify(src/intraprocess_eval) by extension 'colcon_meta'
[0.252s] Level 1:colcon.colcon_core.package_identification:_identify(src/intraprocess_eval) by extensions ['ros']
[0.252s] Level 1:colcon.colcon_core.package_identification:_identify(src/intraprocess_eval) by extension 'ros'
[0.252s] DEBUG:colcon.colcon_core.package_identification:Package 'src/intraprocess_eval' with type 'ros.ament_cmake' and name 'intraprocess_eval'
[0.253s] Level 1:colcon.colcon_core.package_discovery:discover_packages(recursive) using defaults
[0.253s] Level 1:colcon.colcon_core.package_discovery:discover_packages(ignore) discover
[0.253s] Level 1:colcon.colcon_core.package_discovery:discover_packages(ignore) using defaults
[0.253s] Level 1:colcon.colcon_core.package_discovery:discover_packages(path) discover
[0.253s] Level 1:colcon.colcon_core.package_discovery:discover_packages(path) using defaults
[0.279s] Level 1:colcon.colcon_core.package_discovery:discover_packages(prefix_path) check parameters
[0.279s] Level 1:colcon.colcon_core.package_discovery:discover_packages(prefix_path) discover
[0.283s] DEBUG:colcon.colcon_installed_package_information.package_discovery:Found 4 installed packages in /home/raoul/Documents/QEES/lab1.2/install
[0.285s] DEBUG:colcon.colcon_installed_package_information.package_discovery:Found 225 installed packages in /opt/ros/dashing
[0.287s] Level 1:colcon.colcon_core.package_discovery:discover_packages(prefix_path) using defaults
[0.396s] Level 5:colcon.colcon_core.verb:set package 'artificial_load' build argument 'cmake_args' from command line to 'None'
[0.396s] Level 5:colcon.colcon_core.verb:set package 'artificial_load' build argument 'cmake_target' from command line to 'None'
[0.396s] Level 5:colcon.colcon_core.verb:set package 'artificial_load' build argument 'cmake_target_skip_unavailable' from command line to 'False'
[0.396s] Level 5:colcon.colcon_core.verb:set package 'artificial_load' build argument 'cmake_clean_cache' from command line to 'False'
[0.396s] Level 5:colcon.colcon_core.verb:set package 'artificial_load' build argument 'cmake_clean_first' from command line to 'False'
[0.396s] Level 5:colcon.colcon_core.verb:set package 'artificial_load' build argument 'cmake_force_configure' from command line to 'False'
[0.396s] Level 5:colcon.colcon_core.verb:set package 'artificial_load' build argument 'ament_cmake_args' from command line to 'None'
[0.396s] Level 5:colcon.colcon_core.verb:set package 'artificial_load' build argument 'catkin_cmake_args' from command line to 'None'
[0.396s] Level 5:colcon.colcon_core.verb:set package 'artificial_load' build argument 'catkin_skip_building_tests' from command line to 'False'
[0.397s] DEBUG:colcon.colcon_core.verb:Building package 'artificial_load' with the following arguments: {'ament_cmake_args': None, 'build_base': '/home/raoul/Documents/QEES/lab1.2/build/artificial_load', 'catkin_cmake_args': None, 'catkin_skip_building_tests': False, 'cmake_args': None, 'cmake_clean_cache': False, 'cmake_clean_first': False, 'cmake_force_configure': False, 'cmake_target': None, 'cmake_target_skip_unavailable': False, 'install_base': '/home/raoul/Documents/QEES/lab1.2/install/artificial_load', 'merge_install': False, 'path': '/home/raoul/Documents/QEES/lab1.2/src/artificial_load', 'symlink_install': True, 'test_result_base': None}
[0.397s] Level 5:colcon.colcon_core.verb:set package 'interprocess_eval' build argument 'cmake_args' from command line to 'None'
[0.397s] Level 5:colcon.colcon_core.verb:set package 'interprocess_eval' build argument 'cmake_target' from command line to 'None'
[0.397s] Level 5:colcon.colcon_core.verb:set package 'interprocess_eval' build argument 'cmake_target_skip_unavailable' from command line to 'False'
[0.397s] Level 5:colcon.colcon_core.verb:set package 'interprocess_eval' build argument 'cmake_clean_cache' from command line to 'False'
[0.398s] Level 5:colcon.colcon_core.verb:set package 'interprocess_eval' build argument 'cmake_clean_first' from command line to 'False'
[0.398s] Level 5:colcon.colcon_core.verb:set package 'interprocess_eval' build argument 'cmake_force_configure' from command line to 'False'
[0.398s] Level 5:colcon.colcon_core.verb:set package 'interprocess_eval' build argument 'ament_cmake_args' from command line to 'None'
[0.398s] Level 5:colcon.colcon_core.verb:set package 'interprocess_eval' build argument 'catkin_cmake_args' from command line to 'None'
[0.398s] Level 5:colcon.colcon_core.verb:set package 'interprocess_eval' build argument 'catkin_skip_building_tests' from command line to 'False'
[0.398s] DEBUG:colcon.colcon_core.verb:Building package 'interprocess_eval' with the following arguments: {'ament_cmake_args': None, 'build_base': '/home/raoul/Documents/QEES/lab1.2/build/interprocess_eval', 'catkin_cmake_args': None, 'catkin_skip_building_tests': False, 'cmake_args': None, 'cmake_clean_cache': False, 'cmake_clean_first': False, 'cmake_force_configure': False, 'cmake_target': None, 'cmake_target_skip_unavailable': False, 'install_base': '/home/raoul/Documents/QEES/lab1.2/install/interprocess_eval', 'merge_install': False, 'path': '/home/raoul/Documents/QEES/lab1.2/src/interprocess_eval', 'symlink_install': True, 'test_result_base': None}
[0.398s] Level 5:colcon.colcon_core.verb:set package 'interprocess_remote_eval' build argument 'cmake_args' from command line to 'None'
[0.399s] Level 5:colcon.colcon_core.verb:set package 'interprocess_remote_eval' build argument 'cmake_target' from command line to 'None'
[0.399s] Level 5:colcon.colcon_core.verb:set package 'interprocess_remote_eval' build argument 'cmake_target_skip_unavailable' from command line to 'False'
[0.399s] Level 5:colcon.colcon_core.verb:set package 'interprocess_remote_eval' build argument 'cmake_clean_cache' from command line to 'False'
[0.399s] Level 5:colcon.colcon_core.verb:set package 'interprocess_remote_eval' build argument 'cmake_clean_first' from command line to 'False'
[0.399s] Level 5:colcon.colcon_core.verb:set package 'interprocess_remote_eval' build argument 'cmake_force_configure' from command line to 'False'
[0.399s] Level 5:colcon.colcon_core.verb:set package 'interprocess_remote_eval' build argument 'ament_cmake_args' from command line to 'None'
[0.399s] Level 5:colcon.colcon_core.verb:set package 'interprocess_remote_eval' build argument 'catkin_cmake_args' from command line to 'None'
[0.399s] Level 5:colcon.colcon_core.verb:set package 'interprocess_remote_eval' build argument 'catkin_skip_building_tests' from command line to 'False'
[0.399s] DEBUG:colcon.colcon_core.verb:Building package 'interprocess_remote_eval' with the following arguments: {'ament_cmake_args': None, 'build_base': '/home/raoul/Documents/QEES/lab1.2/build/interprocess_remote_eval', 'catkin_cmake_args': None, 'catkin_skip_building_tests': False, 'cmake_args': None, 'cmake_clean_cache': False, 'cmake_clean_first': False, 'cmake_force_configure': False, 'cmake_target': None, 'cmake_target_skip_unavailable': False, 'install_base': '/home/raoul/Documents/QEES/lab1.2/install/interprocess_remote_eval', 'merge_install': False, 'path': '/home/raoul/Documents/QEES/lab1.2/src/interprocess_remote_eval', 'symlink_install': True, 'test_result_base': None}
[0.400s] Level 5:colcon.colcon_core.verb:set package 'intraprocess_eval' build argument 'cmake_args' from command line to 'None'
[0.400s] Level 5:colcon.colcon_core.verb:set package 'intraprocess_eval' build argument 'cmake_target' from command line to 'None'
[0.400s] Level 5:colcon.colcon_core.verb:set package 'intraprocess_eval' build argument 'cmake_target_skip_unavailable' from command line to 'False'
[0.400s] Level 5:colcon.colcon_core.verb:set package 'intraprocess_eval' build argument 'cmake_clean_cache' from command line to 'False'
[0.400s] Level 5:colcon.colcon_core.verb:set package 'intraprocess_eval' build argument 'cmake_clean_first' from command line to 'False'
[0.400s] Level 5:colcon.colcon_core.verb:set package 'intraprocess_eval' build argument 'cmake_force_configure' from command line to 'False'
[0.400s] Level 5:colcon.colcon_core.verb:set package 'intraprocess_eval' build argument 'ament_cmake_args' from command line to 'None'
[0.400s] Level 5:colcon.colcon_core.verb:set package 'intraprocess_eval' build argument 'catkin_cmake_args' from command line to 'None'
[0.400s] Level 5:colcon.colcon_core.verb:set package 'intraprocess_eval' build argument 'catkin_skip_building_tests' from command line to 'False'
[0.400s] DEBUG:colcon.colcon_core.verb:Building package 'intraprocess_eval' with the following arguments: {'ament_cmake_args': None, 'build_base': '/home/raoul/Documents/QEES/lab1.2/build/intraprocess_eval', 'catkin_cmake_args': None, 'catkin_skip_building_tests': False, 'cmake_args': None, 'cmake_clean_cache': False, 'cmake_clean_first': False, 'cmake_force_configure': False, 'cmake_target': None, 'cmake_target_skip_unavailable': False, 'install_base': '/home/raoul/Documents/QEES/lab1.2/install/intraprocess_eval', 'merge_install': False, 'path': '/home/raoul/Documents/QEES/lab1.2/src/intraprocess_eval', 'symlink_install': True, 'test_result_base': None}
[0.400s] INFO:colcon.colcon_core.executor:Executing jobs using 'parallel' executor
[0.402s] DEBUG:colcon.colcon_parallel_executor.executor.parallel:run_until_complete
[0.402s] INFO:colcon.colcon_ros.task.ament_cmake.build:Building ROS package in '/home/raoul/Documents/QEES/lab1.2/src/artificial_load' with build type 'ament_cmake'
[0.402s] INFO:colcon.colcon_cmake.task.cmake.build:Building CMake package in '/home/raoul/Documents/QEES/lab1.2/src/artificial_load'
[0.406s] INFO:colcon.colcon_core.plugin_system:Skipping extension 'colcon_core.shell.bat': Not used on non-Windows systems
[0.406s] INFO:colcon.colcon_core.shell:Skip shell extension 'powershell' for command environment: Not usable outside of PowerShell
[0.407s] DEBUG:colcon.colcon_core.shell:Skip shell extension 'dsv' for command environment
[0.414s] INFO:colcon.colcon_ros.task.ament_cmake.build:Building ROS package in '/home/raoul/Documents/QEES/lab1.2/src/interprocess_eval' with build type 'ament_cmake'
[0.415s] INFO:colcon.colcon_cmake.task.cmake.build:Building CMake package in '/home/raoul/Documents/QEES/lab1.2/src/interprocess_eval'
[0.416s] INFO:colcon.colcon_core.shell:Skip shell extension 'powershell' for command environment: Not usable outside of PowerShell
[0.416s] DEBUG:colcon.colcon_core.shell:Skip shell extension 'dsv' for command environment
[0.424s] INFO:colcon.colcon_ros.task.ament_cmake.build:Building ROS package in '/home/raoul/Documents/QEES/lab1.2/src/interprocess_remote_eval' with build type 'ament_cmake'
[0.425s] INFO:colcon.colcon_cmake.task.cmake.build:Building CMake package in '/home/raoul/Documents/QEES/lab1.2/src/interprocess_remote_eval'
[0.426s] INFO:colcon.colcon_core.shell:Skip shell extension 'powershell' for command environment: Not usable outside of PowerShell
[0.426s] DEBUG:colcon.colcon_core.shell:Skip shell extension 'dsv' for command environment
[0.435s] INFO:colcon.colcon_ros.task.ament_cmake.build:Building ROS package in '/home/raoul/Documents/QEES/lab1.2/src/intraprocess_eval' with build type 'ament_cmake'
[0.436s] INFO:colcon.colcon_cmake.task.cmake.build:Building CMake package in '/home/raoul/Documents/QEES/lab1.2/src/intraprocess_eval'
[0.437s] INFO:colcon.colcon_core.shell:Skip shell extension 'powershell' for command environment: Not usable outside of PowerShell
[0.437s] DEBUG:colcon.colcon_core.shell:Skip shell extension 'dsv' for command environment
[0.459s] DEBUG:colcon.colcon_core.event_handler.log_command:Invoking command in '/home/raoul/Documents/QEES/lab1.2/build/artificial_load': CMAKE_PREFIX_PATH=${CMAKE_PREFIX_PATH}:/opt/ros/dashing /usr/bin/cmake --build /home/raoul/Documents/QEES/lab1.2/build/artificial_load -- -j8 -l8
[0.470s] DEBUG:colcon.colcon_core.event_handler.log_command:Invoking command in '/home/raoul/Documents/QEES/lab1.2/build/interprocess_eval': CMAKE_PREFIX_PATH=${CMAKE_PREFIX_PATH}:/opt/ros/dashing /usr/bin/cmake --build /home/raoul/Documents/QEES/lab1.2/build/interprocess_eval -- -j8 -l8
[0.479s] DEBUG:colcon.colcon_core.event_handler.log_command:Invoking command in '/home/raoul/Documents/QEES/lab1.2/build/interprocess_remote_eval': CMAKE_PREFIX_PATH=${CMAKE_PREFIX_PATH}:/opt/ros/dashing /usr/bin/cmake --build /home/raoul/Documents/QEES/lab1.2/build/interprocess_remote_eval -- -j8 -l8
[0.487s] DEBUG:colcon.colcon_core.event_handler.log_command:Invoking command in '/home/raoul/Documents/QEES/lab1.2/build/intraprocess_eval': CMAKE_PREFIX_PATH=${CMAKE_PREFIX_PATH}:/opt/ros/dashing /usr/bin/cmake --build /home/raoul/Documents/QEES/lab1.2/build/intraprocess_eval -- -j8 -l8
[0.791s] DEBUG:colcon.colcon_core.event_handler.log_command:Invoked command in '/home/raoul/Documents/QEES/lab1.2/build/artificial_load' returned '0': CMAKE_PREFIX_PATH=${CMAKE_PREFIX_PATH}:/opt/ros/dashing /usr/bin/cmake --build /home/raoul/Documents/QEES/lab1.2/build/artificial_load -- -j8 -l8
[0.844s] DEBUG:colcon.colcon_core.event_handler.log_command:Invoked command in '/home/raoul/Documents/QEES/lab1.2/build/interprocess_remote_eval' returned '0': CMAKE_PREFIX_PATH=${CMAKE_PREFIX_PATH}:/opt/ros/dashing /usr/bin/cmake --build /home/raoul/Documents/QEES/lab1.2/build/interprocess_remote_eval -- -j8 -l8
[0.875s] DEBUG:colcon.colcon_core.event_handler.log_command:Invoked command in '/home/raoul/Documents/QEES/lab1.2/build/intraprocess_eval' returned '0': CMAKE_PREFIX_PATH=${CMAKE_PREFIX_PATH}:/opt/ros/dashing /usr/bin/cmake --build /home/raoul/Documents/QEES/lab1.2/build/intraprocess_eval -- -j8 -l8
[1.050s] DEBUG:colcon.colcon_core.event_handler.log_command:Invoking command in '/home/raoul/Documents/QEES/lab1.2/build/artificial_load': CMAKE_PREFIX_PATH=${CMAKE_PREFIX_PATH}:/opt/ros/dashing /usr/bin/cmake --build /home/raoul/Documents/QEES/lab1.2/build/artificial_load --target install -- -j8 -l8
[1.061s] DEBUG:colcon.colcon_core.event_handler.log_command:Invoking command in '/home/raoul/Documents/QEES/lab1.2/build/interprocess_remote_eval': CMAKE_PREFIX_PATH=${CMAKE_PREFIX_PATH}:/opt/ros/dashing /usr/bin/cmake --build /home/raoul/Documents/QEES/lab1.2/build/interprocess_remote_eval --target install -- -j8 -l8
[1.070s] DEBUG:colcon.colcon_core.event_handler.log_command:Invoking command in '/home/raoul/Documents/QEES/lab1.2/build/intraprocess_eval': CMAKE_PREFIX_PATH=${CMAKE_PREFIX_PATH}:/opt/ros/dashing /usr/bin/cmake --build /home/raoul/Documents/QEES/lab1.2/build/intraprocess_eval --target install -- -j8 -l8
[1.446s] Level 1:colcon.colcon_core.environment:create_environment_scripts_only(artificial_load)
[1.448s] DEBUG:colcon.colcon_core.event_handler.log_command:Invoked command in '/home/raoul/Documents/QEES/lab1.2/build/artificial_load' returned '0': CMAKE_PREFIX_PATH=${CMAKE_PREFIX_PATH}:/opt/ros/dashing /usr/bin/cmake --build /home/raoul/Documents/QEES/lab1.2/build/artificial_load --target install -- -j8 -l8
[1.452s] Level 1:colcon.colcon_core.environment:checking '/home/raoul/Documents/QEES/lab1.2/install/artificial_load' for CMake module files
[1.454s] Level 1:colcon.colcon_core.environment:checking '/home/raoul/Documents/QEES/lab1.2/install/artificial_load' for CMake config files
[1.456s] Level 1:colcon.colcon_core.shell:create_environment_hook('artificial_load', 'cmake_prefix_path')
[1.457s] INFO:colcon.colcon_core.shell:Creating environment hook '/home/raoul/Documents/QEES/lab1.2/install/artificial_load/share/artificial_load/hook/cmake_prefix_path.ps1'
[1.460s] INFO:colcon.colcon_core.shell:Creating environment descriptor '/home/raoul/Documents/QEES/lab1.2/install/artificial_load/share/artificial_load/hook/cmake_prefix_path.dsv'
[1.462s] INFO:colcon.colcon_core.shell:Creating environment hook '/home/raoul/Documents/QEES/lab1.2/install/artificial_load/share/artificial_load/hook/cmake_prefix_path.sh'
[1.468s] Level 1:colcon.colcon_core.environment:checking '/home/raoul/Documents/QEES/lab1.2/install/artificial_load/lib'
[1.469s] Level 1:colcon.colcon_core.environment:checking '/home/raoul/Documents/QEES/lab1.2/install/artificial_load/bin'
[1.470s] Level 1:colcon.colcon_core.environment:checking '/home/raoul/Documents/QEES/lab1.2/install/artificial_load/lib/pkgconfig/artificial_load.pc'
[1.471s] Level 1:colcon.colcon_core.environment:checking '/home/raoul/Documents/QEES/lab1.2/install/artificial_load/lib/python3.6/site-packages'
[1.471s] Level 1:colcon.colcon_core.environment:checking '/home/raoul/Documents/QEES/lab1.2/install/artificial_load/bin'
[1.472s] INFO:colcon.colcon_core.shell:Creating package script '/home/raoul/Documents/QEES/lab1.2/install/artificial_load/share/artificial_load/package.ps1'
[1.474s] INFO:colcon.colcon_core.shell:Creating package descriptor '/home/raoul/Documents/QEES/lab1.2/install/artificial_load/share/artificial_load/package.dsv'
[1.475s] INFO:colcon.colcon_core.shell:Creating package script '/home/raoul/Documents/QEES/lab1.2/install/artificial_load/share/artificial_load/package.sh'
[1.477s] INFO:colcon.colcon_core.shell:Creating package script '/home/raoul/Documents/QEES/lab1.2/install/artificial_load/share/artificial_load/package.bash'
[1.479s] INFO:colcon.colcon_core.shell:Creating package script '/home/raoul/Documents/QEES/lab1.2/install/artificial_load/share/artificial_load/package.zsh'
[1.481s] Level 1:colcon.colcon_core.environment:create_file_with_runtime_dependencies(/home/raoul/Documents/QEES/lab1.2/install/artificial_load/share/colcon-core/packages/artificial_load)
[1.492s] Level 1:colcon.colcon_core.environment:create_environment_scripts_only(intraprocess_eval)
[1.494s] Level 1:colcon.colcon_core.environment:checking '/home/raoul/Documents/QEES/lab1.2/install/intraprocess_eval' for CMake module files
[1.496s] DEBUG:colcon.colcon_core.event_handler.log_command:Invoked command in '/home/raoul/Documents/QEES/lab1.2/build/intraprocess_eval' returned '0': CMAKE_PREFIX_PATH=${CMAKE_PREFIX_PATH}:/opt/ros/dashing /usr/bin/cmake --build /home/raoul/Documents/QEES/lab1.2/build/intraprocess_eval --target install -- -j8 -l8
[1.500s] Level 1:colcon.colcon_core.environment:checking '/home/raoul/Documents/QEES/lab1.2/install/intraprocess_eval' for CMake config files
[1.501s] Level 1:colcon.colcon_core.shell:create_environment_hook('intraprocess_eval', 'cmake_prefix_path')
[1.502s] INFO:colcon.colcon_core.shell:Creating environment hook '/home/raoul/Documents/QEES/lab1.2/install/intraprocess_eval/share/intraprocess_eval/hook/cmake_prefix_path.ps1'
[1.503s] INFO:colcon.colcon_core.shell:Creating environment descriptor '/home/raoul/Documents/QEES/lab1.2/install/intraprocess_eval/share/intraprocess_eval/hook/cmake_prefix_path.dsv'
[1.504s] INFO:colcon.colcon_core.shell:Creating environment hook '/home/raoul/Documents/QEES/lab1.2/install/intraprocess_eval/share/intraprocess_eval/hook/cmake_prefix_path.sh'
[1.506s] Level 1:colcon.colcon_core.environment:checking '/home/raoul/Documents/QEES/lab1.2/install/intraprocess_eval/lib'
[1.506s] Level 1:colcon.colcon_core.environment:checking '/home/raoul/Documents/QEES/lab1.2/install/intraprocess_eval/bin'
[1.507s] Level 1:colcon.colcon_core.environment:checking '/home/raoul/Documents/QEES/lab1.2/install/intraprocess_eval/lib/pkgconfig/intraprocess_eval.pc'
[1.507s] Level 1:colcon.colcon_core.environment:checking '/home/raoul/Documents/QEES/lab1.2/install/intraprocess_eval/lib/python3.6/site-packages'
[1.508s] Level 1:colcon.colcon_core.environment:checking '/home/raoul/Documents/QEES/lab1.2/install/intraprocess_eval/bin'
[1.508s] INFO:colcon.colcon_core.shell:Creating package script '/home/raoul/Documents/QEES/lab1.2/install/intraprocess_eval/share/intraprocess_eval/package.ps1'
[1.509s] INFO:colcon.colcon_core.shell:Creating package descriptor '/home/raoul/Documents/QEES/lab1.2/install/intraprocess_eval/share/intraprocess_eval/package.dsv'
[1.510s] INFO:colcon.colcon_core.shell:Creating package script '/home/raoul/Documents/QEES/lab1.2/install/intraprocess_eval/share/intraprocess_eval/package.sh'
[1.511s] INFO:colcon.colcon_core.shell:Creating package script '/home/raoul/Documents/QEES/lab1.2/install/intraprocess_eval/share/intraprocess_eval/package.bash'
[1.511s] INFO:colcon.colcon_core.shell:Creating package script '/home/raoul/Documents/QEES/lab1.2/install/intraprocess_eval/share/intraprocess_eval/package.zsh'
[1.512s] Level 1:colcon.colcon_core.environment:create_file_with_runtime_dependencies(/home/raoul/Documents/QEES/lab1.2/install/intraprocess_eval/share/colcon-core/packages/intraprocess_eval)
[1.520s] Level 1:colcon.colcon_core.environment:create_environment_scripts_only(interprocess_remote_eval)
[1.522s] Level 1:colcon.colcon_core.environment:checking '/home/raoul/Documents/QEES/lab1.2/install/interprocess_remote_eval' for CMake module files
[1.523s] DEBUG:colcon.colcon_core.event_handler.log_command:Invoked command in '/home/raoul/Documents/QEES/lab1.2/build/interprocess_remote_eval' returned '0': CMAKE_PREFIX_PATH=${CMAKE_PREFIX_PATH}:/opt/ros/dashing /usr/bin/cmake --build /home/raoul/Documents/QEES/lab1.2/build/interprocess_remote_eval --target install -- -j8 -l8
[1.525s] Level 1:colcon.colcon_core.environment:checking '/home/raoul/Documents/QEES/lab1.2/install/interprocess_remote_eval' for CMake config files
[1.526s] Level 1:colcon.colcon_core.shell:create_environment_hook('interprocess_remote_eval', 'cmake_prefix_path')
[1.527s] INFO:colcon.colcon_core.shell:Creating environment hook '/home/raoul/Documents/QEES/lab1.2/install/interprocess_remote_eval/share/interprocess_remote_eval/hook/cmake_prefix_path.ps1'
[1.528s] INFO:colcon.colcon_core.shell:Creating environment descriptor '/home/raoul/Documents/QEES/lab1.2/install/interprocess_remote_eval/share/interprocess_remote_eval/hook/cmake_prefix_path.dsv'
[1.529s] INFO:colcon.colcon_core.shell:Creating environment hook '/home/raoul/Documents/QEES/lab1.2/install/interprocess_remote_eval/share/interprocess_remote_eval/hook/cmake_prefix_path.sh'
[1.532s] Level 1:colcon.colcon_core.environment:checking '/home/raoul/Documents/QEES/lab1.2/install/interprocess_remote_eval/lib'
[1.532s] Level 1:colcon.colcon_core.environment:checking '/home/raoul/Documents/QEES/lab1.2/install/interprocess_remote_eval/bin'
[1.532s] Level 1:colcon.colcon_core.environment:checking '/home/raoul/Documents/QEES/lab1.2/install/interprocess_remote_eval/lib/pkgconfig/interprocess_remote_eval.pc'
[1.533s] Level 1:colcon.colcon_core.environment:checking '/home/raoul/Documents/QEES/lab1.2/install/interprocess_remote_eval/lib/python3.6/site-packages'
[1.533s] Level 1:colcon.colcon_core.environment:checking '/home/raoul/Documents/QEES/lab1.2/install/interprocess_remote_eval/bin'
[1.534s] INFO:colcon.colcon_core.shell:Creating package script '/home/raoul/Documents/QEES/lab1.2/install/interprocess_remote_eval/share/interprocess_remote_eval/package.ps1'
[1.536s] INFO:colcon.colcon_core.shell:Creating package descriptor '/home/raoul/Documents/QEES/lab1.2/install/interprocess_remote_eval/share/interprocess_remote_eval/package.dsv'
[1.537s] INFO:colcon.colcon_core.shell:Creating package script '/home/raoul/Documents/QEES/lab1.2/install/interprocess_remote_eval/share/interprocess_remote_eval/package.sh'
[1.538s] INFO:colcon.colcon_core.shell:Creating package script '/home/raoul/Documents/QEES/lab1.2/install/interprocess_remote_eval/share/interprocess_remote_eval/package.bash'
[1.539s] INFO:colcon.colcon_core.shell:Creating package script '/home/raoul/Documents/QEES/lab1.2/install/interprocess_remote_eval/share/interprocess_remote_eval/package.zsh'
[1.540s] Level 1:colcon.colcon_core.environment:create_file_with_runtime_dependencies(/home/raoul/Documents/QEES/lab1.2/install/interprocess_remote_eval/share/colcon-core/packages/interprocess_remote_eval)
[1.554s] Level 1:colcon.colcon_core.environment:create_environment_scripts_only(artificial_load)
[1.556s] Level 1:colcon.colcon_core.environment:checking '/home/raoul/Documents/QEES/lab1.2/install/artificial_load' for CMake module files
[1.557s] Level 1:colcon.colcon_core.environment:checking '/home/raoul/Documents/QEES/lab1.2/install/artificial_load' for CMake config files
[1.558s] Level 1:colcon.colcon_core.shell:create_environment_hook('artificial_load', 'cmake_prefix_path')
[1.559s] INFO:colcon.colcon_core.shell:Creating environment hook '/home/raoul/Documents/QEES/lab1.2/install/artificial_load/share/artificial_load/hook/cmake_prefix_path.ps1'
[1.560s] INFO:colcon.colcon_core.shell:Creating environment descriptor '/home/raoul/Documents/QEES/lab1.2/install/artificial_load/share/artificial_load/hook/cmake_prefix_path.dsv'
[1.560s] INFO:colcon.colcon_core.shell:Creating environment hook '/home/raoul/Documents/QEES/lab1.2/install/artificial_load/share/artificial_load/hook/cmake_prefix_path.sh'
[1.563s] Level 1:colcon.colcon_core.environment:checking '/home/raoul/Documents/QEES/lab1.2/install/artificial_load/lib'
[1.563s] Level 1:colcon.colcon_core.environment:checking '/home/raoul/Documents/QEES/lab1.2/install/artificial_load/bin'
[1.563s] Level 1:colcon.colcon_core.environment:checking '/home/raoul/Documents/QEES/lab1.2/install/artificial_load/lib/pkgconfig/artificial_load.pc'
[1.564s] Level 1:colcon.colcon_core.environment:checking '/home/raoul/Documents/QEES/lab1.2/install/artificial_load/lib/python3.6/site-packages'
[1.564s] Level 1:colcon.colcon_core.environment:checking '/home/raoul/Documents/QEES/lab1.2/install/artificial_load/bin'
[1.566s] INFO:colcon.colcon_core.shell:Creating package script '/home/raoul/Documents/QEES/lab1.2/install/artificial_load/share/artificial_load/package.ps1'
[1.567s] INFO:colcon.colcon_core.shell:Creating package descriptor '/home/raoul/Documents/QEES/lab1.2/install/artificial_load/share/artificial_load/package.dsv'
[1.568s] INFO:colcon.colcon_core.shell:Creating package script '/home/raoul/Documents/QEES/lab1.2/install/artificial_load/share/artificial_load/package.sh'
[1.570s] INFO:colcon.colcon_core.shell:Creating package script '/home/raoul/Documents/QEES/lab1.2/install/artificial_load/share/artificial_load/package.bash'
[1.571s] INFO:colcon.colcon_core.shell:Creating package script '/home/raoul/Documents/QEES/lab1.2/install/artificial_load/share/artificial_load/package.zsh'
[1.572s] Level 1:colcon.colcon_core.environment:create_file_with_runtime_dependencies(/home/raoul/Documents/QEES/lab1.2/install/artificial_load/share/colcon-core/packages/artificial_load)
[1.582s] Level 1:colcon.colcon_core.environment:create_environment_scripts_only(intraprocess_eval)
[1.583s] Level 1:colcon.colcon_core.environment:checking '/home/raoul/Documents/QEES/lab1.2/install/intraprocess_eval' for CMake module files
[1.584s] Level 1:colcon.colcon_core.environment:checking '/home/raoul/Documents/QEES/lab1.2/install/intraprocess_eval' for CMake config files
[1.585s] Level 1:colcon.colcon_core.shell:create_environment_hook('intraprocess_eval', 'cmake_prefix_path')
[1.586s] INFO:colcon.colcon_core.shell:Creating environment hook '/home/raoul/Documents/QEES/lab1.2/install/intraprocess_eval/share/intraprocess_eval/hook/cmake_prefix_path.ps1'
[1.587s] INFO:colcon.colcon_core.shell:Creating environment descriptor '/home/raoul/Documents/QEES/lab1.2/install/intraprocess_eval/share/intraprocess_eval/hook/cmake_prefix_path.dsv'
[1.588s] INFO:colcon.colcon_core.shell:Creating environment hook '/home/raoul/Documents/QEES/lab1.2/install/intraprocess_eval/share/intraprocess_eval/hook/cmake_prefix_path.sh'
[1.590s] Level 1:colcon.colcon_core.environment:checking '/home/raoul/Documents/QEES/lab1.2/install/intraprocess_eval/lib'
[1.590s] Level 1:colcon.colcon_core.environment:checking '/home/raoul/Documents/QEES/lab1.2/install/intraprocess_eval/bin'
[1.590s] Level 1:colcon.colcon_core.environment:checking '/home/raoul/Documents/QEES/lab1.2/install/intraprocess_eval/lib/pkgconfig/intraprocess_eval.pc'
[1.591s] Level 1:colcon.colcon_core.environment:checking '/home/raoul/Documents/QEES/lab1.2/install/intraprocess_eval/lib/python3.6/site-packages'
[1.592s] Level 1:colcon.colcon_core.environment:checking '/home/raoul/Documents/QEES/lab1.2/install/intraprocess_eval/bin'
[1.592s] INFO:colcon.colcon_core.shell:Creating package script '/home/raoul/Documents/QEES/lab1.2/install/intraprocess_eval/share/intraprocess_eval/package.ps1'
[1.593s] INFO:colcon.colcon_core.shell:Creating package descriptor '/home/raoul/Documents/QEES/lab1.2/install/intraprocess_eval/share/intraprocess_eval/package.dsv'
[1.594s] INFO:colcon.colcon_core.shell:Creating package script '/home/raoul/Documents/QEES/lab1.2/install/intraprocess_eval/share/intraprocess_eval/package.sh'
[1.595s] INFO:colcon.colcon_core.shell:Creating package script '/home/raoul/Documents/QEES/lab1.2/install/intraprocess_eval/share/intraprocess_eval/package.bash'
[1.596s] INFO:colcon.colcon_core.shell:Creating package script '/home/raoul/Documents/QEES/lab1.2/install/intraprocess_eval/share/intraprocess_eval/package.zsh'
[1.597s] Level 1:colcon.colcon_core.environment:create_file_with_runtime_dependencies(/home/raoul/Documents/QEES/lab1.2/install/intraprocess_eval/share/colcon-core/packages/intraprocess_eval)
[1.618s] Level 1:colcon.colcon_core.environment:create_environment_scripts_only(interprocess_remote_eval)
[1.618s] Level 1:colcon.colcon_core.environment:checking '/home/raoul/Documents/QEES/lab1.2/install/interprocess_remote_eval' for CMake module files
[1.619s] Level 1:colcon.colcon_core.environment:checking '/home/raoul/Documents/QEES/lab1.2/install/interprocess_remote_eval' for CMake config files
[1.620s] Level 1:colcon.colcon_core.shell:create_environment_hook('interprocess_remote_eval', 'cmake_prefix_path')
[1.621s] INFO:colcon.colcon_core.shell:Creating environment hook '/home/raoul/Documents/QEES/lab1.2/install/interprocess_remote_eval/share/interprocess_remote_eval/hook/cmake_prefix_path.ps1'
[1.622s] INFO:colcon.colcon_core.shell:Creating environment descriptor '/home/raoul/Documents/QEES/lab1.2/install/interprocess_remote_eval/share/interprocess_remote_eval/hook/cmake_prefix_path.dsv'
[1.623s] INFO:colcon.colcon_core.shell:Creating environment hook '/home/raoul/Documents/QEES/lab1.2/install/interprocess_remote_eval/share/interprocess_remote_eval/hook/cmake_prefix_path.sh'
[1.624s] Level 1:colcon.colcon_core.environment:checking '/home/raoul/Documents/QEES/lab1.2/install/interprocess_remote_eval/lib'
[1.625s] Level 1:colcon.colcon_core.environment:checking '/home/raoul/Documents/QEES/lab1.2/install/interprocess_remote_eval/bin'
[1.625s] Level 1:colcon.colcon_core.environment:checking '/home/raoul/Documents/QEES/lab1.2/install/interprocess_remote_eval/lib/pkgconfig/interprocess_remote_eval.pc'
[1.625s] Level 1:colcon.colcon_core.environment:checking '/home/raoul/Documents/QEES/lab1.2/install/interprocess_remote_eval/lib/python3.6/site-packages'
[1.625s] Level 1:colcon.colcon_core.environment:checking '/home/raoul/Documents/QEES/lab1.2/install/interprocess_remote_eval/bin'
[1.626s] INFO:colcon.colcon_core.shell:Creating package script '/home/raoul/Documents/QEES/lab1.2/install/interprocess_remote_eval/share/interprocess_remote_eval/package.ps1'
[1.627s] INFO:colcon.colcon_core.shell:Creating package descriptor '/home/raoul/Documents/QEES/lab1.2/install/interprocess_remote_eval/share/interprocess_remote_eval/package.dsv'
[1.628s] INFO:colcon.colcon_core.shell:Creating package script '/home/raoul/Documents/QEES/lab1.2/install/interprocess_remote_eval/share/interprocess_remote_eval/package.sh'
[1.629s] INFO:colcon.colcon_core.shell:Creating package script '/home/raoul/Documents/QEES/lab1.2/install/interprocess_remote_eval/share/interprocess_remote_eval/package.bash'
[1.629s] INFO:colcon.colcon_core.shell:Creating package script '/home/raoul/Documents/QEES/lab1.2/install/interprocess_remote_eval/share/interprocess_remote_eval/package.zsh'
[1.630s] Level 1:colcon.colcon_core.environment:create_file_with_runtime_dependencies(/home/raoul/Documents/QEES/lab1.2/install/interprocess_remote_eval/share/colcon-core/packages/interprocess_remote_eval)
[3.729s] DEBUG:colcon.colcon_core.event_handler.log_command:Invoked command in '/home/raoul/Documents/QEES/lab1.2/build/interprocess_eval' returned '2': CMAKE_PREFIX_PATH=${CMAKE_PREFIX_PATH}:/opt/ros/dashing /usr/bin/cmake --build /home/raoul/Documents/QEES/lab1.2/build/interprocess_eval -- -j8 -l8
[3.799s] Level 1:colcon.colcon_core.environment:create_environment_scripts_only(interprocess_eval)
[3.799s] Level 1:colcon.colcon_core.environment:checking '/home/raoul/Documents/QEES/lab1.2/install/interprocess_eval' for CMake module files
[3.800s] Level 1:colcon.colcon_core.environment:checking '/home/raoul/Documents/QEES/lab1.2/install/interprocess_eval' for CMake config files
[3.801s] Level 1:colcon.colcon_core.shell:create_environment_hook('interprocess_eval', 'cmake_prefix_path')
[3.801s] INFO:colcon.colcon_core.shell:Creating environment hook '/home/raoul/Documents/QEES/lab1.2/install/interprocess_eval/share/interprocess_eval/hook/cmake_prefix_path.ps1'
[3.802s] INFO:colcon.colcon_core.shell:Creating environment descriptor '/home/raoul/Documents/QEES/lab1.2/install/interprocess_eval/share/interprocess_eval/hook/cmake_prefix_path.dsv'
[3.803s] INFO:colcon.colcon_core.shell:Creating environment hook '/home/raoul/Documents/QEES/lab1.2/install/interprocess_eval/share/interprocess_eval/hook/cmake_prefix_path.sh'
[3.804s] Level 1:colcon.colcon_core.environment:checking '/home/raoul/Documents/QEES/lab1.2/install/interprocess_eval/lib'
[3.805s] Level 1:colcon.colcon_core.environment:checking '/home/raoul/Documents/QEES/lab1.2/install/interprocess_eval/bin'
[3.805s] Level 1:colcon.colcon_core.environment:checking '/home/raoul/Documents/QEES/lab1.2/install/interprocess_eval/lib/pkgconfig/interprocess_eval.pc'
[3.805s] Level 1:colcon.colcon_core.environment:checking '/home/raoul/Documents/QEES/lab1.2/install/interprocess_eval/lib/python3.6/site-packages'
[3.805s] Level 1:colcon.colcon_core.environment:checking '/home/raoul/Documents/QEES/lab1.2/install/interprocess_eval/bin'
[3.806s] INFO:colcon.colcon_core.shell:Creating package script '/home/raoul/Documents/QEES/lab1.2/install/interprocess_eval/share/interprocess_eval/package.ps1'
[3.807s] INFO:colcon.colcon_core.shell:Creating package descriptor '/home/raoul/Documents/QEES/lab1.2/install/interprocess_eval/share/interprocess_eval/package.dsv'
[3.807s] INFO:colcon.colcon_core.shell:Creating package script '/home/raoul/Documents/QEES/lab1.2/install/interprocess_eval/share/interprocess_eval/package.sh'
[3.808s] INFO:colcon.colcon_core.shell:Creating package script '/home/raoul/Documents/QEES/lab1.2/install/interprocess_eval/share/interprocess_eval/package.bash'
[3.809s] INFO:colcon.colcon_core.shell:Creating package script '/home/raoul/Documents/QEES/lab1.2/install/interprocess_eval/share/interprocess_eval/package.zsh'
[3.809s] Level 1:colcon.colcon_core.environment:create_file_with_runtime_dependencies(/home/raoul/Documents/QEES/lab1.2/install/interprocess_eval/share/colcon-core/packages/interprocess_eval)
[3.810s] DEBUG:colcon.colcon_parallel_executor.executor.parallel:closing loop
[3.812s] DEBUG:colcon.colcon_parallel_executor.executor.parallel:loop closed
[3.812s] DEBUG:colcon.colcon_parallel_executor.executor.parallel:run_until_complete finished with '2'
[3.813s] DEBUG:colcon.colcon_core.event_reactor:joining thread
[3.821s] INFO:colcon.colcon_core.plugin_system:Skipping extension 'colcon_notification.desktop_notification.terminal_notifier': Not used on non-Darwin systems
[3.821s] INFO:colcon.colcon_core.plugin_system:Skipping extension 'colcon_notification.desktop_notification.win32': Not used on non-Windows systems
[3.821s] INFO:colcon.colcon_notification.desktop_notification:Sending desktop notification using 'notify2'
[3.837s] DEBUG:colcon.colcon_notification.desktop_notification.notify2:Failed to initialize notify2: org.freedesktop.DBus.Error.ServiceUnknown: The name org.freedesktop.Notifications was not provided by any .service files
[3.838s] DEBUG:colcon.colcon_core.event_reactor:joined thread
[3.839s] INFO:colcon.colcon_core.shell:Creating prefix script '/home/raoul/Documents/QEES/lab1.2/install/local_setup.ps1'
[3.841s] INFO:colcon.colcon_core.shell:Creating prefix util module '/home/raoul/Documents/QEES/lab1.2/install/_local_setup_util_ps1.py'
[3.843s] INFO:colcon.colcon_core.shell:Creating prefix chain script '/home/raoul/Documents/QEES/lab1.2/install/setup.ps1'
[3.846s] INFO:colcon.colcon_core.shell:Creating prefix script '/home/raoul/Documents/QEES/lab1.2/install/local_setup.sh'
[3.846s] INFO:colcon.colcon_core.shell:Creating prefix util module '/home/raoul/Documents/QEES/lab1.2/install/_local_setup_util_sh.py'
[3.847s] INFO:colcon.colcon_core.shell:Creating prefix chain script '/home/raoul/Documents/QEES/lab1.2/install/setup.sh'
[3.849s] INFO:colcon.colcon_core.shell:Creating prefix script '/home/raoul/Documents/QEES/lab1.2/install/local_setup.bash'
[3.850s] INFO:colcon.colcon_core.shell:Creating prefix chain script '/home/raoul/Documents/QEES/lab1.2/install/setup.bash'
[3.852s] INFO:colcon.colcon_core.shell:Creating prefix script '/home/raoul/Documents/QEES/lab1.2/install/local_setup.zsh'
[3.853s] INFO:colcon.colcon_core.shell:Creating prefix chain script '/home/raoul/Documents/QEES/lab1.2/install/setup.zsh'
