[0.053s] Invoking command in '/home/raoul/Documents/QEES/lab1.2/build/artificial_load': CMAKE_PREFIX_PATH=${CMAKE_PREFIX_PATH}:/opt/ros/dashing /usr/bin/cmake --build /home/raoul/Documents/QEES/lab1.2/build/artificial_load -- -j8 -l8
[0.218s] [100%] Built target CPU_load
[0.293s] Invoked command in '/home/raoul/Documents/QEES/lab1.2/build/artificial_load' returned '0': CMAKE_PREFIX_PATH=${CMAKE_PREFIX_PATH}:/opt/ros/dashing /usr/bin/cmake --build /home/raoul/Documents/QEES/lab1.2/build/artificial_load -- -j8 -l8
[0.521s] Invoking command in '/home/raoul/Documents/QEES/lab1.2/build/artificial_load': CMAKE_PREFIX_PATH=${CMAKE_PREFIX_PATH}:/opt/ros/dashing /usr/bin/cmake --build /home/raoul/Documents/QEES/lab1.2/build/artificial_load --target install -- -j8 -l8
[0.695s] [100%] Built target CPU_load
[0.888s] [36mInstall the project...[0m
[0.944s] -- Install configuration: ""
[0.946s] -- Execute custom install script
[0.948s] -- Up-to-date symlink: /home/raoul/Documents/QEES/lab1.2/install/artificial_load/lib/artificial_load/CPU_load
[0.949s] -- Up-to-date symlink: /home/raoul/Documents/QEES/lab1.2/install/artificial_load/share/ament_index/resource_index/package_run_dependencies/artificial_load
[0.950s] -- Up-to-date symlink: /home/raoul/Documents/QEES/lab1.2/install/artificial_load/share/ament_index/resource_index/parent_prefix_path/artificial_load
[0.951s] -- Up-to-date symlink: /home/raoul/Documents/QEES/lab1.2/install/artificial_load/share/artificial_load/environment/ament_prefix_path.sh
[0.952s] -- Up-to-date symlink: /home/raoul/Documents/QEES/lab1.2/install/artificial_load/share/artificial_load/environment/path.sh
[0.953s] -- Up-to-date symlink: /home/raoul/Documents/QEES/lab1.2/install/artificial_load/share/artificial_load/local_setup.bash
[0.954s] -- Up-to-date symlink: /home/raoul/Documents/QEES/lab1.2/install/artificial_load/share/artificial_load/local_setup.sh
[0.955s] -- Up-to-date symlink: /home/raoul/Documents/QEES/lab1.2/install/artificial_load/share/artificial_load/local_setup.zsh
[0.956s] -- Up-to-date symlink: /home/raoul/Documents/QEES/lab1.2/install/artificial_load/share/ament_index/resource_index/packages/artificial_load
[0.957s] -- Up-to-date symlink: /home/raoul/Documents/QEES/lab1.2/install/artificial_load/share/artificial_load/cmake/artificial_loadConfig.cmake
[0.958s] -- Up-to-date symlink: /home/raoul/Documents/QEES/lab1.2/install/artificial_load/share/artificial_load/cmake/artificial_loadConfig-version.cmake
[0.959s] -- Up-to-date symlink: /home/raoul/Documents/QEES/lab1.2/install/artificial_load/share/artificial_load/package.xml
[0.970s] Invoked command in '/home/raoul/Documents/QEES/lab1.2/build/artificial_load' returned '0': CMAKE_PREFIX_PATH=${CMAKE_PREFIX_PATH}:/opt/ros/dashing /usr/bin/cmake --build /home/raoul/Documents/QEES/lab1.2/build/artificial_load --target install -- -j8 -l8
