[0.053s] Invoking command in '/home/raoul/Documents/QEES/lab1.2/build/artificial_load': CMAKE_PREFIX_PATH=${CMAKE_PREFIX_PATH}:/opt/ros/dashing /usr/bin/cmake --build /home/raoul/Documents/QEES/lab1.2/build/artificial_load -- -j8 -l8
[0.290s] [100%] Built target CPU_load
[0.337s] Invoked command in '/home/raoul/Documents/QEES/lab1.2/build/artificial_load' returned '0': CMAKE_PREFIX_PATH=${CMAKE_PREFIX_PATH}:/opt/ros/dashing /usr/bin/cmake --build /home/raoul/Documents/QEES/lab1.2/build/artificial_load -- -j8 -l8
[0.649s] Invoking command in '/home/raoul/Documents/QEES/lab1.2/build/artificial_load': CMAKE_PREFIX_PATH=${CMAKE_PREFIX_PATH}:/opt/ros/dashing /usr/bin/cmake --build /home/raoul/Documents/QEES/lab1.2/build/artificial_load --target install -- -j8 -l8
[1.108s] [100%] Built target CPU_load
[1.436s] [36mInstall the project...[0m
[1.638s] -- Install configuration: ""
[1.639s] -- Execute custom install script
[1.640s] -- Up-to-date symlink: /home/raoul/Documents/QEES/lab1.2/install/artificial_load/lib/artificial_load/CPU_load
[1.641s] -- Up-to-date symlink: /home/raoul/Documents/QEES/lab1.2/install/artificial_load/share/ament_index/resource_index/package_run_dependencies/artificial_load
[1.642s] -- Up-to-date symlink: /home/raoul/Documents/QEES/lab1.2/install/artificial_load/share/ament_index/resource_index/parent_prefix_path/artificial_load
[1.643s] -- Up-to-date symlink: /home/raoul/Documents/QEES/lab1.2/install/artificial_load/share/artificial_load/environment/ament_prefix_path.sh
[1.643s] -- Up-to-date symlink: /home/raoul/Documents/QEES/lab1.2/install/artificial_load/share/artificial_load/environment/path.sh
[1.644s] -- Up-to-date symlink: /home/raoul/Documents/QEES/lab1.2/install/artificial_load/share/artificial_load/local_setup.bash
[1.669s] -- Up-to-date symlink: /home/raoul/Documents/QEES/lab1.2/install/artificial_load/share/artificial_load/local_setup.sh
[1.670s] -- Up-to-date symlink: /home/raoul/Documents/QEES/lab1.2/install/artificial_load/share/artificial_load/local_setup.zsh
[1.671s] -- Up-to-date symlink: /home/raoul/Documents/QEES/lab1.2/install/artificial_load/share/ament_index/resource_index/packages/artificial_load
[1.685s] -- Up-to-date symlink: /home/raoul/Documents/QEES/lab1.2/install/artificial_load/share/artificial_load/cmake/artificial_loadConfig.cmake
[1.685s] -- Up-to-date symlink: /home/raoul/Documents/QEES/lab1.2/install/artificial_load/share/artificial_load/cmake/artificial_loadConfig-version.cmake
[1.686s] -- Up-to-date symlink: /home/raoul/Documents/QEES/lab1.2/install/artificial_load/share/artificial_load/package.xml
[1.695s] Invoked command in '/home/raoul/Documents/QEES/lab1.2/build/artificial_load' returned '0': CMAKE_PREFIX_PATH=${CMAKE_PREFIX_PATH}:/opt/ros/dashing /usr/bin/cmake --build /home/raoul/Documents/QEES/lab1.2/build/artificial_load --target install -- -j8 -l8
