[0.198s] DEBUG:colcon:Command line arguments: ['/usr/bin/colcon', 'build', '--symlink-install']
[0.198s] DEBUG:colcon:Parsed command line arguments: Namespace(allow_overriding=[], ament_cmake_args=None, base_paths=['.'], build_base='build', catkin_cmake_args=None, catkin_skip_building_tests=False, cmake_args=None, cmake_clean_cache=False, cmake_clean_first=False, cmake_force_configure=False, cmake_target=None, cmake_target_skip_unavailable=False, continue_on_error=False, event_handlers=None, executor='parallel', ignore_user_meta=False, install_base='install', log_base=None, log_level=None, main=<bound method BuildVerb.main of <colcon_core.verb.build.BuildVerb object at 0x7fe96176a4a8>>, merge_install=False, metas=['./colcon.meta'], packages_above=None, packages_above_and_dependencies=None, packages_above_depth=None, packages_end=None, packages_ignore=None, packages_ignore_regex=None, packages_select=None, packages_select_build_failed=False, packages_select_by_dep=None, packages_select_regex=None, packages_select_test_failures=False, packages_skip=None, packages_skip_build_finished=False, packages_skip_by_dep=None, packages_skip_regex=None, packages_skip_test_passed=False, packages_skip_up_to=None, packages_start=None, packages_up_to=None, packages_up_to_regex=None, parallel_workers=8, paths=None, symlink_install=True, test_result_base=None, verb_extension=<colcon_core.verb.build.BuildVerb object at 0x7fe96176a4a8>, verb_name='build', verb_parser=<colcon_defaults.argument_parser.defaults.DefaultArgumentsDecorator object at 0x7fe96176a7f0>)
[0.234s] Level 1:colcon.colcon_core.package_discovery:discover_packages(colcon_meta) check parameters
[0.234s] Level 1:colcon.colcon_core.package_discovery:discover_packages(recursive) check parameters
[0.234s] Level 1:colcon.colcon_core.package_discovery:discover_packages(ignore) check parameters
[0.234s] Level 1:colcon.colcon_core.package_discovery:discover_packages(path) check parameters
[0.234s] Level 1:colcon.colcon_core.package_discovery:discover_packages(colcon_meta) discover
[0.235s] Level 1:colcon.colcon_core.package_discovery:discover_packages(recursive) discover
[0.235s] INFO:colcon.colcon_core.package_discovery:Crawling recursively for packages in '/home/raoul/Documents/QEES/lab1.2'
[0.235s] Level 1:colcon.colcon_core.package_identification:_identify(.) by extensions ['ignore', 'ignore_ament_install']
[0.235s] Level 1:colcon.colcon_core.package_identification:_identify(.) by extension 'ignore'
[0.235s] Level 1:colcon.colcon_core.package_identification:_identify(.) by extension 'ignore_ament_install'
[0.235s] Level 1:colcon.colcon_core.package_identification:_identify(.) by extensions ['colcon_pkg']
[0.235s] Level 1:colcon.colcon_core.package_identification:_identify(.) by extension 'colcon_pkg'
[0.235s] Level 1:colcon.colcon_core.package_identification:_identify(.) by extensions ['colcon_meta']
[0.235s] Level 1:colcon.colcon_core.package_identification:_identify(.) by extension 'colcon_meta'
[0.235s] Level 1:colcon.colcon_core.package_identification:_identify(.) by extensions ['ros']
[0.236s] Level 1:colcon.colcon_core.package_identification:_identify(.) by extension 'ros'
[0.258s] Level 1:colcon.colcon_core.package_identification:_identify(.) by extensions ['cmake', 'python']
[0.259s] Level 1:colcon.colcon_core.package_identification:_identify(.) by extension 'cmake'
[0.259s] Level 1:colcon.colcon_core.package_identification:_identify(.) by extension 'python'
[0.259s] Level 1:colcon.colcon_core.package_identification:_identify(.) by extensions ['python_setup_py']
[0.259s] Level 1:colcon.colcon_core.package_identification:_identify(.) by extension 'python_setup_py'
[0.259s] Level 1:colcon.colcon_core.package_identification:_identify(build) by extensions ['ignore', 'ignore_ament_install']
[0.259s] Level 1:colcon.colcon_core.package_identification:_identify(build) by extension 'ignore'
[0.259s] Level 1:colcon.colcon_core.package_identification:_identify(build) ignored
[0.260s] Level 1:colcon.colcon_core.package_identification:_identify(evaluation) by extensions ['ignore', 'ignore_ament_install']
[0.260s] Level 1:colcon.colcon_core.package_identification:_identify(evaluation) by extension 'ignore'
[0.260s] Level 1:colcon.colcon_core.package_identification:_identify(evaluation) by extension 'ignore_ament_install'
[0.260s] Level 1:colcon.colcon_core.package_identification:_identify(evaluation) by extensions ['colcon_pkg']
[0.260s] Level 1:colcon.colcon_core.package_identification:_identify(evaluation) by extension 'colcon_pkg'
[0.260s] Level 1:colcon.colcon_core.package_identification:_identify(evaluation) by extensions ['colcon_meta']
[0.260s] Level 1:colcon.colcon_core.package_identification:_identify(evaluation) by extension 'colcon_meta'
[0.261s] Level 1:colcon.colcon_core.package_identification:_identify(evaluation) by extensions ['ros']
[0.261s] Level 1:colcon.colcon_core.package_identification:_identify(evaluation) by extension 'ros'
[0.261s] Level 1:colcon.colcon_core.package_identification:_identify(evaluation) by extensions ['cmake', 'python']
[0.261s] Level 1:colcon.colcon_core.package_identification:_identify(evaluation) by extension 'cmake'
[0.261s] Level 1:colcon.colcon_core.package_identification:_identify(evaluation) by extension 'python'
[0.261s] Level 1:colcon.colcon_core.package_identification:_identify(evaluation) by extensions ['python_setup_py']
[0.261s] Level 1:colcon.colcon_core.package_identification:_identify(evaluation) by extension 'python_setup_py'
[0.262s] Level 1:colcon.colcon_core.package_identification:_identify(evaluation/ack_time) by extensions ['ignore', 'ignore_ament_install']
[0.262s] Level 1:colcon.colcon_core.package_identification:_identify(evaluation/ack_time) by extension 'ignore'
[0.262s] Level 1:colcon.colcon_core.package_identification:_identify(evaluation/ack_time) by extension 'ignore_ament_install'
[0.263s] Level 1:colcon.colcon_core.package_identification:_identify(evaluation/ack_time) by extensions ['colcon_pkg']
[0.263s] Level 1:colcon.colcon_core.package_identification:_identify(evaluation/ack_time) by extension 'colcon_pkg'
[0.263s] Level 1:colcon.colcon_core.package_identification:_identify(evaluation/ack_time) by extensions ['colcon_meta']
[0.263s] Level 1:colcon.colcon_core.package_identification:_identify(evaluation/ack_time) by extension 'colcon_meta'
[0.263s] Level 1:colcon.colcon_core.package_identification:_identify(evaluation/ack_time) by extensions ['ros']
[0.263s] Level 1:colcon.colcon_core.package_identification:_identify(evaluation/ack_time) by extension 'ros'
[0.263s] Level 1:colcon.colcon_core.package_identification:_identify(evaluation/ack_time) by extensions ['cmake', 'python']
[0.264s] Level 1:colcon.colcon_core.package_identification:_identify(evaluation/ack_time) by extension 'cmake'
[0.264s] Level 1:colcon.colcon_core.package_identification:_identify(evaluation/ack_time) by extension 'python'
[0.264s] Level 1:colcon.colcon_core.package_identification:_identify(evaluation/ack_time) by extensions ['python_setup_py']
[0.264s] Level 1:colcon.colcon_core.package_identification:_identify(evaluation/ack_time) by extension 'python_setup_py'
[0.264s] Level 1:colcon.colcon_core.package_identification:_identify(evaluation/byte_data) by extensions ['ignore', 'ignore_ament_install']
[0.264s] Level 1:colcon.colcon_core.package_identification:_identify(evaluation/byte_data) by extension 'ignore'
[0.264s] Level 1:colcon.colcon_core.package_identification:_identify(evaluation/byte_data) by extension 'ignore_ament_install'
[0.264s] Level 1:colcon.colcon_core.package_identification:_identify(evaluation/byte_data) by extensions ['colcon_pkg']
[0.265s] Level 1:colcon.colcon_core.package_identification:_identify(evaluation/byte_data) by extension 'colcon_pkg'
[0.265s] Level 1:colcon.colcon_core.package_identification:_identify(evaluation/byte_data) by extensions ['colcon_meta']
[0.265s] Level 1:colcon.colcon_core.package_identification:_identify(evaluation/byte_data) by extension 'colcon_meta'
[0.265s] Level 1:colcon.colcon_core.package_identification:_identify(evaluation/byte_data) by extensions ['ros']
[0.265s] Level 1:colcon.colcon_core.package_identification:_identify(evaluation/byte_data) by extension 'ros'
[0.265s] Level 1:colcon.colcon_core.package_identification:_identify(evaluation/byte_data) by extensions ['cmake', 'python']
[0.265s] Level 1:colcon.colcon_core.package_identification:_identify(evaluation/byte_data) by extension 'cmake'
[0.265s] Level 1:colcon.colcon_core.package_identification:_identify(evaluation/byte_data) by extension 'python'
[0.265s] Level 1:colcon.colcon_core.package_identification:_identify(evaluation/byte_data) by extensions ['python_setup_py']
[0.265s] Level 1:colcon.colcon_core.package_identification:_identify(evaluation/byte_data) by extension 'python_setup_py'
[0.266s] Level 1:colcon.colcon_core.package_identification:_identify(evaluation/convert_msg) by extensions ['ignore', 'ignore_ament_install']
[0.266s] Level 1:colcon.colcon_core.package_identification:_identify(evaluation/convert_msg) by extension 'ignore'
[0.266s] Level 1:colcon.colcon_core.package_identification:_identify(evaluation/convert_msg) by extension 'ignore_ament_install'
[0.266s] Level 1:colcon.colcon_core.package_identification:_identify(evaluation/convert_msg) by extensions ['colcon_pkg']
[0.266s] Level 1:colcon.colcon_core.package_identification:_identify(evaluation/convert_msg) by extension 'colcon_pkg'
[0.266s] Level 1:colcon.colcon_core.package_identification:_identify(evaluation/convert_msg) by extensions ['colcon_meta']
[0.266s] Level 1:colcon.colcon_core.package_identification:_identify(evaluation/convert_msg) by extension 'colcon_meta'
[0.266s] Level 1:colcon.colcon_core.package_identification:_identify(evaluation/convert_msg) by extensions ['ros']
[0.266s] Level 1:colcon.colcon_core.package_identification:_identify(evaluation/convert_msg) by extension 'ros'
[0.267s] Level 1:colcon.colcon_core.package_identification:_identify(evaluation/convert_msg) by extensions ['cmake', 'python']
[0.267s] Level 1:colcon.colcon_core.package_identification:_identify(evaluation/convert_msg) by extension 'cmake'
[0.267s] Level 1:colcon.colcon_core.package_identification:_identify(evaluation/convert_msg) by extension 'python'
[0.267s] Level 1:colcon.colcon_core.package_identification:_identify(evaluation/convert_msg) by extensions ['python_setup_py']
[0.267s] Level 1:colcon.colcon_core.package_identification:_identify(evaluation/convert_msg) by extension 'python_setup_py'
[0.267s] Level 1:colcon.colcon_core.package_identification:_identify(evaluation/dds_time) by extensions ['ignore', 'ignore_ament_install']
[0.267s] Level 1:colcon.colcon_core.package_identification:_identify(evaluation/dds_time) by extension 'ignore'
[0.267s] Level 1:colcon.colcon_core.package_identification:_identify(evaluation/dds_time) by extension 'ignore_ament_install'
[0.267s] Level 1:colcon.colcon_core.package_identification:_identify(evaluation/dds_time) by extensions ['colcon_pkg']
[0.267s] Level 1:colcon.colcon_core.package_identification:_identify(evaluation/dds_time) by extension 'colcon_pkg'
[0.268s] Level 1:colcon.colcon_core.package_identification:_identify(evaluation/dds_time) by extensions ['colcon_meta']
[0.268s] Level 1:colcon.colcon_core.package_identification:_identify(evaluation/dds_time) by extension 'colcon_meta'
[0.268s] Level 1:colcon.colcon_core.package_identification:_identify(evaluation/dds_time) by extensions ['ros']
[0.268s] Level 1:colcon.colcon_core.package_identification:_identify(evaluation/dds_time) by extension 'ros'
[0.268s] Level 1:colcon.colcon_core.package_identification:_identify(evaluation/dds_time) by extensions ['cmake', 'python']
[0.268s] Level 1:colcon.colcon_core.package_identification:_identify(evaluation/dds_time) by extension 'cmake'
[0.268s] Level 1:colcon.colcon_core.package_identification:_identify(evaluation/dds_time) by extension 'python'
[0.268s] Level 1:colcon.colcon_core.package_identification:_identify(evaluation/dds_time) by extensions ['python_setup_py']
[0.268s] Level 1:colcon.colcon_core.package_identification:_identify(evaluation/dds_time) by extension 'python_setup_py'
[0.268s] Level 1:colcon.colcon_core.package_identification:_identify(evaluation/publish_time) by extensions ['ignore', 'ignore_ament_install']
[0.269s] Level 1:colcon.colcon_core.package_identification:_identify(evaluation/publish_time) by extension 'ignore'
[0.269s] Level 1:colcon.colcon_core.package_identification:_identify(evaluation/publish_time) by extension 'ignore_ament_install'
[0.269s] Level 1:colcon.colcon_core.package_identification:_identify(evaluation/publish_time) by extensions ['colcon_pkg']
[0.269s] Level 1:colcon.colcon_core.package_identification:_identify(evaluation/publish_time) by extension 'colcon_pkg'
[0.269s] Level 1:colcon.colcon_core.package_identification:_identify(evaluation/publish_time) by extensions ['colcon_meta']
[0.269s] Level 1:colcon.colcon_core.package_identification:_identify(evaluation/publish_time) by extension 'colcon_meta'
[0.269s] Level 1:colcon.colcon_core.package_identification:_identify(evaluation/publish_time) by extensions ['ros']
[0.269s] Level 1:colcon.colcon_core.package_identification:_identify(evaluation/publish_time) by extension 'ros'
[0.269s] Level 1:colcon.colcon_core.package_identification:_identify(evaluation/publish_time) by extensions ['cmake', 'python']
[0.269s] Level 1:colcon.colcon_core.package_identification:_identify(evaluation/publish_time) by extension 'cmake'
[0.269s] Level 1:colcon.colcon_core.package_identification:_identify(evaluation/publish_time) by extension 'python'
[0.270s] Level 1:colcon.colcon_core.package_identification:_identify(evaluation/publish_time) by extensions ['python_setup_py']
[0.270s] Level 1:colcon.colcon_core.package_identification:_identify(evaluation/publish_time) by extension 'python_setup_py'
[0.270s] Level 1:colcon.colcon_core.package_identification:_identify(evaluation/subscribe_time) by extensions ['ignore', 'ignore_ament_install']
[0.270s] Level 1:colcon.colcon_core.package_identification:_identify(evaluation/subscribe_time) by extension 'ignore'
[0.270s] Level 1:colcon.colcon_core.package_identification:_identify(evaluation/subscribe_time) by extension 'ignore_ament_install'
[0.270s] Level 1:colcon.colcon_core.package_identification:_identify(evaluation/subscribe_time) by extensions ['colcon_pkg']
[0.270s] Level 1:colcon.colcon_core.package_identification:_identify(evaluation/subscribe_time) by extension 'colcon_pkg'
[0.270s] Level 1:colcon.colcon_core.package_identification:_identify(evaluation/subscribe_time) by extensions ['colcon_meta']
[0.270s] Level 1:colcon.colcon_core.package_identification:_identify(evaluation/subscribe_time) by extension 'colcon_meta'
[0.270s] Level 1:colcon.colcon_core.package_identification:_identify(evaluation/subscribe_time) by extensions ['ros']
[0.270s] Level 1:colcon.colcon_core.package_identification:_identify(evaluation/subscribe_time) by extension 'ros'
[0.271s] Level 1:colcon.colcon_core.package_identification:_identify(evaluation/subscribe_time) by extensions ['cmake', 'python']
[0.271s] Level 1:colcon.colcon_core.package_identification:_identify(evaluation/subscribe_time) by extension 'cmake'
[0.271s] Level 1:colcon.colcon_core.package_identification:_identify(evaluation/subscribe_time) by extension 'python'
[0.271s] Level 1:colcon.colcon_core.package_identification:_identify(evaluation/subscribe_time) by extensions ['python_setup_py']
[0.271s] Level 1:colcon.colcon_core.package_identification:_identify(evaluation/subscribe_time) by extension 'python_setup_py'
[0.271s] Level 1:colcon.colcon_core.package_identification:_identify(evaluation/transport_time) by extensions ['ignore', 'ignore_ament_install']
[0.271s] Level 1:colcon.colcon_core.package_identification:_identify(evaluation/transport_time) by extension 'ignore'
[0.271s] Level 1:colcon.colcon_core.package_identification:_identify(evaluation/transport_time) by extension 'ignore_ament_install'
[0.271s] Level 1:colcon.colcon_core.package_identification:_identify(evaluation/transport_time) by extensions ['colcon_pkg']
[0.271s] Level 1:colcon.colcon_core.package_identification:_identify(evaluation/transport_time) by extension 'colcon_pkg'
[0.272s] Level 1:colcon.colcon_core.package_identification:_identify(evaluation/transport_time) by extensions ['colcon_meta']
[0.272s] Level 1:colcon.colcon_core.package_identification:_identify(evaluation/transport_time) by extension 'colcon_meta'
[0.272s] Level 1:colcon.colcon_core.package_identification:_identify(evaluation/transport_time) by extensions ['ros']
[0.272s] Level 1:colcon.colcon_core.package_identification:_identify(evaluation/transport_time) by extension 'ros'
[0.272s] Level 1:colcon.colcon_core.package_identification:_identify(evaluation/transport_time) by extensions ['cmake', 'python']
[0.272s] Level 1:colcon.colcon_core.package_identification:_identify(evaluation/transport_time) by extension 'cmake'
[0.272s] Level 1:colcon.colcon_core.package_identification:_identify(evaluation/transport_time) by extension 'python'
[0.272s] Level 1:colcon.colcon_core.package_identification:_identify(evaluation/transport_time) by extensions ['python_setup_py']
[0.272s] Level 1:colcon.colcon_core.package_identification:_identify(evaluation/transport_time) by extension 'python_setup_py'
[0.272s] Level 1:colcon.colcon_core.package_identification:_identify(install) by extensions ['ignore', 'ignore_ament_install']
[0.273s] Level 1:colcon.colcon_core.package_identification:_identify(install) by extension 'ignore'
[0.273s] Level 1:colcon.colcon_core.package_identification:_identify(install) ignored
[0.273s] Level 1:colcon.colcon_core.package_identification:_identify(log) by extensions ['ignore', 'ignore_ament_install']
[0.273s] Level 1:colcon.colcon_core.package_identification:_identify(log) by extension 'ignore'
[0.273s] Level 1:colcon.colcon_core.package_identification:_identify(log) ignored
[0.273s] Level 1:colcon.colcon_core.package_identification:_identify(src) by extensions ['ignore', 'ignore_ament_install']
[0.274s] Level 1:colcon.colcon_core.package_identification:_identify(src) by extension 'ignore'
[0.274s] Level 1:colcon.colcon_core.package_identification:_identify(src) by extension 'ignore_ament_install'
[0.274s] Level 1:colcon.colcon_core.package_identification:_identify(src) by extensions ['colcon_pkg']
[0.274s] Level 1:colcon.colcon_core.package_identification:_identify(src) by extension 'colcon_pkg'
[0.274s] Level 1:colcon.colcon_core.package_identification:_identify(src) by extensions ['colcon_meta']
[0.274s] Level 1:colcon.colcon_core.package_identification:_identify(src) by extension 'colcon_meta'
[0.274s] Level 1:colcon.colcon_core.package_identification:_identify(src) by extensions ['ros']
[0.274s] Level 1:colcon.colcon_core.package_identification:_identify(src) by extension 'ros'
[0.274s] Level 1:colcon.colcon_core.package_identification:_identify(src) by extensions ['cmake', 'python']
[0.274s] Level 1:colcon.colcon_core.package_identification:_identify(src) by extension 'cmake'
[0.274s] Level 1:colcon.colcon_core.package_identification:_identify(src) by extension 'python'
[0.274s] Level 1:colcon.colcon_core.package_identification:_identify(src) by extensions ['python_setup_py']
[0.275s] Level 1:colcon.colcon_core.package_identification:_identify(src) by extension 'python_setup_py'
[0.275s] Level 1:colcon.colcon_core.package_identification:_identify(src/artificial_load) by extensions ['ignore', 'ignore_ament_install']
[0.275s] Level 1:colcon.colcon_core.package_identification:_identify(src/artificial_load) by extension 'ignore'
[0.275s] Level 1:colcon.colcon_core.package_identification:_identify(src/artificial_load) by extension 'ignore_ament_install'
[0.275s] Level 1:colcon.colcon_core.package_identification:_identify(src/artificial_load) by extensions ['colcon_pkg']
[0.275s] Level 1:colcon.colcon_core.package_identification:_identify(src/artificial_load) by extension 'colcon_pkg'
[0.275s] Level 1:colcon.colcon_core.package_identification:_identify(src/artificial_load) by extensions ['colcon_meta']
[0.275s] Level 1:colcon.colcon_core.package_identification:_identify(src/artificial_load) by extension 'colcon_meta'
[0.275s] Level 1:colcon.colcon_core.package_identification:_identify(src/artificial_load) by extensions ['ros']
[0.275s] Level 1:colcon.colcon_core.package_identification:_identify(src/artificial_load) by extension 'ros'
[0.281s] DEBUG:colcon.colcon_core.package_identification:Package 'src/artificial_load' with type 'ros.ament_cmake' and name 'artificial_load'
[0.281s] Level 1:colcon.colcon_core.package_identification:_identify(src/interprocess_eval) by extensions ['ignore', 'ignore_ament_install']
[0.281s] Level 1:colcon.colcon_core.package_identification:_identify(src/interprocess_eval) by extension 'ignore'
[0.281s] Level 1:colcon.colcon_core.package_identification:_identify(src/interprocess_eval) by extension 'ignore_ament_install'
[0.282s] Level 1:colcon.colcon_core.package_identification:_identify(src/interprocess_eval) by extensions ['colcon_pkg']
[0.282s] Level 1:colcon.colcon_core.package_identification:_identify(src/interprocess_eval) by extension 'colcon_pkg'
[0.282s] Level 1:colcon.colcon_core.package_identification:_identify(src/interprocess_eval) by extensions ['colcon_meta']
[0.282s] Level 1:colcon.colcon_core.package_identification:_identify(src/interprocess_eval) by extension 'colcon_meta'
[0.282s] Level 1:colcon.colcon_core.package_identification:_identify(src/interprocess_eval) by extensions ['ros']
[0.282s] Level 1:colcon.colcon_core.package_identification:_identify(src/interprocess_eval) by extension 'ros'
[0.283s] DEBUG:colcon.colcon_core.package_identification:Package 'src/interprocess_eval' with type 'ros.ament_cmake' and name 'interprocess_eval'
[0.283s] Level 1:colcon.colcon_core.package_identification:_identify(src/interprocess_remote_eval) by extensions ['ignore', 'ignore_ament_install']
[0.284s] Level 1:colcon.colcon_core.package_identification:_identify(src/interprocess_remote_eval) by extension 'ignore'
[0.284s] Level 1:colcon.colcon_core.package_identification:_identify(src/interprocess_remote_eval) by extension 'ignore_ament_install'
[0.284s] Level 1:colcon.colcon_core.package_identification:_identify(src/interprocess_remote_eval) by extensions ['colcon_pkg']
[0.284s] Level 1:colcon.colcon_core.package_identification:_identify(src/interprocess_remote_eval) by extension 'colcon_pkg'
[0.284s] Level 1:colcon.colcon_core.package_identification:_identify(src/interprocess_remote_eval) by extensions ['colcon_meta']
[0.284s] Level 1:colcon.colcon_core.package_identification:_identify(src/interprocess_remote_eval) by extension 'colcon_meta'
[0.284s] Level 1:colcon.colcon_core.package_identification:_identify(src/interprocess_remote_eval) by extensions ['ros']
[0.284s] Level 1:colcon.colcon_core.package_identification:_identify(src/interprocess_remote_eval) by extension 'ros'
[0.286s] DEBUG:colcon.colcon_core.package_identification:Package 'src/interprocess_remote_eval' with type 'ros.ament_cmake' and name 'interprocess_remote_eval'
[0.286s] Level 1:colcon.colcon_core.package_identification:_identify(src/intraprocess_eval) by extensions ['ignore', 'ignore_ament_install']
[0.286s] Level 1:colcon.colcon_core.package_identification:_identify(src/intraprocess_eval) by extension 'ignore'
[0.287s] Level 1:colcon.colcon_core.package_identification:_identify(src/intraprocess_eval) by extension 'ignore_ament_install'
[0.287s] Level 1:colcon.colcon_core.package_identification:_identify(src/intraprocess_eval) by extensions ['colcon_pkg']
[0.287s] Level 1:colcon.colcon_core.package_identification:_identify(src/intraprocess_eval) by extension 'colcon_pkg'
[0.287s] Level 1:colcon.colcon_core.package_identification:_identify(src/intraprocess_eval) by extensions ['colcon_meta']
[0.287s] Level 1:colcon.colcon_core.package_identification:_identify(src/intraprocess_eval) by extension 'colcon_meta'
[0.287s] Level 1:colcon.colcon_core.package_identification:_identify(src/intraprocess_eval) by extensions ['ros']
[0.287s] Level 1:colcon.colcon_core.package_identification:_identify(src/intraprocess_eval) by extension 'ros'
[0.288s] DEBUG:colcon.colcon_core.package_identification:Package 'src/intraprocess_eval' with type 'ros.ament_cmake' and name 'intraprocess_eval'
[0.288s] Level 1:colcon.colcon_core.package_discovery:discover_packages(recursive) using defaults
[0.289s] Level 1:colcon.colcon_core.package_discovery:discover_packages(ignore) discover
[0.289s] Level 1:colcon.colcon_core.package_discovery:discover_packages(ignore) using defaults
[0.289s] Level 1:colcon.colcon_core.package_discovery:discover_packages(path) discover
[0.289s] Level 1:colcon.colcon_core.package_discovery:discover_packages(path) using defaults
[0.317s] Level 1:colcon.colcon_core.package_discovery:discover_packages(prefix_path) check parameters
[0.317s] Level 1:colcon.colcon_core.package_discovery:discover_packages(prefix_path) discover
[0.321s] DEBUG:colcon.colcon_installed_package_information.package_discovery:Found 4 installed packages in /home/raoul/Documents/QEES/lab1.2/install
[0.323s] DEBUG:colcon.colcon_installed_package_information.package_discovery:Found 225 installed packages in /opt/ros/dashing
[0.326s] Level 1:colcon.colcon_core.package_discovery:discover_packages(prefix_path) using defaults
[0.452s] Level 5:colcon.colcon_core.verb:set package 'artificial_load' build argument 'cmake_args' from command line to 'None'
[0.452s] Level 5:colcon.colcon_core.verb:set package 'artificial_load' build argument 'cmake_target' from command line to 'None'
[0.452s] Level 5:colcon.colcon_core.verb:set package 'artificial_load' build argument 'cmake_target_skip_unavailable' from command line to 'False'
[0.452s] Level 5:colcon.colcon_core.verb:set package 'artificial_load' build argument 'cmake_clean_cache' from command line to 'False'
[0.453s] Level 5:colcon.colcon_core.verb:set package 'artificial_load' build argument 'cmake_clean_first' from command line to 'False'
[0.453s] Level 5:colcon.colcon_core.verb:set package 'artificial_load' build argument 'cmake_force_configure' from command line to 'False'
[0.453s] Level 5:colcon.colcon_core.verb:set package 'artificial_load' build argument 'ament_cmake_args' from command line to 'None'
[0.453s] Level 5:colcon.colcon_core.verb:set package 'artificial_load' build argument 'catkin_cmake_args' from command line to 'None'
[0.453s] Level 5:colcon.colcon_core.verb:set package 'artificial_load' build argument 'catkin_skip_building_tests' from command line to 'False'
[0.453s] DEBUG:colcon.colcon_core.verb:Building package 'artificial_load' with the following arguments: {'ament_cmake_args': None, 'build_base': '/home/raoul/Documents/QEES/lab1.2/build/artificial_load', 'catkin_cmake_args': None, 'catkin_skip_building_tests': False, 'cmake_args': None, 'cmake_clean_cache': False, 'cmake_clean_first': False, 'cmake_force_configure': False, 'cmake_target': None, 'cmake_target_skip_unavailable': False, 'install_base': '/home/raoul/Documents/QEES/lab1.2/install/artificial_load', 'merge_install': False, 'path': '/home/raoul/Documents/QEES/lab1.2/src/artificial_load', 'symlink_install': True, 'test_result_base': None}
[0.454s] Level 5:colcon.colcon_core.verb:set package 'interprocess_eval' build argument 'cmake_args' from command line to 'None'
[0.454s] Level 5:colcon.colcon_core.verb:set package 'interprocess_eval' build argument 'cmake_target' from command line to 'None'
[0.454s] Level 5:colcon.colcon_core.verb:set package 'interprocess_eval' build argument 'cmake_target_skip_unavailable' from command line to 'False'
[0.454s] Level 5:colcon.colcon_core.verb:set package 'interprocess_eval' build argument 'cmake_clean_cache' from command line to 'False'
[0.454s] Level 5:colcon.colcon_core.verb:set package 'interprocess_eval' build argument 'cmake_clean_first' from command line to 'False'
[0.454s] Level 5:colcon.colcon_core.verb:set package 'interprocess_eval' build argument 'cmake_force_configure' from command line to 'False'
[0.454s] Level 5:colcon.colcon_core.verb:set package 'interprocess_eval' build argument 'ament_cmake_args' from command line to 'None'
[0.454s] Level 5:colcon.colcon_core.verb:set package 'interprocess_eval' build argument 'catkin_cmake_args' from command line to 'None'
[0.454s] Level 5:colcon.colcon_core.verb:set package 'interprocess_eval' build argument 'catkin_skip_building_tests' from command line to 'False'
[0.454s] DEBUG:colcon.colcon_core.verb:Building package 'interprocess_eval' with the following arguments: {'ament_cmake_args': None, 'build_base': '/home/raoul/Documents/QEES/lab1.2/build/interprocess_eval', 'catkin_cmake_args': None, 'catkin_skip_building_tests': False, 'cmake_args': None, 'cmake_clean_cache': False, 'cmake_clean_first': False, 'cmake_force_configure': False, 'cmake_target': None, 'cmake_target_skip_unavailable': False, 'install_base': '/home/raoul/Documents/QEES/lab1.2/install/interprocess_eval', 'merge_install': False, 'path': '/home/raoul/Documents/QEES/lab1.2/src/interprocess_eval', 'symlink_install': True, 'test_result_base': None}
[0.455s] Level 5:colcon.colcon_core.verb:set package 'interprocess_remote_eval' build argument 'cmake_args' from command line to 'None'
[0.455s] Level 5:colcon.colcon_core.verb:set package 'interprocess_remote_eval' build argument 'cmake_target' from command line to 'None'
[0.455s] Level 5:colcon.colcon_core.verb:set package 'interprocess_remote_eval' build argument 'cmake_target_skip_unavailable' from command line to 'False'
[0.455s] Level 5:colcon.colcon_core.verb:set package 'interprocess_remote_eval' build argument 'cmake_clean_cache' from command line to 'False'
[0.455s] Level 5:colcon.colcon_core.verb:set package 'interprocess_remote_eval' build argument 'cmake_clean_first' from command line to 'False'
[0.455s] Level 5:colcon.colcon_core.verb:set package 'interprocess_remote_eval' build argument 'cmake_force_configure' from command line to 'False'
[0.455s] Level 5:colcon.colcon_core.verb:set package 'interprocess_remote_eval' build argument 'ament_cmake_args' from command line to 'None'
[0.455s] Level 5:colcon.colcon_core.verb:set package 'interprocess_remote_eval' build argument 'catkin_cmake_args' from command line to 'None'
[0.455s] Level 5:colcon.colcon_core.verb:set package 'interprocess_remote_eval' build argument 'catkin_skip_building_tests' from command line to 'False'
[0.455s] DEBUG:colcon.colcon_core.verb:Building package 'interprocess_remote_eval' with the following arguments: {'ament_cmake_args': None, 'build_base': '/home/raoul/Documents/QEES/lab1.2/build/interprocess_remote_eval', 'catkin_cmake_args': None, 'catkin_skip_building_tests': False, 'cmake_args': None, 'cmake_clean_cache': False, 'cmake_clean_first': False, 'cmake_force_configure': False, 'cmake_target': None, 'cmake_target_skip_unavailable': False, 'install_base': '/home/raoul/Documents/QEES/lab1.2/install/interprocess_remote_eval', 'merge_install': False, 'path': '/home/raoul/Documents/QEES/lab1.2/src/interprocess_remote_eval', 'symlink_install': True, 'test_result_base': None}
[0.456s] Level 5:colcon.colcon_core.verb:set package 'intraprocess_eval' build argument 'cmake_args' from command line to 'None'
[0.456s] Level 5:colcon.colcon_core.verb:set package 'intraprocess_eval' build argument 'cmake_target' from command line to 'None'
[0.456s] Level 5:colcon.colcon_core.verb:set package 'intraprocess_eval' build argument 'cmake_target_skip_unavailable' from command line to 'False'
[0.456s] Level 5:colcon.colcon_core.verb:set package 'intraprocess_eval' build argument 'cmake_clean_cache' from command line to 'False'
[0.456s] Level 5:colcon.colcon_core.verb:set package 'intraprocess_eval' build argument 'cmake_clean_first' from command line to 'False'
[0.456s] Level 5:colcon.colcon_core.verb:set package 'intraprocess_eval' build argument 'cmake_force_configure' from command line to 'False'
[0.456s] Level 5:colcon.colcon_core.verb:set package 'intraprocess_eval' build argument 'ament_cmake_args' from command line to 'None'
[0.456s] Level 5:colcon.colcon_core.verb:set package 'intraprocess_eval' build argument 'catkin_cmake_args' from command line to 'None'
[0.457s] Level 5:colcon.colcon_core.verb:set package 'intraprocess_eval' build argument 'catkin_skip_building_tests' from command line to 'False'
[0.457s] DEBUG:colcon.colcon_core.verb:Building package 'intraprocess_eval' with the following arguments: {'ament_cmake_args': None, 'build_base': '/home/raoul/Documents/QEES/lab1.2/build/intraprocess_eval', 'catkin_cmake_args': None, 'catkin_skip_building_tests': False, 'cmake_args': None, 'cmake_clean_cache': False, 'cmake_clean_first': False, 'cmake_force_configure': False, 'cmake_target': None, 'cmake_target_skip_unavailable': False, 'install_base': '/home/raoul/Documents/QEES/lab1.2/install/intraprocess_eval', 'merge_install': False, 'path': '/home/raoul/Documents/QEES/lab1.2/src/intraprocess_eval', 'symlink_install': True, 'test_result_base': None}
[0.457s] INFO:colcon.colcon_core.executor:Executing jobs using 'parallel' executor
[0.458s] DEBUG:colcon.colcon_parallel_executor.executor.parallel:run_until_complete
[0.459s] INFO:colcon.colcon_ros.task.ament_cmake.build:Building ROS package in '/home/raoul/Documents/QEES/lab1.2/src/artificial_load' with build type 'ament_cmake'
[0.459s] INFO:colcon.colcon_cmake.task.cmake.build:Building CMake package in '/home/raoul/Documents/QEES/lab1.2/src/artificial_load'
[0.464s] INFO:colcon.colcon_core.plugin_system:Skipping extension 'colcon_core.shell.bat': Not used on non-Windows systems
[0.464s] INFO:colcon.colcon_core.shell:Skip shell extension 'powershell' for command environment: Not usable outside of PowerShell
[0.464s] DEBUG:colcon.colcon_core.shell:Skip shell extension 'dsv' for command environment
[0.472s] INFO:colcon.colcon_ros.task.ament_cmake.build:Building ROS package in '/home/raoul/Documents/QEES/lab1.2/src/interprocess_eval' with build type 'ament_cmake'
[0.473s] INFO:colcon.colcon_cmake.task.cmake.build:Building CMake package in '/home/raoul/Documents/QEES/lab1.2/src/interprocess_eval'
[0.474s] INFO:colcon.colcon_core.shell:Skip shell extension 'powershell' for command environment: Not usable outside of PowerShell
[0.475s] DEBUG:colcon.colcon_core.shell:Skip shell extension 'dsv' for command environment
[0.485s] INFO:colcon.colcon_ros.task.ament_cmake.build:Building ROS package in '/home/raoul/Documents/QEES/lab1.2/src/interprocess_remote_eval' with build type 'ament_cmake'
[0.486s] INFO:colcon.colcon_cmake.task.cmake.build:Building CMake package in '/home/raoul/Documents/QEES/lab1.2/src/interprocess_remote_eval'
[0.487s] INFO:colcon.colcon_core.shell:Skip shell extension 'powershell' for command environment: Not usable outside of PowerShell
[0.487s] DEBUG:colcon.colcon_core.shell:Skip shell extension 'dsv' for command environment
[0.496s] INFO:colcon.colcon_ros.task.ament_cmake.build:Building ROS package in '/home/raoul/Documents/QEES/lab1.2/src/intraprocess_eval' with build type 'ament_cmake'
[0.497s] INFO:colcon.colcon_cmake.task.cmake.build:Building CMake package in '/home/raoul/Documents/QEES/lab1.2/src/intraprocess_eval'
[0.499s] INFO:colcon.colcon_core.shell:Skip shell extension 'powershell' for command environment: Not usable outside of PowerShell
[0.499s] DEBUG:colcon.colcon_core.shell:Skip shell extension 'dsv' for command environment
[0.518s] DEBUG:colcon.colcon_core.event_handler.log_command:Invoking command in '/home/raoul/Documents/QEES/lab1.2/build/artificial_load': CMAKE_PREFIX_PATH=${CMAKE_PREFIX_PATH}:/opt/ros/dashing /usr/bin/cmake --build /home/raoul/Documents/QEES/lab1.2/build/artificial_load -- -j8 -l8
[0.537s] DEBUG:colcon.colcon_core.event_handler.log_command:Invoking command in '/home/raoul/Documents/QEES/lab1.2/build/interprocess_eval': CMAKE_PREFIX_PATH=${CMAKE_PREFIX_PATH}:/opt/ros/dashing /usr/bin/cmake --build /home/raoul/Documents/QEES/lab1.2/build/interprocess_eval -- -j8 -l8
[0.548s] DEBUG:colcon.colcon_core.event_handler.log_command:Invoking command in '/home/raoul/Documents/QEES/lab1.2/build/interprocess_remote_eval': CMAKE_PREFIX_PATH=${CMAKE_PREFIX_PATH}:/opt/ros/dashing /usr/bin/cmake --build /home/raoul/Documents/QEES/lab1.2/build/interprocess_remote_eval -- -j8 -l8
[0.560s] DEBUG:colcon.colcon_core.event_handler.log_command:Invoking command in '/home/raoul/Documents/QEES/lab1.2/build/intraprocess_eval': CMAKE_PREFIX_PATH=${CMAKE_PREFIX_PATH}:/opt/ros/dashing /usr/bin/cmake --build /home/raoul/Documents/QEES/lab1.2/build/intraprocess_eval -- -j8 -l8
[0.887s] DEBUG:colcon.colcon_core.event_handler.log_command:Invoked command in '/home/raoul/Documents/QEES/lab1.2/build/artificial_load' returned '0': CMAKE_PREFIX_PATH=${CMAKE_PREFIX_PATH}:/opt/ros/dashing /usr/bin/cmake --build /home/raoul/Documents/QEES/lab1.2/build/artificial_load -- -j8 -l8
[1.022s] DEBUG:colcon.colcon_core.event_handler.log_command:Invoked command in '/home/raoul/Documents/QEES/lab1.2/build/interprocess_remote_eval' returned '0': CMAKE_PREFIX_PATH=${CMAKE_PREFIX_PATH}:/opt/ros/dashing /usr/bin/cmake --build /home/raoul/Documents/QEES/lab1.2/build/interprocess_remote_eval -- -j8 -l8
[1.100s] DEBUG:colcon.colcon_core.event_handler.log_command:Invoking command in '/home/raoul/Documents/QEES/lab1.2/build/artificial_load': CMAKE_PREFIX_PATH=${CMAKE_PREFIX_PATH}:/opt/ros/dashing /usr/bin/cmake --build /home/raoul/Documents/QEES/lab1.2/build/artificial_load --target install -- -j8 -l8
[1.117s] DEBUG:colcon.colcon_core.event_handler.log_command:Invoked command in '/home/raoul/Documents/QEES/lab1.2/build/intraprocess_eval' returned '0': CMAKE_PREFIX_PATH=${CMAKE_PREFIX_PATH}:/opt/ros/dashing /usr/bin/cmake --build /home/raoul/Documents/QEES/lab1.2/build/intraprocess_eval -- -j8 -l8
[1.174s] DEBUG:colcon.colcon_core.event_handler.log_command:Invoking command in '/home/raoul/Documents/QEES/lab1.2/build/interprocess_remote_eval': CMAKE_PREFIX_PATH=${CMAKE_PREFIX_PATH}:/opt/ros/dashing /usr/bin/cmake --build /home/raoul/Documents/QEES/lab1.2/build/interprocess_remote_eval --target install -- -j8 -l8
[1.206s] DEBUG:colcon.colcon_core.event_handler.log_command:Invoking command in '/home/raoul/Documents/QEES/lab1.2/build/intraprocess_eval': CMAKE_PREFIX_PATH=${CMAKE_PREFIX_PATH}:/opt/ros/dashing /usr/bin/cmake --build /home/raoul/Documents/QEES/lab1.2/build/intraprocess_eval --target install -- -j8 -l8
[1.649s] Level 1:colcon.colcon_core.environment:create_environment_scripts_only(artificial_load)
[1.654s] DEBUG:colcon.colcon_core.event_handler.log_command:Invoked command in '/home/raoul/Documents/QEES/lab1.2/build/artificial_load' returned '0': CMAKE_PREFIX_PATH=${CMAKE_PREFIX_PATH}:/opt/ros/dashing /usr/bin/cmake --build /home/raoul/Documents/QEES/lab1.2/build/artificial_load --target install -- -j8 -l8
[1.665s] Level 1:colcon.colcon_core.environment:checking '/home/raoul/Documents/QEES/lab1.2/install/artificial_load' for CMake module files
[1.670s] Level 1:colcon.colcon_core.environment:checking '/home/raoul/Documents/QEES/lab1.2/install/artificial_load' for CMake config files
[1.676s] Level 1:colcon.colcon_core.shell:create_environment_hook('artificial_load', 'cmake_prefix_path')
[1.677s] INFO:colcon.colcon_core.shell:Creating environment hook '/home/raoul/Documents/QEES/lab1.2/install/artificial_load/share/artificial_load/hook/cmake_prefix_path.ps1'
[1.680s] INFO:colcon.colcon_core.shell:Creating environment descriptor '/home/raoul/Documents/QEES/lab1.2/install/artificial_load/share/artificial_load/hook/cmake_prefix_path.dsv'
[1.682s] INFO:colcon.colcon_core.shell:Creating environment hook '/home/raoul/Documents/QEES/lab1.2/install/artificial_load/share/artificial_load/hook/cmake_prefix_path.sh'
[1.686s] Level 1:colcon.colcon_core.environment:checking '/home/raoul/Documents/QEES/lab1.2/install/artificial_load/lib'
[1.687s] Level 1:colcon.colcon_core.environment:checking '/home/raoul/Documents/QEES/lab1.2/install/artificial_load/bin'
[1.687s] Level 1:colcon.colcon_core.environment:checking '/home/raoul/Documents/QEES/lab1.2/install/artificial_load/lib/pkgconfig/artificial_load.pc'
[1.687s] Level 1:colcon.colcon_core.environment:checking '/home/raoul/Documents/QEES/lab1.2/install/artificial_load/lib/python3.6/site-packages'
[1.688s] Level 1:colcon.colcon_core.environment:checking '/home/raoul/Documents/QEES/lab1.2/install/artificial_load/bin'
[1.689s] INFO:colcon.colcon_core.shell:Creating package script '/home/raoul/Documents/QEES/lab1.2/install/artificial_load/share/artificial_load/package.ps1'
[1.691s] INFO:colcon.colcon_core.shell:Creating package descriptor '/home/raoul/Documents/QEES/lab1.2/install/artificial_load/share/artificial_load/package.dsv'
[1.693s] INFO:colcon.colcon_core.shell:Creating package script '/home/raoul/Documents/QEES/lab1.2/install/artificial_load/share/artificial_load/package.sh'
[1.696s] INFO:colcon.colcon_core.shell:Creating package script '/home/raoul/Documents/QEES/lab1.2/install/artificial_load/share/artificial_load/package.bash'
[1.699s] INFO:colcon.colcon_core.shell:Creating package script '/home/raoul/Documents/QEES/lab1.2/install/artificial_load/share/artificial_load/package.zsh'
[1.702s] Level 1:colcon.colcon_core.environment:create_file_with_runtime_dependencies(/home/raoul/Documents/QEES/lab1.2/install/artificial_load/share/colcon-core/packages/artificial_load)
[1.790s] Level 1:colcon.colcon_core.environment:create_environment_scripts_only(intraprocess_eval)
[1.792s] Level 1:colcon.colcon_core.environment:checking '/home/raoul/Documents/QEES/lab1.2/install/intraprocess_eval' for CMake module files
[1.793s] DEBUG:colcon.colcon_core.event_handler.log_command:Invoked command in '/home/raoul/Documents/QEES/lab1.2/build/intraprocess_eval' returned '0': CMAKE_PREFIX_PATH=${CMAKE_PREFIX_PATH}:/opt/ros/dashing /usr/bin/cmake --build /home/raoul/Documents/QEES/lab1.2/build/intraprocess_eval --target install -- -j8 -l8
[1.796s] Level 1:colcon.colcon_core.environment:checking '/home/raoul/Documents/QEES/lab1.2/install/intraprocess_eval' for CMake config files
[1.798s] Level 1:colcon.colcon_core.shell:create_environment_hook('intraprocess_eval', 'cmake_prefix_path')
[1.801s] INFO:colcon.colcon_core.shell:Creating environment hook '/home/raoul/Documents/QEES/lab1.2/install/intraprocess_eval/share/intraprocess_eval/hook/cmake_prefix_path.ps1'
[1.802s] INFO:colcon.colcon_core.shell:Creating environment descriptor '/home/raoul/Documents/QEES/lab1.2/install/intraprocess_eval/share/intraprocess_eval/hook/cmake_prefix_path.dsv'
[1.805s] INFO:colcon.colcon_core.shell:Creating environment hook '/home/raoul/Documents/QEES/lab1.2/install/intraprocess_eval/share/intraprocess_eval/hook/cmake_prefix_path.sh'
[1.807s] Level 1:colcon.colcon_core.environment:checking '/home/raoul/Documents/QEES/lab1.2/install/intraprocess_eval/lib'
[1.807s] Level 1:colcon.colcon_core.environment:checking '/home/raoul/Documents/QEES/lab1.2/install/intraprocess_eval/bin'
[1.808s] Level 1:colcon.colcon_core.environment:checking '/home/raoul/Documents/QEES/lab1.2/install/intraprocess_eval/lib/pkgconfig/intraprocess_eval.pc'
[1.808s] Level 1:colcon.colcon_core.environment:checking '/home/raoul/Documents/QEES/lab1.2/install/intraprocess_eval/lib/python3.6/site-packages'
[1.809s] Level 1:colcon.colcon_core.environment:checking '/home/raoul/Documents/QEES/lab1.2/install/intraprocess_eval/bin'
[1.810s] INFO:colcon.colcon_core.shell:Creating package script '/home/raoul/Documents/QEES/lab1.2/install/intraprocess_eval/share/intraprocess_eval/package.ps1'
[1.814s] INFO:colcon.colcon_core.shell:Creating package descriptor '/home/raoul/Documents/QEES/lab1.2/install/intraprocess_eval/share/intraprocess_eval/package.dsv'
[1.815s] INFO:colcon.colcon_core.shell:Creating package script '/home/raoul/Documents/QEES/lab1.2/install/intraprocess_eval/share/intraprocess_eval/package.sh'
[1.818s] INFO:colcon.colcon_core.shell:Creating package script '/home/raoul/Documents/QEES/lab1.2/install/intraprocess_eval/share/intraprocess_eval/package.bash'
[1.820s] INFO:colcon.colcon_core.shell:Creating package script '/home/raoul/Documents/QEES/lab1.2/install/intraprocess_eval/share/intraprocess_eval/package.zsh'
[1.821s] Level 1:colcon.colcon_core.environment:create_file_with_runtime_dependencies(/home/raoul/Documents/QEES/lab1.2/install/intraprocess_eval/share/colcon-core/packages/intraprocess_eval)
[1.849s] Level 1:colcon.colcon_core.environment:create_environment_scripts_only(artificial_load)
[1.852s] Level 1:colcon.colcon_core.environment:checking '/home/raoul/Documents/QEES/lab1.2/install/artificial_load' for CMake module files
[1.854s] Level 1:colcon.colcon_core.environment:checking '/home/raoul/Documents/QEES/lab1.2/install/artificial_load' for CMake config files
[1.855s] Level 1:colcon.colcon_core.shell:create_environment_hook('artificial_load', 'cmake_prefix_path')
[1.856s] INFO:colcon.colcon_core.shell:Creating environment hook '/home/raoul/Documents/QEES/lab1.2/install/artificial_load/share/artificial_load/hook/cmake_prefix_path.ps1'
[1.858s] INFO:colcon.colcon_core.shell:Creating environment descriptor '/home/raoul/Documents/QEES/lab1.2/install/artificial_load/share/artificial_load/hook/cmake_prefix_path.dsv'
[1.859s] INFO:colcon.colcon_core.shell:Creating environment hook '/home/raoul/Documents/QEES/lab1.2/install/artificial_load/share/artificial_load/hook/cmake_prefix_path.sh'
[1.861s] Level 1:colcon.colcon_core.environment:checking '/home/raoul/Documents/QEES/lab1.2/install/artificial_load/lib'
[1.861s] Level 1:colcon.colcon_core.environment:checking '/home/raoul/Documents/QEES/lab1.2/install/artificial_load/bin'
[1.864s] Level 1:colcon.colcon_core.environment:checking '/home/raoul/Documents/QEES/lab1.2/install/artificial_load/lib/pkgconfig/artificial_load.pc'
[1.865s] Level 1:colcon.colcon_core.environment:checking '/home/raoul/Documents/QEES/lab1.2/install/artificial_load/lib/python3.6/site-packages'
[1.866s] Level 1:colcon.colcon_core.environment:checking '/home/raoul/Documents/QEES/lab1.2/install/artificial_load/bin'
[1.867s] INFO:colcon.colcon_core.shell:Creating package script '/home/raoul/Documents/QEES/lab1.2/install/artificial_load/share/artificial_load/package.ps1'
[1.869s] INFO:colcon.colcon_core.shell:Creating package descriptor '/home/raoul/Documents/QEES/lab1.2/install/artificial_load/share/artificial_load/package.dsv'
[1.870s] INFO:colcon.colcon_core.shell:Creating package script '/home/raoul/Documents/QEES/lab1.2/install/artificial_load/share/artificial_load/package.sh'
[1.871s] INFO:colcon.colcon_core.shell:Creating package script '/home/raoul/Documents/QEES/lab1.2/install/artificial_load/share/artificial_load/package.bash'
[1.872s] INFO:colcon.colcon_core.shell:Creating package script '/home/raoul/Documents/QEES/lab1.2/install/artificial_load/share/artificial_load/package.zsh'
[1.873s] Level 1:colcon.colcon_core.environment:create_file_with_runtime_dependencies(/home/raoul/Documents/QEES/lab1.2/install/artificial_load/share/colcon-core/packages/artificial_load)
[1.874s] Level 1:colcon.colcon_core.environment:create_environment_scripts_only(interprocess_remote_eval)
[1.875s] Level 1:colcon.colcon_core.environment:checking '/home/raoul/Documents/QEES/lab1.2/install/interprocess_remote_eval' for CMake module files
[1.877s] Level 1:colcon.colcon_core.environment:checking '/home/raoul/Documents/QEES/lab1.2/install/interprocess_remote_eval' for CMake config files
[1.879s] DEBUG:colcon.colcon_core.event_handler.log_command:Invoked command in '/home/raoul/Documents/QEES/lab1.2/build/interprocess_remote_eval' returned '0': CMAKE_PREFIX_PATH=${CMAKE_PREFIX_PATH}:/opt/ros/dashing /usr/bin/cmake --build /home/raoul/Documents/QEES/lab1.2/build/interprocess_remote_eval --target install -- -j8 -l8
[1.883s] Level 1:colcon.colcon_core.shell:create_environment_hook('interprocess_remote_eval', 'cmake_prefix_path')
[1.884s] INFO:colcon.colcon_core.shell:Creating environment hook '/home/raoul/Documents/QEES/lab1.2/install/interprocess_remote_eval/share/interprocess_remote_eval/hook/cmake_prefix_path.ps1'
[1.886s] INFO:colcon.colcon_core.shell:Creating environment descriptor '/home/raoul/Documents/QEES/lab1.2/install/interprocess_remote_eval/share/interprocess_remote_eval/hook/cmake_prefix_path.dsv'
[1.887s] INFO:colcon.colcon_core.shell:Creating environment hook '/home/raoul/Documents/QEES/lab1.2/install/interprocess_remote_eval/share/interprocess_remote_eval/hook/cmake_prefix_path.sh'
[1.889s] Level 1:colcon.colcon_core.environment:checking '/home/raoul/Documents/QEES/lab1.2/install/interprocess_remote_eval/lib'
[1.890s] Level 1:colcon.colcon_core.environment:checking '/home/raoul/Documents/QEES/lab1.2/install/interprocess_remote_eval/bin'
[1.890s] Level 1:colcon.colcon_core.environment:checking '/home/raoul/Documents/QEES/lab1.2/install/interprocess_remote_eval/lib/pkgconfig/interprocess_remote_eval.pc'
[1.891s] Level 1:colcon.colcon_core.environment:checking '/home/raoul/Documents/QEES/lab1.2/install/interprocess_remote_eval/lib/python3.6/site-packages'
[1.891s] Level 1:colcon.colcon_core.environment:checking '/home/raoul/Documents/QEES/lab1.2/install/interprocess_remote_eval/bin'
[1.892s] INFO:colcon.colcon_core.shell:Creating package script '/home/raoul/Documents/QEES/lab1.2/install/interprocess_remote_eval/share/interprocess_remote_eval/package.ps1'
[1.893s] INFO:colcon.colcon_core.shell:Creating package descriptor '/home/raoul/Documents/QEES/lab1.2/install/interprocess_remote_eval/share/interprocess_remote_eval/package.dsv'
[1.898s] INFO:colcon.colcon_core.shell:Creating package script '/home/raoul/Documents/QEES/lab1.2/install/interprocess_remote_eval/share/interprocess_remote_eval/package.sh'
[1.899s] INFO:colcon.colcon_core.shell:Creating package script '/home/raoul/Documents/QEES/lab1.2/install/interprocess_remote_eval/share/interprocess_remote_eval/package.bash'
[1.900s] INFO:colcon.colcon_core.shell:Creating package script '/home/raoul/Documents/QEES/lab1.2/install/interprocess_remote_eval/share/interprocess_remote_eval/package.zsh'
[1.901s] Level 1:colcon.colcon_core.environment:create_file_with_runtime_dependencies(/home/raoul/Documents/QEES/lab1.2/install/interprocess_remote_eval/share/colcon-core/packages/interprocess_remote_eval)
[1.927s] Level 1:colcon.colcon_core.environment:create_environment_scripts_only(intraprocess_eval)
[1.928s] Level 1:colcon.colcon_core.environment:checking '/home/raoul/Documents/QEES/lab1.2/install/intraprocess_eval' for CMake module files
[1.930s] Level 1:colcon.colcon_core.environment:checking '/home/raoul/Documents/QEES/lab1.2/install/intraprocess_eval' for CMake config files
[1.931s] Level 1:colcon.colcon_core.shell:create_environment_hook('intraprocess_eval', 'cmake_prefix_path')
[1.932s] INFO:colcon.colcon_core.shell:Creating environment hook '/home/raoul/Documents/QEES/lab1.2/install/intraprocess_eval/share/intraprocess_eval/hook/cmake_prefix_path.ps1'
[1.934s] INFO:colcon.colcon_core.shell:Creating environment descriptor '/home/raoul/Documents/QEES/lab1.2/install/intraprocess_eval/share/intraprocess_eval/hook/cmake_prefix_path.dsv'
[1.936s] INFO:colcon.colcon_core.shell:Creating environment hook '/home/raoul/Documents/QEES/lab1.2/install/intraprocess_eval/share/intraprocess_eval/hook/cmake_prefix_path.sh'
[1.939s] Level 1:colcon.colcon_core.environment:checking '/home/raoul/Documents/QEES/lab1.2/install/intraprocess_eval/lib'
[1.940s] Level 1:colcon.colcon_core.environment:checking '/home/raoul/Documents/QEES/lab1.2/install/intraprocess_eval/bin'
[1.940s] Level 1:colcon.colcon_core.environment:checking '/home/raoul/Documents/QEES/lab1.2/install/intraprocess_eval/lib/pkgconfig/intraprocess_eval.pc'
[1.940s] Level 1:colcon.colcon_core.environment:checking '/home/raoul/Documents/QEES/lab1.2/install/intraprocess_eval/lib/python3.6/site-packages'
[1.941s] Level 1:colcon.colcon_core.environment:checking '/home/raoul/Documents/QEES/lab1.2/install/intraprocess_eval/bin'
[1.942s] INFO:colcon.colcon_core.shell:Creating package script '/home/raoul/Documents/QEES/lab1.2/install/intraprocess_eval/share/intraprocess_eval/package.ps1'
[1.944s] INFO:colcon.colcon_core.shell:Creating package descriptor '/home/raoul/Documents/QEES/lab1.2/install/intraprocess_eval/share/intraprocess_eval/package.dsv'
[1.945s] INFO:colcon.colcon_core.shell:Creating package script '/home/raoul/Documents/QEES/lab1.2/install/intraprocess_eval/share/intraprocess_eval/package.sh'
[1.947s] INFO:colcon.colcon_core.shell:Creating package script '/home/raoul/Documents/QEES/lab1.2/install/intraprocess_eval/share/intraprocess_eval/package.bash'
[1.948s] INFO:colcon.colcon_core.shell:Creating package script '/home/raoul/Documents/QEES/lab1.2/install/intraprocess_eval/share/intraprocess_eval/package.zsh'
[1.949s] Level 1:colcon.colcon_core.environment:create_file_with_runtime_dependencies(/home/raoul/Documents/QEES/lab1.2/install/intraprocess_eval/share/colcon-core/packages/intraprocess_eval)
[2.013s] Level 1:colcon.colcon_core.environment:create_environment_scripts_only(interprocess_remote_eval)
[2.014s] Level 1:colcon.colcon_core.environment:checking '/home/raoul/Documents/QEES/lab1.2/install/interprocess_remote_eval' for CMake module files
[2.017s] Level 1:colcon.colcon_core.environment:checking '/home/raoul/Documents/QEES/lab1.2/install/interprocess_remote_eval' for CMake config files
[2.018s] Level 1:colcon.colcon_core.shell:create_environment_hook('interprocess_remote_eval', 'cmake_prefix_path')
[2.019s] INFO:colcon.colcon_core.shell:Creating environment hook '/home/raoul/Documents/QEES/lab1.2/install/interprocess_remote_eval/share/interprocess_remote_eval/hook/cmake_prefix_path.ps1'
[2.020s] INFO:colcon.colcon_core.shell:Creating environment descriptor '/home/raoul/Documents/QEES/lab1.2/install/interprocess_remote_eval/share/interprocess_remote_eval/hook/cmake_prefix_path.dsv'
[2.022s] INFO:colcon.colcon_core.shell:Creating environment hook '/home/raoul/Documents/QEES/lab1.2/install/interprocess_remote_eval/share/interprocess_remote_eval/hook/cmake_prefix_path.sh'
[2.024s] Level 1:colcon.colcon_core.environment:checking '/home/raoul/Documents/QEES/lab1.2/install/interprocess_remote_eval/lib'
[2.024s] Level 1:colcon.colcon_core.environment:checking '/home/raoul/Documents/QEES/lab1.2/install/interprocess_remote_eval/bin'
[2.024s] Level 1:colcon.colcon_core.environment:checking '/home/raoul/Documents/QEES/lab1.2/install/interprocess_remote_eval/lib/pkgconfig/interprocess_remote_eval.pc'
[2.025s] Level 1:colcon.colcon_core.environment:checking '/home/raoul/Documents/QEES/lab1.2/install/interprocess_remote_eval/lib/python3.6/site-packages'
[2.025s] Level 1:colcon.colcon_core.environment:checking '/home/raoul/Documents/QEES/lab1.2/install/interprocess_remote_eval/bin'
[2.026s] INFO:colcon.colcon_core.shell:Creating package script '/home/raoul/Documents/QEES/lab1.2/install/interprocess_remote_eval/share/interprocess_remote_eval/package.ps1'
[2.028s] INFO:colcon.colcon_core.shell:Creating package descriptor '/home/raoul/Documents/QEES/lab1.2/install/interprocess_remote_eval/share/interprocess_remote_eval/package.dsv'
[2.030s] INFO:colcon.colcon_core.shell:Creating package script '/home/raoul/Documents/QEES/lab1.2/install/interprocess_remote_eval/share/interprocess_remote_eval/package.sh'
[2.031s] INFO:colcon.colcon_core.shell:Creating package script '/home/raoul/Documents/QEES/lab1.2/install/interprocess_remote_eval/share/interprocess_remote_eval/package.bash'
[2.032s] INFO:colcon.colcon_core.shell:Creating package script '/home/raoul/Documents/QEES/lab1.2/install/interprocess_remote_eval/share/interprocess_remote_eval/package.zsh'
[2.033s] Level 1:colcon.colcon_core.environment:create_file_with_runtime_dependencies(/home/raoul/Documents/QEES/lab1.2/install/interprocess_remote_eval/share/colcon-core/packages/interprocess_remote_eval)
[6.490s] DEBUG:colcon.colcon_core.event_handler.log_command:Invoked command in '/home/raoul/Documents/QEES/lab1.2/build/interprocess_eval' returned '0': CMAKE_PREFIX_PATH=${CMAKE_PREFIX_PATH}:/opt/ros/dashing /usr/bin/cmake --build /home/raoul/Documents/QEES/lab1.2/build/interprocess_eval -- -j8 -l8
[6.569s] DEBUG:colcon.colcon_core.event_handler.log_command:Invoking command in '/home/raoul/Documents/QEES/lab1.2/build/interprocess_eval': CMAKE_PREFIX_PATH=${CMAKE_PREFIX_PATH}:/opt/ros/dashing /usr/bin/cmake --build /home/raoul/Documents/QEES/lab1.2/build/interprocess_eval --target install -- -j8 -l8
[6.859s] Level 1:colcon.colcon_core.environment:create_environment_scripts_only(interprocess_eval)
[6.860s] Level 1:colcon.colcon_core.environment:checking '/home/raoul/Documents/QEES/lab1.2/install/interprocess_eval' for CMake module files
[6.862s] DEBUG:colcon.colcon_core.event_handler.log_command:Invoked command in '/home/raoul/Documents/QEES/lab1.2/build/interprocess_eval' returned '0': CMAKE_PREFIX_PATH=${CMAKE_PREFIX_PATH}:/opt/ros/dashing /usr/bin/cmake --build /home/raoul/Documents/QEES/lab1.2/build/interprocess_eval --target install -- -j8 -l8
[6.863s] Level 1:colcon.colcon_core.environment:checking '/home/raoul/Documents/QEES/lab1.2/install/interprocess_eval' for CMake config files
[6.864s] Level 1:colcon.colcon_core.shell:create_environment_hook('interprocess_eval', 'cmake_prefix_path')
[6.864s] INFO:colcon.colcon_core.shell:Creating environment hook '/home/raoul/Documents/QEES/lab1.2/install/interprocess_eval/share/interprocess_eval/hook/cmake_prefix_path.ps1'
[6.865s] INFO:colcon.colcon_core.shell:Creating environment descriptor '/home/raoul/Documents/QEES/lab1.2/install/interprocess_eval/share/interprocess_eval/hook/cmake_prefix_path.dsv'
[6.865s] INFO:colcon.colcon_core.shell:Creating environment hook '/home/raoul/Documents/QEES/lab1.2/install/interprocess_eval/share/interprocess_eval/hook/cmake_prefix_path.sh'
[6.867s] Level 1:colcon.colcon_core.environment:checking '/home/raoul/Documents/QEES/lab1.2/install/interprocess_eval/lib'
[6.867s] Level 1:colcon.colcon_core.environment:checking '/home/raoul/Documents/QEES/lab1.2/install/interprocess_eval/bin'
[6.867s] Level 1:colcon.colcon_core.environment:checking '/home/raoul/Documents/QEES/lab1.2/install/interprocess_eval/lib/pkgconfig/interprocess_eval.pc'
[6.867s] Level 1:colcon.colcon_core.environment:checking '/home/raoul/Documents/QEES/lab1.2/install/interprocess_eval/lib/python3.6/site-packages'
[6.868s] Level 1:colcon.colcon_core.environment:checking '/home/raoul/Documents/QEES/lab1.2/install/interprocess_eval/bin'
[6.868s] INFO:colcon.colcon_core.shell:Creating package script '/home/raoul/Documents/QEES/lab1.2/install/interprocess_eval/share/interprocess_eval/package.ps1'
[6.869s] INFO:colcon.colcon_core.shell:Creating package descriptor '/home/raoul/Documents/QEES/lab1.2/install/interprocess_eval/share/interprocess_eval/package.dsv'
[6.870s] INFO:colcon.colcon_core.shell:Creating package script '/home/raoul/Documents/QEES/lab1.2/install/interprocess_eval/share/interprocess_eval/package.sh'
[6.870s] INFO:colcon.colcon_core.shell:Creating package script '/home/raoul/Documents/QEES/lab1.2/install/interprocess_eval/share/interprocess_eval/package.bash'
[6.871s] INFO:colcon.colcon_core.shell:Creating package script '/home/raoul/Documents/QEES/lab1.2/install/interprocess_eval/share/interprocess_eval/package.zsh'
[6.871s] Level 1:colcon.colcon_core.environment:create_file_with_runtime_dependencies(/home/raoul/Documents/QEES/lab1.2/install/interprocess_eval/share/colcon-core/packages/interprocess_eval)
[6.945s] Level 1:colcon.colcon_core.environment:create_environment_scripts_only(interprocess_eval)
[6.946s] Level 1:colcon.colcon_core.environment:checking '/home/raoul/Documents/QEES/lab1.2/install/interprocess_eval' for CMake module files
[6.947s] Level 1:colcon.colcon_core.environment:checking '/home/raoul/Documents/QEES/lab1.2/install/interprocess_eval' for CMake config files
[6.948s] Level 1:colcon.colcon_core.shell:create_environment_hook('interprocess_eval', 'cmake_prefix_path')
[6.948s] INFO:colcon.colcon_core.shell:Creating environment hook '/home/raoul/Documents/QEES/lab1.2/install/interprocess_eval/share/interprocess_eval/hook/cmake_prefix_path.ps1'
[6.949s] INFO:colcon.colcon_core.shell:Creating environment descriptor '/home/raoul/Documents/QEES/lab1.2/install/interprocess_eval/share/interprocess_eval/hook/cmake_prefix_path.dsv'
[6.950s] INFO:colcon.colcon_core.shell:Creating environment hook '/home/raoul/Documents/QEES/lab1.2/install/interprocess_eval/share/interprocess_eval/hook/cmake_prefix_path.sh'
[6.951s] Level 1:colcon.colcon_core.environment:checking '/home/raoul/Documents/QEES/lab1.2/install/interprocess_eval/lib'
[6.951s] Level 1:colcon.colcon_core.environment:checking '/home/raoul/Documents/QEES/lab1.2/install/interprocess_eval/bin'
[6.952s] Level 1:colcon.colcon_core.environment:checking '/home/raoul/Documents/QEES/lab1.2/install/interprocess_eval/lib/pkgconfig/interprocess_eval.pc'
[6.952s] Level 1:colcon.colcon_core.environment:checking '/home/raoul/Documents/QEES/lab1.2/install/interprocess_eval/lib/python3.6/site-packages'
[6.952s] Level 1:colcon.colcon_core.environment:checking '/home/raoul/Documents/QEES/lab1.2/install/interprocess_eval/bin'
[6.953s] INFO:colcon.colcon_core.shell:Creating package script '/home/raoul/Documents/QEES/lab1.2/install/interprocess_eval/share/interprocess_eval/package.ps1'
[6.954s] INFO:colcon.colcon_core.shell:Creating package descriptor '/home/raoul/Documents/QEES/lab1.2/install/interprocess_eval/share/interprocess_eval/package.dsv'
[6.954s] INFO:colcon.colcon_core.shell:Creating package script '/home/raoul/Documents/QEES/lab1.2/install/interprocess_eval/share/interprocess_eval/package.sh'
[6.955s] INFO:colcon.colcon_core.shell:Creating package script '/home/raoul/Documents/QEES/lab1.2/install/interprocess_eval/share/interprocess_eval/package.bash'
[6.955s] INFO:colcon.colcon_core.shell:Creating package script '/home/raoul/Documents/QEES/lab1.2/install/interprocess_eval/share/interprocess_eval/package.zsh'
[6.956s] Level 1:colcon.colcon_core.environment:create_file_with_runtime_dependencies(/home/raoul/Documents/QEES/lab1.2/install/interprocess_eval/share/colcon-core/packages/interprocess_eval)
[6.957s] DEBUG:colcon.colcon_parallel_executor.executor.parallel:closing loop
[6.959s] DEBUG:colcon.colcon_parallel_executor.executor.parallel:loop closed
[6.959s] DEBUG:colcon.colcon_parallel_executor.executor.parallel:run_until_complete finished with '0'
[6.959s] DEBUG:colcon.colcon_core.event_reactor:joining thread
[6.969s] INFO:colcon.colcon_core.plugin_system:Skipping extension 'colcon_notification.desktop_notification.terminal_notifier': Not used on non-Darwin systems
[6.969s] INFO:colcon.colcon_core.plugin_system:Skipping extension 'colcon_notification.desktop_notification.win32': Not used on non-Windows systems
[6.969s] INFO:colcon.colcon_notification.desktop_notification:Sending desktop notification using 'notify2'
[6.973s] DEBUG:colcon.colcon_core.event_reactor:joined thread
[6.974s] INFO:colcon.colcon_core.shell:Creating prefix script '/home/raoul/Documents/QEES/lab1.2/install/local_setup.ps1'
[6.976s] INFO:colcon.colcon_core.shell:Creating prefix util module '/home/raoul/Documents/QEES/lab1.2/install/_local_setup_util_ps1.py'
[6.979s] INFO:colcon.colcon_core.shell:Creating prefix chain script '/home/raoul/Documents/QEES/lab1.2/install/setup.ps1'
[6.981s] INFO:colcon.colcon_core.shell:Creating prefix script '/home/raoul/Documents/QEES/lab1.2/install/local_setup.sh'
[6.982s] INFO:colcon.colcon_core.shell:Creating prefix util module '/home/raoul/Documents/QEES/lab1.2/install/_local_setup_util_sh.py'
[6.983s] INFO:colcon.colcon_core.shell:Creating prefix chain script '/home/raoul/Documents/QEES/lab1.2/install/setup.sh'
[6.985s] INFO:colcon.colcon_core.shell:Creating prefix script '/home/raoul/Documents/QEES/lab1.2/install/local_setup.bash'
[6.986s] INFO:colcon.colcon_core.shell:Creating prefix chain script '/home/raoul/Documents/QEES/lab1.2/install/setup.bash'
[6.988s] INFO:colcon.colcon_core.shell:Creating prefix script '/home/raoul/Documents/QEES/lab1.2/install/local_setup.zsh'
[6.989s] INFO:colcon.colcon_core.shell:Creating prefix chain script '/home/raoul/Documents/QEES/lab1.2/install/setup.zsh'
