[0.046s] Invoking command in '/home/raoul/Documents/QEES/lab1.3/build/artificial_load': CMAKE_PREFIX_PATH=/opt/ros/dashing /usr/bin/cmake --build /home/raoul/Documents/QEES/lab1.3/build/artificial_load -- -j8 -l8
[0.290s] [100%] Built target CPU_load
[0.347s] Invoked command in '/home/raoul/Documents/QEES/lab1.3/build/artificial_load' returned '0': CMAKE_PREFIX_PATH=/opt/ros/dashing /usr/bin/cmake --build /home/raoul/Documents/QEES/lab1.3/build/artificial_load -- -j8 -l8
[0.542s] Invoking command in '/home/raoul/Documents/QEES/lab1.3/build/artificial_load': CMAKE_PREFIX_PATH=/opt/ros/dashing /usr/bin/cmake --build /home/raoul/Documents/QEES/lab1.3/build/artificial_load --target install -- -j8 -l8
[0.795s] [100%] Built target CPU_load
[0.882s] [36mInstall the project...[0m
[0.906s] -- Install configuration: ""
[0.908s] -- Execute custom install script
[0.909s] -- Up-to-date symlink: /home/raoul/Documents/QEES/lab1.3/install/artificial_load/lib/artificial_load/CPU_load
[0.910s] -- Up-to-date symlink: /home/raoul/Documents/QEES/lab1.3/install/artificial_load/share/ament_index/resource_index/package_run_dependencies/artificial_load
[0.911s] -- Up-to-date symlink: /home/raoul/Documents/QEES/lab1.3/install/artificial_load/share/ament_index/resource_index/parent_prefix_path/artificial_load
[0.912s] -- Up-to-date symlink: /home/raoul/Documents/QEES/lab1.3/install/artificial_load/share/artificial_load/environment/ament_prefix_path.sh
[0.912s] -- Up-to-date symlink: /home/raoul/Documents/QEES/lab1.3/install/artificial_load/share/artificial_load/environment/path.sh
[0.914s] -- Up-to-date symlink: /home/raoul/Documents/QEES/lab1.3/install/artificial_load/share/artificial_load/local_setup.bash
[0.915s] -- Up-to-date symlink: /home/raoul/Documents/QEES/lab1.3/install/artificial_load/share/artificial_load/local_setup.sh
[0.916s] -- Up-to-date symlink: /home/raoul/Documents/QEES/lab1.3/install/artificial_load/share/artificial_load/local_setup.zsh
[0.916s] -- Up-to-date symlink: /home/raoul/Documents/QEES/lab1.3/install/artificial_load/share/ament_index/resource_index/packages/artificial_load
[0.917s] -- Up-to-date symlink: /home/raoul/Documents/QEES/lab1.3/install/artificial_load/share/artificial_load/cmake/artificial_loadConfig.cmake
[0.917s] -- Up-to-date symlink: /home/raoul/Documents/QEES/lab1.3/install/artificial_load/share/artificial_load/cmake/artificial_loadConfig-version.cmake
[0.921s] -- Up-to-date symlink: /home/raoul/Documents/QEES/lab1.3/install/artificial_load/share/artificial_load/package.xml
[0.926s] Invoked command in '/home/raoul/Documents/QEES/lab1.3/build/artificial_load' returned '0': CMAKE_PREFIX_PATH=/opt/ros/dashing /usr/bin/cmake --build /home/raoul/Documents/QEES/lab1.3/build/artificial_load --target install -- -j8 -l8
